2017-08-19 11:37:43 debug :
------------
String:
account-ticket<xml>
    <AppId><![CDATA[wx3db5943239313a96]]></AppId>
    <Encrypt><![CDATA[YFZR6saY4WbhboNsowA0PYy6xAdUcSR9zPUuPuYajhnAeV5f41CjUNYvHKQZh/kDvA8aGYb31RuYim2FSGSfWJ/ZPorrvNbCNjO0PdeM7EibgEbfILDzN+yY8ubbpPG0FFNyknH+uUKbR5Da0KmCruqwK2F8Q586yo2tSY88p3ZRKcNcGX+J3sSKbw/Qpre2qZUdpQzDgoYXHY7llLToKBWQBGBgEdkOhpqOBNcgyGIRB97TpIhys/hLLNFqjlQiip5wUc07ZrODx5vcWUrlqUS14EooipB8knaIfrgBAhyBoN2DsjR4E097CUUun98mmrMD5xYibEivEksm6t8JO30oHtfLPtpeZRUEa2qyysZDrGC5uV8oLAh5lOln9KNs72Hp7UQw8OEakRFqcYYsmp97KVtD5bXBVdqYyxUGzFSsNRaI5NYMGg0xTifwG4wLVOha6V72GLnwC4zC2/S3KQ==]]></Encrypt>
</xml>


2017-08-19 11:47:37 debug :
------------
String:
account-ticket<xml>
    <AppId><![CDATA[wx3db5943239313a96]]></AppId>
    <Encrypt><![CDATA[xsodrbR6LOu7h76QLWT9L92x3AIfGPUvtW131/wenIbloFdTAzJgOTRREH7+uxBEMn/DNEiiBq79DbY07ckEHrdrC+imQPnWaKHmOERRUEnXaCCQw9dZvRPTB6bHbSP9ODHEtiBJraVxa1dQLiqJHQ+RqCbTBV+1mrepWkESoVjWQHbQxThypqf5/gl+S6lDbGXV/ytjzUToujNz0gLbJI/uBlq/8W3eRU56NftBqY5iqlT2QPA8nFFaqt+s2UyK/x8boc8apOQ3joBBnwjaSkwt/amLZdttg7pS8LUthycQF9rFmMkJxlXJ/wv1xoWXa18DWUwHRm/8cR/1qxQ6jaunF+dJKlqOXtHJpLwgaokBt4UznJkOFFcZeCt6yZ4h79MtCG6neW+aaXEHwF6SpJBBRHYW22et4E58LJlclg7a3ue0FRcjkUgo5gyZUUkphwGnaazjxg8M4Xgklaeb3w==]]></Encrypt>
</xml>


2017-08-19 11:49:59 debug :
------------
String:
account-ticket

2017-08-19 11:50:02 debug :
------------
String:
account-ticket

2017-08-19 11:50:03 debug :
------------
String:
account-ticket

2017-08-19 11:50:03 debug :
------------
String:
account-ticket

2017-08-19 11:50:03 debug :
------------
String:
account-ticket

2017-08-19 11:50:13 debug :
------------
String:
account-ticket

2017-08-19 11:56:33 debug :
------------
String:
account-ticket<xml>
    <AppId><![CDATA[wx3db5943239313a96]]></AppId>
    <Encrypt><![CDATA[XfkFCB1hC+RfZt4HC7bHTJqJXPoGop4CzRF1RFntc5BoYmi8aHCjpT4jIz9h8Vp65cQW3kquFMKmFYwt8fN7fHw6l2LiULM+W5Qx3GeptkwkNSmYWYE9SRFa8OAcbvAU9ywLvjalqhz9uC3q63F5Pvnnltparwqoh3DoWRS63oC+4sWckOA+C6V5e1E425OkaCmtVUTrss2O7vfr/hiwB7ih/XfNAcINi/+l/N4N0e0eO9FkKJSez2I2v/44gRj9tBKzS7uMMD6V/Cj8ZW+5l3OjdtE3t3W3HfqBqYKRG1esld7ZEdCWLVT8uHDsudoVtn5qeoN0ZE07rtJESl40SabtyVoxnCrxrt0m3lz6IbrFyVbyhw/IvGi+rMb0594WqytbzDgaNkY2RsjlK1aqCH797W00Jela9fRTqxbo1ro0Vdem2Hx1JSkSP/CqRhPaj46k0AgXzfaiT5+FGtDMl0aEhfw4uV/lOlV1cVvEO3BIAx65qpBLVflSIvdMOzb/snmNr+1ocswLomGk7vv+BBqaCDDLF8uIZlOzw2mDu+TloGRUrX/y38BKtL53uWl+Dhggc1Ry3yW5j1+YzJWlA6DOBNpTlv7btj+5vMWSITsGYevM1kdWv1g0mkuIeCwg]]></Encrypt>
</xml>


2017-08-19 11:57:44 debug :
------------
String:
account-ticket<xml>
    <AppId><![CDATA[wx3db5943239313a96]]></AppId>
    <Encrypt><![CDATA[QYmioBBuSN1tJoOpDhrcUsywxe8x44dd92+yB0jrs2ckE3qUgWUz5yJ6VZ40Z2dakZ6hlXfh3bunk0/Kuavgoj/EZGli9DJji2SUarkK0vQvLMq9VxzHcIFQMC3ct9FgcnD0wODvGvrU+yac2ObLRy8HpyhHy7zhzg5u1dlzF0MfFJy/o4RVQFQiv/FhiH52wNw/zfXHBfqRvzh7x/nlgiNP1cZcX7d+SRqBqw2r0fD+WN1t8vcigtN8UAXfeY6GNDqywKfxondFBrcKddzplhK+Nf1fUlBHxk3xY3RuTuWnFDYLt9ETFvelajLNEe4piPsVFGXwoSAUbft5ZFRLNqHuuq25sQxYIHnzqYDMjidmshpjOyf0Xpz0lk93bQT6JdHmQdyXcsU0gEmCKMGlCObTMR8taoCigEAHtyW+mqIldVrI15BFF0ysZIJxnA4z4SO+9Q+8GT8g7vKM6lsDOA==]]></Encrypt>
</xml>


2017-08-19 11:58:20 debug :
------------
String:
account-ticket<xml>
    <AppId><![CDATA[wx3db5943239313a96]]></AppId>
    <Encrypt><![CDATA[aApf5V/M5vpwc5vwLGG0yOxs3YAzlDuknlw5IXYq9n4nmzAoAut6Ioxbs5KJtNUPZYBGKHiyypzABrkfmJIagJkytrp4uaAJi5htKgmEwfnbMEW+rHgslX4MHeFlRpxdOEnzrlffSMkXoLEk+I7yf0ItXU75FjU/W1x4N/A47mcmJV2O8mFM5mziYztyHVkiVGvLUAdn0XTMRAmiwf+BuvhABkzFyoC4NW2F2Co/THjhvCxZApRgmyrBIs3CaNh5Pi1GPF92LDo2C0ZJOqenV5lflplBh9iwFfV5+hM6HvXgTTBP6RviM8Irywl5C7XDyFle4BKyo0zaK/0FNGuZwhkGJuw8WklZ7lLFghSoV3H+FYfd20Q5m7oF0GyOoXllQToxhup4qYTH5n9bMkGapaWZ6eSSpNHO5uh6h6HGEsviKiNvoiS8yVKux677CIHCawgd4KlGmXYEntaTzujYpHWR0EuAwAqyCqHJEOFkmSaRIcu0KJuWaozvBaoXr34ZrOuOX0IIoJrPrPZSaRyj9G++6mtN9u28qNt9Y66JShH4D/kvFRwfiWb4ofk63fwtYUJro7fmNWoNRR2BcTSzjRqhHbZg+uqcoZq9wcYPVrW8b2sxQtgLNf0ksOZ7aajJ]]></Encrypt>
</xml>


2017-08-19 11:59:41 trace :
------------
String:
<xml><ToUserName><![CDATA[gh_a886868beb64]]></ToUserName>
<FromUserName><![CDATA[oNejvwFLYXbTrnzVQo-e2MNJ_28A]]></FromUserName>
<CreateTime>1503115181</CreateTime>
<MsgType><![CDATA[text]]></MsgType>
<Content><![CDATA[测试]]></Content>
<MsgId>6455830544943594236</MsgId>
</xml>

2017-08-19 11:59:41 params :
------------
String:
array (
  'rule' => -2,
  'module' => '',
  'message' => 
  array (
    'tousername' => 'gh_a886868beb64',
    'fromusername' => 'oNejvwFLYXbTrnzVQo-e2MNJ_28A',
    'createtime' => '1503115181',
    'msgtype' => 'text',
    'content' => '测试',
    'msgid' => '6455830544943594236',
    'from' => 'oNejvwFLYXbTrnzVQo-e2MNJ_28A',
    'to' => 'gh_a886868beb64',
    'time' => '1503115181',
    'type' => 'text',
    'event' => NULL,
    'redirection' => false,
    'source' => NULL,
  ),
)

2017-08-19 11:59:41 response :
------------

2017-08-19 11:59:52 trace :
------------
String:
<xml><ToUserName><![CDATA[gh_a886868beb64]]></ToUserName>
<FromUserName><![CDATA[oNejvwFLYXbTrnzVQo-e2MNJ_28A]]></FromUserName>
<CreateTime>1503115191</CreateTime>
<MsgType><![CDATA[text]]></MsgType>
<Content><![CDATA[回复]]></Content>
<MsgId>6455830587893267198</MsgId>
</xml>

2017-08-19 11:59:52 params :
------------
String:
array (
  'rule' => -2,
  'module' => '',
  'message' => 
  array (
    'tousername' => 'gh_a886868beb64',
    'fromusername' => 'oNejvwFLYXbTrnzVQo-e2MNJ_28A',
    'createtime' => '1503115191',
    'msgtype' => 'text',
    'content' => '回复',
    'msgid' => '6455830587893267198',
    'from' => 'oNejvwFLYXbTrnzVQo-e2MNJ_28A',
    'to' => 'gh_a886868beb64',
    'time' => '1503115191',
    'type' => 'text',
    'event' => NULL,
    'redirection' => false,
    'source' => NULL,
  ),
)

2017-08-19 11:59:52 response :
------------

2017-08-19 12:07:48 debug :
------------
String:
account-ticket<xml>
    <AppId><![CDATA[wx3db5943239313a96]]></AppId>
    <Encrypt><![CDATA[3FaH4IXxpzIo5OIY4qUWMsB+v6Qv4pV3FlgrhTRrxzekYOeSDPmPG/kVVP39pMSLbjkJUPIFgyDrAZw37/H/odnIfvWdi1cAfoEnmrd79BUduVnT+B9MLzEcjKR/DLfvPQYK3UWW3dRHly2/FtWsI1n72jrtd4vUkG5x5jRebWg4nacx4CwYHKz1y98lq/tddTtih2q+oaQjmBljEjjg46xA3quHVvH4NHFbhXwHtx96nf0fPhj/fEoygDTVgwPvEU5+A6VMMzC/9CKmzDJhccQscLXbQXxpmItmf5ZEBJAhIfEzqr4Xv5hfgb3g2qS7PnXB5WGk/MgEOyaOK8ia5DStwKrHKRVmC4KhhdjHx+bjZ+cq2emNa0K1tI8zXi6y+43E/gKjsjrmDjosaRuZbXpP9wCmjX8tvVwOAqKgJvj2GCrdAARtQrXErd1pvSHDCVrD4PsXWvkJp9icm4wxZQ==]]></Encrypt>
</xml>


2017-08-19 12:15:13 trace :
------------
String:
<xml><ToUserName><![CDATA[gh_a886868beb64]]></ToUserName>
<FromUserName><![CDATA[oNejvwFLYXbTrnzVQo-e2MNJ_28A]]></FromUserName>
<CreateTime>1503116113</CreateTime>
<MsgType><![CDATA[text]]></MsgType>
<Content><![CDATA[天气]]></Content>
<MsgId>6455834547853114443</MsgId>
</xml>

2017-08-19 12:15:13 params :
------------
String:
array (
  'rule' => -2,
  'module' => '',
  'message' => 
  array (
    'tousername' => 'gh_a886868beb64',
    'fromusername' => 'oNejvwFLYXbTrnzVQo-e2MNJ_28A',
    'createtime' => '1503116113',
    'msgtype' => 'text',
    'content' => '天气',
    'msgid' => '6455834547853114443',
    'from' => 'oNejvwFLYXbTrnzVQo-e2MNJ_28A',
    'to' => 'gh_a886868beb64',
    'time' => '1503116113',
    'type' => 'text',
    'event' => NULL,
    'redirection' => false,
    'source' => NULL,
  ),
)

2017-08-19 12:15:13 response :
------------

2017-08-19 12:15:22 trace :
------------
String:
<xml><ToUserName><![CDATA[gh_a886868beb64]]></ToUserName>
<FromUserName><![CDATA[oNejvwFLYXbTrnzVQo-e2MNJ_28A]]></FromUserName>
<CreateTime>1503116122</CreateTime>
<MsgType><![CDATA[text]]></MsgType>
<Content><![CDATA[郑州天气]]></Content>
<MsgId>6455834586507820112</MsgId>
</xml>

2017-08-19 12:15:22 params :
------------
String:
array (
  'message' => 
  array (
    'tousername' => 'gh_a886868beb64',
    'fromusername' => 'oNejvwFLYXbTrnzVQo-e2MNJ_28A',
    'createtime' => '1503116122',
    'msgtype' => 'text',
    'content' => '郑州天气',
    'msgid' => '6455834586507820112',
    'from' => 'oNejvwFLYXbTrnzVQo-e2MNJ_28A',
    'to' => 'gh_a886868beb64',
    'time' => '1503116122',
    'type' => 'text',
    'event' => NULL,
    'redirection' => false,
    'source' => NULL,
  ),
  'module' => 'userapi',
  'rule' => '1',
  'priority' => '255',
  'keyword' => 
  array (
    'id' => '1',
    'rid' => '1',
    'uniacid' => '0',
    'module' => 'userapi',
    'content' => '^.+天气$',
    'type' => '3',
    'displayorder' => '255',
    'status' => '1',
    'reply_type' => 
    array (
    ),
  ),
  'reply_type' => 
  array (
  ),
)

2017-08-19 12:15:22 response :
------------
Array:
FromUserName : gh_a886868beb64 ;
ToUserName : oNejvwFLYXbTrnzVQo-e2MNJ_28A ;
MsgType : text ;
Content : 郑州今日天气
今天白天阵雨，30摄氏度。
东风，≤3
今天夜间阴，24摄氏度。
东风，≤3
==================
【穿衣指数】：短袖衫、短裙、短裤、薄型T恤衫、敞领短袖棉衫

【感冒指数】：低发期环境温度较高，要提防长时间在空调环境中引发的空调病；

【空调指数】：比较适宜开启空调

【污染物扩散条件】：中度不利于空气污染物扩散

【洗车指数】：不适宜洗车后当日有降水、大风或沙尘天气，不适宜洗车

【运动指数】：不适宜天气炎热，不适宜户外运动；

【紫外线指数】：弱紫外线弱

【体感度指数】：偏热天气偏热，适当调整穿衣后，仍可达到比较舒适的程度。
 ;

2017-08-19 12:15:42 trace :
------------
String:
<xml><ToUserName><![CDATA[gh_a886868beb64]]></ToUserName>
<FromUserName><![CDATA[oNejvwFLYXbTrnzVQo-e2MNJ_28A]]></FromUserName>
<CreateTime>1503116141</CreateTime>
<MsgType><![CDATA[text]]></MsgType>
<Content><![CDATA[北京天气]]></Content>
<MsgId>6455834668112198748</MsgId>
</xml>

2017-08-19 12:15:42 params :
------------
String:
array (
  'message' => 
  array (
    'tousername' => 'gh_a886868beb64',
    'fromusername' => 'oNejvwFLYXbTrnzVQo-e2MNJ_28A',
    'createtime' => '1503116141',
    'msgtype' => 'text',
    'content' => '北京天气',
    'msgid' => '6455834668112198748',
    'from' => 'oNejvwFLYXbTrnzVQo-e2MNJ_28A',
    'to' => 'gh_a886868beb64',
    'time' => '1503116141',
    'type' => 'text',
    'event' => NULL,
    'redirection' => false,
    'source' => NULL,
  ),
  'module' => 'userapi',
  'rule' => '1',
  'priority' => '255',
  'keyword' => 
  array (
    'id' => '1',
    'rid' => '1',
    'uniacid' => '0',
    'module' => 'userapi',
    'content' => '^.+天气$',
    'type' => '3',
    'displayorder' => '255',
    'status' => '1',
    'reply_type' => 
    array (
    ),
  ),
  'reply_type' => 
  array (
  ),
)

2017-08-19 12:15:42 response :
------------
Array:
FromUserName : gh_a886868beb64 ;
ToUserName : oNejvwFLYXbTrnzVQo-e2MNJ_28A ;
MsgType : text ;
Content : 北京今日天气
今天白天阵雨，29摄氏度。
东北风，≤3
今天夜间多云，22摄氏度。
东北风，≤3
==================
【穿衣指数】：短袖衫、短裙、短裤、薄型T恤衫、敞领短袖棉衫

【感冒指数】：低发期环境温度较高，要提防长时间在空调环境中引发的空调病；

【空调指数】：比较适宜开启空调

【污染物扩散条件】：轻度对空气污染物扩散无明显影响

【洗车指数】：不适宜洗车后当日有降水、大风或沙尘天气，不适宜洗车

【运动指数】：不太适宜天气较热，不太适宜户外运动；

【紫外线指数】：最弱紫外线最弱

【体感度指数】：偏热天气偏热，适当调整穿衣后，仍可达到比较舒适的程度。
 ;

2017-08-19 12:15:56 trace :
------------
String:
<xml><ToUserName><![CDATA[gh_a886868beb64]]></ToUserName>
<FromUserName><![CDATA[oNejvwFLYXbTrnzVQo-e2MNJ_28A]]></FromUserName>
<CreateTime>1503116156</CreateTime>
<MsgType><![CDATA[text]]></MsgType>
<Content><![CDATA[内乡天气]]></Content>
<MsgId>6455834732536708192</MsgId>
</xml>

2017-08-19 12:15:56 params :
------------
String:
array (
  'message' => 
  array (
    'tousername' => 'gh_a886868beb64',
    'fromusername' => 'oNejvwFLYXbTrnzVQo-e2MNJ_28A',
    'createtime' => '1503116156',
    'msgtype' => 'text',
    'content' => '内乡天气',
    'msgid' => '6455834732536708192',
    'from' => 'oNejvwFLYXbTrnzVQo-e2MNJ_28A',
    'to' => 'gh_a886868beb64',
    'time' => '1503116156',
    'type' => 'text',
    'event' => NULL,
    'redirection' => false,
    'source' => NULL,
  ),
  'module' => 'userapi',
  'rule' => '1',
  'priority' => '255',
  'keyword' => 
  array (
    'id' => '1',
    'rid' => '1',
    'uniacid' => '0',
    'module' => 'userapi',
    'content' => '^.+天气$',
    'type' => '3',
    'displayorder' => '255',
    'status' => '1',
    'reply_type' => 
    array (
    ),
  ),
  'reply_type' => 
  array (
  ),
)

2017-08-19 12:15:56 response :
------------
Array:
FromUserName : gh_a886868beb64 ;
ToUserName : oNejvwFLYXbTrnzVQo-e2MNJ_28A ;
MsgType : text ;
Content : 内乡今日天气
今天白天雷阵雨，33摄氏度。
东风，≤3
今天夜间雷阵雨，24摄氏度。
东风，≤3
==================
【穿衣指数】：短袖衫、短裙、短裤、薄型T恤衫、敞领短袖棉衫

【感冒指数】：易发期天气闷热，注意预防热伤风；

【空调指数】：比较适宜开启空调

【污染物扩散条件】：轻度对空气污染物扩散无明显影响

【洗车指数】：不适宜洗车后当日有降水、大风或沙尘天气，不适宜洗车

【运动指数】：不适宜天气闷热，不适宜户外运动；

【紫外线指数】：最弱紫外线最弱

【体感度指数】：较热户外活动不适宜在中午前后展开。
 ;

2017-08-19 12:17:28 trace :
------------
String:
<xml><ToUserName><![CDATA[gh_a886868beb64]]></ToUserName>
<FromUserName><![CDATA[oNejvwFLYXbTrnzVQo-e2MNJ_28A]]></FromUserName>
<CreateTime>1503116248</CreateTime>
<MsgType><![CDATA[event]]></MsgType>
<Event><![CDATA[VIEW]]></Event>
<EventKey><![CDATA[http://kj.ercikai.com/app/index.php?i=11&c=entry&cid=33&do=index&m=amouse_article]]></EventKey>
<MenuId>427107968</MenuId>
</xml>

2017-08-19 12:17:28 params :
------------
String:
array (
  'rule' => -2,
  'module' => '',
  'message' => 
  array (
    'tousername' => 'gh_a886868beb64',
    'fromusername' => 'oNejvwFLYXbTrnzVQo-e2MNJ_28A',
    'createtime' => '1503116248',
    'msgtype' => 'event',
    'event' => 'VIEW',
    'eventkey' => 'http://kj.ercikai.com/app/index.php?i=11&c=entry&cid=33&do=index&m=amouse_article',
    'menuid' => '427107968',
    'from' => 'oNejvwFLYXbTrnzVQo-e2MNJ_28A',
    'to' => 'gh_a886868beb64',
    'time' => '1503116248',
    'type' => 'text',
    'content' => 'http://kj.ercikai.com/app/index.php?i=11&c=entry&cid=33&do=index&m=amouse_article',
    'redirection' => true,
    'source' => 'VIEW',
  ),
)

2017-08-19 12:17:28 response :
------------

2017-08-19 12:17:46 debug :
------------
String:
account-ticket<xml>
    <AppId><![CDATA[wx3db5943239313a96]]></AppId>
    <Encrypt><![CDATA[OWy8tbjjfF6upQqNXWBSYjT7jaOaUKgQhnaXucxVKBSugFadCWAtzrzpodbxJfGNYX1+hgd2D8HZr8nTpBpHcXa629c0d3raP9WfDJmtoCmrBRgVWuEY347JPFScIAymUY9+BQfHOlUXvIaPISd/vK8KB+eHrn+6S74NggiZFEj+6XpqgX8thLBvrkSr0IvHvzdMjhiq8f4YuQqcsI5IIkf2fiu5yIDq2rJ/tVN1D2+1u0jGYa6TsHuCLbCt78vP/vmn/bCriAdhzzMjkw2LGa5CMJDGU5UfsEc2A7w0eMZ7pPVZ5/aO1xP4UKmSvRjxWyWzTb9wjymNHRrCTzC3UkEQSQ3N7nYUZhGKWWl7HAkBrVaJnjeV8M3LyArKeWq2zqdqRrmXKn+k/AMqZfML7lTNf/jovHiN8VxXC1EslflLkWjCvtnDmy2Tf+Tha44oeDO2jhKv2TCDoycbLLH+yw==]]></Encrypt>
</xml>


2017-08-19 12:27:49 debug :
------------
String:
account-ticket<xml>
    <AppId><![CDATA[wx3db5943239313a96]]></AppId>
    <Encrypt><![CDATA[2pi9Q9rKjTmJmckdzzjmjBFK/CSIMsW9X6bJXt2Usx7IJDiAgol4GdJqRrDsB0+tSD0q6AkKL0UACXbkm4Vjpd14+8yRKFqvhtL/vmkiQ22y1jWilbNa6au4vYSfQMZDKaVFpfULPkGDmQSIvhcB7by0Paw49W0wt6XAd3DWcN4SoXwPK/qr5y2tVn81ERfMAzGOJOMWa49NXDT6Lk5Cf7z60HEzkQ6wXSxJP9y5S7VTP1UmQgpr6qeqy/bCIs7l9oHD6ig9VZncqkUojxCJrAXOvWiMN4aQVInjBroz9XGil+fOUevuHipgb85gpuXuCvB+2W/LDBHoMF8whjWEBCHIM5iit8cr2279czp0tF5m4LhSxIvZ0u+Ji4xui4PqDKCshyIUUWawMhbYoUDkZvTT2GfbM7239npnkiXYTNkvU+bpjl5WuPyOGQAPeHVyCrX04+DUL7MZ2qK7Fv+Pcw==]]></Encrypt>
</xml>


2017-08-19 12:37:44 debug :
------------
String:
account-ticket<xml>
    <AppId><![CDATA[wx3db5943239313a96]]></AppId>
    <Encrypt><![CDATA[cMEoy3++oq4kGGLM+AhaiAlryOVxl0NWgwqTl61OAHOvyQ401HQzz2hYvRPOQehAYVbAMVac1YCTeXONVU+K2S9s9GncMFEERbi5LD9EbquYWOfEf7XIZwmr4X5qVzUK4DcldJ31R22QOTVnLTl4GKdf3eV7sG1/C+/On9bJbW1RjdTzljLhkN6Y9HOxo6aPOWqtJxLczTQq26/CGx2WOkpva8L+FRbnwaZOwwPHv7vZrWdjFtEdEI1Aby2B49NiqKTHPE9SHuPDW8EI89FLP52BxpaH/tYY/n5I2iN802+SOZr6pQWCXWWrZUlOafw35FO/HAbXX8gDHUxqFcLKKtwjqKAmCCguv5vbnvww62quww0mkmhC5JnQHiFW/f9MHVLZSk+eo2hUs3xdRo7hbvQFnkXUXgz++Xm0mdWphq5F0ha3Uf8h8nbdCjTnrLgyuTUSjJs90L0uEjfQJIcbfA==]]></Encrypt>
</xml>


2017-08-19 12:47:39 debug :
------------
String:
account-ticket<xml>
    <AppId><![CDATA[wx3db5943239313a96]]></AppId>
    <Encrypt><![CDATA[FDBazalX2n0fRNTv9W1zQza8b3X7xfhsNn5PgW+wEn4fF7kubIyXvPg5gsfyyVPCKHVtPLugrOTvwjAWm6Z/cYKTOWb9E9qBRh33m6ySAhdSrv0T3jgy6OXi4J9wv4ecqWFJWmEX8jw3N6zL+LPDJp7Vq1R9Tp1TALaqVjFZ1wKSzE2EBkbfqh3y/DFO18pMKHhKuW0ipJv4sSnY0xcOWmdY3d+0M956YLVr030vVwvt4JVo3SGVzgjUlhFk6GKCpY5CMA05u6QTXK727x3SF57lcJAZZImMe9dT1Bs5bb+aqcYALUi7dfdRc6Cggphluwe168sqbYIO020fUSzRr0Vr11yiG3y4Au6Aqgo6VSszJu3RAIuJAhT9cnhA6hTWSS9T0tpWtj67vYHEB+rSvfZ6GhS9S5ZehfGBFF1Zqz36XxDhAhhnFT6ZFIIz/rIT/n8BKBFonN9Q7P1Db1iiaQ==]]></Encrypt>
</xml>


2017-08-19 12:57:37 debug :
------------
String:
account-ticket<xml>
    <AppId><![CDATA[wx3db5943239313a96]]></AppId>
    <Encrypt><![CDATA[ZS+Pj3Pk+ku73qOqDGm+WaLyvZKaM7jSibxGrhPB6GzWmgCbxO9mlzzCOtgs83mZte3C3fNdTgo2vCcanXPyJNxHBD/bibhfvqxgCxOZVyqlnVU06SwD5UkGNmWHb2TS311eiwq76ZCDQX2vXzOLTZWBGxVqHUa52fW3xjyLRSMtCFX1Gw+96FXl3+7JIPyEtD56MQtLKBZf5i9JcyGaA+osbysuLqlRW/eWSB0d6wg7CltnHl8eohHngV5xthDzg58OHV78bDfvxkbc81dAMsjYCWvg345nHTOr1xbASvcBIsyBqnnTuFNk1aP1pgXsHlqPLGqj8xNl5ltx0qoZgxlGNjWTqNVU2JUFZLWvc0jkw2GZ7Dt9r7i2RpiQdJ1zMBImiICeyYzChbKUunSfn6ZvojfiDSRsDd+3KNI8G+jCpqXtToPTM3uTPDv36sMfiqezI7rYeWdIoCznHZonug==]]></Encrypt>
</xml>


2017-08-19 13:07:46 debug :
------------
String:
account-ticket<xml>
    <AppId><![CDATA[wx3db5943239313a96]]></AppId>
    <Encrypt><![CDATA[mysaky884wdV7S/YX74acb8T5o0AEkE4I1e8iRYS+DiCmTGaygYmHPuQAgbdC1q1dABPYqd5Op6Qo/NoZ0+GSx9cQwN49xcMGhi0d9xKLtdUw7/URhNunfPNibh2JnVmG860gblkc/mIOn39YiIyrSEgDuRj1RxZw33cqLUZnDQ1rftY9/kU/SZ3Yy7/wh/JvLFtCoEBOYzfbRWbOHUaWX3vvBIoQyACa+5JC8K70bSEHzDYsXSFaOis25SH6lYY52OVhYmjYqdMrJ5kVZmXPi91DzbX27pPjBeqhXMX/0d/+jIeMmJosbRWrQfTVOVSbULi5754VIDNb9/fjgSKoNbathvMqjq5J+cPo87ASv8x8V6+9OGrZpteMKGxJRi+q+dA252Qc+5XbcU3Yjph4gHlVpB8z5A020k05BySBM8KfY04FqOtvAn7sgkBSnS2EiQ3Sz5grwuBh74UmdlVFQ==]]></Encrypt>
</xml>


2017-08-19 13:17:40 debug :
------------
String:
account-ticket<xml>
    <AppId><![CDATA[wx3db5943239313a96]]></AppId>
    <Encrypt><![CDATA[qjmw6Fq0INrZCF82mi0ZSgrLX2MQzpVQ/X+TCA6sbWOJKdLpdTa/K+WTkmS123yyzyVVJdbVGTkBc83aePZK08U6c4s9VFmt+ZqmMuC9tBqVQ4M00HA6FrYLTx0EDQWCFVimZ65+Y/A/pXlMd2j+XM1P/gmbJ5+xyI3OzHJIqjizIaNi6yzk4f6WexmNCgyMMQiIE2B5YwTadzOIqbC3kol8EFFAOWhxpdyCLtFG2BzJ2JdYNc615GdSUwP7fZW2alAkPy6m9n+z8qtCN9SxcqVzyVPv31s45kEci8F4QZ0f1zNNuvvOpel6lLqWWQCgxIVLDCWAWYVhOOA+I/fnC64GR8valRJv8P+X96MC4nGB2wWQ7A97iZhPajo3nqjaj8nY5MdUeV39NA6dEsQ9wTIzssOswtb2p1yCdfm3DjodrrhZOEWIqE8DkhuaxmCetPY6X1C1lAXv5BdtHPeRTQ==]]></Encrypt>
</xml>


2017-08-19 13:27:38 debug :
------------
String:
account-ticket<xml>
    <AppId><![CDATA[wx3db5943239313a96]]></AppId>
    <Encrypt><![CDATA[pC5BzhQMTKqxkA7L5HFM8+llyxHtTqkhRsZ82MS4LDg8VR0Hx87G1LCdLgWHczrH1g//fsyPbQf2a84d9CG3jwM3vB0WtbrgPS1tcS8K9GFIY2Hdq47komgSRZkKuo07LrPnQAjjjiC3pK97KGLSDJOMhsij0PusxyhkWbU0CBujBlVoFDfu9bkAL/JYKga2+0wIXn9qK7ELpyKR5eu9DG2Q7/G3sTfHuizpl1AaQOPufZcVgyqCDtkCk+wVeJLqvIYS6poQlZ/514GFH2bWeHHbzkz/6rRx2F43GuGhb0p24CFGzjb1WfsP9Io9HbbrahksNVZTDFy8IVrYR3c+HnV+qQ5GgIQyEeMf719hk6NoxqOYqACbc6+Awul4Yvw2VQ++HXnzJ5bPsY8sFk59t3rPw6BiCivc/dcrhtQ7JduqiPvqtPb5N/efaJvj7HPSCKCY++E686YgEpXAlw3bnQ==]]></Encrypt>
</xml>


2017-08-19 13:37:42 debug :
------------
String:
account-ticket<xml>
    <AppId><![CDATA[wx3db5943239313a96]]></AppId>
    <Encrypt><![CDATA[Ag7wyY5lDFOLvNhayNJD4tOACBjM1FvkDW+6TNSm9eS4suxQ9mY2FO3CqR4c8/cyYyQaL1p6/OCUTHmuOzZQKEt5NCJWX2Kfavviaj/W/Q6izvlqnsbLKoIT+blS9YhtSPuzbU+Sw1UNi+ZU0tnsCOCUKNL5DNfHautlE1XK3fhgjXLz8iSvVPlkQSeOn7PRY3DXvtamYV2k6qnPCkQNPiOptMZBdlbER4bPA1tPd1bsJsMlrLyr1ZvswvTIk3JnyXQrhKZmF9iVDjWHPSb4IIZi4BHkPz3vnycUOl9QUJwrx+dbIwzWnBohzfFvwU5upUSMlR0jCDQaHP9pmNHpMw9S2DQJsEfAleQ51/jvPOfyDLrqJeeAHkgCFXNE834UWrvNOU95nqMb208pjYcOEDOAew11dikp/vCQZuUVTNchi+zOPBCtz9L2Nhv+gmRAcGQiFKED06lT2E+ns5ASiw==]]></Encrypt>
</xml>


2017-08-19 13:47:35 debug :
------------
String:
account-ticket<xml>
    <AppId><![CDATA[wx3db5943239313a96]]></AppId>
    <Encrypt><![CDATA[1Ow4ueCmUZaUBfPSHH7Arq2ZkQHV7rzROn1P3uKmqKRsVLZCveevRANpTyQmFvoT9q0/gQEvRerFqdFrRvIzyW0EAPos9bZWou/zcFwH8xpwMv1/y+6nh4OdupO8rEVJ5Eu28rfOHB1Grt2x5OTnjerF1RP6QPcfm0CLlDP0bRbR1arLhen9ifi2k84wE1SOOPoZeyrW+sFqwtJ0RIrPsvdnw6DNqIbgWcILf3PK/vn+8O+f3IHLaJcvdJbPV8VsDITepzmQiNXsqWcgtnYNY9CiaYCa7OYxe9eXh/IQxKT0N6PakXnulW4atGTwWkn2VVOtUkCo7yKpwzG0zX9wDoYN93hi9w3zvG5CftbqEY40WEm8NBmLH7NFNv5crBle77/pjwO4nA/xjQpcTxDA3Bv8NFjhRIkncLDVKBzUVRb7fntES35iiJFFPCTkeHxIc6LWp1K4X9v1aY4KGT92ig==]]></Encrypt>
</xml>


2017-08-19 13:57:24 debug :
------------
String:
account-ticket<xml>
    <AppId><![CDATA[wx3db5943239313a96]]></AppId>
    <Encrypt><![CDATA[4b4n9/3cZNT+UjKKtR95p8KfsSewuYgrK84ZhtYEHkSm30KLMT1/Hf1/fdF1tuOgbvMwGHTP9lhUmuYOREkwh8eyVIG4Pf+K148kfKXQEHJEChY/FiSyrTte+J4aeRRtrcrbYWQObdZeLOczcB60c3CoJfPyDPREsQtSQdOvItCu5DV88rXb2FqP89cosEit+4WS99cp5CACGSAOLXUXCA+NkpjMSdI1h1EHonUnMSDtGvSlkvBnvHXapFSg8cy9kb3ZZoEBYwWrqktKm1L2r9WqKPb8+BaMRTQbvB77ta9NCMcgQLNlvXtiroOhoCMRtL7iBb9zmytarAPjPEwosgiamSt0BcJACDNEKIhxPJIwwjsrvIrCp2VKRpdXPaRktgizZ7to4DswsbUBhk8eWydbdfOnrvyuH02guhjrzRvQR9wMtTp3pIK1uvGNNm5nhBiXoHurIHRzyxh1H4N+QQ==]]></Encrypt>
</xml>


2017-08-19 14:07:42 debug :
------------
String:
account-ticket<xml>
    <AppId><![CDATA[wx3db5943239313a96]]></AppId>
    <Encrypt><![CDATA[mujY8phnWcuSg2qm9GeL7L1RmJeyazhw9eqjuPEjgv/rlaBdbRDEs3/fna6RCgrULNIEgGhhB4UVzKcsaBba1iXPPkW2x6O+57/RWIdaCUDJEPNXVbfzchhkWu5yDEBvWVemcan8u5EYqyxjLd59QpN72cGMkdpZ3qjjMWwycGtPga8d5QExgQgN38BHKbUnZNduPKcTbsFqvcC/7/bbtP4Z548OsVCpDpuyep905Y3HZIm5h6G7GZ2Oylg4qPXKI3IaWV8eGg4nvj+j85PRudbFkl6oyXJ8e7XgjjiYxr6ugc0xD21PF/eUmbz9jtfOFIGAaMlDcFjTiH8UdUsd5hSJutbeJueU+UWfraBsBjCHCTdNxr3NM4Abw4l9AK01iFpJySFfHoo2Kt5qzKhmggd5NvpchupsQCHyMkWpkAG91NAot5taqGSmMoNlmcz8wpFhZIS5GhXCsGowlWueaw==]]></Encrypt>
</xml>


2017-08-19 14:17:37 debug :
------------
String:
account-ticket<xml>
    <AppId><![CDATA[wx3db5943239313a96]]></AppId>
    <Encrypt><![CDATA[+6p53OLu6EQ3NYA8PbKQanMJoqOrD5js1m4PDZVs7Xz7KbudAVWO5Ye/Cxeml5KnGvjAPNjsIrf9fHk27qOnaF7HFCvflgIxb0UOMhjDR2FZbFKoZozQ5eACAhTZY9Gpp20gzyhGAWYZ9pHUOjrFXaAVBpJH67CgQz582yX0FF5P8Rgk6xK1HMtoXXWEAaSjCXCZEXDrvD/u7Gr9L46xJNwLmN6vKvNUHWuLeWnK8phgRPKlY8bnm95NQHSUkOimYx+ESaBsMawPe4JteI5i40v1jR/GZPeAqECFz2eGBaLDaztvDuUaMdP9h4+JdbRBmW/YPn338DrqC/byTwVnMSwMWHZ3smP1aUxI2zB4EEmfyjcFWRJz3YmYsRisFHd/j38iac91YqGX1Hgdjx0kWioHYrLnmtbXpp6MmjFNHGmFnfxc4TpfoZUiZvk2aiGgDsvqJRRjjz3EAXXVGviiIQ==]]></Encrypt>
</xml>


2017-08-19 14:27:36 debug :
------------
String:
account-ticket<xml>
    <AppId><![CDATA[wx3db5943239313a96]]></AppId>
    <Encrypt><![CDATA[b3moq4GzKR0jZuTCIJVreNa5FapNZdyfxJT2tc3+glbIISSN0lsGR19KJ2pF+lbyH3K5G8XTxj/+At+nr5p+edHAn3zIXWbK/704QBuSOVgIwWAKpmYiWprbMh/G0CQA6N7GL1UidpMzgrDkqUBAdJA+W9qhC/0IdEaL1hgNVOX9kuvM3BSb82+gXaIyvjbH9hHBiVdRRkp4bO0fKN9cFO9PPuCCjkZVBJ3+Zc3BtNlr2BMKErfCFhsjC73l8Qc7fP2Hnvd719rhNMizXjdyku3Umwrs5qJWScoWIbh4GpyTmeLyLSg+UixL6JkyjicuTRiVSSD9EWte7pu3TGAggh7Gzfdh3jvBwmbzUtgOCElrcpPSGMW9XDFA6gjJR+OVFT/RiTQy6oG1LjuZkK1hYRvQe4r4xBh8gEFFMHAv10yrQbrQFfyUsyQKUsJEnq5t74nPRVldf0ZOYDr84OXH0A==]]></Encrypt>
</xml>


2017-08-19 14:37:37 debug :
------------
String:
account-ticket<xml>
    <AppId><![CDATA[wx3db5943239313a96]]></AppId>
    <Encrypt><![CDATA[q8tlrT+eb4NoYIqUsbMUUs82iqwUGe0UblbCTCj8pz4KU1aoSXYIsokGrBHZCTX4p7iv500UjrrViuimDk75eOyALjVYDLJ7TrZz0DbubLuxrvzHq+K51yYpOlWifpbOKSo4Xpmec2xMVc9ZygPAzg0ykyjCz7OrfY54XKG01DmnCCxxVsgGAaD5I8c4FvFJubQhWLlur0oLKnD3kS67lNU8/5rmoftmf3zNuF4MM4DZDZsdeNZsr/fx2uaH3Tkp3GW/hXvVuFgNENnBzleqNAJ3tqiFIkJ26HcGMtTXYOXPgwgq/+2q/C6Ai5yV0JG3NjB2dYaZlRub4rAXqH3UjbiGWlJTgSOAf8GgJi2IdD3Zvznb4NTvhw9TTK4lgaUSUPZCY7COvrbyFZLiy6CeziOluljtgZ8F6e/of4Y4aWibkjPCvjpcutnPhMtZqVinpScoLQs/BnJbAU873yAmXA==]]></Encrypt>
</xml>


2017-08-19 14:47:37 debug :
------------
String:
account-ticket<xml>
    <AppId><![CDATA[wx3db5943239313a96]]></AppId>
    <Encrypt><![CDATA[+zoIb6t4k4uU1WVqSjs7AWa1KNmdv5ylhCG2CJ6NpFYVfRO5+i5GTGdGRAlBVbAH8LO9RZMwSmUQc3aeIyEFclmO2Iifdx6+UQRLwm76AY9pMeWbiQvKCpEXFM4hCoz77PJHTFWWcdRUR77OTc8DgMjSe9RXJZsUMuVDXCV9vVqPqjPxgAIw5NC4ofSOUDQ2Lx7v0kUdp17gGS4ppI8zeqpmrZDBnEmDEJhSfV8SehADLyYUozu9QaK7FgyZSjybWcllHKKzkFy9KDkd8Z/bap0qr5r9CLiejXLNKT+DDTMa/p6Igls5fQji1vK9B2pYLvQlfIvfwHtDxseSPiFsaM4v5TLhVZwJ9bGhU+OVQr70ENVOVtSrVIO2VI0FvCvATUsovlRCmdC73ak+9Dtujn/Iz4SBkzf5EIsH9lF/MKexjtQA4sIsDKO+KAsNdGPAQy65bv9B6t2Cv2NN/9SgKA==]]></Encrypt>
</xml>


2017-08-19 14:57:34 debug :
------------
String:
account-ticket<xml>
    <AppId><![CDATA[wx3db5943239313a96]]></AppId>
    <Encrypt><![CDATA[wZmrbGm33JDKWrw5wpcyuHzVUYY2AfTNF2X4iPmjbKZGE0JfCul+8BmyoAc5vEbGmMQDOVxIOnd8nu8IP2Nkpunyj166m0IoCYav5d9ikiksdjy1wnWoWaUG4xDGL9nOFiCbEip6oaU6yWfGOsYyjec+vhFmOLy8ydsecz1pcOvEz/78mzk0eNQotLDKZg0WuPOXLPnr7TOkkcxeH8MbMI/hQWvv7fA4TW6ddGywLdFUsaUHqcRMEDgK/MLpzyXNKS3w77n3xSEIzjJqjG1iIiWzRfvNQU6+zVVGinVAfW7JNo4cF0PzSHo5JGd8MLWjqlHOTE7YUyqS/poU6aiiPyzySNlv1CHKoFUVfQEyfQEE1BVObe4AmfjV8KUzxzAubaaAZnYB78Ve60QCjtd4TTnq4Lvo1Htq6ZhSwfgJjptO0Fe1I4GwuPascXaIarft0uCndyWo7gcPf52xU24O2A==]]></Encrypt>
</xml>


2017-08-19 15:07:39 debug :
------------
String:
account-ticket<xml>
    <AppId><![CDATA[wx3db5943239313a96]]></AppId>
    <Encrypt><![CDATA[T27UgD7BR8fHOD81WOCxKbQlGXQ+RKHWNXRxG+7JYdJgLwQAML3X9EfaRdDItXnQRqKWEJ+acoMTQsDm/ovn9Z1utnJYruka0nnWf+2MTM9CRydI0LZZjCTDOqxp5sp7XLspYm44r0QLGxabMt/Mt6VGswL0oxuPame9eTATS73TdjjJ8MmaXNSd/BkjRP/9g3WPwBFHgM3E0Qi0C/gUREYtcexEhI1XvVXdComwUCg8CGwzxkAragWtuFjjivfYrXkj37FzokJqEW+7IUSHiHh28BNGp/v4SzEycOXde18gB+xAyEdAYGgmN+ClHl3OxAX8ZO7SuQkGooxTrrfhKgxmSNkf5fl6vvjHC42Cw3+v0DhdYmvWAeddZRp/CxNyIAP3YhTBTFlGuday2ygjONc3wAc6CJEcK62QU/1p3xz3JcBRqP5g8ZVkU7N+gUxjllYA2bJiO6SD07CCO1D1zw==]]></Encrypt>
</xml>


2017-08-19 15:17:32 debug :
------------
String:
account-ticket<xml>
    <AppId><![CDATA[wx3db5943239313a96]]></AppId>
    <Encrypt><![CDATA[VuFqI01ibsI6h7N3SnKcDaoMK0SCvTW81UfaQqUY5Xr+c9hAjAESO4xOyy2d13XFxk/+YSFB0kjYYrGZqJF2DHG2xW9Vn3b8EAdVe8/8lhi3+hTIYb4syYnBYdbWAA5UckoykFsBY1F3MJbJgu+jdRPZ8f/9dF4TdacLJtGKnM/xq7KYogFkFp3OPHsbI7KuXe2kGQRg8Fpnn24NGlA6tCtwovaR1JsxuRL6wWiXkeiQVgjOHvViumREBhlABXW/YkOdSUXSezU1bHbD3OV/J1wGSkpPM+9vQyieML3ij0BEJxZN1BrEbKf/IHW2eCav8YD3cApPpAZSyPJ8y+P1nl94fph0z49nvu21wJz41tY7NrmZ2G5kBa3PNEc620SiDODjL2ugbHJc0J1QyVr6sPny/YwsaD2vJFwDk3pLJCQSa1t5mOdutTsYYBKALd8NGlhjuA6+LYteFcP8M9NnoA==]]></Encrypt>
</xml>


2017-08-19 15:27:36 debug :
------------
String:
account-ticket<xml>
    <AppId><![CDATA[wx3db5943239313a96]]></AppId>
    <Encrypt><![CDATA[l5L41pz3o6N6TzhDhnxAHwZpF4RzO6+j1JkXJuidCkA4v2mRWrDF3ONfUO5pmweCE2f6iR8hT5jC9QJ+K1u43rSpPemFaMXi2LJR/PGz8h2iBPCHJFGJ07QGxgzU0HQleeKmUqG5z9UXlVKSyEJv+BMjkAi5vt1wtwU+rRnc2lr3sBatR+shszl7PJkN5mr3b3emzXDrRfwJovuExmGxC87P8BWIFc4rQi1K/9rKgptLt0lBQPtEFOFRrr94uDF8y4A/NSyVv6xtKIucfImEqCo/wXQaVEf7PJXBP5u79+86RkIVGuD9jMHBN0HPWvigcnMraACIy6Vs+xYUgxP5wrL64QcJS9SlAI18ZASrCurCD9r6aXI+85YpwZtIoLVf+y0jhvsMskTJ6FNCsQx2zh3avEgkdoXrZl4j+kR2TAJIY98uaA5kuoReTPFrAFqlgmWSiXc9YmVxE75cUC6xug==]]></Encrypt>
</xml>


2017-08-19 15:37:36 debug :
------------
String:
account-ticket<xml>
    <AppId><![CDATA[wx3db5943239313a96]]></AppId>
    <Encrypt><![CDATA[B4WbP3l8fSodTlCXpt5U7e6/n73uzoCTxwDUn/9txIHxwfXBQUfwLiHMD8KlPm68pbBgBRZMLkHsn0wF+ztLR18GjMToFHlNeV8Z4rKd+v5PpttpNekYy/r5jJ/wEdQbrminF9V6YkNi7geCoII6iUM2chWenoeCafGnPE1btjy5nbobNTCA3CkbuScViU3BM4ctxbSPGGv2xq579nfPa7/LDERbpBWmNsgzXtt7MJj5SD+TU56x1aTC5WJhG1K1HLDzjhnqcN64Xd/E6BbLDa3WRT5G0hykopXo/a6AhMN1aHzx3S03z0Crp0/0BYhG4Zt/YsVJJ5d3unnD33wvAz0rF01YLks9ldi1ilmSne0+iKRRamEznpFM7c+oOXyIyn6Bl0OG96GCy24IDrk6MAEQLUsvbpVgTuiPFInIotthGSAQw6tSnYsxIzLupCPJb4BMLSA2k0pQFsGiehDwPg==]]></Encrypt>
</xml>


2017-08-19 15:47:37 debug :
------------
String:
account-ticket<xml>
    <AppId><![CDATA[wx3db5943239313a96]]></AppId>
    <Encrypt><![CDATA[ElFvjGSp+pmYU4VcaTrNRWEHqbJTDDxxiHdSN2CW2bIy5EVApc7TLD3GWw0wJyHiHi0QEC3/1SQD0Bq8Xxj6rFnHr2DcvEfVftfVN9u3B6iGLaO1X37Zmz48JPScg+6EjpVglj2OzXTwCppOWalby+E2J3esi/NdlqCkCVu7i42GZY7TVcwax9lncq4xGsozhm6oNRRl7vsPvDfXHAxOpXDT6gmP6PEc7bZLoFFKwR9BTHjxGbqGTvzLHVAqT1tgB9nEeURuvxssNWybKVGZbWvIUk80bSYLZ+fYazrvEHoiu1rPifAuRlSU1/gUL5BEOX7s3Ei8z7/pKj4obAncWMG8AeyEPYF5qb+fox4wSLV5akc1V5/RArYxCYM38U+DbWZIkWh5yeo7f/cIBY8I8QxZj9V9pKw/0e9LLBF0ExT9lWweGSF+sOR9v1rfZBGFKEEsXM3hwH35i/P1w2zsOg==]]></Encrypt>
</xml>


2017-08-19 15:57:34 debug :
------------
String:
account-ticket<xml>
    <AppId><![CDATA[wx3db5943239313a96]]></AppId>
    <Encrypt><![CDATA[vDhTltB0rNwxX5KKfcbDpWSa3bMPYPJBrWwjv920Touaqd8CNnyTkaWdlKJI5YPlcgyqGUFQOF92Opo4g5DotVSGqn0yjH6DBoE5JbSXqwi+f3Mr+0i67r1mAi/fcqiyjOmuYC1Umoy/X7vFMF9K7Bo17W2r7Yr98UTKqaJDP0ChYU1tQVEtWW7X9fdVUFjfB6Tx+enEiBS37qppx91/eQSVY1519kjtt8F/7/Mj+hKGOXpUYoyZPwWelAkc2Ft4nR+oTdKtTOHFsOxjscTFF9VUiIZTQkx7bB+ikqmNlwlk21JaBBnVOlMpN+Y5GvblLk5LLbS0hPV44urRgo0bykxHjMDl5ACDvJkOWgQBpTfj5U4itds8CF7PZ4eLxRn4JsP3AzmJOK6iUY5dmNmBf46Efz/Ge2qV1LP6FGyaSHBA8rDa0kSZbF2sjVSRVhTp0obqyK2++kzgaT3mw7KrEw==]]></Encrypt>
</xml>


2017-08-19 16:07:38 debug :
------------
String:
account-ticket<xml>
    <AppId><![CDATA[wx3db5943239313a96]]></AppId>
    <Encrypt><![CDATA[GCMLUi1l7eQyAXaYsIZUqQ38zzUxvDk7CSLPQwhPol5qzjSz1xLfwYxbQx+kucU9quwGw2bu4+M5Hv9umu+gQdvicz9bBXRGcuG211y5crJGCzwaqaCv66qpJYyYrM+vsHFARerFx1fbVeZkTuL3q29uqgIFBEa9e1r1WSTl9JYb4QEmacReqwETx3Mttxy5ejuiIuas+TjkaovH7St2YaqTEouVoUm7MZVvYSIycAHusThXNbeijsHTT7W0YGrIfOZc3HvCnt58KfHZQPcFd8+UU+05Ats5s4Odmtah3B32c4GJ4AVelU4o5g9byRSUuABumV8NW+xir6TnpSdQeonhlT39IBPpuiGAiN/lxgiEtf3zcbW3Oaj/jcYxKEJy9Qid9u6rCtvPOgx/v96EncXgjTf5eZ1QYDP1/7qf+M6xgfYNO2HNoU0kl9MzrWdVPnc2LcXYVYpkUTb9HoBxkA==]]></Encrypt>
</xml>


2017-08-19 16:17:44 debug :
------------
String:
account-ticket<xml>
    <AppId><![CDATA[wx3db5943239313a96]]></AppId>
    <Encrypt><![CDATA[vFynUOaUoee7tVogWFZLIjYNN+yPnhhCMa4iiXBmXSfY6rOrYur7QZt1Pi1EtUeSkJY2GeDerGt84ZkeXuzDcUGAzFTO4h0H9ML67Qc4GcgP2TTDWgoPedKNgb5L8+1+FfE1/SmhETtmy3/8WD149nM74efqeYF50KZ9N5JpyR5S2LT8omCvZ3eSatIC6gpaGbTE08zOg0SzQf0no2M+hG70qncAARzoKEkuH2gdlmQhYxix5wHoLitx007miWpwuJwQB8DpCGfUd9JlFyjznmC16bbTgJ2/vooqG1XgT/KnV8xIaYxTlJVPZ3N/dj9CvI5e8t18y2C6/e3E5T9UAK984kLKIh6Ip4SgztOkVXsiQT4qnBU9fXrvs+zJwKfhRLQCCZsZE5q8cwmaKNugMMyR6LWjwFc3umkSKWE9URySfGK4M55eL9SzEZFnIPO4ic/DnZAG0ufl6UxSoouEeA==]]></Encrypt>
</xml>


2017-08-19 16:27:41 debug :
------------
String:
account-ticket<xml>
    <AppId><![CDATA[wx3db5943239313a96]]></AppId>
    <Encrypt><![CDATA[gCpFfOmKYaFhH4GeQS732T2LTmlBZhCNe7F6McOe9uMD0Dsi1VtmDnaHmjHqNLHsP/ev1xARd48MQjhkf0Pfeo8eGY41IGSmhwGzTqhUqqMUjESrwPkDCPXFnR8DWa321sMlhHBJW0uzm3D6Sbd+LwDUB15U69U5LT7fDo1rPw5KqFdiaF8uaTiMVljIsMDJhKN0IqFVEj2XDowGa1jmRKXP/svw6veNHa9uJiTWIovd2lVc9BvhxOxbD5vf4hf16H9zemtCTdHLmf2pVswFmhtZh/q/2V8BbGjka7G1PGwVUMgdKPAa0e7R7AhlILFuk23mlJDrZwSGGPrg6KS87EHgF8rD0S7KyHAItYbsluEkfy+J+qvwFKML10SqKZI9LZ91T3+PxA5bA63r8ZfX9VUlabwiH9IgaICZueygY0+p85Zgi8SuZBMKFUXPVUon8RE/no6daKZCFVzmlMxeng==]]></Encrypt>
</xml>


2017-08-19 16:37:44 debug :
------------
String:
account-ticket<xml>
    <AppId><![CDATA[wx3db5943239313a96]]></AppId>
    <Encrypt><![CDATA[gn6tFPZTtcq8RvvlWXpGw1fGpVJ0DPY7WkzJuzKnWCiBvOciIsQM0PHYuz9t3jfYTFIFPakWLiZRMSqINFgEdyuekf4iHpVKK8Cj8wl9Ds7ciYanNq6bTHYyoc6jpqeiqD3KQrNUENgg0uIyZ43LeYJxtyNXo1994UxaB05qkz+g3AHaSyN6A0/03vHcxrJtG9K5rjNldv7WPQL2eAIgixx2NbNydxixzchEslmJINJJGRYSUDNg9BI7ABNwjcZwodgQqnGQFVlB87O+J1F55i/nL+JAfGp6OGgrNHxH+Px5zWg9dw4dYqQgjk+/otkRO7h0j4hFDmj23hqO2kfbXbXEHereX1zjd7Xm+I6bADimT/Q2ZlQxXm0kbGkBYFwGmWXdQMRdehc22w3DPS+PnZGRf5pD2Xtjeo7Gc3qR5uEVOMQUpGLquQ/qHVGwvkDnYkLV5E/5YX8Tj9+8zQ0K0A==]]></Encrypt>
</xml>


2017-08-19 16:47:38 debug :
------------
String:
account-ticket<xml>
    <AppId><![CDATA[wx3db5943239313a96]]></AppId>
    <Encrypt><![CDATA[EvvN+5XKmKC7VEVbejgXC0TkfuWgeO5vfh7rJanbpQrnhMbPCSaStce+6jO+tCCvfYiIr7usbT2D3JKSwR6upu9LnSQpg565qjBixWwpCZRf53bR/ppNLcg2fmijDv+shcm32md7W6y40U/Vk2yh+j7tH6WTj4bdxnHR4ekafQAAdse+LIx8qsOiu16xVJ5njgorNjQkFC9URJb3B3+MMyLq2wdwc1+omPaleUmBmUZjZ8y2rmeET3zoShtQYVKvhH7wplk2EZM/3sIwBM6+8fBGK5EBwpBs2ppFfzV7f7nNdSvAMXG+qQUOvF2NCnq+bvOw9mxzItvBTFTUi0OHebEvP39KEZAHQOhp/NRR3wb+25bcLPy+it/TC5ghxRAxQ5SxU6Wx3xxcD8P4DW/GKrdhVMtD7QMauATTm1X7816oBkgRKxtU1A1Nl9Nw4MFqQL6sCAMrSK2bnsZ6lqIRAg==]]></Encrypt>
</xml>


2017-08-19 16:53:36 trace :
------------
String:
<xml><ToUserName><![CDATA[gh_a886868beb64]]></ToUserName>
<FromUserName><![CDATA[oNejvwPoYo_tf6rkzbgB2UfGPnpo]]></FromUserName>
<CreateTime>1503132816</CreateTime>
<MsgType><![CDATA[event]]></MsgType>
<Event><![CDATA[VIEW]]></Event>
<EventKey><![CDATA[http://360.ercikai.com/sanshi/nongji/tianqi/tianqi.html]]></EventKey>
<MenuId>427107968</MenuId>
</xml>

2017-08-19 16:53:36 params :
------------
String:
array (
  'rule' => -2,
  'module' => '',
  'message' => 
  array (
    'tousername' => 'gh_a886868beb64',
    'fromusername' => 'oNejvwPoYo_tf6rkzbgB2UfGPnpo',
    'createtime' => '1503132816',
    'msgtype' => 'event',
    'event' => 'VIEW',
    'eventkey' => 'http://360.ercikai.com/sanshi/nongji/tianqi/tianqi.html',
    'menuid' => '427107968',
    'from' => 'oNejvwPoYo_tf6rkzbgB2UfGPnpo',
    'to' => 'gh_a886868beb64',
    'time' => '1503132816',
    'type' => 'text',
    'content' => 'http://360.ercikai.com/sanshi/nongji/tianqi/tianqi.html',
    'redirection' => true,
    'source' => 'VIEW',
  ),
)

2017-08-19 16:53:36 response :
------------

2017-08-19 16:53:48 trace :
------------
String:
<xml><ToUserName><![CDATA[gh_a886868beb64]]></ToUserName>
<FromUserName><![CDATA[oNejvwPoYo_tf6rkzbgB2UfGPnpo]]></FromUserName>
<CreateTime>1503132828</CreateTime>
<MsgType><![CDATA[event]]></MsgType>
<Event><![CDATA[VIEW]]></Event>
<EventKey><![CDATA[http://360.ercikai.com/sanshi/nongji/jiage/jiage.html]]></EventKey>
<MenuId>427107968</MenuId>
</xml>

2017-08-19 16:53:48 params :
------------
String:
array (
  'rule' => -2,
  'module' => '',
  'message' => 
  array (
    'tousername' => 'gh_a886868beb64',
    'fromusername' => 'oNejvwPoYo_tf6rkzbgB2UfGPnpo',
    'createtime' => '1503132828',
    'msgtype' => 'event',
    'event' => 'VIEW',
    'eventkey' => 'http://360.ercikai.com/sanshi/nongji/jiage/jiage.html',
    'menuid' => '427107968',
    'from' => 'oNejvwPoYo_tf6rkzbgB2UfGPnpo',
    'to' => 'gh_a886868beb64',
    'time' => '1503132828',
    'type' => 'text',
    'content' => 'http://360.ercikai.com/sanshi/nongji/jiage/jiage.html',
    'redirection' => true,
    'source' => 'VIEW',
  ),
)

2017-08-19 16:53:48 response :
------------

2017-08-19 16:55:40 trace :
------------
String:
<xml><ToUserName><![CDATA[gh_a886868beb64]]></ToUserName>
<FromUserName><![CDATA[oNejvwPoYo_tf6rkzbgB2UfGPnpo]]></FromUserName>
<CreateTime>1503132940</CreateTime>
<MsgType><![CDATA[event]]></MsgType>
<Event><![CDATA[VIEW]]></Event>
<EventKey><![CDATA[http://kj.ercikai.com/app/index.php?i=11&c=entry&cid=33&do=index&m=amouse_article]]></EventKey>
<MenuId>427107968</MenuId>
</xml>

2017-08-19 16:55:41 params :
------------
String:
array (
  'rule' => -2,
  'module' => '',
  'message' => 
  array (
    'tousername' => 'gh_a886868beb64',
    'fromusername' => 'oNejvwPoYo_tf6rkzbgB2UfGPnpo',
    'createtime' => '1503132940',
    'msgtype' => 'event',
    'event' => 'VIEW',
    'eventkey' => 'http://kj.ercikai.com/app/index.php?i=11&c=entry&cid=33&do=index&m=amouse_article',
    'menuid' => '427107968',
    'from' => 'oNejvwPoYo_tf6rkzbgB2UfGPnpo',
    'to' => 'gh_a886868beb64',
    'time' => '1503132940',
    'type' => 'text',
    'content' => 'http://kj.ercikai.com/app/index.php?i=11&c=entry&cid=33&do=index&m=amouse_article',
    'redirection' => true,
    'source' => 'VIEW',
  ),
)

2017-08-19 16:55:41 response :
------------

2017-08-19 16:55:52 trace :
------------
String:
<xml><ToUserName><![CDATA[gh_a886868beb64]]></ToUserName>
<FromUserName><![CDATA[oNejvwPoYo_tf6rkzbgB2UfGPnpo]]></FromUserName>
<CreateTime>1503132952</CreateTime>
<MsgType><![CDATA[event]]></MsgType>
<Event><![CDATA[VIEW]]></Event>
<EventKey><![CDATA[http://kj.ercikai.com/app/index.php?i=11&c=entry&cid=38&do=index&m=amouse_article]]></EventKey>
<MenuId>427107968</MenuId>
</xml>

2017-08-19 16:55:52 params :
------------
String:
array (
  'rule' => -2,
  'module' => '',
  'message' => 
  array (
    'tousername' => 'gh_a886868beb64',
    'fromusername' => 'oNejvwPoYo_tf6rkzbgB2UfGPnpo',
    'createtime' => '1503132952',
    'msgtype' => 'event',
    'event' => 'VIEW',
    'eventkey' => 'http://kj.ercikai.com/app/index.php?i=11&c=entry&cid=38&do=index&m=amouse_article',
    'menuid' => '427107968',
    'from' => 'oNejvwPoYo_tf6rkzbgB2UfGPnpo',
    'to' => 'gh_a886868beb64',
    'time' => '1503132952',
    'type' => 'text',
    'content' => 'http://kj.ercikai.com/app/index.php?i=11&c=entry&cid=38&do=index&m=amouse_article',
    'redirection' => true,
    'source' => 'VIEW',
  ),
)

2017-08-19 16:55:52 response :
------------

2017-08-19 16:57:40 debug :
------------
String:
account-ticket<xml>
    <AppId><![CDATA[wx3db5943239313a96]]></AppId>
    <Encrypt><![CDATA[1rx6CCVJlAmT3HG6fx3it39G1lEn0At6DWHU5FfXYjvfoZrytyv0zrphzdPIvf9HGz4gfWVbrQ2DkNP5/pqnlqad3pZ6ng7+LBsSxXR00lNlvUi06DJqG7zhWrhFZskJ13LQTmTtwG0dawpiYPc+6+qCTRwpo+DE5cV/a+1t7R3vRBvf3m4V5rEk7BZ82a5XKJbvd0fDVbNQ1xQNIhoC33lu2RZZtzmndtSsfOGSw4Cs9gTjOTPZsN5fPtfeH/YqrYr/q/T2XKeZGrmuqmi7mlR9Hy/X4+pmEo026nDCsVRMh76hkUP3FehUmsEV3O+R8wuJIGDFFoEZ2J5R+jx7Ubd5Ao8Rjp7eDxAeGjv/+Lurr+i3cQSGx1HSh+Ujwc48n77Kwrf7e7wk4gKH510chrcA4HECFdQZS+y7XJcS68iZM3vxw1ypkVfV9ddd/wzM/7hHMo6MWQvu8xoQQMkdag==]]></Encrypt>
</xml>


2017-08-19 17:07:44 debug :
------------
String:
account-ticket<xml>
    <AppId><![CDATA[wx3db5943239313a96]]></AppId>
    <Encrypt><![CDATA[PX/5YVFQsIB0W3CSh58Amil+dk7oljbD+fNjXYL5aMmhB6Zo+k/2Dx2m5NH4fndQHuDuw8CoVhYw/jzQnS3Ndd6PsAGnkWRVHz6dz3y6cej54xZh0m/8mQ4MPmnqPpM3tIBckjwb8vjOHO3geGRWptACrYlTr/7fsSqZiiCs67LEbl5s5qs3IF9ay/1CoBjs36Vo8yHZhvwxlR3G1L4PWNFFEvp5w6i4Yct9vpRN1a+1px6zQfLTtesbca1ZROvBO+Guc+DMVBlXDpmGZvv0Tn+rzGeeuC9SiLGok8/699ALiAqgMWZ5ToNJi+S8Dwy67TA5E7SFA5Asoa5up0gnJ4sDtXLk9WkDATi4f5m3TQmGJxS67c+Xd6p5Gs3fFRWaz1+0IBC6DoWWh7ZImvxshph97egPTR7G3JSomqVP51tphqPmE63AohWXwvAueP2L7+i+lmk1aZ2ySB4DE3/4zw==]]></Encrypt>
</xml>


2017-08-19 17:17:52 debug :
------------
String:
account-ticket<xml>
    <AppId><![CDATA[wx3db5943239313a96]]></AppId>
    <Encrypt><![CDATA[7HebHJLgShcUDldRnfcw2eN6kmPge8qc8k6xvgY1QayRH51L2rQ1FKheFwL21SpOG5to+q7rcYHxcDKvHbTn/ZJ+ewVVQWsUCqn71jExznozwiNQNhOiKrVp8PoTZxA+Q+xdmunbMoYA1fK5GUmV7yBuDawYBpxTtwz2ShWoEOVBU09GlMo8Y284+B7GHf/i4Ude2qjuglAL0xJ48P7R2eCEqEE/3LJSoa43h6oTr2BS17+UKcchprbdtfJrr3aCLqcaw5YDbVwT+yHyPhuVrDZX4qAdbT0J1tM3xa13hpPFKC2ZG5KfPpDbOHt9DncRDdelphQnMnTAe2C1FEHiV5ZyL1JCN9OwGTnnMbMIelmm1IHKoAEAdpS5MxYHhSxnGTxX1liJTo2N0X2mU+PqJOn2X+hE1NC25PdxnCS25f35y/yaOKSJQXnC44QNn25k3tore7LPi6sBMD32n063cQ==]]></Encrypt>
</xml>


2017-08-19 17:27:44 debug :
------------
String:
account-ticket<xml>
    <AppId><![CDATA[wx3db5943239313a96]]></AppId>
    <Encrypt><![CDATA[PVPjT23xg3CVBX99ZaIUQar4G5f/l+UKiXtbOQ7xqonzkAzyaN8WTJfPtOEDbywYUU0iXeHfvZ1qQfjFCzhpSi5BCXsyhYFsKN7pyzynt1gCniqyNHIJMBbirkqNF3oyHMr0V8LHcE+bTqtORzBvNoR5D0IjDVeAOqkOQeNf6MqXKUIWLIipnltKm0QUEteRGd/36FzD87ImdBBUa8XjREo5R41QSQbXHRj+q1S5UmyaAVKslmrTmvRfuCyCw8hbNPh1sJitYJ1qwW2sezoV9hThVJw9Gih82tcE0OQNHay5JmM8bbuGwf11KRnHtsa9LXeYeXahAbzj+U7RYyjuH7U7WfzA9A86N5x8ejBLeTiU6DxSAKbW2/6lT4zWaQ8WMyNddt/KUxevJaqp4Mp1CMjOhS8yzc+MoeD/HJXJITrgk9hD4YaHTErryTkraOjIIufQDO8ECSbdDQiC+JiCZg==]]></Encrypt>
</xml>


2017-08-19 17:37:43 debug :
------------
String:
account-ticket<xml>
    <AppId><![CDATA[wx3db5943239313a96]]></AppId>
    <Encrypt><![CDATA[XkE79yL/K/yyutUvmB0YBZDix/arcim8zer+z6h8Caeut2g5uNTjzUUdj77jv/+ByOWil033YUeh+nIILXSwUkpOFFvpYVSfnUHYQroCvM10AG+YSdj6oeiNHgGfdSh7UY0H5zmclQzQyi8n/+i5vTPHUc2JxFVTiM1LUcHBfmYxozu+MgbjFYqVW1ggL2SsfEvOYAS8x4lODLwZ5Bhctm2/KHwS37iQzOpulic8ltN/SWT3K15VVmJFCmSt0JlFz5vi6n4y3rDTMP3O1YBBnf+rgAVUutGq4IlmwYOBo/HnsDYJQ/Cy5LOgirCxP8iqvfG1Mh5Ti1KzlsL7WW2qsdavnyV6wKUo/FdiiXNGvUh56LnxrW9hH87UPiZqgiNBUasUj644MoGBjSIRIs/feJ3Ae/lYQRnLT7AxHCYjSRNJQKaoeH9bMxwZFTup3z2g+Pz3L2p/8/VUYTjtQTBXVA==]]></Encrypt>
</xml>


2017-08-19 17:47:38 debug :
------------
String:
account-ticket<xml>
    <AppId><![CDATA[wx3db5943239313a96]]></AppId>
    <Encrypt><![CDATA[9AkNsSylisetHIq3jiajDdsqpmMClMO0qkfdeMl0xxBxVn3TMYNfIfUOH3E3FFuceu4KQq2ugY/guuZGD7K34kFyQZSMBYUOdSe/n/bdUng8lRHDmQHzbQ5R6zP4HOCuLYsmpq7bCyRoQ5Y9LKwi/F9MyFctG/Z0yImrp7jLFpN6BJl2lkcqLKrPDp9ES5RImvfwX84on6LsPJ9bc0a7YLmrmj5cuOi8KfK57V5sDRF6XoUyL5LhM62Xy+mpmJvFJdeB/Sl4oqd8TTKI4QwDBZL6jZaOwh8xmtUwFYhDcd42jsxyCPLdiQsH+ImGwy/S+vMjwSjhWGZjLgyNKl7KN2ASNYI1e4UAtk2Oj+buX8chOrtf/SXLDg0DV/SzgVoPNysTUIPoq4lcpt8Ekj5bkKmRFazvoDKGDTpXGIUH7AWNwTSuwJTeNqZt5N6aFc5B/lo69q0eNrCdLZYsLnYO5A==]]></Encrypt>
</xml>


2017-08-19 17:50:52 trace :
------------
String:
<xml><ToUserName><![CDATA[gh_a886868beb64]]></ToUserName>
<FromUserName><![CDATA[oNejvwFgDGEOWo7hHqx2vk4LK-Xs]]></FromUserName>
<CreateTime>1503136252</CreateTime>
<MsgType><![CDATA[text]]></MsgType>
<Content><![CDATA[郑州天气]]></Content>
<MsgId>6455921044199495941</MsgId>
</xml>

2017-08-19 17:50:52 params :
------------
String:
array (
  'message' => 
  array (
    'tousername' => 'gh_a886868beb64',
    'fromusername' => 'oNejvwFgDGEOWo7hHqx2vk4LK-Xs',
    'createtime' => '1503136252',
    'msgtype' => 'text',
    'content' => '郑州天气',
    'msgid' => '6455921044199495941',
    'from' => 'oNejvwFgDGEOWo7hHqx2vk4LK-Xs',
    'to' => 'gh_a886868beb64',
    'time' => '1503136252',
    'type' => 'text',
    'event' => NULL,
    'redirection' => false,
    'source' => NULL,
  ),
  'module' => 'userapi',
  'rule' => '1',
  'priority' => '255',
  'keyword' => 
  array (
    'id' => '1',
    'rid' => '1',
    'uniacid' => '0',
    'module' => 'userapi',
    'content' => '^.+天气$',
    'type' => '3',
    'displayorder' => '255',
    'status' => '1',
    'reply_type' => 
    array (
    ),
  ),
  'reply_type' => 
  array (
  ),
)

2017-08-19 17:50:52 response :
------------
Array:
FromUserName : gh_a886868beb64 ;
ToUserName : oNejvwFgDGEOWo7hHqx2vk4LK-Xs ;
MsgType : text ;
Content : 郑州今日天气
今天白天阵雨，29摄氏度。
东风，≤3
今天夜间多云，23摄氏度。
东北风，≤3
==================
【穿衣指数】：短袖衫、短裙、短裤、薄型T恤衫、敞领短袖棉衫

【感冒指数】：低发期环境温度较高，要提防长时间在空调环境中引发的空调病；

【空调指数】：比较适宜开启空调

【污染物扩散条件】：中度不利于空气污染物扩散

【洗车指数】：不适宜洗车后当日有降水、大风或沙尘天气，不适宜洗车

【运动指数】：不适宜天气炎热，不适宜户外运动；

【紫外线指数】：弱紫外线弱

【体感度指数】：偏热天气偏热，适当调整穿衣后，仍可达到比较舒适的程度。
 ;

2017-08-19 17:57:39 debug :
------------
String:
account-ticket<xml>
    <AppId><![CDATA[wx3db5943239313a96]]></AppId>
    <Encrypt><![CDATA[uiZ3rea46Bj1Tu9dfA+Omuxf+Y0gLO2pdZ/gXqgag5nOzHTMcrXZ8WYjmmuKHIe5MtmeCZhWlyucemHHreS2kLpPayJxBVLqgiJpo18jYGF7uxwkaYoaA3w3WYgvFpvk4+lLz5jX0IXQVTt1vf3caCg9OhZPOrs6obTUONIJghJxvWCdeB3cGUXSwJagN9EIeA9us2DUGQ/WplNwyEnXdUERc42I+If34v7GUDgY/glJSMRnc0Fx6HacuJsHghYAmB+Glk8RiQj34INpCtNuiVOxRVHq/BPHQ1IIt5E9PUsHq6uGMNdCc9dJz+q+L0VV2qWm5TmAb+FaHkuhAXxfz4wjHqzZMpUyRvf1250G8cDkm/UdIvoMlKJ9oyP/sY0PiEh/i9hsNZ1H4Fm21aaL0J5vjJvfQbP85fpnoJlIoRs6QUFaDP8xm5ZeSEtPiylpmWnyv+kczNHs9+U/HSjJbw==]]></Encrypt>
</xml>


2017-08-19 18:07:42 debug :
------------
String:
account-ticket<xml>
    <AppId><![CDATA[wx3db5943239313a96]]></AppId>
    <Encrypt><![CDATA[vT7/h1EnQIxqHfoybZ0CP5T1Itz/vqxQxro88kVOwNax7bGkbu35//3Itdc2rWq8I6ieimvZsegNUG8SLvL01CuPx3PN9EYJIhxdhpQ9i933NRmybphqfg+PLcQUAWwpRia8Q7uiSM+Chq5ZzQn+HBz9dQz/ETwfWg6HSPP62FtewUWwQwOKfenk+t2AmT+djh39whwtquqyi/p0KoCpFj1vmihR04sC71ttllV4D9o95xMzlRNyC4ScoGyL40Uo1AR275FqxXJP3R/8XJvweo4pSPvdn0sqBWNnjFLXOdS7LzN4t6TyKFXCi6YPxIwYAfCcH5aqxjKQ6Vy0yO42dAvBQMKVyAVj0R5OdjBXjKfcxN5R7QoJwqshCoXo57ZxE0vRO4n00OhQ84tYffqTdA2acVCw8NFFoyHLnOyu1yUPlV78tFtWqNuDMMgOSLGLvtNqOW6S4+/CndEXS1Ot2Q==]]></Encrypt>
</xml>


2017-08-19 18:17:38 debug :
------------
String:
account-ticket<xml>
    <AppId><![CDATA[wx3db5943239313a96]]></AppId>
    <Encrypt><![CDATA[PpwbRnTjuVJyDikXKSprNTdYsN0JsXOmUdkC2ReOb080NjWbaTfrHoqvtmxcvV1zjyqsf6yJts3Cluu+RSfKkNlt1BJmEBOr/57od2THy5N/IQlyN779quNDvX9K4etVcAdwcBwhhFz1bqBTVssP+cS7JwvRv0Ayyc6Eb7PzS54L2nNgzcudK12u0MmbwwUNYNXht2095TLW6/pnrOYwlWH5F8/u07lBb+FjaPxibFo4xI8Gyh+2N5hooy8TuXz8Gz1Ekrj4FPYAgkb3hozKPFR74sozIb69wokbUDhKFq8HD27y2liR9xK4BiFamJkxGhPqIB1Fo5Fj1bzAYulEWMPrr/+jzexlVir4RmOC5eMMB+GcKk248YGbNlpz3cDzh2tBoyLLFHLB2nqm71MPwCv9gK/iLkN08O5BjS3vb025djrdnvA+LDZIi2qAc+aRGKE7BMFAl13y2U/yGYQDzg==]]></Encrypt>
</xml>


2017-08-19 18:27:34 debug :
------------
String:
account-ticket<xml>
    <AppId><![CDATA[wx3db5943239313a96]]></AppId>
    <Encrypt><![CDATA[/JX5GsSMM8oCJLABId1STgYX57XQ+sZeptoxtCUICXyltQqedbNpvDceCJIfdmXl4UxngX9X/RqDWO2cxTjrH6VENMz5XPBDRYBl3sTYP7OD0KCmHs6HoLeLM9LvuGb8q4Yosmxuztypuj9a2C1RasB3uKsZ+xHYzoddj6SkmeCR0Jl6jbTIyY7jjO6S7Sj3/3i7UCS+CpTtTMcLEb+xtP+PCJCvIN8ImgjBqzUmwO5ggFE9NoYvp7i+7+o67GtCIX7UnYcPnHLboPNJk/T9C0D1v4c6lTyDCmXLxGD1glxdy5Oeo/7y+RFDi/T1NLlCq3HTIAax1fJb/8HxIs+NPaSVgALJgvyimKjUnE0dOKDcRTSaglw2mB8MJVJon1b8CCTeT1VGYHHcX7K2Bb4WmpRsF/iMvB5W3pDFd7sJW0Tq2Uy8fYk2v/ZwC1EWaXwtkTgl89nVLKZ9jzVXVOp98w==]]></Encrypt>
</xml>


2017-08-19 18:37:42 debug :
------------
String:
account-ticket<xml>
    <AppId><![CDATA[wx3db5943239313a96]]></AppId>
    <Encrypt><![CDATA[ohocPF+epcKvb++z82zrsocfumt8STknLlTSunD+38kznYuD4T/8yZ1viS2DUzX8DPJ50pXwMNEQr0+O7KTeImzG7W/tVmm+Tox554mdKe0e4mtfrNwnxAx2D48ylUaF6KhxiBO4ataqhD9Dyz0uzSfq8wE2i8f0MZkO984Rr7PwoCHwL7lSfDnLmvOhHwtbs/NbBlyN8oh8iVf/C6AiVJqaWUkZgQfICWqEEPaTc4ZV5n6cvQrwSWz1Ef0+k+nBEzj+bEmwOTR3iHkfCs7DxvbEYhcuxdvdjilFJJE9oOYjBbmuSPsMIXmQwYzpVK8lshHL/IzNrKYDxXNEAWT1M6627tyoAArpdqG8mEsuo7WyVzZY+X4Y55Xa7+kXtRZhw1c1lHzio6iXULXyvDsxvmonXmGDK7N186sGsDxmLNmtCObxm9blSJr2d+cfMcup1vgvUezDcYokFW08UY4knQ==]]></Encrypt>
</xml>


2017-08-19 18:41:56 trace :
------------
String:
<xml><ToUserName><![CDATA[gh_a886868beb64]]></ToUserName>
<FromUserName><![CDATA[oNejvwKgIix7NjqVgNTXUCh7lKZ8]]></FromUserName>
<CreateTime>1503139316</CreateTime>
<MsgType><![CDATA[event]]></MsgType>
<Event><![CDATA[MASSSENDJOBFINISH]]></Event>
<MsgID>1000000012</MsgID>
<Status><![CDATA[send success]]></Status>
<TotalCount>18</TotalCount>
<FilterCount>18</FilterCount>
<SentCount>18</SentCount>
<ErrorCount>0</ErrorCount>
<CopyrightCheckResult><Count>0</Count>
<ResultList></ResultList>
<CheckState>1</CheckState>
</CopyrightCheckResult>
</xml>

2017-08-19 18:41:56 params :
------------
String:
array (
  'rule' => -2,
  'module' => '',
  'message' => 
  array (
    'tousername' => 'gh_a886868beb64',
    'fromusername' => 'oNejvwKgIix7NjqVgNTXUCh7lKZ8',
    'createtime' => '1503139316',
    'msgtype' => 'event',
    'event' => 'MASSSENDJOBFINISH',
    'msgid' => '1000000012',
    'status' => 'send success',
    'totalcount' => '18',
    'filtercount' => '18',
    'sentcount' => '18',
    'errorcount' => '0',
    'copyrightcheckresult' => 
    array (
      'count' => '0',
      'resultlist' => '',
      'checkstate' => '1',
    ),
    'from' => 'oNejvwKgIix7NjqVgNTXUCh7lKZ8',
    'to' => 'gh_a886868beb64',
    'time' => '1503139316',
    'type' => 'event',
  ),
)

2017-08-19 18:41:56 response :
------------

2017-08-19 18:47:35 debug :
------------
String:
account-ticket<xml>
    <AppId><![CDATA[wx3db5943239313a96]]></AppId>
    <Encrypt><![CDATA[w9hQ2pg66GTcebzzN+6vt2UzG8bTA4JpbvAiGnemFquGgoQuUScRkCV2bfOfCMSvxt8ijd0lXnuUOmnnuodyyFy4YDIAkaVvBz9Sn+EG+rbTNlYMm7c1mmqRRTh8y6Sd036JhxSU1cTNUAASeY81+jGX9HusFn54WNDN7FDWZCEwyrL0HrAbjd/lgf2koTAJ3IJN01E9qLL6Lx+54xXkTlt0ayOVP6HEZ26VXJvmSkAxPpK7i6kZkk1DaJeAZDsVtyMX56fnuqoCNAH0piOlfO/sVVemsEkl9hafbQSioI6NSg1HyI5+Hk2SDTZbRPIMXbYOYg30MgO/zIouWcnRFJWAiR+5lUeZw9wJ6+xzjRO6Z9a9Yqslez6WQh7jrfU+DlpQEJ62yQBUKVAsztGOyisPBO2I6BqGnRJPRj/MVn2HdznvOQ3t8Fno6IIoS6LUFFgpvaR8qtUsEEeGx6XwKw==]]></Encrypt>
</xml>


2017-08-19 18:57:37 debug :
------------
String:
account-ticket<xml>
    <AppId><![CDATA[wx3db5943239313a96]]></AppId>
    <Encrypt><![CDATA[GTrxwhblA9tZfRVYgmwIuDz9xxbrEbZqBdcmRtBC8NM1yeWbtcG0/Q7dF7q25+ovDngGJ9VJQCgzd3A1lyKmQ2eVb1a4o1cEQNLkcfsfGnc36f+SFue4dvoN6UO74AIriBnltW9X8rc8HXG0DZlM6oIZ3as74hBgUIYrghdewSGLrbbiVyo1WilHHVAvskrvsgM6YWyGOm17wgySk7mOZSi77saf/5mU2mEuUsixQn1NXEJ63gcDdVZn0aslcjJVx/c/CZV1Lut+1bpY7t4TxaINU4GAmMzkC3RNgLlETDuBORsqvXiOTweB6SBZML3e+8vUk/SmxCoYlysl/M8Br7WD03RalDOyVMCgvS1bErZWWR2F4quHU5Elpg+FvZxV4AZBPBWtz/bpbiq18QW4hbiJTc6si7tinMiNoQc2s/mr/0VFBS5wQ0jEuQR+dd0BTsmjDmqLRQMUMRS/1RH44A==]]></Encrypt>
</xml>


2017-08-19 19:04:43 trace :
------------
String:
<xml><ToUserName><![CDATA[gh_a886868beb64]]></ToUserName>
<FromUserName><![CDATA[oNejvwCh5IFEnRQtrXxwVqMPHj_U]]></FromUserName>
<CreateTime>1503140683</CreateTime>
<MsgType><![CDATA[event]]></MsgType>
<Event><![CDATA[subscribe]]></Event>
<EventKey><![CDATA[]]></EventKey>
</xml>

2017-08-19 19:04:43 params :
------------
String:
array (
  'rule' => -2,
  'module' => '',
  'message' => 
  array (
    'tousername' => 'gh_a886868beb64',
    'fromusername' => 'oNejvwCh5IFEnRQtrXxwVqMPHj_U',
    'createtime' => '1503140683',
    'msgtype' => 'event',
    'event' => 'subscribe',
    'eventkey' => '',
    'from' => 'oNejvwCh5IFEnRQtrXxwVqMPHj_U',
    'to' => 'gh_a886868beb64',
    'time' => '1503140683',
    'type' => 'text',
    'redirection' => true,
    'source' => 'subscribe',
  ),
)

2017-08-19 19:04:43 response :
------------

2017-08-19 19:07:39 debug :
------------
String:
account-ticket<xml>
    <AppId><![CDATA[wx3db5943239313a96]]></AppId>
    <Encrypt><![CDATA[K/BUt8cInuxtz/o1ud+piEAcBpyddpDLGTrez7eFCGJMtQ1f63q9Q9QHyv1i9RFOQnNxTNwdozY4mYjhp9HHIw+DHa1YVJ/pt/eCYhJaMIHLvEF/2QNiVkPnLzK58epfO6L4YjRLoPoHy1gygMVoe9H6quI5vejfSciWOzgFr+xIaqwUH+BlXXnsZ4OAlqMuVWMfQpl/7+RDw4uniTsm7myZLHgl2Dg7+LiC83g28gnzlCySARgtFSv+rWjoLhFVIxDG0uzi/TcLzwMJU+fpfoL0oVAU3aQeRsvNLJWnbyf0CmGXntv8vXnpnGAIlFJVDkZhsc242YPPvkaqrS3X5F/9Rj/QpjbHrwW5zqBRCEyDeNCkUETEUbmLbHexlsiO6EKUxXVIBII3HSYz5dNTxLOJXxPKr/9WIZztAG+1F3WOZUG1bMp+AZj32oh17oUWZULP5/RzM3tj6MwDDZ7Bzw==]]></Encrypt>
</xml>


2017-08-19 19:11:24 trace :
------------
String:
<xml><ToUserName><![CDATA[gh_a886868beb64]]></ToUserName>
<FromUserName><![CDATA[oNejvwBTneOr-W4ye0MTF4bSIHJ8]]></FromUserName>
<CreateTime>1503141083</CreateTime>
<MsgType><![CDATA[event]]></MsgType>
<Event><![CDATA[subscribe]]></Event>
<EventKey><![CDATA[]]></EventKey>
</xml>

2017-08-19 19:11:24 params :
------------
String:
array (
  'rule' => -2,
  'module' => '',
  'message' => 
  array (
    'tousername' => 'gh_a886868beb64',
    'fromusername' => 'oNejvwBTneOr-W4ye0MTF4bSIHJ8',
    'createtime' => '1503141083',
    'msgtype' => 'event',
    'event' => 'subscribe',
    'eventkey' => '',
    'from' => 'oNejvwBTneOr-W4ye0MTF4bSIHJ8',
    'to' => 'gh_a886868beb64',
    'time' => '1503141083',
    'type' => 'text',
    'redirection' => true,
    'source' => 'subscribe',
  ),
)

2017-08-19 19:11:24 response :
------------

2017-08-19 19:17:37 debug :
------------
String:
account-ticket<xml>
    <AppId><![CDATA[wx3db5943239313a96]]></AppId>
    <Encrypt><![CDATA[gaHFy2IsP3UPLun4JdU09dRB0Rd+SkJZqJAt8i8y+1qIfdYxgp3O3LkUn+h/V8BECtVWSq+jfSOHZkacidxThOS36SpdflZHXjf+kxDTqAHMdNuW1IklNS/9/uJEMg/zoqIpCte+Rl0XY3RwcYGopIIQp9jtL3WbFWeEojUtJgmbXt813V5IPx59XbyOwwT2hvIFJpDzZF0eYOxACA7DFP8fclFqdWTzBojsZE0jyllBpoexaXlWr4xk6PaE+NgvblZP6+zUWDruJupBH9f09NL1qbj1F2B3jrkOHgAZbMfO37zpdyiqrx8xPNtO8sNVKNjAb/sEpuTljaosUn3JGrmAYiP9R+Ol5i45+9csjxOlcprSNHA4SpR62yLnf7B5CDAPfVqCXmPb6haDLHv/m5kj8u5FByUc/S1a4r+Rs646QRdeAhapzz8JFe6Ld1XtUVlPMOYOCsEXCiDPkvkqQQ==]]></Encrypt>
</xml>


2017-08-19 19:27:46 debug :
------------
String:
account-ticket<xml>
    <AppId><![CDATA[wx3db5943239313a96]]></AppId>
    <Encrypt><![CDATA[Swhex7CL+GtWrWzoXLBf0vyaXOi09RfFYeMv66/hyqKkE2fNJItV9PKqtz4InSOOhiLZFKXWUrkpN7tRC7G8Zc5dTf9+02DUqYWkzUdcW3JZ+nFlRdrCVfj1A8DwxUm0QeFAfw9kW+1/Xv01UcZUnZTT4k9wVGFBn7viajp3lq1KFfB+o6UyJZLjWeUGcrnhlRQ466G34ElR2/y30doRWp1lfyLoo0Zn16KUA2n4O4aDjg1i+Fb7gtUQ0CicAAf5q7VusXwHmCqoMwFxuWPSEifr/7ATDaB0jtIINo9rSzvQFez54pEZxZRCrBPb6xYLtHMo05kL9N5hoy6HODGRlBvtK0WGrsuFEgVXxtCUUeElDc18Z9f8Giv5MY9gMnkuE+qAb49zfZVttuDHgFtR/vePiYeFmswdS61LU4aa9FonEz246QNtWWq+UZ0jN8DV53l0h+HWsdtbLshG8FYdVw==]]></Encrypt>
</xml>


2017-08-19 19:37:42 debug :
------------
String:
account-ticket<xml>
    <AppId><![CDATA[wx3db5943239313a96]]></AppId>
    <Encrypt><![CDATA[Cd8VeuBdCvz1fdt0JrGiyb2QCoDmRfE2TWVsyir54SCIg77fQn2MtR6lbNKaRWge6xz2nUu2179g2n5PvSO7iP1a36s4MIHHxxDHP9IpyrHMvKsbZHc//n/Z6MQTjQbB8tAYKCNcyGB1D4tUIsf5Hl/81AYeXZ6heqwyA1yR1/21GGu6U8V27tw54+UCrsaBIwNdKX9d1giX2AMCpUTVVvf2QoIExlubC/I5dnArk+QXM1v9WulBgoRh3gfcucpoiTuxLZxcKbpgR+ykoUFxvbq0xEKQfvwEk9eDC+VCHxnn8i2f7ji/HMtbTz/aEOUwJTTMxm/o55zlHYSnPcTZ0qhfbk9M6sNQNXULNzrguifL+RsaoSPoN0rFoqYNaFYLFn1RuBpAFXzXmApBWbQHrYu7Zxi92+JgJDBuvuawzCNaj1OYioFp+ZGSqAv1r8riIlQIY0GMdfMmpKWmvlcFpQ==]]></Encrypt>
</xml>


2017-08-19 19:43:26 trace :
------------
String:
<xml><ToUserName><![CDATA[gh_a886868beb64]]></ToUserName>
<FromUserName><![CDATA[oNejvwFMzJM1gS_SZMAHYnNner6E]]></FromUserName>
<CreateTime>1503143005</CreateTime>
<MsgType><![CDATA[event]]></MsgType>
<Event><![CDATA[subscribe]]></Event>
<EventKey><![CDATA[]]></EventKey>
</xml>

2017-08-19 19:43:26 params :
------------
String:
array (
  'rule' => -2,
  'module' => '',
  'message' => 
  array (
    'tousername' => 'gh_a886868beb64',
    'fromusername' => 'oNejvwFMzJM1gS_SZMAHYnNner6E',
    'createtime' => '1503143005',
    'msgtype' => 'event',
    'event' => 'subscribe',
    'eventkey' => '',
    'from' => 'oNejvwFMzJM1gS_SZMAHYnNner6E',
    'to' => 'gh_a886868beb64',
    'time' => '1503143005',
    'type' => 'text',
    'redirection' => true,
    'source' => 'subscribe',
  ),
)

2017-08-19 19:43:26 response :
------------

2017-08-19 19:46:41 trace :
------------
String:
<xml><ToUserName><![CDATA[gh_a886868beb64]]></ToUserName>
<FromUserName><![CDATA[oNejvwFMzJM1gS_SZMAHYnNner6E]]></FromUserName>
<CreateTime>1503143201</CreateTime>
<MsgType><![CDATA[event]]></MsgType>
<Event><![CDATA[VIEW]]></Event>
<EventKey><![CDATA[http://kj.ercikai.com/app/index.php?i=11&c=entry&cid=33&do=index&m=amouse_article]]></EventKey>
<MenuId>427107968</MenuId>
</xml>

2017-08-19 19:46:41 params :
------------
String:
array (
  'rule' => -2,
  'module' => '',
  'message' => 
  array (
    'tousername' => 'gh_a886868beb64',
    'fromusername' => 'oNejvwFMzJM1gS_SZMAHYnNner6E',
    'createtime' => '1503143201',
    'msgtype' => 'event',
    'event' => 'VIEW',
    'eventkey' => 'http://kj.ercikai.com/app/index.php?i=11&c=entry&cid=33&do=index&m=amouse_article',
    'menuid' => '427107968',
    'from' => 'oNejvwFMzJM1gS_SZMAHYnNner6E',
    'to' => 'gh_a886868beb64',
    'time' => '1503143201',
    'type' => 'text',
    'content' => 'http://kj.ercikai.com/app/index.php?i=11&c=entry&cid=33&do=index&m=amouse_article',
    'redirection' => true,
    'source' => 'VIEW',
  ),
)

2017-08-19 19:46:41 response :
------------

2017-08-19 19:47:29 trace :
------------
String:
<xml><ToUserName><![CDATA[gh_a886868beb64]]></ToUserName>
<FromUserName><![CDATA[oNejvwFMzJM1gS_SZMAHYnNner6E]]></FromUserName>
<CreateTime>1503143249</CreateTime>
<MsgType><![CDATA[event]]></MsgType>
<Event><![CDATA[VIEW]]></Event>
<EventKey><![CDATA[http://kj.ercikai.com/app/index.php?i=11&c=entry&cid=33&do=index&m=amouse_article]]></EventKey>
<MenuId>427107968</MenuId>
</xml>

2017-08-19 19:47:29 params :
------------
String:
array (
  'rule' => -2,
  'module' => '',
  'message' => 
  array (
    'tousername' => 'gh_a886868beb64',
    'fromusername' => 'oNejvwFMzJM1gS_SZMAHYnNner6E',
    'createtime' => '1503143249',
    'msgtype' => 'event',
    'event' => 'VIEW',
    'eventkey' => 'http://kj.ercikai.com/app/index.php?i=11&c=entry&cid=33&do=index&m=amouse_article',
    'menuid' => '427107968',
    'from' => 'oNejvwFMzJM1gS_SZMAHYnNner6E',
    'to' => 'gh_a886868beb64',
    'time' => '1503143249',
    'type' => 'text',
    'content' => 'http://kj.ercikai.com/app/index.php?i=11&c=entry&cid=33&do=index&m=amouse_article',
    'redirection' => true,
    'source' => 'VIEW',
  ),
)

2017-08-19 19:47:29 response :
------------

2017-08-19 19:47:46 debug :
------------
String:
account-ticket<xml>
    <AppId><![CDATA[wx3db5943239313a96]]></AppId>
    <Encrypt><![CDATA[aFPahRWyaNdPU1Qk4uKIi+HAMBoEMQClXLV7ch4cpwuBXIG9M4ybyhIMEp83bGbqz9CeDhRPQrGHIwbk0gvnJrX894N5fVDyZD/tBcrbD6RV9EGTDfBrBArU4EZqcwQnlracTzCUg2q4NW0KwOH5CHnU4RVtUSXyfWgL1dDmZsaBouP/6kpSdPClS4muWzJ1sOo+Otpc8V1WsPJC2QiB14MRFEEfFSksdI3Gapqo8aWS1+lpbo+AhdVthDbeWrZBeHnl5ZjXbmBpkffq+mF7rwAVSLYEioFbLw3C+mDTxbDw4RpZsweZF/hlKW7/RRa3AuHcYeIeadRYdGIx1PAvdADeGS6UeFkTcmBpGkOs2qc2oV07NsRYLzHcX1eult2S6KD8d9DJ+HeidXwCiPaFlFegwxmJYFm8NATmfN+1GiIENzS/dY82XzY0GH0RKVZybEqvGb0DH0R+XzRfw8zycQ==]]></Encrypt>
</xml>


2017-08-19 19:47:52 trace :
------------
String:
<xml><ToUserName><![CDATA[gh_a886868beb64]]></ToUserName>
<FromUserName><![CDATA[oNejvwFMzJM1gS_SZMAHYnNner6E]]></FromUserName>
<CreateTime>1503143272</CreateTime>
<MsgType><![CDATA[event]]></MsgType>
<Event><![CDATA[VIEW]]></Event>
<EventKey><![CDATA[http://kj.ercikai.com/app/index.php?i=11&c=entry&cid=38&do=index&m=amouse_article]]></EventKey>
<MenuId>427107968</MenuId>
</xml>

2017-08-19 19:47:52 params :
------------
String:
array (
  'rule' => -2,
  'module' => '',
  'message' => 
  array (
    'tousername' => 'gh_a886868beb64',
    'fromusername' => 'oNejvwFMzJM1gS_SZMAHYnNner6E',
    'createtime' => '1503143272',
    'msgtype' => 'event',
    'event' => 'VIEW',
    'eventkey' => 'http://kj.ercikai.com/app/index.php?i=11&c=entry&cid=38&do=index&m=amouse_article',
    'menuid' => '427107968',
    'from' => 'oNejvwFMzJM1gS_SZMAHYnNner6E',
    'to' => 'gh_a886868beb64',
    'time' => '1503143272',
    'type' => 'text',
    'content' => 'http://kj.ercikai.com/app/index.php?i=11&c=entry&cid=38&do=index&m=amouse_article',
    'redirection' => true,
    'source' => 'VIEW',
  ),
)

2017-08-19 19:47:52 response :
------------

2017-08-19 19:53:17 trace :
------------
String:
<xml><ToUserName><![CDATA[gh_a886868beb64]]></ToUserName>
<FromUserName><![CDATA[oNejvwHhNmvDLICk1_Cdyimi0eJM]]></FromUserName>
<CreateTime>1503143597</CreateTime>
<MsgType><![CDATA[event]]></MsgType>
<Event><![CDATA[subscribe]]></Event>
<EventKey><![CDATA[]]></EventKey>
</xml>

2017-08-19 19:53:17 params :
------------
String:
array (
  'rule' => -2,
  'module' => '',
  'message' => 
  array (
    'tousername' => 'gh_a886868beb64',
    'fromusername' => 'oNejvwHhNmvDLICk1_Cdyimi0eJM',
    'createtime' => '1503143597',
    'msgtype' => 'event',
    'event' => 'subscribe',
    'eventkey' => '',
    'from' => 'oNejvwHhNmvDLICk1_Cdyimi0eJM',
    'to' => 'gh_a886868beb64',
    'time' => '1503143597',
    'type' => 'text',
    'redirection' => true,
    'source' => 'subscribe',
  ),
)

2017-08-19 19:53:17 response :
------------

2017-08-19 19:56:10 trace :
------------
String:
<xml><ToUserName><![CDATA[gh_a886868beb64]]></ToUserName>
<FromUserName><![CDATA[oNejvwDZqIL5klef9djNJmi0H0w4]]></FromUserName>
<CreateTime>1503143770</CreateTime>
<MsgType><![CDATA[event]]></MsgType>
<Event><![CDATA[subscribe]]></Event>
<EventKey><![CDATA[]]></EventKey>
</xml>

2017-08-19 19:56:10 params :
------------
String:
array (
  'rule' => -2,
  'module' => '',
  'message' => 
  array (
    'tousername' => 'gh_a886868beb64',
    'fromusername' => 'oNejvwDZqIL5klef9djNJmi0H0w4',
    'createtime' => '1503143770',
    'msgtype' => 'event',
    'event' => 'subscribe',
    'eventkey' => '',
    'from' => 'oNejvwDZqIL5klef9djNJmi0H0w4',
    'to' => 'gh_a886868beb64',
    'time' => '1503143770',
    'type' => 'text',
    'redirection' => true,
    'source' => 'subscribe',
  ),
)

2017-08-19 19:56:10 response :
------------

2017-08-19 19:56:28 trace :
------------
String:
<xml><ToUserName><![CDATA[gh_a886868beb64]]></ToUserName>
<FromUserName><![CDATA[oNejvwGLPwOQCHZfZgWT7wOeocQM]]></FromUserName>
<CreateTime>1503143788</CreateTime>
<MsgType><![CDATA[event]]></MsgType>
<Event><![CDATA[subscribe]]></Event>
<EventKey><![CDATA[]]></EventKey>
</xml>

2017-08-19 19:56:28 params :
------------
String:
array (
  'rule' => -2,
  'module' => '',
  'message' => 
  array (
    'tousername' => 'gh_a886868beb64',
    'fromusername' => 'oNejvwGLPwOQCHZfZgWT7wOeocQM',
    'createtime' => '1503143788',
    'msgtype' => 'event',
    'event' => 'subscribe',
    'eventkey' => '',
    'from' => 'oNejvwGLPwOQCHZfZgWT7wOeocQM',
    'to' => 'gh_a886868beb64',
    'time' => '1503143788',
    'type' => 'text',
    'redirection' => true,
    'source' => 'subscribe',
  ),
)

2017-08-19 19:56:28 response :
------------

2017-08-19 19:57:12 trace :
------------
String:
<xml><ToUserName><![CDATA[gh_a886868beb64]]></ToUserName>
<FromUserName><![CDATA[oNejvwGLPwOQCHZfZgWT7wOeocQM]]></FromUserName>
<CreateTime>1503143832</CreateTime>
<MsgType><![CDATA[event]]></MsgType>
<Event><![CDATA[VIEW]]></Event>
<EventKey><![CDATA[http://360.ercikai.com/sanshi/nongji/jiage/jiage.html]]></EventKey>
<MenuId>427107968</MenuId>
</xml>

2017-08-19 19:57:12 params :
------------
String:
array (
  'rule' => -2,
  'module' => '',
  'message' => 
  array (
    'tousername' => 'gh_a886868beb64',
    'fromusername' => 'oNejvwGLPwOQCHZfZgWT7wOeocQM',
    'createtime' => '1503143832',
    'msgtype' => 'event',
    'event' => 'VIEW',
    'eventkey' => 'http://360.ercikai.com/sanshi/nongji/jiage/jiage.html',
    'menuid' => '427107968',
    'from' => 'oNejvwGLPwOQCHZfZgWT7wOeocQM',
    'to' => 'gh_a886868beb64',
    'time' => '1503143832',
    'type' => 'text',
    'content' => 'http://360.ercikai.com/sanshi/nongji/jiage/jiage.html',
    'redirection' => true,
    'source' => 'VIEW',
  ),
)

2017-08-19 19:57:12 response :
------------

2017-08-19 19:57:36 debug :
------------
String:
account-ticket<xml>
    <AppId><![CDATA[wx3db5943239313a96]]></AppId>
    <Encrypt><![CDATA[Ea8HUOrWzPBs2I4r6G7eIGMxSBoxc4BGILfSTIyaEWhJJw7u8iK+k8RBz8kOwM+w8Art8Vt5gJg7MYTu7v9vJIKWdwgD/QfuuUZGdyhW2LIxzq272tnDO/8eQfPWcYmfmIinRxQUgTMLCp0+zLMAkBIa00XfwHm4Ix315MJO7k6EGMO/hxBIyn66adaUEES+yqwDRFaHvufzQ6wYDkiaYli4WEHAVfl7kCF4uktCZ7eoRX0E4E+9pMh6GdcL3vfPkXEPUMTbJ+l4O2UzCW/OoraqQGkH9cD1Vgofd0oNmPF/mvyVHpIT6GoA+vJ3Tz8ojFvaPGhSDZMMo2FEifFcVL5kqton47mYRRmKxDJFoas7a/3ZcCHnVd/ZheLVRZlU1GjV0DVfgLHMYkRmy5oP9foJj0slUzews654oQPmQAEuYYCaz4w3LVD0KtFYXywPoVvbpMddSy+EQj4U1PmY2A==]]></Encrypt>
</xml>


2017-08-19 19:58:17 trace :
------------
String:
<xml><ToUserName><![CDATA[gh_a886868beb64]]></ToUserName>
<FromUserName><![CDATA[oNejvwGLPwOQCHZfZgWT7wOeocQM]]></FromUserName>
<CreateTime>1503143897</CreateTime>
<MsgType><![CDATA[event]]></MsgType>
<Event><![CDATA[VIEW]]></Event>
<EventKey><![CDATA[http://360.ercikai.com/sanshi/nongji/jiage/jiage.html]]></EventKey>
<MenuId>427107968</MenuId>
</xml>

2017-08-19 19:58:17 params :
------------
String:
array (
  'rule' => -2,
  'module' => '',
  'message' => 
  array (
    'tousername' => 'gh_a886868beb64',
    'fromusername' => 'oNejvwGLPwOQCHZfZgWT7wOeocQM',
    'createtime' => '1503143897',
    'msgtype' => 'event',
    'event' => 'VIEW',
    'eventkey' => 'http://360.ercikai.com/sanshi/nongji/jiage/jiage.html',
    'menuid' => '427107968',
    'from' => 'oNejvwGLPwOQCHZfZgWT7wOeocQM',
    'to' => 'gh_a886868beb64',
    'time' => '1503143897',
    'type' => 'text',
    'content' => 'http://360.ercikai.com/sanshi/nongji/jiage/jiage.html',
    'redirection' => true,
    'source' => 'VIEW',
  ),
)

2017-08-19 19:58:17 response :
------------

2017-08-19 19:58:25 trace :
------------
String:
<xml><ToUserName><![CDATA[gh_a886868beb64]]></ToUserName>
<FromUserName><![CDATA[oNejvwGLPwOQCHZfZgWT7wOeocQM]]></FromUserName>
<CreateTime>1503143905</CreateTime>
<MsgType><![CDATA[event]]></MsgType>
<Event><![CDATA[VIEW]]></Event>
<EventKey><![CDATA[http://360.ercikai.com/sanshi/nongji/jishu/jishu.html]]></EventKey>
<MenuId>427107968</MenuId>
</xml>

2017-08-19 19:58:25 params :
------------
String:
array (
  'rule' => -2,
  'module' => '',
  'message' => 
  array (
    'tousername' => 'gh_a886868beb64',
    'fromusername' => 'oNejvwGLPwOQCHZfZgWT7wOeocQM',
    'createtime' => '1503143905',
    'msgtype' => 'event',
    'event' => 'VIEW',
    'eventkey' => 'http://360.ercikai.com/sanshi/nongji/jishu/jishu.html',
    'menuid' => '427107968',
    'from' => 'oNejvwGLPwOQCHZfZgWT7wOeocQM',
    'to' => 'gh_a886868beb64',
    'time' => '1503143905',
    'type' => 'text',
    'content' => 'http://360.ercikai.com/sanshi/nongji/jishu/jishu.html',
    'redirection' => true,
    'source' => 'VIEW',
  ),
)

2017-08-19 19:58:25 response :
------------

2017-08-19 20:05:10 trace :
------------
String:
<xml><ToUserName><![CDATA[gh_a886868beb64]]></ToUserName>
<FromUserName><![CDATA[oNejvwFm60HAZGgDbAwKo1hrzqR0]]></FromUserName>
<CreateTime>1503144310</CreateTime>
<MsgType><![CDATA[event]]></MsgType>
<Event><![CDATA[subscribe]]></Event>
<EventKey><![CDATA[]]></EventKey>
</xml>

2017-08-19 20:05:10 params :
------------
String:
array (
  'rule' => -2,
  'module' => '',
  'message' => 
  array (
    'tousername' => 'gh_a886868beb64',
    'fromusername' => 'oNejvwFm60HAZGgDbAwKo1hrzqR0',
    'createtime' => '1503144310',
    'msgtype' => 'event',
    'event' => 'subscribe',
    'eventkey' => '',
    'from' => 'oNejvwFm60HAZGgDbAwKo1hrzqR0',
    'to' => 'gh_a886868beb64',
    'time' => '1503144310',
    'type' => 'text',
    'redirection' => true,
    'source' => 'subscribe',
  ),
)

2017-08-19 20:05:10 response :
------------

2017-08-19 20:07:53 debug :
------------
String:
account-ticket<xml>
    <AppId><![CDATA[wx3db5943239313a96]]></AppId>
    <Encrypt><![CDATA[tBGZNYr8DT8DqXGDrhZG37W3WaUsDYP9Z/aeTvpxkbt36DLCattPdWU0B3uBshphZRLRikhuo3OvDmVPm9a+eco74KkZ+ZFbgV6X3X4ExRObhHBMHEhMXBZ5j52uMkbxRUNGzdTRXEf7HZjQY/XTAtjFR6OxZ5hr85uBWkRDFKIcKNzkA7gT3T1l2L1EN8a+6Au6CyXoQsqCkT1br7iNEAkW0RyUS1NQyXcdhl0kVDZy0Er6YgMssqRs19ZlUuO3NEN7iQsOwhBkHIO1R1QtxYaW1MJcriqQvkAmjWiju1Siv/kODlxKS8kNr+SApoW5UCVxaXDYPjahZa+rDCEF+/bfc3oUx7WDX8ZIwu+qOs3HWXzxR35ftvHl6Xqi81B+KscmQwevEjHIrAH7kO7iKAPj9xu9GetvTiHXtaDn0qHj8uHok0LtgraAvTsZPClVZFncZb37/jwegH7NfooFWA==]]></Encrypt>
</xml>


2017-08-19 20:11:28 trace :
------------
String:
<xml><ToUserName><![CDATA[gh_a886868beb64]]></ToUserName>
<FromUserName><![CDATA[oNejvwIaYOXSR0Rq85QwKUVsW3xM]]></FromUserName>
<CreateTime>1503144688</CreateTime>
<MsgType><![CDATA[event]]></MsgType>
<Event><![CDATA[subscribe]]></Event>
<EventKey><![CDATA[]]></EventKey>
</xml>

2017-08-19 20:11:28 params :
------------
String:
array (
  'rule' => -2,
  'module' => '',
  'message' => 
  array (
    'tousername' => 'gh_a886868beb64',
    'fromusername' => 'oNejvwIaYOXSR0Rq85QwKUVsW3xM',
    'createtime' => '1503144688',
    'msgtype' => 'event',
    'event' => 'subscribe',
    'eventkey' => '',
    'from' => 'oNejvwIaYOXSR0Rq85QwKUVsW3xM',
    'to' => 'gh_a886868beb64',
    'time' => '1503144688',
    'type' => 'text',
    'redirection' => true,
    'source' => 'subscribe',
  ),
)

2017-08-19 20:11:28 response :
------------

2017-08-19 20:12:02 trace :
------------
String:
<xml><ToUserName><![CDATA[gh_a886868beb64]]></ToUserName>
<FromUserName><![CDATA[oNejvwIaYOXSR0Rq85QwKUVsW3xM]]></FromUserName>
<CreateTime>1503144721</CreateTime>
<MsgType><![CDATA[text]]></MsgType>
<Content><![CDATA[公司在什么位置]]></Content>
<MsgId>6455957418277528300</MsgId>
</xml>

2017-08-19 20:12:02 params :
------------
String:
array (
  'rule' => -2,
  'module' => '',
  'message' => 
  array (
    'tousername' => 'gh_a886868beb64',
    'fromusername' => 'oNejvwIaYOXSR0Rq85QwKUVsW3xM',
    'createtime' => '1503144721',
    'msgtype' => 'text',
    'content' => '公司在什么位置',
    'msgid' => '6455957418277528300',
    'from' => 'oNejvwIaYOXSR0Rq85QwKUVsW3xM',
    'to' => 'gh_a886868beb64',
    'time' => '1503144721',
    'type' => 'text',
    'event' => NULL,
    'redirection' => false,
    'source' => NULL,
  ),
)

2017-08-19 20:12:02 response :
------------

2017-08-19 20:16:23 trace :
------------
String:
<xml><ToUserName><![CDATA[gh_a886868beb64]]></ToUserName>
<FromUserName><![CDATA[oNejvwOKeIYIxie9oEImMW7x5z2g]]></FromUserName>
<CreateTime>1503144983</CreateTime>
<MsgType><![CDATA[event]]></MsgType>
<Event><![CDATA[subscribe]]></Event>
<EventKey><![CDATA[]]></EventKey>
</xml>

2017-08-19 20:16:23 params :
------------
String:
array (
  'rule' => -2,
  'module' => '',
  'message' => 
  array (
    'tousername' => 'gh_a886868beb64',
    'fromusername' => 'oNejvwOKeIYIxie9oEImMW7x5z2g',
    'createtime' => '1503144983',
    'msgtype' => 'event',
    'event' => 'subscribe',
    'eventkey' => '',
    'from' => 'oNejvwOKeIYIxie9oEImMW7x5z2g',
    'to' => 'gh_a886868beb64',
    'time' => '1503144983',
    'type' => 'text',
    'redirection' => true,
    'source' => 'subscribe',
  ),
)

2017-08-19 20:16:23 response :
------------

2017-08-19 20:17:56 debug :
------------
String:
account-ticket<xml>
    <AppId><![CDATA[wx3db5943239313a96]]></AppId>
    <Encrypt><![CDATA[OQPcQ2sv8ZUcoor+LZZO9mBNPcd6DsrWBsGdbOat1yhiUarQxoSWksJ8Llb5PxcUu/3BNUSWHnz+2MVUBGXhrMLogIVEfZxziWluJysLJUSMDis5RBAT0L2SfKGIbHgTyLKI2KfHqhbBhCrr7mFIw3r7cn+JxO9XCxVD+fPNAUiGpNyacYtSDflsSbTVGaLF+jlkdPe3WfHxx2r8muocjbWv7JfrV02ZYnzW+BjyA+GIpLI/A9JoxtzA4+8coXVs5ezwXrtFNdIACrn1/LuRrR8VaHN+eAD1ZWwVUr/jnaNUtEg6ob3VuxcbwsO4RTFNPhx1TBS+xE4ojlHvxHWKJFvNMzDszquspb4IfIM1Um7OCgz1dLWd3EaJmD2tQ97rnaq55eiaOL/qotlLvxlgzTNhkZFk8IInNG1kTQXiUBa4NFh9/NmhZ4B+3FqNu79vAMC2GjaGa/G7nYoc5w8X6A==]]></Encrypt>
</xml>


2017-08-19 20:27:47 debug :
------------
String:
account-ticket<xml>
    <AppId><![CDATA[wx3db5943239313a96]]></AppId>
    <Encrypt><![CDATA[PN0ShjIysVbYJHId+x/nIXCKXAnI7TeZdkXa0u2UKQTWMVlLH6QsXAfs6+Ca4PDE4RufuNvIXCwAhiuyXJfEjjV8Ab0EMmNvs6E4MZ2BVXvuBkfJwwWvWcSZuui+JvkMcheOxe0zIa1pMbukPjjqk2oziTTdmAdUAyj/k/JDuAScJL6FoXHp/s3xoPLcxipniW55RSHSthoyQdLkbLKmK9kx9EJbWZTuObyXaYgtGbqwO9SlCPqkIRrxZcg21IzEB8Uo5L7GdbtypUt73y6iw3rYp9iXDZVw52wPh47VRyQQAoAtOoZoBjjZoZ74vj9Le0PVQASudyRNveYAE4awwwvfd6l2z5UlEuf3RxhxhYD/qmHNfxqVF+pFaf0zCtUmQSXu4ozTHtYvc0LM6bvBx1pB1gmRHUVc/K26a4RPawAXdX0RsoxZuScUwTU13QrChU2gxBXvzd8PSE+2507a2w==]]></Encrypt>
</xml>


2017-08-19 20:29:37 trace :
------------
String:
<xml><ToUserName><![CDATA[gh_a886868beb64]]></ToUserName>
<FromUserName><![CDATA[oNejvwBEAjZ58DJuJTKt3zN5Ag4w]]></FromUserName>
<CreateTime>1503145777</CreateTime>
<MsgType><![CDATA[event]]></MsgType>
<Event><![CDATA[subscribe]]></Event>
<EventKey><![CDATA[]]></EventKey>
</xml>

2017-08-19 20:29:37 params :
------------
String:
array (
  'rule' => -2,
  'module' => '',
  'message' => 
  array (
    'tousername' => 'gh_a886868beb64',
    'fromusername' => 'oNejvwBEAjZ58DJuJTKt3zN5Ag4w',
    'createtime' => '1503145777',
    'msgtype' => 'event',
    'event' => 'subscribe',
    'eventkey' => '',
    'from' => 'oNejvwBEAjZ58DJuJTKt3zN5Ag4w',
    'to' => 'gh_a886868beb64',
    'time' => '1503145777',
    'type' => 'text',
    'redirection' => true,
    'source' => 'subscribe',
  ),
)

2017-08-19 20:29:37 response :
------------

2017-08-19 20:37:56 debug :
------------
String:
account-ticket<xml>
    <AppId><![CDATA[wx3db5943239313a96]]></AppId>
    <Encrypt><![CDATA[JCgtExDcL+X0+03Wn7CuV1HFRNXgkQ1nKPgBkdA3NAIjadvqskCiDxS6oav/rAv0wosdR/QHGF+UeS9EW93QoUcXif79jsKtGOaKh3oRvvq9262vfVsYCyY4I9MmVIPqiwmr+HBYk0dt9FF2u4XL1nmTik/hx1r2oTEAQJ3jeK2oq1BxNz3reJvO1V+w/iH9uDnfPZwQuNbAqsm1wuJf3SEPeyt58FAYbpG9dfag5oNpT43z1H9GvvJ+pg5FLTfqHeMmWcgRHw0r8m1LB5xQwOFGNduz7/TulxvKGSBSd4XXxtTujmrl3lMXSfrkbC/wEgVAoSzL7ZUImtmGRt+Mf0Po1hBPNqj+h5N+r80vPwihiY/+BPOqcgponIu4IuAh7fOwkkFEE4uVab2u8yvHK3zKd8sgd5Qr619c2U2x3ZRFkwHiziTPOD7NOTvkghHsLHvFPUx/6lSY3A6ccr3ByQ==]]></Encrypt>
</xml>


2017-08-19 20:47:41 debug :
------------
String:
account-ticket<xml>
    <AppId><![CDATA[wx3db5943239313a96]]></AppId>
    <Encrypt><![CDATA[QB7WEMMeV0VQxLhd2XG678w4LiyplNHQd9li5CviqimmGX12LjImbUx+iIH4O55TbTP/QC0O1Z5ruU7R4ZuMzahl9kgVw7awHbYIou1LCpa2dk+MTB/TLKRga9oBusUg8ZbuV1B2u1NDkgZABae9cHSXOoUMSziCh16rYqr0vZoL7WfnPtoAiRQtgjQZ+aN1gWDKBUxWlO22/LSh5FDhPh+c9UVKxiawD8w0fLnm3NK64xes8++/uZyukGgthFV9VgTsxwLod7ObjQFHPFMaKbtRrBmvL7mlTUGJLBJC83JLyYRddunZv5GtBOzt45l+whyu+ZOh1W5vlkpgFrQYPc7gRaUERxxH7sbvkVeDmgVeLpFcIMY68fcIS2yYQkKVVasIrhs7BEnOlCT3cTHOe+lWxqlsbw7+FwN3EeKPWgJyW7MnAREzFMUKqi4YfVjgTs+yR9gXXVOLaNnTthz1TQ==]]></Encrypt>
</xml>


2017-08-19 20:56:00 trace :
------------
String:
<xml><ToUserName><![CDATA[gh_a886868beb64]]></ToUserName>
<FromUserName><![CDATA[oNejvwEDleKLzfGE7fW3nJ3sfA7k]]></FromUserName>
<CreateTime>1503147359</CreateTime>
<MsgType><![CDATA[event]]></MsgType>
<Event><![CDATA[subscribe]]></Event>
<EventKey><![CDATA[]]></EventKey>
</xml>

2017-08-19 20:56:00 params :
------------
String:
array (
  'rule' => -2,
  'module' => '',
  'message' => 
  array (
    'tousername' => 'gh_a886868beb64',
    'fromusername' => 'oNejvwEDleKLzfGE7fW3nJ3sfA7k',
    'createtime' => '1503147359',
    'msgtype' => 'event',
    'event' => 'subscribe',
    'eventkey' => '',
    'from' => 'oNejvwEDleKLzfGE7fW3nJ3sfA7k',
    'to' => 'gh_a886868beb64',
    'time' => '1503147359',
    'type' => 'text',
    'redirection' => true,
    'source' => 'subscribe',
  ),
)

2017-08-19 20:56:00 response :
------------

2017-08-19 20:56:25 trace :
------------
String:
<xml><ToUserName><![CDATA[gh_a886868beb64]]></ToUserName>
<FromUserName><![CDATA[oNejvwEDleKLzfGE7fW3nJ3sfA7k]]></FromUserName>
<CreateTime>1503147384</CreateTime>
<MsgType><![CDATA[image]]></MsgType>
<PicUrl><![CDATA[http://mmbiz.qpic.cn/mmbiz_jpg/xaW3ZGMnqmnZ5AbichkSPPqia4fy5oM5JkoJFWZGe2Qx2lUHcvSUB6x6ognRziaQ4MYH8gNUpYPWmKoKANicBtmvNg/0]]></PicUrl>
<MsgId>6455968855775438516</MsgId>
<MediaId><![CDATA[ovAME6C4hXtcCqx5BN5KsBTsm0Wwq1zdZDKhlWKC5_cTFjo2OErpB6gvRk8NVGvt]]></MediaId>
</xml>

2017-08-19 20:56:26 params :
------------
String:
array (
  'rule' => -2,
  'module' => '',
  'message' => 
  array (
    'tousername' => 'gh_a886868beb64',
    'fromusername' => 'oNejvwEDleKLzfGE7fW3nJ3sfA7k',
    'createtime' => '1503147384',
    'msgtype' => 'image',
    'picurl' => 'http://mmbiz.qpic.cn/mmbiz_jpg/xaW3ZGMnqmnZ5AbichkSPPqia4fy5oM5JkoJFWZGe2Qx2lUHcvSUB6x6ognRziaQ4MYH8gNUpYPWmKoKANicBtmvNg/0',
    'msgid' => '6455968855775438516',
    'mediaid' => 'ovAME6C4hXtcCqx5BN5KsBTsm0Wwq1zdZDKhlWKC5_cTFjo2OErpB6gvRk8NVGvt',
    'from' => 'oNejvwEDleKLzfGE7fW3nJ3sfA7k',
    'to' => 'gh_a886868beb64',
    'time' => '1503147384',
    'type' => 'image',
    'event' => NULL,
    'url' => 'http://mmbiz.qpic.cn/mmbiz_jpg/xaW3ZGMnqmnZ5AbichkSPPqia4fy5oM5JkoJFWZGe2Qx2lUHcvSUB6x6ognRziaQ4MYH8gNUpYPWmKoKANicBtmvNg/0',
  ),
)

2017-08-19 20:56:26 response :
------------

2017-08-19 20:57:14 trace :
------------
String:
<xml><ToUserName><![CDATA[gh_a886868beb64]]></ToUserName>
<FromUserName><![CDATA[oNejvwEDleKLzfGE7fW3nJ3sfA7k]]></FromUserName>
<CreateTime>1503147434</CreateTime>
<MsgType><![CDATA[text]]></MsgType>
<Content><![CDATA[麻烦联系一下作者，我们是叫东曹屯，不是东曹吉屯]]></Content>
<MsgId>6455969070523803329</MsgId>
</xml>

2017-08-19 20:57:14 params :
------------
String:
array (
  'rule' => -2,
  'module' => '',
  'message' => 
  array (
    'tousername' => 'gh_a886868beb64',
    'fromusername' => 'oNejvwEDleKLzfGE7fW3nJ3sfA7k',
    'createtime' => '1503147434',
    'msgtype' => 'text',
    'content' => '麻烦联系一下作者，我们是叫东曹屯，不是东曹吉屯',
    'msgid' => '6455969070523803329',
    'from' => 'oNejvwEDleKLzfGE7fW3nJ3sfA7k',
    'to' => 'gh_a886868beb64',
    'time' => '1503147434',
    'type' => 'text',
    'event' => NULL,
    'redirection' => false,
    'source' => NULL,
  ),
)

2017-08-19 20:57:14 response :
------------

2017-08-19 20:57:42 debug :
------------
String:
account-ticket<xml>
    <AppId><![CDATA[wx3db5943239313a96]]></AppId>
    <Encrypt><![CDATA[jushPgsh62KA/dv8tEH/P/sHAJtxgKbGoBC2KOHzgf1hY16XFsD4zTgFT7r1u7DGMgNd9ee6BD1Z2LfkK+O7ddQLfYGyD/Eeb2aWag2PrjHn2/mUHe6YelA2W/UdalscnBaAjmQ8+/WB2jezTOj/oP/+Q66FxvqmHVtIOFtyo5hTr/UbvjF96/gJhO2OTNiknryjv6PLga8K7KAwvizLSi6MNr5pWzTxIZm0UiXW7u+Jzu0x1CxaLMVEvv9/Et2TuQ36Hl6k1lq8GNl/yI86OXhKoyCetOBBbfYXfjihpQvwquL7n4BuaDIatoblgClIn03sIcrRXBeQm+4SnNdhwN5E9uoE91xFXxNFJ0ppPVLvDOwlMSEC8IAnDw0p0Ev/uruqbTKY8SpZh2hB4SPZ1Ub12dQI+hp/ud46fle/zOwA+pljmxqvbyVXpuKnomcnjdYxXQOOi/IBG10CdYPqXg==]]></Encrypt>
</xml>


2017-08-19 21:03:22 trace :
------------
String:
<xml><ToUserName><![CDATA[gh_a886868beb64]]></ToUserName>
<FromUserName><![CDATA[oNejvwEhffFJA1MqcVVXa9y4WsyM]]></FromUserName>
<CreateTime>1503147802</CreateTime>
<MsgType><![CDATA[event]]></MsgType>
<Event><![CDATA[subscribe]]></Event>
<EventKey><![CDATA[]]></EventKey>
</xml>

2017-08-19 21:03:22 params :
------------
String:
array (
  'rule' => -2,
  'module' => '',
  'message' => 
  array (
    'tousername' => 'gh_a886868beb64',
    'fromusername' => 'oNejvwEhffFJA1MqcVVXa9y4WsyM',
    'createtime' => '1503147802',
    'msgtype' => 'event',
    'event' => 'subscribe',
    'eventkey' => '',
    'from' => 'oNejvwEhffFJA1MqcVVXa9y4WsyM',
    'to' => 'gh_a886868beb64',
    'time' => '1503147802',
    'type' => 'text',
    'redirection' => true,
    'source' => 'subscribe',
  ),
)

2017-08-19 21:03:22 response :
------------

2017-08-19 21:07:54 debug :
------------
String:
account-ticket<xml>
    <AppId><![CDATA[wx3db5943239313a96]]></AppId>
    <Encrypt><![CDATA[DIwv1GPiGo18ngwPuai20QN3k7OD3O/CsfWwj1BS6SyB9PtCIE3ymRBR9ZSPfehT0X0zdiCAODypxFj7lNmj/yWWrmv5bGb2SlbIiYMohiF8NPC5LsvaduHxDg7bPX7Ondqrmo52x8Y3YvbBbHU6pNRD0VarrplxhmMwq6UlpEaoJ/Bj1cCd+ChW3xtEsTdLDC5FKFrwk9loDA/g43GnMSWjTLRWnmjtOVtomdDFux3GZHqVMcMZSnmRd9mTfx66kTvx+g/sZXVxxBcw6PgPugTdIUuyA4i6a+LLZYGWowpEern2C+ni2O8EJzrztak4B6Yk5gKhpogzvotwV03fMfnmJjMsWHjFk00KiuM1Kfo38gIIiMdCsHjX9KuXO/+hd23Ty6hfxBgsynabQV+ymJrUK+5MxFmwk4vz6VdLSCdBLdvu9BOmUEBvlqINfk8ZYv4L/LCZhTgGOqr/mojDgw==]]></Encrypt>
</xml>


2017-08-19 21:17:49 debug :
------------
String:
account-ticket<xml>
    <AppId><![CDATA[wx3db5943239313a96]]></AppId>
    <Encrypt><![CDATA[o7VbNj15vyWqHlYVZVl6R4lX79/qrX++2+9QmgsIxA7OSL37FAPfxrCwddLKcv7Y/hRoIVvJY/S7INvvKbJryYGjH08bHN2kwFWAKyTNzXxFpbujOLZ+Cek5cZg3loy2stnfTAMV7KMDFBpl5QFNCIX3salt5vVvnMfjvhWVDjFzJI5eIrQQY4Nue7NduGTQEIst78Iu+ZkQNWCACWR5BzSJH2VjmSIQjhTH8ndTUP6wOeOqku45SzwWkDhMjBrEk0la3tGHR9CwdppwG8oN89Tau/YYhbA7rhF/gwaB+E0aXYaqcM6G0F7Hgh/OeGsMQDmStS3z5qEPEMJUhNDazVOxheqYqXfRNaK50Vk9oic8vEtOltNpuKwCEkNk357wroKYvZ3N761URds21R2tmu0Ja600jK0ZYjtcXCTsYb/DqIe1KPdPO2QKJMPz8X08AnDakWK/h1g88PeAQKNSkw==]]></Encrypt>
</xml>


2017-08-19 21:27:48 debug :
------------
String:
account-ticket<xml>
    <AppId><![CDATA[wx3db5943239313a96]]></AppId>
    <Encrypt><![CDATA[S8ig58Ntb8xR+8YWcqN2mSowq6L2o78Gt6HmsO/wy+TgPEHXZV0uEB9lmzEIUbiKycQ8yV1RMp0w/W05n2EjOY9Q+PCEREYMPOJskeOn125++FJwG+6m6ty7lvqLSCaFKzkUTk3rcXQc4R5Gw9uHG1VSlar9t/D4evQnpzar2QwiZW0KNnZe/DHIa5gYq6f3rHCmideS5G/K0XydFdeCR1ILrioqLveCSF/V9HICXSg4kHmk98AqQp94zQtp2nT70VutV+cEhaAqWN9s/rHFllDPfPVa+sG6fXa6Tik9GXLp6owNdqzrUO11AkFMWWcXfB3IT4qhwirsMOS7WWWJRCUdhFFsQL8FPxkhzkKWRZxMfITPruLYI/sCCv28Zji9tc50jMpNhspABqlNQQW8FQB+GJeMtJ7gDK/EL4L5r1TuHkpjEWXbroXopY0upHdQ0sx7VRa8UJcf7fANCSYvCQ==]]></Encrypt>
</xml>


2017-08-19 21:37:45 debug :
------------
String:
account-ticket<xml>
    <AppId><![CDATA[wx3db5943239313a96]]></AppId>
    <Encrypt><![CDATA[h6ssCHfpgjiDCeeknAyDJgYHWcPbcTP/63J4moFbjU7UvbHl580WlwHFzrTpFq8MKKnw9gQoDiOVK+7jAkb5RevyZDIUHWUhY1W0Wsrh7PYlmyhiPgXaN8eYroEfrCKeTnpseXYtKVkzkrrDt+O+S+Nr/ilZ+GpZd4zbKqY8lRz4zfHrDibWWhWPj5pzRLQ7cNn+ZsC/ZbGDiDKL4JOlR785R3WSF7of7ytoJVLrZB4+qRlSSr3yzb0oyXEbZc0zMwKzj0HsISzd8wRbtYtMBCQTdBNSKRvOhje6jou/XeExCDF/b+J8mYl9rUcNJJ9X33JJ8GGwEShZhdBEc0/re4u6JvdNz4I7Y2feFFI01WTQpgSuVY6kzkfPiEmciZcUpnBp2bwOntYHmzTCGyT20ye9WafajE57VPRZ5KymyWzG3V/W6M7IwVKNSb970BJTrqOGPLa1am25oR1/cyPHbA==]]></Encrypt>
</xml>


2017-08-19 21:47:45 debug :
------------
String:
account-ticket<xml>
    <AppId><![CDATA[wx3db5943239313a96]]></AppId>
    <Encrypt><![CDATA[vdme5pVH1s6LRhdk9DoK/BddzC9u14OY5qyYwPtFERfvsTflWEvuwwp5XP+6XdVyzNAuz4UGS51370NRkpzwNAoLN9vT6P9J82IuiKa/mVIB64i+1c2bZ8kIt+qIbAcwD33a8IPaab5he0CoXksKexD0kSADd5k+vDgdrLyHA5Puvqgs8UTJGlSBbKomJWGV/iv5CcUO16hZlU1N66+Wq7sy1mHht7/xlvL2NS5I85Skpu9wRcQZh6PJK1jcxuhBv4UFEVDGzU+8D0kaedrWjZ45GDvWNQSJ7K5YTkbwjzKW3NJRHnonqPuD6/zPwXx6WsqPRUic3G3CsdKu5irLbgLS+V6t9fAIkYZSWuAV4NaqaiVS/9k4F+sDTnEwZ/pUOv7t2tYp5yQu3z3iPBW27wyDeVSztzYAvZyS9BXyS+4mZo31ZZH1Nzhg46tq0sTKAGTUpx3YEm33A7VxgvB1nw==]]></Encrypt>
</xml>


2017-08-19 21:53:10 trace :
------------
String:
<xml><ToUserName><![CDATA[gh_a886868beb64]]></ToUserName>
<FromUserName><![CDATA[oNejvwNDozIgKZRqAS2D2ucSAvEY]]></FromUserName>
<CreateTime>1503150790</CreateTime>
<MsgType><![CDATA[event]]></MsgType>
<Event><![CDATA[subscribe]]></Event>
<EventKey><![CDATA[]]></EventKey>
</xml>

2017-08-19 21:53:10 params :
------------
String:
array (
  'rule' => -2,
  'module' => '',
  'message' => 
  array (
    'tousername' => 'gh_a886868beb64',
    'fromusername' => 'oNejvwNDozIgKZRqAS2D2ucSAvEY',
    'createtime' => '1503150790',
    'msgtype' => 'event',
    'event' => 'subscribe',
    'eventkey' => '',
    'from' => 'oNejvwNDozIgKZRqAS2D2ucSAvEY',
    'to' => 'gh_a886868beb64',
    'time' => '1503150790',
    'type' => 'text',
    'redirection' => true,
    'source' => 'subscribe',
  ),
)

2017-08-19 21:53:10 response :
------------

2017-08-19 21:57:41 debug :
------------
String:
account-ticket<xml>
    <AppId><![CDATA[wx3db5943239313a96]]></AppId>
    <Encrypt><![CDATA[LS2yV9U8UFrrrxEA7RGHQkWLlLCr2SwsbAf0qJDO5IqlTarFD8XPJxUGs9IAHE5iKEM+spt/y56EDCbuFjPEWr8BBXnIZL8Twmb97lHFFXxkcqyCjUZEttXJ2JA8nvQoFuL0oHSQNsWbc0nXKFjqDPN5yzq+mPduaJWlOdyUZ3AZDyTY1+MaATOSidm0jnxX9u7vtbuVwnY+MmebpHhVzNqRigKE2orDxemv5Ce/cV+Ad0/hhRIziXJI+w7zpyHA513jqlDU9Y7SwZtl3CM8v5U5SPZr8kEjJtrUO/YX34sdM9QyCWDTQH70HEaXCfJm1tJpmrYh4Z/pvyJClePSI/JekONUJu2W7sOckS/VgpYH1Kg3RzrLKLvRhQG/IAvjXKt/iYruwYpEpOodGIP4iflyFbl3BqRy9cEK5vdha29f+kZOo3FhrD0MoFfe1m1noHw9iCPD/03+pCi1y+ieog==]]></Encrypt>
</xml>


2017-08-19 22:04:44 trace :
------------
String:
<xml><ToUserName><![CDATA[gh_a886868beb64]]></ToUserName>
<FromUserName><![CDATA[oNejvwCnQogFOI2ZLqgTwfLw8ARA]]></FromUserName>
<CreateTime>1503151484</CreateTime>
<MsgType><![CDATA[event]]></MsgType>
<Event><![CDATA[subscribe]]></Event>
<EventKey><![CDATA[]]></EventKey>
</xml>

2017-08-19 22:04:44 params :
------------
String:
array (
  'rule' => -2,
  'module' => '',
  'message' => 
  array (
    'tousername' => 'gh_a886868beb64',
    'fromusername' => 'oNejvwCnQogFOI2ZLqgTwfLw8ARA',
    'createtime' => '1503151484',
    'msgtype' => 'event',
    'event' => 'subscribe',
    'eventkey' => '',
    'from' => 'oNejvwCnQogFOI2ZLqgTwfLw8ARA',
    'to' => 'gh_a886868beb64',
    'time' => '1503151484',
    'type' => 'text',
    'redirection' => true,
    'source' => 'subscribe',
  ),
)

2017-08-19 22:04:44 response :
------------

2017-08-19 22:05:18 trace :
------------
String:
<xml><ToUserName><![CDATA[gh_a886868beb64]]></ToUserName>
<FromUserName><![CDATA[oNejvwCnQogFOI2ZLqgTwfLw8ARA]]></FromUserName>
<CreateTime>1503151518</CreateTime>
<MsgType><![CDATA[event]]></MsgType>
<Event><![CDATA[VIEW]]></Event>
<EventKey><![CDATA[http://360.ercikai.com/sanshi/nongji/tianqi/tianqi.html]]></EventKey>
<MenuId>427107968</MenuId>
</xml>

2017-08-19 22:05:18 params :
------------
String:
array (
  'rule' => -2,
  'module' => '',
  'message' => 
  array (
    'tousername' => 'gh_a886868beb64',
    'fromusername' => 'oNejvwCnQogFOI2ZLqgTwfLw8ARA',
    'createtime' => '1503151518',
    'msgtype' => 'event',
    'event' => 'VIEW',
    'eventkey' => 'http://360.ercikai.com/sanshi/nongji/tianqi/tianqi.html',
    'menuid' => '427107968',
    'from' => 'oNejvwCnQogFOI2ZLqgTwfLw8ARA',
    'to' => 'gh_a886868beb64',
    'time' => '1503151518',
    'type' => 'text',
    'content' => 'http://360.ercikai.com/sanshi/nongji/tianqi/tianqi.html',
    'redirection' => true,
    'source' => 'VIEW',
  ),
)

2017-08-19 22:05:18 response :
------------

2017-08-19 22:07:45 debug :
------------
String:
account-ticket<xml>
    <AppId><![CDATA[wx3db5943239313a96]]></AppId>
    <Encrypt><![CDATA[ety/h9GlwMwry6DzVCGijTpBgcACDk691P01gp29iGJfUhRFPP0vTYzZ1JbyK2WjLzsYYnI5QM2vLID7W5RW+wTLk4Ymm8n8mnoG/O+i9CxSgg/79qR1Gd6j5XmmvRq4nUoVTaua0nKvZHK8JqHqt88B2id4/T8oeAHWxxbCGvxRze1Alc0+1fIRQw7PCFTG4hew/kBW/R3y3cqRJ1oQu28CPo3rCcDruUCMzp+JKSsdRv8Bi9ouu47FbccSIicUNbsDBa+EkMod4ZlPnkpKVKFF3CTXgLsBQBxm3E68mMA2HczY4mJcNsedhcOSIv6A/a8SKb78BVr3Psno2GudVwyRENaou195I8jQcpvWP+DoHF+H3P7BeYnQbf4yRMk00lYOlquvVpwSmVB5WArkNam0E2f1yas2Fun6RABxPsmqENtMRkG2UJMfVUweeYbWU6mVJIr5EuoOf6DTxi6JFg==]]></Encrypt>
</xml>


2017-08-19 22:08:36 trace :
------------
String:
<xml><ToUserName><![CDATA[gh_a886868beb64]]></ToUserName>
<FromUserName><![CDATA[oNejvwEo2xQtYa0CgdjuwGFVphy4]]></FromUserName>
<CreateTime>1503151716</CreateTime>
<MsgType><![CDATA[event]]></MsgType>
<Event><![CDATA[subscribe]]></Event>
<EventKey><![CDATA[]]></EventKey>
</xml>

2017-08-19 22:08:36 params :
------------
String:
array (
  'rule' => -2,
  'module' => '',
  'message' => 
  array (
    'tousername' => 'gh_a886868beb64',
    'fromusername' => 'oNejvwEo2xQtYa0CgdjuwGFVphy4',
    'createtime' => '1503151716',
    'msgtype' => 'event',
    'event' => 'subscribe',
    'eventkey' => '',
    'from' => 'oNejvwEo2xQtYa0CgdjuwGFVphy4',
    'to' => 'gh_a886868beb64',
    'time' => '1503151716',
    'type' => 'text',
    'redirection' => true,
    'source' => 'subscribe',
  ),
)

2017-08-19 22:08:36 response :
------------

2017-08-19 22:17:37 debug :
------------
String:
account-ticket<xml>
    <AppId><![CDATA[wx3db5943239313a96]]></AppId>
    <Encrypt><![CDATA[LJWm+y07odznxQN6RmNj7PMccmEcN+FYOv2aezXYbAcSpG3HqUINUVjBFjm6CYUg93WgkLILWXjj6e5daA2zUTLHs8016NfmDw8EaqrYzjMeQtxTwGBKSTvpXYuVWeOiZQIK5Ib3YUubU9YxYZEXEGkBR9ElvEEgaojsF/aPshPEWcW5NpJFWgbKBacreOdD6f9vHKc7EnoifGYpse8GVxeK0XZwpK8yc54coOddQjAUQ1JQsNldQcjlvP5DYyNNNOdE4BoZGxWJrCCCr9cglID/ibtwqoo80Y7mYbmRZCqMiBiMMcCdqbyASL12P9oKhnJ8zvC3vhV7Y1wCUsysNErQvdHOvkigAbrCWDYAZMn5AnHJwJAGqjj7R9mF3iqm0IABu5L/nTbzDkOF59l2hBFFYg9hePyMhC4vKWKdI4sfMvkoKRqfVOQ3Fn46+7/4erSOkxdmECE+1ICW6/DZOA==]]></Encrypt>
</xml>


2017-08-19 22:19:13 trace :
------------
String:
<xml><ToUserName><![CDATA[gh_a886868beb64]]></ToUserName>
<FromUserName><![CDATA[oNejvwCnQogFOI2ZLqgTwfLw8ARA]]></FromUserName>
<CreateTime>1503152353</CreateTime>
<MsgType><![CDATA[text]]></MsgType>
<Content><![CDATA[【收到不支持的消息类型，暂无法显示】]]></Content>
<MsgId>6455990197467934353</MsgId>
</xml>

2017-08-19 22:19:13 params :
------------
String:
array (
  'rule' => -2,
  'module' => '',
  'message' => 
  array (
    'tousername' => 'gh_a886868beb64',
    'fromusername' => 'oNejvwCnQogFOI2ZLqgTwfLw8ARA',
    'createtime' => '1503152353',
    'msgtype' => 'text',
    'content' => '【收到不支持的消息类型，暂无法显示】',
    'msgid' => '6455990197467934353',
    'from' => 'oNejvwCnQogFOI2ZLqgTwfLw8ARA',
    'to' => 'gh_a886868beb64',
    'time' => '1503152353',
    'type' => 'text',
    'event' => NULL,
    'redirection' => false,
    'source' => NULL,
  ),
)

2017-08-19 22:19:13 response :
------------

2017-08-19 22:19:14 trace :
------------
String:
<xml><ToUserName><![CDATA[gh_a886868beb64]]></ToUserName>
<FromUserName><![CDATA[oNejvwCnQogFOI2ZLqgTwfLw8ARA]]></FromUserName>
<CreateTime>1503152354</CreateTime>
<MsgType><![CDATA[text]]></MsgType>
<Content><![CDATA[您是哪位？把咱村拍的真好]]></Content>
<MsgId>6455990201762901652</MsgId>
</xml>

2017-08-19 22:19:14 params :
------------
String:
array (
  'rule' => -2,
  'module' => '',
  'message' => 
  array (
    'tousername' => 'gh_a886868beb64',
    'fromusername' => 'oNejvwCnQogFOI2ZLqgTwfLw8ARA',
    'createtime' => '1503152354',
    'msgtype' => 'text',
    'content' => '您是哪位？把咱村拍的真好',
    'msgid' => '6455990201762901652',
    'from' => 'oNejvwCnQogFOI2ZLqgTwfLw8ARA',
    'to' => 'gh_a886868beb64',
    'time' => '1503152354',
    'type' => 'text',
    'event' => NULL,
    'redirection' => false,
    'source' => NULL,
  ),
)

2017-08-19 22:19:14 response :
------------

2017-08-19 22:27:40 debug :
------------
String:
account-ticket<xml>
    <AppId><![CDATA[wx3db5943239313a96]]></AppId>
    <Encrypt><![CDATA[IfNj2ATICPB9j0LBvQigKv/XkyFrokB73Ed4MvXbo83uH63h3nvgijte/Jk+4El1MBDueNrU+/YCAXOjUvcV8cgOo8oFwYU8a2pSMbiZrxiHksMEh/Lj78l/cxRkACCUhlYup/Ep7jIDJz9GzAk9XaBmFa3KNSDDbHghQnQGN+kpTU4khFowK0pnWR3qL+zkBc1kFyALGTectS9xEGylFfR/SCbw/JktUzg8epBllLof7nrsXMApGfZopB1cWjSPoyMZpsrnc/oW/TRycR0bQdhwMajiBPBmeNLpyBy0aCvkgAMAdeMq/Dvhed1u0IKtRO13c1+hVs+1sZlF8cYzoY0GaERt+dRjblbAn0iq1irPG6MlCLGy7HnuoqN8kNG0iR505rkUgtF1R7s4jgbSewHWwCxkLO4TBpk9i5JLQWsNRyQqFk9TiHAWUomLYZeEs+21QZjPv7w7vrAp+NSGPw==]]></Encrypt>
</xml>


2017-08-19 22:37:40 debug :
------------
String:
account-ticket<xml>
    <AppId><![CDATA[wx3db5943239313a96]]></AppId>
    <Encrypt><![CDATA[dOvXFBL8IxgBtz+rOwfvbCNokhSGBiBloWQ92X2yv6lt6BCHv9Z3MBwftyy8f1D1xALzMV8jXevN7vaEcUPot7VGzCUFkWfYQcVH1lkS+fgrYF0wduehKsGM1vQCIcHIySlnAZWJf9zQXAXjhTv1F5tKDErJdkKOolsXMcR8fhArUQYGT1eFyBXebQEzxNKM3xvFGtSXjpiw4ntAqns5kP5wO0EYww3Y0DX5c3FpnCcx01RDu4v8j4oS+suVgY3RldPKylRhQJKwETA3GxCVnN8uEN7kJUw4oggk61tqpFr2FFj9OmCPkyvO+ybM5SD9r/zHqj4Yd7EKqCRIOptxCawGADWsHcDkkfw9IJAf/FjZxL2AkUC68RjRs4C6yqfXp6oYj5RlHSnhoJvfO38Aqox3ovXHtKZEo+pRD2vHWrFW2vy91Q2kGxeC6AI5462EFTskC+BEkcKbUUWO6jY1QQ==]]></Encrypt>
</xml>


2017-08-19 22:46:24 trace :
------------
String:
<xml><ToUserName><![CDATA[gh_a886868beb64]]></ToUserName>
<FromUserName><![CDATA[oNejvwOQOJ-Th0qfL8tzpSFQfPwY]]></FromUserName>
<CreateTime>1503153984</CreateTime>
<MsgType><![CDATA[event]]></MsgType>
<Event><![CDATA[subscribe]]></Event>
<EventKey><![CDATA[]]></EventKey>
</xml>

2017-08-19 22:46:24 params :
------------
String:
array (
  'rule' => -2,
  'module' => '',
  'message' => 
  array (
    'tousername' => 'gh_a886868beb64',
    'fromusername' => 'oNejvwOQOJ-Th0qfL8tzpSFQfPwY',
    'createtime' => '1503153984',
    'msgtype' => 'event',
    'event' => 'subscribe',
    'eventkey' => '',
    'from' => 'oNejvwOQOJ-Th0qfL8tzpSFQfPwY',
    'to' => 'gh_a886868beb64',
    'time' => '1503153984',
    'type' => 'text',
    'redirection' => true,
    'source' => 'subscribe',
  ),
)

2017-08-19 22:46:24 response :
------------

2017-08-19 22:46:37 trace :
------------
String:
<xml><ToUserName><![CDATA[gh_a886868beb64]]></ToUserName>
<FromUserName><![CDATA[oNejvwOQOJ-Th0qfL8tzpSFQfPwY]]></FromUserName>
<CreateTime>1503153997</CreateTime>
<MsgType><![CDATA[event]]></MsgType>
<Event><![CDATA[VIEW]]></Event>
<EventKey><![CDATA[http://360.ercikai.com/sanshi/nongji/jiage/jiage.html]]></EventKey>
<MenuId>427107968</MenuId>
</xml>

2017-08-19 22:46:37 params :
------------
String:
array (
  'rule' => -2,
  'module' => '',
  'message' => 
  array (
    'tousername' => 'gh_a886868beb64',
    'fromusername' => 'oNejvwOQOJ-Th0qfL8tzpSFQfPwY',
    'createtime' => '1503153997',
    'msgtype' => 'event',
    'event' => 'VIEW',
    'eventkey' => 'http://360.ercikai.com/sanshi/nongji/jiage/jiage.html',
    'menuid' => '427107968',
    'from' => 'oNejvwOQOJ-Th0qfL8tzpSFQfPwY',
    'to' => 'gh_a886868beb64',
    'time' => '1503153997',
    'type' => 'text',
    'content' => 'http://360.ercikai.com/sanshi/nongji/jiage/jiage.html',
    'redirection' => true,
    'source' => 'VIEW',
  ),
)

2017-08-19 22:46:37 response :
------------

2017-08-19 22:47:30 debug :
------------
String:
account-ticket<xml>
    <AppId><![CDATA[wx3db5943239313a96]]></AppId>
    <Encrypt><![CDATA[IqqPsDBBiXwzSAXxKIwJ+BBOlgoWLb23eGwDEFPdl5loDQ0s3tMK3fMnzTtK8thGURZ/K6xh1k5avyebzekNim+yJYYZ+oHWH3HblnG+dl1o4lxotOMHLm8fB67fTLtbU048efcHLAxwFmWYKvgRM9pQQOZokWzg/eNCTt2qnlTPj56W+Aq5VvWwuQ9F8bRCG1XDGlWFZ33lYDjBQDN18orVLuWFPWPJuHuQPi1fHOysEQHiKS72aUIKNxpWEyCZIDzx+CvCgmdieOAnFRcTW8f2m8rFHIEgYNOQacwZWWML0z5dV5SogzJcuo5Q4Les1yppNS/AzASfMQKY01rcToHjQgjaNguIGBNJcaRvZxeYaSqPiQst7UC1O33znW1/CjcKwdpCm5iImLz8bZwKLLSCvCnpp1oQLMaBN24WpyY9USs41K7jjroRDQBWsSIcYvDfhTNgP+N/H6NJMSOl9g==]]></Encrypt>
</xml>


2017-08-19 22:57:27 debug :
------------
String:
account-ticket<xml>
    <AppId><![CDATA[wx3db5943239313a96]]></AppId>
    <Encrypt><![CDATA[BtLL+1JKsPgWSXkyO9ixDvmF7Ex/gyhA9K9ehYR4cr/uhmbSZkgCJMvJCEVkWmZpjczZOGMyo5zcnrGImPUsUdLmNGfObdMIppz1U5elLk+chAQMxbDHPCthzBSuy2n51NsBa3WHUaAFczIw3ng6n4x1TMFy/VVRoCtVJEA5zMShhTM+FJg861T5YlpdiM8jQKWpmQ4/4LcP60DGMDTtImJDTkgHgBKIMEdrnjSbYbEDhIA58Dqm+mPWb+0nazkwkMTbSKD9Cnnn6VsnaCHdb6zU8VbVDshUHr1YWQ/hPwkhJF2szR5WRMf7gDT415DNXJKDfTUFvLc7MEixCUBRlHnNvlej4ktRKRkzh1qZWRFl058iFll0/fpScnP7rvywPNC/dgyAwinq95iosViNJHa8Wyh8/5Gky0lPaleYH/Cd642qaRWbQAcuaW15Iw1fDLLs8RCzLnb/nX/WgkQ5wA==]]></Encrypt>
</xml>


2017-08-19 23:07:33 debug :
------------
String:
account-ticket<xml>
    <AppId><![CDATA[wx3db5943239313a96]]></AppId>
    <Encrypt><![CDATA[s/USnTQ8HbDecaXH7d1YulsjjseYzB9Q3s2rUuUFAqIKQ8EbrM01nCNJhL01ATsf7QN6/JifNwaP/ZLbwNxKydRTw70+blLZ7s8F+dx1Ma+SSaQ1y5mXdqaKielTeX53mW3Lr/hmqsMYFTlfvV4xHhoUH064a9TjKczaeJra0HJKVyfef8zJk00yI6MjUBWeyM/ozImQr63DFu6n7NRHKhhw74xVC/4hAICUtedrgs2gJQLovU9CEuIGgIkOwHETMUj+ZM31II33fHeStqsdQo20qw6e4lDiADcnYuG7Cb2c5GFNtSRPbXiJQIk7WkUtB/5//PThbXH94gLzBdlYLJ6wIjXExuW06aXS/ANWkQMWB3UmKmwPlbGCN2g7ZixWCZSuBlpde4QCdYknuvycIScq1nZIvkBR0uCLO5Gwza/WCljbvyNImv397Ha9x4Q3TzYRunSo1kFdN/i9Kn/DAw==]]></Encrypt>
</xml>


2017-08-19 23:17:31 debug :
------------
String:
account-ticket<xml>
    <AppId><![CDATA[wx3db5943239313a96]]></AppId>
    <Encrypt><![CDATA[qtSNeaARJP+FD8/0VlRcrcF0KYz8NiZ1ccbpQ6kXZL+K9jzn1XvIeCuKI2+kT7acMfbt+R9s7wd9j7T3kWgzYIYjO6bzXpxoG+CtQLfU6eCLCCsxGawFPoSEisMNam8wwDelcA7RTeMhTPCgmKm/1hlyNbgnLud/ZAUs6i+0vSWgduRw/aS7UXzRjA1vr7efGxIWUIGPfKrQTQhgquPIfSpx2uFk6WdDQ0jJ32st4hVNgp0jpSZ3N1heCTgsswoqsJwy8u03CbKBg1cVrdqG8gfQ3InkCpRLO9hhlu1BY01b1DvfFeCoqv+Sz2u2Icnb4GAr3Izg7DJIgcMQtBRpUB2gSwkQ1rvuOynFYZBRs4XFyPWP3x7nj3D68FvumgO20Up2H1lx3rirma3vMTDZN0+jyn5V1u45puif6oNaJVCPDQ3xH6A4eTXalS/jw+hNfHEKDSBvgTH/Grv2IskfGQ==]]></Encrypt>
</xml>


2017-08-19 23:27:32 debug :
------------
String:
account-ticket<xml>
    <AppId><![CDATA[wx3db5943239313a96]]></AppId>
    <Encrypt><![CDATA[rG/O+EeT9RBqwytPnRbwe6TMWhqktKcqW6+2Uq3NnUQSiICi6+Yz12vr0KEHHuUXmn+7SHKAK7KaHppU5jfN05DlJdfTbkFnPQSsK60raD/CeHlnMeIHPeN78d7cTo0YXm7Lgjb9f9aDExvPesmOuWngQTOL1kq7y1e1Zg4SC6sDMdkYtvQOKTtukVf2qu7e8El4OC1rQ0eXYVvT7hzwHFdtcNomefBLZRqYtWVcD0rm2SJmb1uaVzPzkEoPzzcdJU1sINo1x3ituCZ1zWAP7h/oROVmeu2fatKLDPiNc2nT8NM01khv0XYYQbb5zuDWPqREGu2aXr9mfacjsnno4LxpzDB5J/ZQ+StGB8J3vHxnovNKTeUJSkdNTzk01v/LHtC3iIQ2Lfn2GSWqSNAvTmAhUb2pVdJuq9Nc0lh1AYqeYrUgjh2hN+2iLmwD7UYeBLRBcYRl+zr6BfLdWJVzgA==]]></Encrypt>
</xml>


2017-08-19 23:30:44 trace :
------------
String:
<xml><ToUserName><![CDATA[gh_a886868beb64]]></ToUserName>
<FromUserName><![CDATA[oNejvwI98zIPlCBbB_d9UZOoRrzQ]]></FromUserName>
<CreateTime>1503156644</CreateTime>
<MsgType><![CDATA[event]]></MsgType>
<Event><![CDATA[subscribe]]></Event>
<EventKey><![CDATA[]]></EventKey>
</xml>

2017-08-19 23:30:44 params :
------------
String:
array (
  'rule' => -2,
  'module' => '',
  'message' => 
  array (
    'tousername' => 'gh_a886868beb64',
    'fromusername' => 'oNejvwI98zIPlCBbB_d9UZOoRrzQ',
    'createtime' => '1503156644',
    'msgtype' => 'event',
    'event' => 'subscribe',
    'eventkey' => '',
    'from' => 'oNejvwI98zIPlCBbB_d9UZOoRrzQ',
    'to' => 'gh_a886868beb64',
    'time' => '1503156644',
    'type' => 'text',
    'redirection' => true,
    'source' => 'subscribe',
  ),
)

2017-08-19 23:30:44 response :
------------

2017-08-19 23:37:35 debug :
------------
String:
account-ticket<xml>
    <AppId><![CDATA[wx3db5943239313a96]]></AppId>
    <Encrypt><![CDATA[0R9ZvkPCvChxOpeF9RgUB8pGCffxrpt4gz3g1Jjn2eQvoUIZjRR/0QZ3PlDVROMhn+bhftEUjGCVTdDNHZPm3IIK3fxxdI3hYAl0k7oJ4p8gfLd+CSnFLvtcj24Li81GuLd6iEc0J1STDLt5PbAUhv9eERzkSJlUPizv2YdxQJ1B+81/7qwJB5Mvpdc6pVQL45iFK0U0hTt+YZysmSbD1pF8WyERoj7QLKNrlF9MiLspjpvAz9o+WX4b8Vz50GVpXtMx5BY1BWQscd2puCHJQb+fPy3ZGjDcFoRzt1W3uHGOuPpKwFfD0HxA4Z9SfkT5e8mdkmuciWNSvy5ihPn8XifJLl1G5kcPefpXHJVPlL4cNrv8VLrOlHX3JaqzTAPTiP8EDsIQvReregLOf+CBQOl3KD4I8ALh9t7ohhDx0nvnRk5UNtzjiybFtrGWbh5FcOtOHqobof7W1CzsMf/YoA==]]></Encrypt>
</xml>


2017-08-19 23:47:30 debug :
------------
String:
account-ticket<xml>
    <AppId><![CDATA[wx3db5943239313a96]]></AppId>
    <Encrypt><![CDATA[K7OgusjMcin1ntTHE7gRLSW6BSxwpCX36UnGw7KKJpXN0apyKy2zWYjuzJv72XtE8NVFK4B5idzOdFgTyyYpXnq+JhaKwdAoD65BNRxUuDKrkEPa7NJFvShpX5R5rIG8x2Uk8z9rViydf7QHSwXkiRUlr0npvuPfMxYMJKvRXWcYEhFrSBD5iEU23xLUWQ0fx9+zFzMasQ2kNXDkloKBHc8BNg3PhWRx7Z5VyorBurQ7owMh2IDG8ewWB2xgJNfTJrdZ4RJvIkQDiUnEZLLA0WaL5oWFOpJcwm59Oxrpzg3BJYFT40Iw7XBmnhbc5zoQ95aqxbKoC6iYt1UD6sw03sr0S1qsE2BGv7kMMDUOR7PQ1+CrhjpW7gubJkK/3VVFXHD3paHOWf39Q21g5KUlfJE/ubgXafe82FRRYvBTeKxpfTbCMfqgm5MMsdv1SIS1A+Lwv00LxldOlX52EeXerg==]]></Encrypt>
</xml>


2017-08-19 23:57:27 trace :
------------
String:
<xml><ToUserName><![CDATA[gh_a886868beb64]]></ToUserName>
<FromUserName><![CDATA[oNejvwFN5grbkDqrEB3yQUhSmiAw]]></FromUserName>
<CreateTime>1503158247</CreateTime>
<MsgType><![CDATA[event]]></MsgType>
<Event><![CDATA[subscribe]]></Event>
<EventKey><![CDATA[]]></EventKey>
</xml>

2017-08-19 23:57:27 params :
------------
String:
array (
  'rule' => -2,
  'module' => '',
  'message' => 
  array (
    'tousername' => 'gh_a886868beb64',
    'fromusername' => 'oNejvwFN5grbkDqrEB3yQUhSmiAw',
    'createtime' => '1503158247',
    'msgtype' => 'event',
    'event' => 'subscribe',
    'eventkey' => '',
    'from' => 'oNejvwFN5grbkDqrEB3yQUhSmiAw',
    'to' => 'gh_a886868beb64',
    'time' => '1503158247',
    'type' => 'text',
    'redirection' => true,
    'source' => 'subscribe',
  ),
)

2017-08-19 23:57:27 response :
------------

2017-08-19 23:57:28 debug :
------------
String:
account-ticket<xml>
    <AppId><![CDATA[wx3db5943239313a96]]></AppId>
    <Encrypt><![CDATA[a+E5/1vN0E0TjeHYGMGcCg3VuwHH8dYgz+8wdiudQM8Sej3iYe75jq/mn+nHOxCaXebKupzG1VCP3dsVe82I3q1ItyBGvZvSNeDK7d3/bejutkfxlEZqS8MkBz3MneZGItiRJavMIjJRwRpvkxJXkZYDPjdwBNsesCJ/2VIzV4sE7XXBIsJM0sXTXofbcpO6xp7RdJ4J69nplAljyczF6ts+Hd3q2oz1cZeM8Y03Oc6EqLvHHR0Xrn8cK70skJiRbSGJIa7Us3kVSWNOECvFiYxhPPouqwanX+0orBXNg2f6L9kSHAP1yoWTWrkHjrdGjbAiQlKGml60llYvLGmV6Np1L21laMSiSL+ax3D6wQKwOybNI8BzmVdg7JR6WPd4ZNH8IqaQaJs3a/MqFbTgrsZMrUt8bF9UnzKsPzJl7sKv7R+U8HWMaGq7PsYvxEZ11V8zpWqil7OcvsmkDjBCUg==]]></Encrypt>
</xml>


2017-08-19 23:57:37 trace :
------------
String:
<xml><ToUserName><![CDATA[gh_a886868beb64]]></ToUserName>
<FromUserName><![CDATA[oNejvwFN5grbkDqrEB3yQUhSmiAw]]></FromUserName>
<CreateTime>1503158257</CreateTime>
<MsgType><![CDATA[event]]></MsgType>
<Event><![CDATA[VIEW]]></Event>
<EventKey><![CDATA[http://360.ercikai.com/sanshi/nongji/jiage/jiage.html]]></EventKey>
<MenuId>427107968</MenuId>
</xml>

2017-08-19 23:57:37 params :
------------
String:
array (
  'rule' => -2,
  'module' => '',
  'message' => 
  array (
    'tousername' => 'gh_a886868beb64',
    'fromusername' => 'oNejvwFN5grbkDqrEB3yQUhSmiAw',
    'createtime' => '1503158257',
    'msgtype' => 'event',
    'event' => 'VIEW',
    'eventkey' => 'http://360.ercikai.com/sanshi/nongji/jiage/jiage.html',
    'menuid' => '427107968',
    'from' => 'oNejvwFN5grbkDqrEB3yQUhSmiAw',
    'to' => 'gh_a886868beb64',
    'time' => '1503158257',
    'type' => 'text',
    'content' => 'http://360.ercikai.com/sanshi/nongji/jiage/jiage.html',
    'redirection' => true,
    'source' => 'VIEW',
  ),
)

2017-08-19 23:57:37 response :
------------

