2017-08-21 00:07:30 debug :
------------
String:
account-ticket<xml>
    <AppId><![CDATA[wx3db5943239313a96]]></AppId>
    <Encrypt><![CDATA[wzno8dp1NyPrJXzerSxRNbsiTjIifzEJnlt3j8tbnl9m2NfZwY188MpzWVxhjur4/dVp+5xK+9C7S7+oS03qZU+uv0Tl76CgENj7WrUgrxjjeFjlTDs09vK9MUWVGBstwcOpJARQp321y4QN9sI+FOyZuPkwETAfIRtTc9dDXuCmZzr6ciSgQelwyFJGLPgyyZlhme4uplD9QcRRiFv1ss9FPTIRT6X6yB6N+c4LUfSDbX670trYFaB0Sm99y4T0opoURPraCJyDAhar7ZexlpA/BnNzhNUok4kXzNNLzsAAJGk0uA3j3x1lVFjRMsl4c9XQGZlS+Sl7A7dUWkqZrnM25L4bhwRRM1ZbWOQUG3TeDNJoHKUXpeDcxbslUerm2vHrzAB4Urz8TvD7mDIVyogq0xNMvmv7USpIXOilsWu1uI7tEOonwIxx6Iqonm1Cv8EtQQ+NBvpDurxr/5xE6w==]]></Encrypt>
</xml>


2017-08-21 00:17:26 debug :
------------
String:
account-ticket<xml>
    <AppId><![CDATA[wx3db5943239313a96]]></AppId>
    <Encrypt><![CDATA[KPGsEoUMPL/lT2YfzdZorNCJaI2XGbNszzjZ3/EwL1p1fjEDoPKoH7NlEyF90AMuhW+THmJPOC4H27Oph2GsJVmhSObje4WGMqhx1MpJEsUU2A+Pos01hq867TuGbNk0LukmKoMj/nU1BjDOzCBKTrMG15wVkoUjdLkY+g4OzQrmt6OJH7Qoh5cAotJel9jQiaomNtmfJ/Q5RDk2LihcMPKIMCrDxSn5JUmHhLYO7McqLPQu8HrBTPZ+Kg8jHfJ5C9a7gflOfkHzlFeBKxIFAKoaez9EjUTAmPc2vB2abWkdjmSRn61PiqkEjW2D+0gdSMlvoUWmWuhTkjW99QQiaDgTgXPeua0PMM7k/uSqkTJHWWqLTm+09HkNySYZYERTvlGh2Bx7mgnq0pnmxux6Nz6smJYAb1w20XCR7ik0nZO1k5PM/qLWu70CnipLcqk6bojnyZreMhTRN0obcDLNGw==]]></Encrypt>
</xml>


2017-08-21 00:27:21 debug :
------------
String:
account-ticket<xml>
    <AppId><![CDATA[wx3db5943239313a96]]></AppId>
    <Encrypt><![CDATA[JEUiT3yl/8gG6HoTFdjX9+LR5HtrRbBpIg0PaumIObZGfiexYbU4vzDaJFrj95DPeOjoVueELOoxt1+9INj13a4JL1oBjqVHyX0ufashqD7n2GPcUrhMm1iRLsqGKnvjCTuxOmJ9yb8M2a1cyZaYLRAJUhYFII8Z3Ya6GScnW6S6blc4lI6g1rriIfFIPof0dq7q6ocIhwoMcmEziqCfJEDm4IVmMi20NF6jTsBihvc7hBa7Y6lrzz7zs3SezB0cK+sHVBDqFaCJq0sQKufCD9pLRETJuTmgwHqGkIR/jlpNI8NEO35/sIL0yCbZ8gKMnPy9ISg59M1T0JebOl5o/rA4VJnDRewbmJq5Stk4z2MB/9Azu4Em9xwPZYp9EvbcXVZDr7AJK4dU2YMlAuGzkHvO59iF6GzxmAm/LxjcHqrA22qjImuEqHq9FfsLSnAgXagHFEPRmLh0L7ebo7hTQg==]]></Encrypt>
</xml>


2017-08-21 00:37:56 debug :
------------
String:
account-ticket<xml>
    <AppId><![CDATA[wx3db5943239313a96]]></AppId>
    <Encrypt><![CDATA[UjlG6wHfKbxucwf00va+wpll2MHxghlR/cinK6WMwRChzPdf3GBu8L3VVlX/zbkra0kilktdogZhQmP1otN6oz9FtaZIl653qHkXeT0RGS9TxKu4P8kOtPdB9BMpIXEbsJpSawUmIrH0Pwq4q6xFTPjchr+XEhjY/nOf9z1VlnIw8f5O4w6jfv2p5dB8qjFkXNjvrQdstaxNIqZfKSsOThfBro6/nfJO5zV42ApX1KY/0KtJm3d50ilg91VsqoxhFFCZadECr5TmwnobKBmJ5zwWJhsUW8zw+qjjaIZdY7iqZM6hxqCh3l68HD1xRhHZ5OTqt4OHxg3BzqFLSv9HXUa8u3DKbJAz5fQ17f+1Ta7llmoRFON0GbacZVaMNVkhk/yCzqdV/PMK0erqU2hokZKWSaURYL8+m9DWECZrfQUWsStJYwwjV3XhnEwkdk4F8q0Oc1on/Y7WEoySFNa9nQ==]]></Encrypt>
</xml>


2017-08-21 00:48:17 debug :
------------
String:
account-ticket<xml>
    <AppId><![CDATA[wx3db5943239313a96]]></AppId>
    <Encrypt><![CDATA[ii2EI24Lar5h8iX2vnMn/mtpuqMYqzCtT/M9gXpGMitz4fvWzE0rb9LD64FzeAhiHcutlA2ilj/LfNYcRYpAZKhqxXb2hEBJ/o66GUxjIDJoR3m8xBMHugBWlMTubhRKU76YFBbXS864VMiXSYoLGGUJ64eeWpEPF4BJN/wRaEWJ3h60PTuueGNTjXWSbP9/t13pOmMtIERwejn5Ck+rl05SmJAf8ON/z1xDZro3U/PToclU2YY7dWWyuOdv3laPsMJT3XdeHdTRA0ITXPwIicytY/YIgI0y7bGsu29uCTTnGBHnAZKCA6LVA6DwHzm8zEWxm9LOjkFcteiTW3WLF8Z4Y7hEN5R9nKPmoWjKdAbU2uXNAviEqP0fTMwxhJTy53hAUca574n2Uw/oB1xNQkTSHdfGLptnhTnk62BH47REWBmH7J6Eo4mpjvm2UMmcMHcohh46dYeCLg16FiGaJg==]]></Encrypt>
</xml>


2017-08-21 00:58:04 debug :
------------
String:
account-ticket<xml>
    <AppId><![CDATA[wx3db5943239313a96]]></AppId>
    <Encrypt><![CDATA[UvuuiRHp7QQ8ysy2nQDX/+Zhlc5LYKhLyJxGCNIfJinoh2rKw42pkE9Jeoi8eaIK/Rv/TPOSzTLINZupnemu8lT0YzKaB+ZOjjFDk4SsgyGdBQtHIUY11vEJvSOtPQTVF0/kyPpF+KakoWFUJEVvf27LkzPBf/ZYjr7a6FXbYOkPK72MULafvhTd7jR1BctxY1Nb3YDOB2j4APsMmCRyh/vfW15ci3aR/g9xpJ1UNxK0cYBbsr+SSGRF5uPl2pqukb3bNuvv1kXr2fQWRDYlMkYY4A02nM0G+9IaRSjmrKqlsveGnNoQbqM6o4OeTqMJTFMtPBNU0JFbWzEtQX3JHz5c2yWGGZrN74w4veJQ80bzcGgne+uThrVfkfKApcM9TH75X8Af0/JTAKSx35b6ANyQQd4tfltTOU6xoPU00oe9e69/9/hi3KxG+W7GqBJJ/4N3cYOIgv9ycam4l+d2cQ==]]></Encrypt>
</xml>


2017-08-21 01:07:44 debug :
------------
String:
account-ticket<xml>
    <AppId><![CDATA[wx3db5943239313a96]]></AppId>
    <Encrypt><![CDATA[ChwidC9C0Dmlt4+pn/eesbLXtAMu++zm/GC5aFdLopGrdjfCyH0OXPXmCYpQkwGYXko0Qi1B6O0Lq/rmAcxhV9d/AC+wCc9kCL4JAikM/lQuEmpTIxUPAfY8F6nKwHZtZ3PLIpYB7Sde8Pd/+rO+RnLLOJrc95zsJvAGXaQ5Ui+UVXMF8zrMI9056PeLj2/gSfrY9hrc+pY2IhlQk6NVCyYseWuQBcbA0XQpm9ZOTGSDZtmbccf3uoYKR45E/ev3PvNP3JvlRKDHEIzSLDn6xSCRnMGuteM1lP086dxIKG1Gemx9c7E+zdhYNEiWLUw+BxqNM3qLzLz7Hym/obZPCg15CRZ1ADWhAwn+aI5XkQmxQGHgsAiYBFQYMQ/VuA3gFcNd26kuLFmjLc3zBga6cPcD9ux/0OIFTEp/1LGHWxhkU6oOGErWR5t0I2uRpBNcgK/FqUNYphnKXw0ebFwHvA==]]></Encrypt>
</xml>


2017-08-21 01:17:27 debug :
------------
String:
account-ticket<xml>
    <AppId><![CDATA[wx3db5943239313a96]]></AppId>
    <Encrypt><![CDATA[1U2G/3ROcprShGiq77iq/7BNuYCVOGvhCrQOP6tjWE0hK3dD6QTHoZAVTm8VoS7RCcYm2raT5ib/NIc3RIwVq6gadkRd+fBNb0BEUglsUvu6ak6PqUxLRmruMR8SVKQL9bzcRMKuy1vnK9z8AvIamtQEKJDb0yg0VXVzZkE9mOWEjLDgs12dCnHLFtpo0xq84JB1h90ad4Q8CPlrNG8PhVc0rBf4xYFefKSs29/cFTZ193mws7P1iU1vjCq6zjm5/C73gvZRKUbbAoyKoi5K29oXa23Oh6d3mgBAk4CMT68JXuwv9iMCh8CAOParf6rjFUWnx2qGW3vpQetjKgsQm0Sqt3Bs60MyopyAv2gOgAN7cL7GRrsckeiH8jGdQoK5jpybW4xfef1qGAOUAa2jT7vmZoKn1UO9xFKdEw/qSKJc4pbFBtd1xCSpIabkN4SV/CX6rRcZT+Yp8/wOhq1t8w==]]></Encrypt>
</xml>


2017-08-21 01:26:58 debug :
------------
String:
account-ticket<xml>
    <AppId><![CDATA[wx3db5943239313a96]]></AppId>
    <Encrypt><![CDATA[ZsekhCOHzvSbpesrxSlAogda+BMCHSbrnMQXqEfkNIh4+PCioRsnxqhp07TESgbqopJq/DQ8NxvcUyt4pWSZBsgGhTVas/lKWPGQ7Yj8GxIeiA2J2T2WiNsbY/qOrJDseUAGkuajwIMLxaLOa6kZxFLI2PuTlQcXUM9IzDr+IhWBNWm3LhFTe28SCLdgmYBAmJ6sAikG7TfrkLAZSFH4KPpiMzXSW04PeoJ24HQL8vFBz5LFP4XM28UxEshMshuL4jNj38EEtLwcWAj4fkWJSHcjclcSnQhlwm745XHVkyWuH649nQMgLJpaPuy3gQo7cu82uDBUvP6W+yuq+RIOE9JlCLOTNRCsXnIhw8IQXuCul5ZDJnnuifWfSR/wm6E6p/vhWXbL0iDsTefnXt/lFAg08TdAp5UDQmgMkmAbTKEYOYfquqiGPE3pWLIJZ8XSI4nDbIaB52N7oqtHBE56qw==]]></Encrypt>
</xml>


2017-08-21 01:37:34 debug :
------------
String:
account-ticket<xml>
    <AppId><![CDATA[wx3db5943239313a96]]></AppId>
    <Encrypt><![CDATA[Z9R7QzYDVO8vt8o6gi1sysodo5ROFIHxpyugPzftq0UARxS8OPK09WpjBl7gfaEuXyPnU0h23O0dftX3fk8cKDEyewdTF5rKUVcVl5u+nwR0+Tkw66H09lA5QeJZOK0QncY4t+krLQrz0bwOvoOW2s9qNQKYVjP5PEhr12Z5d6OSgVz+tFflp2lvrBUgiUA0y6/7sEJblLCMpDu/AbbRTHL85kMG9xh6oT+NXAPPYFPnJq+JceW3QmEaV04MLLITKL1IHEZoKXOOtNahGVdzXpUwh+L449tpKIRQo6U7exT9c0HInxNQoStBr0My/xMwaj4FtwBW15yzBo74RQHY+/sFgNtZzbXWlgDhqXeTDOUBT0jWQBk17EGy1ErcYfHSE3ngNffLBASpKbQNonRFVu3hZQ9PyE4p7hrd2/dVkEe+PMUYZGloEq8Z0ItJikKccx/Awej3tgXYfhnpaX5CCw==]]></Encrypt>
</xml>


2017-08-21 01:47:16 debug :
------------
String:
account-ticket<xml>
    <AppId><![CDATA[wx3db5943239313a96]]></AppId>
    <Encrypt><![CDATA[grO44YvFdKvlo4nWeM6c8QHvjEyfDk8lxY4D3SDPNmTx2ytuO2uSNk9bGwHh7iFsfZyD4KPB/IVmZBF/qqECnF8DOy4mNp6lFJKjfY665ialypj91IbFmDsLbkV3Ti8SpNTVJmyA3rE77pZd07HtXkqrFIzzAMR1kmXucUhL0Isn+nHHb/bUl4rdbRphqqAvLGk5EWzrVyJHnZbmtfEPcKSZYNBzzdz8wg3xun9wn6SENgp/8sgIABnr24SYngx40SxYMhZOJWU9Tw30d1+t/d77/6ctcvxfYdnzXPwzrsNwmE7SLhCQwMargsO2LRQ7uEdW1Up358y1xYP3+dyzHQtl2OBF8AEM0CVcN+RuhMcF1tZJD1yMwKYvRe0Ub/3rplevV7c2ivzbiAm+bo5JskUzApBcCEiNPc4QCwuuD3zB18nN9OEkqVaejTotgVqi6Y2ddzdU7zkHMPlEzL6ZWg==]]></Encrypt>
</xml>


2017-08-21 01:57:11 debug :
------------
String:
account-ticket<xml>
    <AppId><![CDATA[wx3db5943239313a96]]></AppId>
    <Encrypt><![CDATA[uAleTrCszm5/CDr5s2Gr0A8/5gDTc9UvcPBLm0x6kLlzYDRAvcOYDo02xnRejSLhBVwpoQ6jPPMbS2m3hwHyQMA0nIVluTMXtg/DlXbW9UEqktERVLXsJDSmt63i83Vf103vJrMtEvXn41R9zkhwfDs3KyrU7opthfgSXtjRFTHzK32nYA6iSrSZg9Les/yAT1DrlXPsn9EGusKuvJ2biETsPyXKn/1lNRsxHrvnZfsyk4MnmkHCnryqa58g9fqLOqRbKxPauP+CU9SWRIebI7rg9hYL0ilKkfoPX7H8Mrj1ccfPZwca9QixD/6UMGCv+uCsNWO1e34MNYoXsVCVyQ9FNJiC2ZWw8uvPt7MeOFyueqvulBtzfzRMfx1FqeCvUblnJAdTAG+oD/YZtoEShwsN7F5YI/VIamMnmKySkRgV2HEHL3EXUPpZgVAZM0AM1K/AwS7XcjulY/RRVTGBLw==]]></Encrypt>
</xml>


2017-08-21 02:08:00 debug :
------------
String:
account-ticket<xml>
    <AppId><![CDATA[wx3db5943239313a96]]></AppId>
    <Encrypt><![CDATA[QJsijrtA96zBbpFIUQb7+CAS51TM8MLYzV7KfTvpAAatLlDEwxRCWLvq1vSFstbssTX+p/oZXGzImoLMtq0E7A/x8kEf5uyIJp6+CR9CbtyvMbgx17D2SUmIo1aZl3F84QS/YAY1ebwPPbbP98Bh7+toTYlJqQRp/I7bPc4eslZ/YU3/LDw9v4Sn7Q/lciJafomkZkUI9Q1k9FzCkrIIjLJdZXO/tn3a1DDxgYw7QXYNS5kpp3XFLO9GqwX0ggrH9K85ACaeIkcr/7ln6FVXz7dXZG5JE8pQvV2JCmtXeaE7ZmJl2Dy1BChcdrFjrFCc7Qms+DGKnoNZZySTjfX5B6/l9Le2MvG1EIIkE2VbwcRpwXQUXdn89v3lIZRUI+lBsJ8bTRQTa6V6iZTBKMOVaJJvzVfwsQkNqWgsRAA3+ZoKcR459/vSdN8wbVlDsQA5CQLtb4AfioWWtakKJvK3kQ==]]></Encrypt>
</xml>


2017-08-21 02:17:46 debug :
------------
String:
account-ticket<xml>
    <AppId><![CDATA[wx3db5943239313a96]]></AppId>
    <Encrypt><![CDATA[+P0ckNfpX8MTs60Ib7PqB+87/MfNDOCLXiDW/Y+2f9sK0jZjeedXuxnKosr0V1JZlacvrJJjrputUomEoCwWSHIxRo8jMbpzjgJU9Z1wqmQ8gcGmT+k2eQQcZXhC/9vn8yXPA2nOMSoTU9ici7K6a9eInJpsHqb9tsozkjnyqa6WcLYb4GHKphXZUnG1VkCk0rplYkVxproVtjJK8c5XPDganrUMK6D/zNNGrx82GrCyyQpB0wMzCpAsUaVDk3WI0LLFRVInEUAFSetrJWKexYlClbBZdE/s3DRYeehv/tHwvOaPFAby+CQR0kDl5mnC+Ijc4HRguSbeoMJT5kO8tW/WaMsr78jw99qTnIuReMtzRhdLfyZqGgrZp/dSZ8NSPruShJ/MeFUO/NKNY7uJm019MeNkgaWsRPFSOMsEtsJ+dH2ohs8fXIjcDka/C2ht1MmDqK5yLvxT+wbcaIHeoQ==]]></Encrypt>
</xml>


2017-08-21 02:27:33 debug :
------------
String:
account-ticket<xml>
    <AppId><![CDATA[wx3db5943239313a96]]></AppId>
    <Encrypt><![CDATA[HDiUhRTEds3CN6zr6Mt3pqZ6ONvfNlqYZ233uqFogMV9/mlBjACoKTuLuCLH/KzjKDUVpzYU8xN2ww3Rtm14TqY1U4Uu04XY9tWeNHTBN9LipVIpZKxHyQLxfgtK0FhbkW+OWJ7b82Xzhm+L8hy/QnKEg0PmDEJoQmrVqb9ptvYbNWArLvJONZDSY3XSJOgEmVYRpBawPj5azbCzGwFP4r80wwynCAinPMsWT2wZY5i6yNvv5Kynj/JcEujPgcGUCyFJsmqLU6UeePs3RQXiIOAUX9nJeUM5c/QVKwDDeB+aD607TA+yIFDGMchgJ58C+afQ6uO9Biau1QVOvSQLdNnbvYhV2ViTKpc/86VVbha4pw6BsFJ6yWMGL2QTNYSqObIdWRfEdvrtRRstH9ThEMEbQduVB7vDvjBHn0ed5SzYfE2yw5ZlBEITjTg+NkQ/axSeuCAv+WqVn0eg408ikw==]]></Encrypt>
</xml>


2017-08-21 02:37:43 debug :
------------
String:
account-ticket<xml>
    <AppId><![CDATA[wx3db5943239313a96]]></AppId>
    <Encrypt><![CDATA[e/yx62nqW68LaX3KjHbz+OwjtYvjXuyznttyGoVSS/9Rv/QEAcTolsNDU0vHF4WjkpZDnHXbf4t2Cccfzoh3hhE+T8K8j5odWe96njsvgm5Wt0zgxJZqjGceOJHff8Cxa7GeDHPNoh6cONSYAbZDZA7/8Wg9326sfQAUifTXkX02m3eMfep3XLO1NkJ/JA2QUaMPCZvCt7WfwG4dL+DsJywwXbtGccRPpabImn7t7KKrH2SMyg3ruXebu8e3EYnUq4cOZoptOok/xStXpyoaf/Isd1MGuyXn+MEfKoZIVlF8OCsrik8QeWEqiVPFFEiCiSkIu5uxJO6/wb3GRGdgQ6lcSq3PNd36Sq4PPuKvNYKB1TWnywnziwxuVG69Ew4+rkMu6XINPQb4YBFud7gCmKDuLFNPOhMxL3x0j5N7F/tEwjRc4JAbdW1qbBpoj1BfTAOAQf8ojEv4SXTuSxWW2A==]]></Encrypt>
</xml>


2017-08-21 02:47:53 debug :
------------
String:
account-ticket<xml>
    <AppId><![CDATA[wx3db5943239313a96]]></AppId>
    <Encrypt><![CDATA[UV3nHWX/fGjLpsre575EtnsD6eDDu3R+LdKyvRTkQwezY0At+i8S4grEuH3KSnosOvZyVMMWwWaEkBZkivDj6aWjP9Yq8AXUVeOkCWUvcqQNdbRT9zqT3aHvaT+dBO6DX5eyoBMw4odJMu8OaWjAzfIJlRCCyhtfe3azwhxkCkL5Tux60Z/6XBmAM8CkjZHc29bdgqTLJsg/d1brN4dw/doK7ZVeY3oAtEq6iCE6r8iM94dOOKhuKGknkHOMChdwF+4hTveuth83+7dqrBNq2Ks9wQ0pfVVMZJ/qcnyM/DQMpw1gjqxUrz/C+s/1RmXqNgzrTCWRr5Xf2TqcojqdXqKzhZWwdWzKnyKC1ApV8tBcaJWBg5GB1MCJjkUN4KH0PbKQB9TSZi2wlM85oeJMwOu6gU/cirhFXaOGqRZLTEMW/7wxIn/J0zpJsycDs7M89yzl9a6AXdjiqJWVUww21Q==]]></Encrypt>
</xml>


2017-08-21 02:57:17 debug :
------------
String:
account-ticket<xml>
    <AppId><![CDATA[wx3db5943239313a96]]></AppId>
    <Encrypt><![CDATA[9LdJyhQb1mV4ClzVO9B9unoyKuG3qZgx4YmAGG4JPyvBPNOcjUAUBmGaIghzcgEeP+iVCZEgpMMm3EbdimGjg3EFhzu4raWPhUxdPpQxyZzH52Nfe7WZkNWTQtfLDlQ8Td6IRp09u2htj22tx0E6La/TFlycDSgkMFAoT/O1bxuJ7XiJwOVv2TX+omfdAi6iwpaDNURuKJk8dZwFiDBS8y6yQIssa6y9iEEEipIcqbFTaj0yOgKn1WsI/7pbH/GlQx64Big8MeHiYIE2TCE28KCOKC9DORMwYvWOJ4qBAlAirtJ7r5Nf2AtOrThwQHJIRm3I9+epK9cerXToup+rE90EaLKcFU00yKVpjkh3l07ih+gCQ51Xe1PAZfj7964a7fUvsP2aIdMJCIyWGlvA4klCB6px58f40PsdSkow+8f8tdpbZlBvqp5B43fj2JijHXEXUaIM3/vowLp399oMJw==]]></Encrypt>
</xml>


2017-08-21 03:08:09 debug :
------------
String:
account-ticket<xml>
    <AppId><![CDATA[wx3db5943239313a96]]></AppId>
    <Encrypt><![CDATA[5P2AOgWrlIX5xXx65owihSfTP4EB1E7UoZDF8nSV6FFYVrdE40uvYUMDpVbjWPTbby6nzo3uN1Y1bHCzQ2GeZWQW+YFXHKARqXCWEyeDgvZW5G6iYIEYCMR7ALlwnYMlc65gga+oJE3kqFjy0HJm+LlZcUQuMRfihJXyvdt/SFwXcFJFMxGwi4hFQpHpIxaG9n7Ql8cYC6E4gW601SV14Oe126j/ldwjDu9KaUTOg/R2wercunGUCnG3AhXCs3Za56iSSZuOMg/cto/IuOUwNQxC8VenM9KWFagE4Z16gtnigRxBsq8jOWm29GN0QNcFaSmrRHV+RCEjvBhSaoyRAcAXJh1lXpcBZAOQE5PzxKj9V2v3X6xvNRXkjcnGcmu7SNE2e5EDc+aj8mPYJungcA05xvjQQnFbO4zn/bKVEr64AoV1YPVDT0iWE0Sf8qWePuPhRHLSO2QDBOaKtaMsOQ==]]></Encrypt>
</xml>


2017-08-21 03:17:48 debug :
------------
String:
account-ticket<xml>
    <AppId><![CDATA[wx3db5943239313a96]]></AppId>
    <Encrypt><![CDATA[OxagGAo4g7XZEfu3ts+G1NtO6/zGfVnxJHjeuv/6g0QYju94jsth1aHjfOnZtee6a6rx61UAy2d903I/Kpsryr/LilRyXRD0KShwK1FyFMVZfOKLOrYTw5eg/oBI9gUOISxfdXYgwTX3Tykc0icXrhsrKEH5KZ4J8w99tsiPdNBZJlsLFo17xbyESMAjLqfTK3iel+SZtXZ6IJLSHY2geAd0vUwstiabjo3RSZivTD4sDPa+Vjv9PJ38K0VNLgTykMZj4qujBIZiO0d2+oAmxspZsDdqaZak7y1pP0aDx+G4mKrCUiyp3fKemID+sw7jKBUeHT4Vfp9caBRD43ggU18rSnUK6XDu3vIbmuxNK26Z+7I4CwSL1nbSIZsXVcatn75ZqBoDZ2AKrBtZeldD3uT2c5xQXZsPsJpQT+WcJph2Tp90+z95iZlkPim24HnpiHzeTBleSSHi7WbTgFcWBw==]]></Encrypt>
</xml>


2017-08-21 03:27:33 debug :
------------
String:
account-ticket<xml>
    <AppId><![CDATA[wx3db5943239313a96]]></AppId>
    <Encrypt><![CDATA[AAHELDjudrF/2VRTZX/3KpPw280eDlukukr17YTKps3jdRRsKlMSnwQd9odA+Vmy27VigiSrSoI73B4SK8j5QZtBvbiPFGKFoqUPpUfZwhjoDkcRPsaBwaxjd0y+LFgV4RHRgvL4JXT1x9+4lchSqoWmOZCjB2RF5cY1C3Fg+YRnmqZNBI5+9yl8RVUXzbm7XeSdPGMplv/zggNEd83La7NUrlGGzsEO80005ShslAzjS9Iqf6228LU0iwyk3hcm3VdjYi3Na0NzAyiaGAPAnMBik5yucm52nWXvyHuKX3GradpWU2OPv8bJF3nExFkQUWNU3QheW/IlVhZf8Dc/dJ4q/U9PpnmChp+7PJdhD6sOmb0W/sgdb5XQd6g+j42eiHblVv64ls+hfyb7S2F+6QIcmjOpM0ODg7Q71WfGGKGWuwL4wphuQVp9dBok4o3iUIDowyUALtA0dL9uhf3/cQ==]]></Encrypt>
</xml>


2017-08-21 03:37:44 debug :
------------
String:
account-ticket<xml>
    <AppId><![CDATA[wx3db5943239313a96]]></AppId>
    <Encrypt><![CDATA[jq41D/tTVjmJ5FgKnkY5TjOgOZKD0KEfTIQcuRry6ge7yneTI1y77sG7sATkyyN8neoLL3Crln8sAfX/lhB816omJn1XRm+FuuvDPy+SOVL5CMAWUrbp5SaGkKT86oT0EzTGc+Y3QpuT4uUBZewvn19JV0ZMOhZEbZCpmeYds7mmB1FhtwfWPuEvdsuCpmbV8aJpMyFI06jUdtRUS+S8f65RvVay65U20myLFmLMElNmIEuHDJMy6ILuCRvDYeUmch2T99FHicEgvsXufnlWn9XGGJT0CyqpOY21GlEnUrveNuDs49TcOnjRfV0GEjzq60Erqmbs+qMgPkno7I+g07FpBDpXdmvfPpwAdcb4YOmXRAA71YOiA4PVnTHxOQN+kqdoIaQePo6eK/SeV7q3YAGoiyfMs199SNNKhDOAhFD0HHdMp0uiTuZr0pIVcYWZm1AVfTwB5X3W6fTTDYLffg==]]></Encrypt>
</xml>


2017-08-21 03:47:45 debug :
------------
String:
account-ticket<xml>
    <AppId><![CDATA[wx3db5943239313a96]]></AppId>
    <Encrypt><![CDATA[OhWdIbWWST2xr5a5yWWIS0lubhQdohAAcJHBmQeXiM8e5sbxVOPLpe8CWQTjh3z8NSvGZX82YO5MshgouexgG+KoLAMNEQFOM3bpWOsiMBU8znsib2I4hW06+3dYchKL3nqzzI+lQeGuSp8/6qgK8iPrn4sJmbNYXlDY8VBQ1V6PYDim1zPIejGEQoGr4FT04uKFmwLxo3BzFEGahOK5zMcWJRrvZ5J2V/uDhlmA6vx1brYvfnD0bliIRWKfnn8tA2yX4KvU86tkNGwGPn3WeHmd5oasRTNlKc6HG9BMh6Oqmjqt54grXBIXfNnvWcrgmeX5Qev6TXNF95yqOejDEbPzuPTSZldPbfOM5jiE+GSAkS18edUQqDcXUuogUq0O0f5czYIaLMG3qNWIwHY8Rmz7GZOs2xrxKs8r3IvT81KiTiavzvvTr5T2J0jzNDBVvlNpoHbbto8RV1PODmlnhg==]]></Encrypt>
</xml>


2017-08-21 03:57:53 debug :
------------
String:
account-ticket<xml>
    <AppId><![CDATA[wx3db5943239313a96]]></AppId>
    <Encrypt><![CDATA[c4I0UHlWlM4hcd/ddE8Nu/qWcMYR7cunsjQ8YTmZ0TyRtH0SlpQThdoLR/9MDZ6PLnPmyhDqRf1s5kSSeto/2jHnQceNhjBmiURDAYjRWtxocVcJ8veo9nJka1R1vvcvQJACXQN5UDcr9P3suWbr/e2X0eM9yf9Xqb1qSCQJZToB+MebUKNQflB4qzAb4ckNUl6uFmx2vXiIAKHwBCWNf/j4rRoL236jk8Rjlu5CYzJgOhsYj04waqbDmkpOXbDE2vv7RtWUgfeQ/HsHr2KGTjRX4TMGEI9gx4T2Fb3b2exB4BcvkxFEWTZW1p5avFOXobAqKoBnIQC4hodpVdG2xsHjDS42IJtjzm+hJ6wx/xPVh5iiFv4ETDRQN1o1LGW31QrUxdxbx8EZOPhJnAWLtFrGOrV0+/McaEO8ZQcdWMoAVi9ZAR1FWjKSsfsCLEXE6z4fioGhJsJ17u2InNR1lA==]]></Encrypt>
</xml>


2017-08-21 04:08:30 debug :
------------
String:
account-ticket<xml>
    <AppId><![CDATA[wx3db5943239313a96]]></AppId>
    <Encrypt><![CDATA[bHch7yPcVAnI8ckZznNR5T7ZBN6cKt7OsP9+vz5oH0VYtONYhgDlBBXchyNMEoxItG/9pXWCqFZs+cwfBF0KZYZ2GYzygy5P3llY9Ors5s1dCpQUTdbwShTpenQhvpsO1Hgg/WzRT68ZOAKgC9Yu2NhjyC9/6ah+9n7ppKznnSLTqiko215THPzWR2CQvIRosTjDl9Y9UvgQFcmjjerbiaBwm3VJ1/L/EIE8lOg53mgo+DoxzjHR1c0wZEX4AluJw5VQgCWmX6dyWV4IgBBaS7JEDEIOuH+hW1xWsUhF+Rk9hDkCOCvmmMCH0JD44QXXZo7CVQkT8EQ1lRk+wwSjpEuvJzqSZ7yV8JIEhNmckt3UoN7lH7Zo/UN37Rxw0VCTjkH8+9j1m7zPOd1q9ns4yh2s9kY5n+Wwr+7UfadIxq3+Rzy5lCYJLZRreFW401XxnFS309P7M7rbnwQsxTgZNA==]]></Encrypt>
</xml>


2017-08-21 04:17:52 debug :
------------
String:
account-ticket<xml>
    <AppId><![CDATA[wx3db5943239313a96]]></AppId>
    <Encrypt><![CDATA[lb0h8Ahj+5aaXEtxU3zG7ZbKIjzirNSyr7t4b/yiTETaOoo7kxcgJcfrXYeocJG4ZHS8iSmS6ENDFV2Bb/RBQ2xQZzm3/V4HeltcPfT8kTM2zSm7oqsa45DHqU9RHD/ZfROV95ER8hRuuuunRsF5/pBfwEbnxPANTcE2PIla/daghU1jih5sybIRxJ276wSDQAJjxYEK/qzXAQKiSODh4uybRBi4pKygmot58TmfFYdu35sI7Nmz/E525hR2d6x5wurLAgPDzLdOJYZThDG8KpoO9t51mfPalID0NFkavT1wXrzYJq00oGc0/uBSrLs/mKQ4LYsJkgTIbbvmSd74XeHqmF3BxG5BxgG6srP2D/fqlPlyLFKYTu8P6IY9wgh/KIfABqUWB2wH75lIf+1QB6q9+CjldcmNQOdth6YYet7NjTL5skWCwnFdK6pQG0I4y3aX000hFTpMXyblDlJDxw==]]></Encrypt>
</xml>


2017-08-21 04:27:31 debug :
------------
String:
account-ticket<xml>
    <AppId><![CDATA[wx3db5943239313a96]]></AppId>
    <Encrypt><![CDATA[wghR9I9UUeOJTwkv2irsWCgLSQ7DTqLIIdt/r3Z6gmnJJPJMQgQ/LHQY6R7rxOs9Nr3hMbOU2Ac2R4Ja+SdWORhdon8fAiWCxNcLaX+e4f1B91TFZYs4tZgun/x96N7Xff9c1VeByxY0e8A/Aa4Fk027Agw85Vy86leaUnzalDk69C0JDvRsbowN3Z07GbhoTAvhEGSdxU9gBAvU/5gHx7mofJrcJDKNC7D3Z714RHzwtjUlf8n0U3NH0VsbHVcN8peuTy5qSho88y3yMbPR0Yyb3pLRcs2mcJJWSvtja2d9FRckXQeM+i6FSriD9IcWALgpAPKbOHlevxk2+p+yQ86dQbHXFKuvdFLjyLPV7QP05vFOvjlFnNkNqj9OP2YNYRQg4B4T8athNE2U+jFaejshAIKkfW7nmK2w/FuW5yZTWP1Rbu/YC7569zJV7mj2JP+lFRkDWYRZMaZPreKRPg==]]></Encrypt>
</xml>


2017-08-21 04:37:28 debug :
------------
String:
account-ticket<xml>
    <AppId><![CDATA[wx3db5943239313a96]]></AppId>
    <Encrypt><![CDATA[lFGIg1KXW5jcXxnnkfrdAfPYU6rKGASsrDuDUJdo92acToCfQAjWiWmWK6Jl+cUmbvr4EtcDvPNxvkm1AuZFczKIVoHV198epK7BzpuWTqLUaIq6vTovuORy2i6wwgncwBBunkW9CJDSFfm2+emOlT5qE0BZnmbxLTADHYUjmQZZGVMGesJjWNjSfy7vf6uSJKNDXdALIBeS6TJh1EZpLE+YUtbJkM+49SsrbcPUIsfaFgkoai1KX0oj0f8Gb5n/BWRfBVc8IVEMHIlpUTAG2/C9M412/qw6y3nNL3ACKszFVqjtM9a5q/AAsyk829KhYg1nOEF66lEnD6fu3tt0tPjtye207F7hScagcksPRyJTv4RezBSNYcC7YKbExGh97Av/Uk36T09sv8d6xWt2SRJ1hEfCTWu/Ja4yhzISy8nc49BW1MrnjAsqOSoYolY7DMpdElfbCt8+Qpft+wpa6Q==]]></Encrypt>
</xml>


2017-08-21 04:47:17 debug :
------------
String:
account-ticket<xml>
    <AppId><![CDATA[wx3db5943239313a96]]></AppId>
    <Encrypt><![CDATA[Wyl9IezdcqY1c8vDoU7yiFdq1brouGSeBVHPOeucGoDpINwca0miM07gLEcAGlVNib57K+Y5dDlXRpIJ2+DDes0Ed1jec44sdLlPVxQDQm/Jq3Dcm23Zk3EfGqx2aFA3llC6kxWHuLJ4L8QdW8X0VsmV8e693Nj3L0EE4uEeldeWSrQYQygNKj7RB0vlOY+roMh79gKzY+k3ekWtOzcsPib+IJaNbGrHWcrfS4Zl6q3W7B8R0uzuoENb9XNBO4q+A1tBiLxn+MrprGqWdS1MoZRc3c9jNCoRUJqmue6tfW5w3x1YZN6ZOB1MWd7RPpHlklWygC2YutzJscD/dDz48BP8hjWvFXDu8mmfaJynFHufm+0zmvar00U5azBWB1BKqWVNBhQzJpdj+OA2oDU0zF15fMXnMag4HYVIpa+LwFutZirEVelpWmuSIuLmkC5O5F4Oce3DuLRfFd6VoYqlxA==]]></Encrypt>
</xml>


2017-08-21 04:51:50 trace :
------------
String:
<xml><ToUserName><![CDATA[gh_a886868beb64]]></ToUserName>
<FromUserName><![CDATA[oNejvwLWKLI0hLFfPm5tnEIcQhRE]]></FromUserName>
<CreateTime>1503262310</CreateTime>
<MsgType><![CDATA[event]]></MsgType>
<Event><![CDATA[subscribe]]></Event>
<EventKey><![CDATA[]]></EventKey>
</xml>

2017-08-21 04:51:50 params :
------------
String:
array (
  'rule' => -2,
  'module' => '',
  'message' => 
  array (
    'tousername' => 'gh_a886868beb64',
    'fromusername' => 'oNejvwLWKLI0hLFfPm5tnEIcQhRE',
    'createtime' => '1503262310',
    'msgtype' => 'event',
    'event' => 'subscribe',
    'eventkey' => '',
    'from' => 'oNejvwLWKLI0hLFfPm5tnEIcQhRE',
    'to' => 'gh_a886868beb64',
    'time' => '1503262310',
    'type' => 'text',
    'redirection' => true,
    'source' => 'subscribe',
  ),
)

2017-08-21 04:51:50 response :
------------

2017-08-21 04:57:05 debug :
------------
String:
account-ticket<xml>
    <AppId><![CDATA[wx3db5943239313a96]]></AppId>
    <Encrypt><![CDATA[kY3hlmLSLrsgWjwi8BcAuk4BCt9CIo2a8y6QyzLlVmMiseLLQIvXQegJRu/KQC05ACZOZn2zzOhnqX1ltWeLfuzxNNFRPO3hjB/U5mqegal/No4CLluoAbnPnTnh2wR1Y37niCyMbaz6lNpeAtRFCYdRWk3WI5MGe69OQDYQsGt9Abibvu3iqaSsCeUn/dWlZILYo6vaX4UFAZdQevhfIt/Xd/ZkKBS571hWw36iUzxOBfJ48hP6/gKj0Aid5EpJlGyDBijKRobvqOFc8gtrqdcXwOY38FJtqr9vYGdkwvyreaeDY3EFUQNrOz/nhocbRlfS2g0QrCJa692RSPKhelUrIqTywXZoPEohRTALGGc7K37LiFpJsKy7Dl6ofuMDJ/PmEJq1W1yV/Zy5JwjBOXL6NuF2DhMSFwwMwB1JPFPXR6F1sJJ8f8RpVkjnUFu/RRtYa1Gb5gzu6+2bdZqA/Q==]]></Encrypt>
</xml>


2017-08-21 05:07:28 debug :
------------
String:
account-ticket<xml>
    <AppId><![CDATA[wx3db5943239313a96]]></AppId>
    <Encrypt><![CDATA[LZSiBNVj6csXTDwXn5K+AACxBK26wmNJuskuMCxLAlzOm1XOymLuOh1A8W9B0em7ukYIbLxB/C+Cv60uYI/x3+5JEaAmpQGLzW8lERUu0BShKpvLPU9xDREMuRnKF0S/JitLY2kdXbpYaczl7UzHBHLAKOTAOxshEncvs6rfM58Il++PzwlVo4oHB5xtl5gSL0RncXY9pgk3zO3dR5FeEP+HYLFY3ezzghyNwuc3+8U06Yo2p9z0YWroZnPyAzE2g5mwQeJGDtTwYX+S/j66GgQ/k8hokikio1xZK0N5sdTa4iUBphvX2IQd/ZR8pk6g6DVVABVpd0hX29j9p9c2xptm2jvxVDbQTTIyV0v2VRGlPSorO3RpAbTs36Hrjz+P520a4Y74e6RKnU8GsVS1XCbG5PgkqErp4ooQb0PtxcmCoT2z/EgTlHv0PysQpazqzXrCnxZ8Tn79wpjhZFY9NQ==]]></Encrypt>
</xml>


2017-08-21 05:17:10 debug :
------------
String:
account-ticket<xml>
    <AppId><![CDATA[wx3db5943239313a96]]></AppId>
    <Encrypt><![CDATA[AU3l99xBdqds8F6l1Flb6X2u0q31s+uNSqgJJ8Q7JoeB/7MwjKHJfJ4m887Ywf1x1avUnT9e2XJo6nk01Xxqom91tGNV40rbFvFEuS7efAUn/JGuyz/1R3RMnZfxlQqD4Iwbeva64g4OZZ9/DwVaTmlw1t0xUYCG/jbagzfZ51M3Ypz34Vvuecy4gyCVVoWbVa+Jt1YICWTt3yCf0jrR3QCoZGDHmFUIyAFSg/KHcS5Pbb+RdQJVqMOamBkqnCjoV93E4jz0OvlnzZ2XWrBHnj4Zg5ccD9sz9Gwc54vJ5hRzLWK6M9laNs50ZcmOyqahNDOage7Uztq3CaSI7L0GV6X+L23aF1tpuhHGBByPiShECloQCnjzqvDJet2CQ+HAv+rWzas5gEmyk/xVCO20fyNq75twjXljYcgtCSLMf6JSIRBicbx9mduQrk+vo/ICjCKuWpYBmB0LjIveVhE7KA==]]></Encrypt>
</xml>


2017-08-21 05:27:14 debug :
------------
String:
account-ticket<xml>
    <AppId><![CDATA[wx3db5943239313a96]]></AppId>
    <Encrypt><![CDATA[2nEFAyDOuiIVSqLaniP2kMEFKaIvd0s8WKH1UlDQTSck+pH7HzAA/7VOxsUgccKBXz1VAD7pTJ6DFO2ZIepv1J5zRgyigAy45ksDHu6vXxsBRcEZlk9RYnyiZ9qtTghwCc0Ty3/efcoJmycAtCJ88BekpIdkCPavE4lebMJoKaXSmc/PcCqrfCcpm1Lxdpq0roAkZYAO5mmZvD87tgDwfTsWXl4OQytc97m1aNvpRn/gIQYpIWaU4Pvh9oKg8PzRhhZ+iVWLzE9cvZ4fMBqp3t/RSSz1k9KJOmQzYn/elI5kWwI6KhRoeDCEN/550JNgMaRUBY7E3oeCxdlQAKQnT7RwkaynPQKB6vU3a0T0Mah59hBzssY7YsMJenvRGpLbRYVA5RfwOqAu9siVVqL8yvBCZpEx/+cJNPoFWZ1qcGjx3QD3wRSyJP36p6ukPaH0FE0Xf/fjE2smVVVOqTF6fw==]]></Encrypt>
</xml>


2017-08-21 05:37:05 debug :
------------
String:
account-ticket<xml>
    <AppId><![CDATA[wx3db5943239313a96]]></AppId>
    <Encrypt><![CDATA[iAggqRZk9g5TZbaeVtkzFqH1Gey894DOl1aS6iesPVcGBg9POXzaxPG1nWxwIZMsWBI8E4CDbOQI2kFTRMNjqcuccI76zdtlMdJb2svwOf5mLQffB02q+Ul9x+k7kP32k8i8DGa1lq2cybA/3QSLoY37nIOspjhyUNcLM2wZP1+zvJ/kLUMx3N+c18jyyCRQE6aLtYijw+M1RARFpb1b2Bnd0oMTod2Y53ZmrEqAmtAYAUsvlMT4DC3Jja6Rgy832PVm4dNjsDMsnoyuO0tUD1rAGoMqPAB1YCJfUv3B2jz27+bGf/yQdmyJlxl4FWd/sv0BBPANdJfMcflc9ltIb8pRbz2vEVwpqmKm41YIRkrjtumTeYBmp3gBDK0pu9FvBUWbSLwRU/YrQODPZ8iYEeDN/Y1WtF7Mj5TgnGerA0E6rCaCQ0QrdZq8MK2nFiyWP50Rzf2Lwq7ouCN+lCLZzw==]]></Encrypt>
</xml>


2017-08-21 05:47:09 debug :
------------
String:
account-ticket<xml>
    <AppId><![CDATA[wx3db5943239313a96]]></AppId>
    <Encrypt><![CDATA[7uUmBJrnhhlRZlUrpWv/WqFT+k6RsmfKYiJyw6zSa70VtftgcBaturMFgXEfUoqD6mdbU0Zr1DRbAsARHHJ/ZhFRQhDAoIKLFqM3Bah7XRX03OJXcyLM2sdjiSn6D4In34lHWAPJ1G/1lV9yiIzEnfW6rEiAyEnKRCDWQxRYkvpZYQsqydFfVWjXK3MY2T1kggn6WsGEhU/Ee7kmTFPCwN/gYnyMQNitLIRIOoPWTH+ud/P21yaivDhKvX2tMk9D40HSeYVJiXIc22F65T9Sq5J/rqbEzyFbipmYNcqCo7i5OWDjSYTRhVD4Fv99ZvEfXyTlpX/9OSzbZaLYbYHVViGtqfowEWgGDvBLUeMtcocSduv/xEq4dWmJ6nzbUb0xiHPMABmkjtBVV/7wodauF/OoK6zi8Mcv5ZyU6Eakd2RcFRR91eYbmQo9dLY/PxxZaQ9W9hCKxpuD4Vi21+c1QQ==]]></Encrypt>
</xml>


2017-08-21 05:57:05 debug :
------------
String:
account-ticket<xml>
    <AppId><![CDATA[wx3db5943239313a96]]></AppId>
    <Encrypt><![CDATA[002faKNDPv6J3/c1opywxItUhmx5rsNn9S80Y3Fc9Abf1XFzpXWXMuYXYLDL86RVfrdN1NtY8ZZ+Zl+fvi4N2qPYdi6CcOUOJsgwWGPkDhg51WL1dhwe4AFXr5p69MXlt5TC91s4ta1KAwxa+NvJbiP0pkCecrzr4Ow54dxM/tEcPcEc6xV/sbQzhHgKdZeBOtyJeuvnyUTq2xNKApA13e13utwxdCw82+3cTdCf9TzEAPT7xd/4xbFEqb83nd8b+NSkw/Gp+i3/RrG2rUlcabz2LDfjdrPY4U0NcwIuR8yln/ybNPfgrqSYm6E1QYYO97M1L0S7h53xPTVj827Rj8l35rMY4S1Nkd/uglGz/7UiBSXx64t1PWz1GK1wxyKztijzrtSyS2EGS/R3V5rTSxc9qKt5PCqMgOn/yhfZjILsuzjNcPUXHpNVNsDFTr/uqQ+79hOXktq9SjSawIJXgA==]]></Encrypt>
</xml>


2017-08-21 06:07:04 debug :
------------
String:
account-ticket<xml>
    <AppId><![CDATA[wx3db5943239313a96]]></AppId>
    <Encrypt><![CDATA[sRKnSj3xJke1hpm1fZb0SaSAexWu3E3tT/HdKaSD45tlMi8Tk/I4t/mPe2B34Qi07VFFMpjUE836gXjafh9AS/5YF8ifYrDO1v2+5HygXbYj/nh8ADa5uwBcwv68kbJRsokswvUvcz72QbNQM3ucB7mAk6T260YbEk05MmUh7R6rc6RWX9edsQe0tA/kK5FJt0wWhUnKywl91iFiCuL+R+M4q7eDz0Sw6X5MmVxzx3OcAVAb32yBIX6v8199G3oLJmhG4smPb5lKqTp9E/1BQBgaX1FS2rqBIbXNp8Md80KZplNjiroC51mOcPwfjxsxI8pua8s0xQl00eTkTH9fjiORA95Gsbov+nOHKM7AxT/s+J4EL2mEfoMi2rQ698kkfVkZpRAJ8H2WJDZvosKVHqT4GgkSORsobYHxFOJ15R/k/exOzT4BSeyXrq7SE5PPil3yefYSXEREaly0Z+Dntw==]]></Encrypt>
</xml>


2017-08-21 06:17:15 debug :
------------
String:
account-ticket<xml>
    <AppId><![CDATA[wx3db5943239313a96]]></AppId>
    <Encrypt><![CDATA[wDwauRUwV2Wf1SOR1z6Y2hk8pTwSezaBpt9WD1zG6uTu0mkDK3nUkESpZkA0JAVpVk4t/RbVEwOckrsTPmzOC73fq5YaAMNd00YWrqF7qeuFr9KIFf5v8TOMdhxxucpF+71079C7ad2GCjNwUi5AvgoCSGNgm4VYj7Rzael0eDa9mlh8KZclChEk+WeolP2FFfief6WJjk8Hg3msHMFJdrIZz2imG/BjCdELxwvRFQbhDlSTiLSOlrhUzZxrbh8yTsEWF60b8wDez4L3I+Hy74pfK74QVovB4zyUA1pyZRRPQEY1Z6VWAjFS1acwcWkD01bnNlTMHIZriXmbgxYAaXMp6QVlVe5bnvtF8mMP7zOtf0BCo3fdkot0e/PXId1gkpi1FBDF5DgzRwkd5AGEOJhCIW2lUquHbkdXbfFYqU5LalZc7AcQdX1Ma3/sHim1fyqeUuvgZEhnHB1uEvw8Ww==]]></Encrypt>
</xml>


2017-08-21 06:27:09 debug :
------------
String:
account-ticket<xml>
    <AppId><![CDATA[wx3db5943239313a96]]></AppId>
    <Encrypt><![CDATA[a1kBlb9nCMfaHypo9Lcx+X7otV0sTuGoomPH2P81hvecMvyZhDO0VD9Y/KQwe4GfmTnoTbRcBiIDVWV9XYPx7GJGBX1M2Iu9BSNwoGT8egqkSizlUxNQahB5Co/xMOu01/q5j0M+WMgmmeR8pGTy/jPzAK0YZ6rgHk93QbU0gaMqJwm5pgA04nJ0Bgc3FFhSsHMSq5hpsOqCDidH26RjEhhjligXTXxaSEnhyz8MV+rrJpuXHtOAcOBsqVQsg6gmVB5R0Gdq8n5Lvryzd2yRAbPXRPIJmMClulEsHjzSgfWpYvC7yqgOSkW23osOhw9BVAw8GTYHBK+/dwM4qSQB3rZ1qV4S2NiVDhtzKotxXF7cmpw8lfZwA9gt0HECIF8xMPMBRiNwpC7sGxPqw9ZS2+LMvToH0HIJRaIH0B1T6csX2sWBPaByvuSwJgwLF70VbHgaufyOi48NHFMfxehNnQ==]]></Encrypt>
</xml>


2017-08-21 06:37:11 debug :
------------
String:
account-ticket<xml>
    <AppId><![CDATA[wx3db5943239313a96]]></AppId>
    <Encrypt><![CDATA[PerTm9jiZL38Zo4To69D1YRtwUCwwqk+Iem0A3eHXwl3ZS+QHECJ95q5MEQxczYspbANS6/j+z41ambb0BdnmNx2Y3vgL+4tJwHy8ON/DB+5ENipRrt6w4qEqWh7QvlJHuKaK1MnNtc3n50krJcjsNIHgsSjuL7PXR6cxCTqMUMEJNKgnn5DO70HVp2/A28BjWctNoh+oKsN9iARR8ayiF5FNTY7T5TeXgvuD2huPnFvHZS2tDLzal1lIAESV3gYm7ZEcmbKU5yt9aj5EdzN2vIeJAhPq9ekHvRxSNwFr2hoxi5hi62IDHs/MC55SvFFstxlrRQLEH+r+0N404D+F9NlPFAuP54EfEHfs8EZKZi4avvcms20p3lQNjEfgafTmxs1TodHwCumJHPcSWk0cOH7gzmR8es/2EuqQsBCy57e65KEayC1+46j8+7uM+GuqS4b+qxEkGpOkBdavNYJgg==]]></Encrypt>
</xml>


2017-08-21 06:47:11 debug :
------------
String:
account-ticket<xml>
    <AppId><![CDATA[wx3db5943239313a96]]></AppId>
    <Encrypt><![CDATA[7Fa8MoziTVqu3BzUdF6j1bEcNiqLC+LUbncZeWugZJbobAHjyCBtvps2IIhxgkM7frrb32D2tWGA56HLzH+7OEu9Z2Q4GQTr4WFQ7TgiKwl2YuyrTt13hh30f8pldC7NiOePGVCIcv0hs3+S22xSa7Kb+0sWS5SX8k92ZB1VTEpfZ+/JgzsiOim6uWKm4sZ1W3HF+8oQ0tH7lEOTjr3QIiIPoY4LSRzqEqKL7QDzI7SVbB/5EvqUL27TYdjwfuQjp2ryLpyrR2FcZ1qQIlCAaShGrmaZPfS9b2Z/yDn7ofrVMclGJdXqYrlfdo/bPEqhJYHHgYj07mxYfZD+d8u3Oxvhp/EEW3/s/QxDA8Q1SzN1Iej+8A7905i/BqNRAzbpEiQcS1sEnlh7I40CgVmLan9xfyDul7QCE2Mid9561Q7zu9WSw0TCrapRPaDgZ7DRpF+0U8FDrqI/aPAXSaLYTA==]]></Encrypt>
</xml>


2017-08-21 06:57:12 debug :
------------
String:
account-ticket<xml>
    <AppId><![CDATA[wx3db5943239313a96]]></AppId>
    <Encrypt><![CDATA[OWu9jiVPrSChfAaF3Dhs9Q+hNd0ezvtFlLWtqMZfbGAGspuk2it+omu+bPu77oI5kJczAGYI/MW+4Xre5T/apJLttUD13Svtr3rrIoVMrRvHHDgGVWB89ghZuU77ttK+2/l4q1viDnC796l66KKWaQ/m1gymgpL1ywITIJvtAPayxtNSWuqoMdUPWiO4Um1PjlPsKs3VXuL3P9knLJp0jRXwg1vVDsM38uIp0WEnWvqq3lCnNS8VZhDRh7G+NEEGnJ6srlxrVb3uCHiGXUT5Hy303mMBJ/yihOphUuXjOMGlvoA/z8JBNgwuj4vbTjLsWGePTuEe7QvuIk1K9FhQe0rqbMZuWQbluUDwDMR4ABgBXHYb2+dexEEvISNRM3rnkVLS/k154WgJD4JOuGy8+1Zu9VDXW9ni+GkkNzk0z40X/ME15bpnHHnvb0cXhD5ZevAnfX3+tJH0O/FeTU96Sg==]]></Encrypt>
</xml>


2017-08-21 07:07:19 debug :
------------
String:
account-ticket<xml>
    <AppId><![CDATA[wx3db5943239313a96]]></AppId>
    <Encrypt><![CDATA[ZIsDRGz6iCji+b244EyBbbtQnyJDtYsdZcIc8cbxhlxKrkZuMe/3dcy93lAaTeJzEX7uZdwgHyQ1XodOh2PJ11usiJbiAEuxFvHjRKSqleNHyLou5k1xLEVQB+l48jZC9TjBD4Ko/Y2UoXxoZl6ZKPhkvdgP8HexfW7SB6qutxzWfF64V3DrLXFEBfa4ei6KtWnCj0BUdCkYq3TDf969l9CbldkE/lnQaHm3sU9zAwsc+OP2b1a42n5eb/afySkYCy3TQezrAAiyEYmLz0NP0jL1Pm+agCQB9lOq4yNuIa8DMZ6L3TC2uKGXl6PwmrM52yAlY3+e+yJi5HTS7Nig54J3i/D6mOxvIMWUS1Up3NRay91xEN/MhM0LJKCYW7NUqmqQv7TMjuE14EeyVQ82Zuz6dtgJxHMFiaAKSZRDSO+6lf610krgJfhWPMziQaivVhEDclQYldYnafp5umIehg==]]></Encrypt>
</xml>


2017-08-21 07:17:14 debug :
------------
String:
account-ticket<xml>
    <AppId><![CDATA[wx3db5943239313a96]]></AppId>
    <Encrypt><![CDATA[VaZRCLgUsjCgu5nqdfwRqUvVWIeG0G1b8+iqV0oQtgrFv657cxPSFzyP1ryBeHg99f8tkozAGglb6V3P5GbzXAO0hyMiloEbQSsmAN4qHLEvPu//F2PDJvuQn1R/X7yYYHMZiZz4989b49IX8xcgbbNfa1h7BIrxrTS6LuW4taRkjg8EFhL8ZJjwVixAdHbEOyBVzJKyDtKvOciZ7GCdWvSnNXiMDoQMMOS/cKLxe/ZbS1fxglUZOSwJDPSFEu8hlkeN+dVgJ7baN65gFK8yjdewf+G5NnjdPNtp1juN4uVmf7gafSuRJtfWW65k8PwDPtoITHE8RLDq7RGasy5w8wGkLY23Ai6ULUS/JlVJI5O0/SKHr2r+fMNDsLAjIfUGLNbe/gbnxdfizw/feec3cpvikLJXvJ74ca9Skd+AqAm7vE9KL0kJY+98i5jQ9xT0wM9+PhRIHfbc5ll8zAxH+Q==]]></Encrypt>
</xml>


2017-08-21 07:27:23 debug :
------------
String:
account-ticket<xml>
    <AppId><![CDATA[wx3db5943239313a96]]></AppId>
    <Encrypt><![CDATA[rfWz8rb+M8TViaqnt46kWyjVyfDTSMbDHBJq1XHhN/TCQlB+fzYSxkSxk2UogZDVS9NgvF6GpjnzPcF1lscZUU0P0o4KOa5fqMWQ3M2Gir0rM9q3/Vdz5TWm/KewOfa0QZn7aVuEFsYNFHsWN7VH3Yqt9y05kkqbOW29Moox9LDV+DRfXX6Asnf0sysOgmL+dWtp/XoRcCL9vGYIKO4y3GfbSaunjQIigszs1P+p/GtGVlzvqn1EP7BOGK+uQitY6FeLmwBtFHOGv07tPkVvvb7LtpuBaR0pbcPCsdBPNmuJoslpbTNxIrAyBs8z3Jicu1P8JnpzVwDoybJFnKjBge+SMAsE8re6lwLS3g7hnUgbNNci05SrPULFbL8qjZQ88BKaDXCqEingM5Cg/0GSYHWusWKDanwAHHIGkI1SQOqj0F1GiUIZc6GK/VC/JJeTh1NNlDCCGUv34GNB0LAiPQ==]]></Encrypt>
</xml>


2017-08-21 07:37:19 debug :
------------
String:
account-ticket<xml>
    <AppId><![CDATA[wx3db5943239313a96]]></AppId>
    <Encrypt><![CDATA[zMzIiWvD/sY97y0ODvibaLs08a8C21GFXccpE19gMXEgKrzKzRcP9o3t3xj+hq/w9Curp+GD6odxkDIDekmmh5I4GfVnuOKv7Dv6+WEcKbv7N09mOfST0nd66Ijb1kB8J/b010R+Fl+BRBprBmA1c1cEBiDvEZupuEfHo3ChYIa63qYuM0KDyXYh7livRDg8ajenI5gtGnLGUXVEY+avxHpnZMChCC+D+zVu8ikW9OTFUeHtD9JUHjx/U0LH7vIpsDMG2alcfr5hrmb6LD9BeBQcifsS6nCfy4aA611rqjmYdtCphmq1aSY7pGVa1nk1NW20DOHcP+4p/rquvpwrteiF6BYA5iFzodBp8KMvRcBmclEVTtPdazh5RPy6g/vfNwVfcBVpw/pM0RR4Yav8Czehv7hjMDJJDXgLXR3t3Q1Ba0tmcH4MM+9IrSWvqmxXaxguzdKc4A88htijLeRJqQ==]]></Encrypt>
</xml>


2017-08-21 07:47:15 debug :
------------
String:
account-ticket<xml>
    <AppId><![CDATA[wx3db5943239313a96]]></AppId>
    <Encrypt><![CDATA[h4HxuiZii0L0GUY0o0faedjXp8HNL90GJnbnQzHu68CHf/HdxMiQxs79ktZtRGDIvHOEGpG93pIUZRVk1x9dCu5gIB6OV9advvisPx9jIDHdzV0i+bXo9TzJdz1Q1E+yDacX9gHO6Kx23ONs6NLOZj9Jqw56CmafyvqgCwj4elWfNcoSAIpGw4ykVCNyEGuJlQED6LlDbZTJKCkx9DsUerLRPaHeJ4cBPlJ05sMYTDeCnvYc9iTGnFIN5rtax/7UetUL+T/5QvAKMdWOhkenjwoB8YrhS0PgaMjJrKxdOz+4DR9KxhNg1OCXsWIhhB5yxwAuKx3JHnPo/Li6vq/B1Kl6dYUzX3smyV7a1DHwMiXPDdTU+lzl4ofNa9EP2bfb8QKOWSreUb/R5R+WwiLQjluXzUcT6UCBOM1L6WxSIPSy3RreFTV+mGYHd5DKKe6FxxlgN7OmkNUdZWLc09rkEw==]]></Encrypt>
</xml>


2017-08-21 07:57:02 debug :
------------
String:
account-ticket<xml>
    <AppId><![CDATA[wx3db5943239313a96]]></AppId>
    <Encrypt><![CDATA[PlQhcAxxtYkxeyH3fziSshVAxOKltLxEKcyRcYk8yoWO30M2NW1t9aaps77eGvL+vYICKepBUK6H6Z2GyvptxvoY2V2fD10uBKEYKoYySm/8NPnG5PijPjCBZM7/42NgR4jHqR1Zvz9ki4AGWOMoABKrA0oy6MHiCivsqw6v/DzU/yVnQMx7gfHqb3Xso96DyPxsIav5ap28VAo3HQEKpU8zjAymzUQ/ON7O9S9iU0ov4Wt31VvnUGCF8Fmq6WQSrLP5lBkeVG5daXfMsMEOqcXFx/h8p8HA+85SX36ypfzD4psJOJZPLSJuZxFM4iqqvuQaOqvubg5TlYXi5S8qrn6ZiFoO0XjXN6zmO8uhp1jvxBXGTcolzUp4L9tYF7lhIssYIk07x7YszBJMYlUGqbOcuzpNYy67wmHV8zdtSFRY9ShnOW1NkT24pj7DFoTX2WhtP3ERjR3RRNmeiCRGtw==]]></Encrypt>
</xml>


2017-08-21 08:07:28 debug :
------------
String:
account-ticket<xml>
    <AppId><![CDATA[wx3db5943239313a96]]></AppId>
    <Encrypt><![CDATA[V1O0vWgFlxm8hH0nqH0MbT+QDzi7d1tBDy9KBvvYAwEK1fbP7DjY/3GjJERNkI8V02GBFMiWwoe5ufU0pCeyaeZWtnvuSljgKC6Jlme1DxrRvkxoTEPUOJIIR1a034qsBPqQlZ+ecCe00MBhxNeZ2RSTfmSLgiIJ4I02yOKG/QRvHn9eLNAq9aSBFGiqaG8ScEzuGVD3EQqMJD9/cM/taki2mAh1Gzyw9fa2y7i3HPRjfuvIzXoCJhXm7zAefzAQS2tXdq55V3vkF9D86S2/BRxn3QTtmxZ7IH+Z336To/AdO/p7WDhssF8tvKNGyUprDjNbLYRdD56qLWhTT4+dSGl2kgzAbDl/0+P7CpnnT/j0tc1eKj7IYL8DgV+nBXxrE/LULY82oQ67Pzai1+PSL3LrX/dRwbTez8pAAky/agq/P24H2lRTCR4wm4z+565VsaGlF1VV+k7ZV5TaYk8uwQ==]]></Encrypt>
</xml>


2017-08-21 08:17:25 debug :
------------
String:
account-ticket<xml>
    <AppId><![CDATA[wx3db5943239313a96]]></AppId>
    <Encrypt><![CDATA[1IsRMDIcKF1d6cOz+AAi97GC7NGuiXONYGUjCK1f6FZKULzy8ZneBQ4FYnrZkXH5fBu5iTedScoFXKHpZ+3vnkRr8rtQuYKBE/KxsmlC9aGz3X2tfeqTNjdaPYofxecKQr3b2tN0JP0q9zbcgi3h9WK7ClLIxfqH2O1v6V35vE383IyFuwoHh57adhTYYQTAjvtOXNiKDYXoMlElwtRQS2ra8HaTmyvzEp/+jAj6kWEWm2IHa3GWO6VcL/RlEoBzs5rb79fwsRDftRXO3HjWKRVahnLHleAnx1pEUaFcc6rC+KLhJve1QbwWwDPmvDBub/6DXuvIkK4xTAHxzVfcEFnB8qeLllGgdsubagaoHD8zk8hMb3JGbDA38QTE3v2PHfDZPe8N+PJdHPcU1fo1u/wLWXx7nAco93d/dBuRr74XW4fXyUUXSvCTAgpGwCLMvT7OCwTFPF1IHu4nRIwSNA==]]></Encrypt>
</xml>


2017-08-21 08:27:28 debug :
------------
String:
account-ticket<xml>
    <AppId><![CDATA[wx3db5943239313a96]]></AppId>
    <Encrypt><![CDATA[zkTvWEt39HKIYAsXs/PhTLzhwhoJZPNiVmgMpttODfJXbwQdH4eje5T+DA7kDdIdlFkoQlwgB7yQLLzRv/L1CDb5595G+ANYFqxZDdMHHTrqV8exh6+JYTPUaiJT2FmyJEwfA6DdwVZOqSgrCAq9a0SDu981erJ2SKznKw1S/9OJMH+MHig6cF/1usdUvlUUvi+ed+z8kw2Q7NwM9oKNiEE6NBG4PwzAMG5CAV3Lg6x7yi9pM6YzMXEHZfK64z/BfFBrvuDac1iIKOZiSmO/c6QsytNsB7S8EWxebkYqXiQ/JtYsj38QcRDStf6M6k0e+5Sp9627mJSYnOCLWvv1bK36xLML1DOmNQbK+DlUzB72iYsaSnzycNz7luKsxqQwt07QHkG4gQdAGpX8nI2qIxnn1lHmBAZunc8veKeLGiiKR10badNWGsPi791teBKxVgimbg3orNdr/2b6iZXmIw==]]></Encrypt>
</xml>


2017-08-21 08:37:24 debug :
------------
String:
account-ticket<xml>
    <AppId><![CDATA[wx3db5943239313a96]]></AppId>
    <Encrypt><![CDATA[FIu1cnoD3hwgSYtCqpVrcl+eCtruLafkNPWce6BbMtEOe7wbN5TxwQw+wnmgY4R8L8cimvHROjnTU+s7BlaPNlMY1R/DL5rpWs8wCkgXMgkkeMjtbuAODcFud/SKTQw6W/KutFGPKGFlR2wrER8Dta2DeFyahvih7795OnsNVyR2+5xAuLZfTtUkV8SrxTnxVIphVHBRMEtRicIME2cACAlqnHAOjPCjLLt/eOt0KTjhcklC37LdQw4qoFmO8PIK1IN5fQMKQgZMDWu6MsOX0We7q4LWdLKQ40FdW+bS9XwfsmMT/i+13bj9GJsyZxsnQJ3iIBGXwkbgxygYlU4DKpOpbowKenmxAMBbjyqA6gOvdHnXH7AZLY4GRqpkF+la1eE5uHcwOPXJtxlgPz0B3aNo2C24/bwOKytSbAroQTmN1TUG3d+pZL/Qssb/PB6SDe45oqK0ESMm6MhbSNGt4Q==]]></Encrypt>
</xml>


2017-08-21 08:47:25 debug :
------------
String:
account-ticket<xml>
    <AppId><![CDATA[wx3db5943239313a96]]></AppId>
    <Encrypt><![CDATA[M64Hz7Hlm+7WmOpk3Oy6V2St7AOC+NvkLZExdihm8W3HpUR6LSafvqm5dc5aaUV0pwi1YU730jrGVXyLaHZT5LkCq86lToYCyroB7bxM7igVYb3LMb7RZSKHrgmjQgs0roCXbrvbs/fm/5bdDXF6feV4fFgzcoj9muaQlkfnn/b82IC5Diyko6JGibaE5gzfaoFHWacp/Ldi2Bkb/8ZGHhtj6tHC+IOEWHfuobAyfGc7DK4lvd8D+N3j6VULi9iImzA1kZEYy3LVA0NyeoCtTmpHElavg7uk8iCBD0G5SWtZrBq/xnDDxdj3Xk46k2T6jv5jlVPS0HNiLvMK3d0WUWg8O3dadEdcH3ixO0hSHSbmfBPYQngbY18jnCSbtkLvnLRP5Pzvn/w6gmo+T+hTvFfuBEU+oGscO0UPMd1JxsTeQRqtWIkPYiMouj5o6mB4FOhrcEAQr4Tb8YgV+wSE8w==]]></Encrypt>
</xml>


2017-08-21 08:57:25 debug :
------------
String:
account-ticket<xml>
    <AppId><![CDATA[wx3db5943239313a96]]></AppId>
    <Encrypt><![CDATA[MZDbPxjgPAiLjv9f6z26x+LS8nemc9LuA6KFeWxz68jFdwPbXtsU15KwqoZ2okOZ5U73e5nnmcx4b8iGVC2NH/euNU/O6F8z/My6upK9p0XcM5jLp6cpgzNvrSDuQmvc7WnTTP0gXg8hL6sVudyTnF0eYm4r3tgr0cnYdqZRg99ZiTB21/qdkz5elPkpFnCLRTLVlt0xrTYP1yFLtH/6f5FegelNwP61o9q9Czxm8KPj+8yFCL1al9PUWdXElHtzc9xrVnhq4c4P9knVWBMDjCKY5lUzhSji1h96g28UAHqPQ7UYYilZwMwWutZVtPK767y0ndMZK+kfNPHYt4mvTVwoxCTWDdS4Yt4ptKGv0nAWd9lrY7dZQxJiNZf/xXYTSpWrMbp1hq2690DhDbLw39ayPQo7ls2xUemCAYBBrCY5T2mUfElwdFUZnUrR78AC7pQKniSgwPpsx1VTORNCxA==]]></Encrypt>
</xml>


2017-08-21 09:07:40 debug :
------------
String:
account-ticket<xml>
    <AppId><![CDATA[wx3db5943239313a96]]></AppId>
    <Encrypt><![CDATA[nfzLpvN0RXOheEdTgWVX2WYe32JAohjE1aAHLEv1vwC6yFwlhOhi354wN52i5i4hFnF8Qyy93ovK+amw2R8FZjkON7+FjGsYrS7gGjyfpucVT4HA92xyWC+GTTIXunkpG61ZvvifK2b7AT2A+KZAt7DpvIGcxeFFZPxjAIACwzYUgsMQpStukKQdu/2q5ijacmIHMAVLadxZAzwBw/YSefmkOG+3sBqwgQb6uMC/tux+TZGn7Zb0jWZSjKHzn061gsYH+mASWer9WPqeBegc1aso7Y1yCpu1xxMC+S6anLJK0Q0MblzxUlFzV8754VCRYeJPSc1NS2VJM0Z+o6AT6y1MP0gyimWHr3xLJh6GdFgxMBteWznTinbCaNl7uEdCkEsx/5xjTgTj1dPCgK/8w9hmyxtJ64KHwyKue9+nRO9fyeRzr5dqTcQpEvPmb9Zk8GdEBqokenTow/wwkw0NLQ==]]></Encrypt>
</xml>


2017-08-21 09:17:40 debug :
------------
String:
account-ticket<xml>
    <AppId><![CDATA[wx3db5943239313a96]]></AppId>
    <Encrypt><![CDATA[qq2YdWP2rfGDA/XB1Y2TeuhGc+NKGxrbvgwXQa1NEHFg7mBS+aHqs08rQiy/muvrC7qmX/dEHxTnOaGJ5p/lSBx6jb/EKt1MYctS6XwuBVzCpdhEkuzlJYZJ+NWhagD1/Z00CDNqHwHxQ4/4cQ/3dqBnlS28I/QyWNViMQEhs4Pz7EleR7zfenXqLWCYxaPnrbhim1F1etKKpZi1B58PsLfPmDgfmPmx0Ckc7xJcAZoNF8bt4iS42XgzPUTGyMlNZnSA745cURA/EVnTBeBFruREdSPr232V3Ugl8wuV8ZAJNC/Q1CPwwd2Voxus5NHcgOTuJxRVdSMDtHF+bvHSzB/UYdB4GehFa49Mtbm/MXhQ6ZLK2F91kgnBQqc88qKjfX6WqaZ3nk8xG3zAAeQZK0v+F5vOx4k4NZYymAO4LACO8klAkLiRl4HXXFUCDQ6ZhV/2nqpJACSL2bjDLeOymA==]]></Encrypt>
</xml>


2017-08-21 09:27:39 debug :
------------
String:
account-ticket<xml>
    <AppId><![CDATA[wx3db5943239313a96]]></AppId>
    <Encrypt><![CDATA[yC3kgq14Zm73Eouy7rBwzYDJQ3NL9ARAPiYplAPYJP0OMIahD4UlVbzRsGGLXaKWBRttCFVEwdsIlG2NjFsnpf6FkW4czwgthXdSfRhUwC+oxDxhMBETC2Fe0ZR1SKkG3/IBfSrGdxZO9uG0IqPaNZREgUjIEN27wB0Ucuri21vjdxCHYzT2LZVJ+5tmC0tWE4EtXm4BR4+B0eCvmDg3q//DqJwy4dxwCngVjKSrtwU0vnFZ8OTSeiwyve2jpukwVyQVJMrB8tgS/5xj1d4YPs16J8p+27dhnIUv/4FGciRT8zpMOY0PpX49I72YOx/V4nFIFTD9Pnrttw0P7zZ0fdOiVxGlRaQEQLa5YZtsp2EngDtn38IVP9m27Pww7Nf1mqs0kMRFwdn1jWdAwBHfa3J77XjdJnUyJQVIAKKccn1V86iDCJm1GlBHPP7lIih7V1G38m/elffT4pzjPOa93w==]]></Encrypt>
</xml>


2017-08-21 09:37:41 debug :
------------
String:
account-ticket<xml>
    <AppId><![CDATA[wx3db5943239313a96]]></AppId>
    <Encrypt><![CDATA[iv69ZoaTE+lJSb+5YDV6XntZUtfQ2lPoCjzX3Eabo/yZ6MZxKa7tCUFtiuM+TfGzIisRM6Gm2B258acDYsZWy61vTFS4oQLqJEaZ3gr/srAymYg1n+R18n5Vf+A65Z7zRPBdphwq37tIF5bYbUIPMr3p82KejjCPf6UUTRx9DdIDEB0WahcMhGX0OgkXRhVHSGuApGXh8jdFtRtGuYLSSKQv+4vUH76Nat5I9MrR3ExwM9Q4Z2sEN7sjcm8HosRlIwwxD3Qml0/h7nxiFYj7YzVeV+hODb5xDQnPhCj6Vk4d6/c/TLDKB3WIRmylmVxsTJ1z4HRzF0x9kHgGaB/Lbjq/qH4QA1VhCZDTp8ID3CJQRwmiVjBdWIxhuOXPhfPCbMnf9bbPh2GKcFY4XqZ5CZ9PgMwR2AXCDPMx7OtSmgduGYdMw7kOmXyHY0Rk2XXZLvt0lKaa4+gTU44n4zmLog==]]></Encrypt>
</xml>


2017-08-21 09:47:35 debug :
------------
String:
account-ticket<xml>
    <AppId><![CDATA[wx3db5943239313a96]]></AppId>
    <Encrypt><![CDATA[3K/6KAU0nAMd5E7JbeQAb6SNn3WdrdM4VBt4SjqxzIlUseW4Egz0VOM7XjpaNLt5gVD+64vtNbc/4rTyjmNVNW8PAqDozzx9UjyPNw66Z7ukCTyUDOVj25hZLWlOLhiG+J7GOeSGNIZq7T3seL43egTdXoMSwcz3Ro7tVi7mwhDfAbFDu5xwff8iZxuHRHEyaqFt9sWxaerqUgHwiZIPgBsbjrN9nt+O592DugI9bTQWHui2AAPE3H2SQW7CgMwuOw9b75fW6yICtiqVNpt9qRfA8C8Tw0IO2n9QJuMjjhsuQdzAOLLufvNsduNSAcdJLQTzZiEmdF9eJYufxF+JwZCHvOOVQLb2+oFlyRX1cwlct11OSg20DeG6e2Owl7u9kZturMFLh/a7XVPy6SccMbGsTjljyIMnYDhp2ImemLqR2KlVobbNAg++GmhCLfjrKqIs6B/jTkTWSPXKPf/grg==]]></Encrypt>
</xml>


2017-08-21 09:57:44 debug :
------------
String:
account-ticket<xml>
    <AppId><![CDATA[wx3db5943239313a96]]></AppId>
    <Encrypt><![CDATA[2cUmw0O2mwXLnBPorsZIRCP/mcjsCMHlqNqsAo4+i8JkLCn+ovu2KUMNCDXy3Ri8UWCyfEkLSuLuxKPPcefIozlQI+4lPDQAr3oDpyJCUTTSFAdSHGgj2mAu0XGhUSriJp4Gm6Z5vPDgeec5a3KoNy8xyl3Bzy/PCHNZqMhaWkjs/rA2iIS/KrM7SnHel7PhvvwO/x2ZUGO35cg2tArZPTpAeSnp2vx4fTAEGPyvRFkq1CGkxPOnr03os92flhrgLYOi4tHS1OVIc0OvCeYTC6SdRu0zO7pL6Ec/NaAFugsPAC8wKfbC2T/2+xp5H6363u1ZTtKvQSRDGDbDsRMfS65VP1/jcW8cs6qnED2zc85tVlj8ayEmJFeNKvXtT0hxvCkpADmi/rdmNbZqYLi21eV5iYhvR3+CBGf2vfVSsyelgRvkmHMP8yuNbPhHEG9S+TiDudOMD+UGFj/lmLgw2Q==]]></Encrypt>
</xml>


2017-08-21 10:07:54 debug :
------------
String:
account-ticket<xml>
    <AppId><![CDATA[wx3db5943239313a96]]></AppId>
    <Encrypt><![CDATA[O+wlgTHWsATwVM6QKZG5tTWrhoB7CNU8xsfnwh/Psdqz65MgeXLgE3m4tb7i3QAXIrRKDSfRyhwKqqUPZDuJHJSGp3U/cDBsDY7XcwCRw7e5NCcaxcTM0BlXznnHblUoyoVms9hypMLM9Rq/CaoTTYuwSseSXgOOmb+TigCpik/pInkOkJ5xLnFyV+2zg565/RKFg5sJ5hUiwD5St/LCGyPhQ3U3PkEuXUVbKu218uWYQJph1ONwFxO09DYsvRIobnVaSGpPAb0qfQxNLe28RrZSzWtk1lSwK50DjWE8bfagxelwkAZ8iy1z6FRm0hu6Fj/KxQX90LM4B42fkWikekIdM1yxzJDJgdEmrXcH6ZufJiwVQwfC5q2CenZK2IYnmF9bPghAtL/9TEURSx7yQRRDDW+etow4RwfiBb0HVmocTQqRrHFcq4j7JS9V3KxxnNEQXzUzYmRtfqsi/DfwXQ==]]></Encrypt>
</xml>


2017-08-21 10:17:54 debug :
------------
String:
account-ticket<xml>
    <AppId><![CDATA[wx3db5943239313a96]]></AppId>
    <Encrypt><![CDATA[haINka5AjnCRzr7s4uePYXqVaTJ8Z0o4lzlfttgwZgtwXY/FtlPbP7B0zAkckFvymUJwCDTdDXDc3p5452cILP2wSOiRsAqhhSC6nPAY1nW1X/silPFTy7rS0RhQKB6QREuQUnegxnnBqTX/G+3FTIn77EzdS5hc/JnVgHAckEJI5QjyhvzBQfkFR/7/pgkpYGxXbZKXjvbjiSr0jKkgdhLL8wM6fZ96gza3uFN0s75oR0BNW6jYhkAOLnSemoBGQ8MahK7o6jYUarphMfAJQZDxmhyIS8Bijj63Wk4aHoy0efGa7Xfgp1OqMETu/oGwPoyBroOLcpRGwoRnaUteCuBAe5GYuBSjA6Wzaxu3dBrqUlq4MNzEJc8NWS7D8nxZ3EHNTy75EbI8+NSFvFEqGBRMgiD+BAhxOWAajW+LMaTX9Z0sC0LZRTHr1xUYMnhA9JEi1E8TLH0exeDM5o6f9A==]]></Encrypt>
</xml>


2017-08-21 10:27:56 debug :
------------
String:
account-ticket<xml>
    <AppId><![CDATA[wx3db5943239313a96]]></AppId>
    <Encrypt><![CDATA[DAQKFSPifBiRfpSZwWXmh/cGX9axmw5rQYOEqfb9t1U8M97OKB4GSEAEGSAY5iD/L28LRAgoewbBizHu/nJmeCIYHNgbd8KPFfPSLi+gBVFazxtyT4zNK0JISCeZUxjwCvwVadDMpDFySb80ad3bH+b1Mw2tvwKc4Wa7c+dM85JSnjLZFlUX7FWn474BS55cpffmV0kf4/Wz6jiqagR36ZK5iT3TS6yWDEE1ZLz/dFRKabWigP09umOj5dRT4Vlham7AGDIOwj/mush606WAfjYXcJBaseDuOKRTp6pEIM9VClcPbtmgMN2CeUtAZPtBx3Meawr4JfdJx1qjreaI7bcRnOCRWYzhMXuv0VA8eY1BkBUC7JtPiHw4S70IiucWrIcAPkWb9FIRLdyGfjHJNdlmTSNpjH9kQFiCWrR7VDd77A+S7ERBQQL2AWRCGNS69t/KlvEPf6zYz8bqUMJo4Q==]]></Encrypt>
</xml>


2017-08-21 10:37:51 debug :
------------
String:
account-ticket<xml>
    <AppId><![CDATA[wx3db5943239313a96]]></AppId>
    <Encrypt><![CDATA[7lVYREJWJY5fFfOwQrdopSyl1PXHV/BdUVuhcBKMVMdLZighRf3M/XnzdbrdtIeL19/ce06MP0/z6uH0+S5+ufaIDjqxnvjR8KmNyuSakCO6hgooVhbEg0Dl57ItolfAxZoB5+AQSHCCyFjprP4v+qkAJnsWlbdZdchaypAWhehWOUoYO0HMbckmcaSSxA4dzl7i/WvwgL0dZRzmHfKJ8tXrQzUDWS427Ci7Ju0cm8fa2JqUFof05TJRoFaXjxMtep8sYMF8ABb0wu7wKN9Gg0KvsuA+G2ZzL3EPKosoPiCnVbaui3uyK0FQEdozwGzOtSsEJPll9RfIO/hFXsId9I1Rl+Fm7t6TmG/E0ly/to8ceUkULM+z10x06yRHnS80MUruMXUwlo8cNEvY/FOm8P3OHnNLbOZkA6I+vJG7cFlA+tdPvDc3AVArt4YDH7TGZf73Ikho9FylOIwrdC1A6A==]]></Encrypt>
</xml>


2017-08-21 10:47:51 debug :
------------
String:
account-ticket<xml>
    <AppId><![CDATA[wx3db5943239313a96]]></AppId>
    <Encrypt><![CDATA[mJU7kA8AytFLA9xiv68tIBigeyiQUeyEXG8wPQh4awIdln3rdv6rKNch7CBBPEhNMAYRRZKPiegzNwc5+L577lW5pU02xEGKFAKuKue78ZjniJ1kh6y2LfdLBxd4Dt7qERgMmwO2wBOlgduH3GnI2aIEMxBfJcLGu5kYxjWlndbALNd0DHbh5W73LYJdkcvSgiBAny/ID11/wrt/+BQu26gmJk2AYgDF1UqmobCnZONo3m9/BTZHKoRGrRHJSLDthsmVSACUx/jt6cFJ0IcUIKDxkBRf38zfoCJ+04viaF9BUGE1yOg5vlabxjWGgS+t+eVj9uKIJ+d3fimTuh6UjdfLmDGutOKsgCJwItq7OsTwWfo+Lkoe6EMomegejeT86IAUxRYROJjkmAfZFzE+kjiim75P1nf8ukWVoUJVRRQGw01QPYFY8VYPBGs50pVfq81sCAwiLPDaAX76VAmQzw==]]></Encrypt>
</xml>


2017-08-21 10:57:46 debug :
------------
String:
account-ticket<xml>
    <AppId><![CDATA[wx3db5943239313a96]]></AppId>
    <Encrypt><![CDATA[7cIFtCtM/X2XOVAz22Z7rXfv+OQRPdDAGCp9u5DwvHQ1ROnl3p97L1xxHKN93KYjVgSvVoTBXcc4C+vgp0t+rKFE/wbxPsmhOrpB3d91A6EYxNWaB2h1b9ZCb4QaWnt1lpjecNRZGExSWa+7zVh8B3LzQN50oJ/314fhvKqJm42Ouv4bbtLBSxJ36hAcOc40UVtwCq+fmcNLM5LKAdjrd1JZHzJwIS9WBDk6LtIyWHSJcsyHD8JnID7+yZOP/dcJiA1uRzqos96mkhMtLL3cZKB0zNJnEJJv88Hj+nFUpoQs9/BMbe4CuyAfkyK7P85CbSPGrWgMbpREbGQ0+Yn5dvdmZeNl0oIWgjHl/n8MOp7nfAnVAsVKZRdUdsiBBMCZXgcGseG52tVnibwSlLutzjw0AMEDxJiEVPydYKWbChxHLL7xoMrrEY0Nip3XRXjngjeSZU8CEHCcbONuHhMhkw==]]></Encrypt>
</xml>


2017-08-21 11:07:58 debug :
------------
String:
account-ticket<xml>
    <AppId><![CDATA[wx3db5943239313a96]]></AppId>
    <Encrypt><![CDATA[M5ZHPN51WtV73AcTCYuNz1gUkgRHdxYA103Co+5NBMYAniv35hzF1cUf99M0KiIbscC29iWQeCkBqPp9xIe1ZRYAbIsNu7Ld+G2pqzbXkgsCAZjj7BgvQhn8a9J8SEOgMyU0Ph4QXMh+YEo/QVAxq+R5KE8SelUmU0rc53zYXs2qRofJt7rEVa/kLH+tD5EgiIHN0SXFpTUK9sCif7AxtrhXONLqRAhXt88MH5K8PKBiIuPw+HjhE5C6+2EBll9xZDDtvwW4/xDXpjYccSq78twmFokYI2eLZENu483/veXn1tZjJV5OS/Or35RozwnFkTL5tkpg9IoRjfOc8O4e9yuAGcOptB4plzXNdmd8lBrMKS+SAQA3nZDGwsiyggDwpSnAyf3PbtrLZqH0H7xCAoE7sR1PeJXVqmd0moYf7baKdoT9exuIca50MGyrofjbO4DnTkXx5ySl2n1EgZ3yeg==]]></Encrypt>
</xml>


2017-08-21 11:17:50 debug :
------------
String:
account-ticket<xml>
    <AppId><![CDATA[wx3db5943239313a96]]></AppId>
    <Encrypt><![CDATA[ZNWYTVlWwJr1b7z/lahFaKVUr6mt9G7bUAi99opACxg/y5Wmzgw6htMzgJpq1AF+Mg/1+e7Khm0NL/ianJ08QTaiOVysbKhu/D0VZorQdlvD/o0Rcb6lRlQqSvge7ksosVptg2K0A290n4xorA3wCK24s2QczvWdF7m860DG/k3ijW7CM+bLSF0eCTdV40GSBqGdi6rwKdc0bkKNgvsUfZeW46AXbicBvSgJ+S5PDNjzWTNw+/fZSITtHk8jqleAwZAYUPhBTPYh++GtgIJXSub8UAoTx+hIc9v0dgR2y/tBMyKzWhqsPLocnMGl8mybTf3NwqUzBTaylAdZBfl10c+o/wlgrTrdy+2DtwqLCjv1bSeA+ft/5VYicfQLQrIYJ3Y2L5372SUdbxMrQ3+uOWQDtX4o2Nv2kZZua7ILgn0i6U8CUr3UjdnRiei6hRwJ7BHsmLEK3FWTEBOvYfcF4Q==]]></Encrypt>
</xml>


2017-08-21 11:21:35 trace :
------------
String:
<xml><ToUserName><![CDATA[gh_a886868beb64]]></ToUserName>
<FromUserName><![CDATA[oNejvwBbdrwZ-An-XhsxuGCYQsMk]]></FromUserName>
<CreateTime>1503285695</CreateTime>
<MsgType><![CDATA[event]]></MsgType>
<Event><![CDATA[subscribe]]></Event>
<EventKey><![CDATA[]]></EventKey>
</xml>

2017-08-21 11:21:35 params :
------------
String:
array (
  'rule' => -2,
  'module' => '',
  'message' => 
  array (
    'tousername' => 'gh_a886868beb64',
    'fromusername' => 'oNejvwBbdrwZ-An-XhsxuGCYQsMk',
    'createtime' => '1503285695',
    'msgtype' => 'event',
    'event' => 'subscribe',
    'eventkey' => '',
    'from' => 'oNejvwBbdrwZ-An-XhsxuGCYQsMk',
    'to' => 'gh_a886868beb64',
    'time' => '1503285695',
    'type' => 'text',
    'redirection' => true,
    'source' => 'subscribe',
  ),
)

2017-08-21 11:21:35 response :
------------

2017-08-21 11:21:48 trace :
------------
String:
<xml><ToUserName><![CDATA[gh_a886868beb64]]></ToUserName>
<FromUserName><![CDATA[oNejvwBbdrwZ-An-XhsxuGCYQsMk]]></FromUserName>
<CreateTime>1503285708</CreateTime>
<MsgType><![CDATA[event]]></MsgType>
<Event><![CDATA[VIEW]]></Event>
<EventKey><![CDATA[http://360.ercikai.com/sanshi/nongji/jiage/jiage.html]]></EventKey>
<MenuId>427107968</MenuId>
</xml>

2017-08-21 11:21:48 params :
------------
String:
array (
  'rule' => -2,
  'module' => '',
  'message' => 
  array (
    'tousername' => 'gh_a886868beb64',
    'fromusername' => 'oNejvwBbdrwZ-An-XhsxuGCYQsMk',
    'createtime' => '1503285708',
    'msgtype' => 'event',
    'event' => 'VIEW',
    'eventkey' => 'http://360.ercikai.com/sanshi/nongji/jiage/jiage.html',
    'menuid' => '427107968',
    'from' => 'oNejvwBbdrwZ-An-XhsxuGCYQsMk',
    'to' => 'gh_a886868beb64',
    'time' => '1503285708',
    'type' => 'text',
    'content' => 'http://360.ercikai.com/sanshi/nongji/jiage/jiage.html',
    'redirection' => true,
    'source' => 'VIEW',
  ),
)

2017-08-21 11:21:48 response :
------------

2017-08-21 11:28:52 debug :
------------
String:
account-ticket<xml>
    <AppId><![CDATA[wx3db5943239313a96]]></AppId>
    <Encrypt><![CDATA[JMWCs01C5G9EOJqdlPSOGUXTYLYBL/PhD5lf3OKfuD+14uLdZ2C7vOiV8+xxjcVC8XN51RmVVZF/3DV4AX0DBOXqUlXiDsWYVj4V+wELqtes/AbxTZ11WQpop6ynWj49ZRZDEE+xvyCmNHr/F095eFhW4OmSpCkrtAOKsX9CQWKMErh2Shrp4n8E6k7A6ce2h9bJ+nKNJbsSTBerCRCVgiwPFoqPOSLm6Dq7CYw49Su4TwDPvGo+zMXNXdyy/1ktxbIhCe2+W5prg9xvj92tp5PH5xOCSG4GwgbPbjcrP3LN4oLemIdFSo7QOZP6BQBB65kYod9J4CdIXgKYoyLLjGVXpSceFevsWcWNLI+PvlbbIe/vUod3Nyy5XUgqHutj0sVa9IUtb/KJtRk6869oIjLyOMphKU6B9Yc4wFjmPu7w5hHdVp6/5PZfWwu6w2tuF9F00snGbQ+IcjA0qY9Ztg==]]></Encrypt>
</xml>


2017-08-21 11:37:58 debug :
------------
String:
account-ticket<xml>
    <AppId><![CDATA[wx3db5943239313a96]]></AppId>
    <Encrypt><![CDATA[EsWQC3RC2kItIkRYhTRSWhZNYjPQM3I1o+/dP0wzavA3r9F/lt7ruU7i49Fl4AR/VGd8B/8HGmP6SRUXHlUpjQzwn+lVLWkKNYpJ6oZbnfWJo2KUp+kupPa3eHFIXKBp9rE7jCVR9wWnDQ34U1hP9I7aO+QvcdIp5LBKGCFN6R2PVWiIzF8BGNzMAPMGylI3SlEvtS2g9pGqXTsOXUbcKAhAiQISsXlhyGlk0NfhTtzVXJjZTQu8cPktTU3OWOgK5ipt4sqxsG7AVm+C0esQ99xyoGbUunvfuqEZfqbO4MY79NtOrlqpT12Jj+nNH0bFBLQSV1UamDxT5B3vw1DkozuW0CcR3nWWUwZ1a2vXsvGYPOYAgg6GfRdE5sCJhr4w2UNNhZprOQt2WcyOTR9atECD0jskAadDFJajxiftRycqOEH2NtSSNfJ6/3rB3fTohcxt05o481GKmh8svRPh0A==]]></Encrypt>
</xml>


2017-08-21 11:47:50 debug :
------------
String:
account-ticket<xml>
    <AppId><![CDATA[wx3db5943239313a96]]></AppId>
    <Encrypt><![CDATA[JsbFEJFpEjlCrYfN4hXywDqe7oBp4VutfrkRVvNbPyz+ArMCeU/dKRa93Tu2gP+ridZ7OuMQp02zL4pxQO9DhSTxwMVAGhDCGQCRcRz0yAUfuRCTdVPOFu0kcyq95YP6cOWlRYTnt2lBgJ4SHYDL+oUDTjVcvt1UhGecEfh+MQrboQfokkpOpjP3Zp6PaTL742jT2yKSALIvhl8Zk9M1iVG/0KPRYHXTA01Y2RUvYeGOMRwFf2Z08yOLZgmdrRjMUSebLz2/mj3Qc4uNNOId5q/KdBxOqi7XZ1hjkoKv737abEW7XMR4Ol47IntlHbm3u55IVMNYM3osZwiIqVYtMeB/UNdSAkNmVAJhq7X4tsVw6JzFZ2CfgGTTrsYLriBUV2l24LLDlyOWZnvtisFog9M4rCgeC9kxxUW51JtErjvQ9FRTP7wByXoAJD55UHX/N3+caw0eK6DJ4fkBIXMcMg==]]></Encrypt>
</xml>


2017-08-21 11:57:50 debug :
------------
String:
account-ticket<xml>
    <AppId><![CDATA[wx3db5943239313a96]]></AppId>
    <Encrypt><![CDATA[/FsggZuV+KhPyQmQLcsa85I5YQDmNGdmhotfB3l0giKMMHuTqJhvkFpwliEJRdJNsubQcT35wm5bfayi1A3IZzXSIor0FJF12rUcZilgEMofzDb9c4wcCyamf65uXRRPZTIPlY2bc+1eW0gsGgEA/FHqk7JfoPyXiI5e00DEcJnezW1aT5icUeriOgVibJMkElPWgzMMQnrF8WhIyAIdnbJA4IJAYmrlt+wRWBubh+xMNr0Pl0wNC7ZqhmG1u3jvJL2dHaCl3238MzYCGYRcTpkjmcVPYO9JddfO5pxo5XUGqUXKo1qoTr/RsDSGsSeUAbvxL6Pr3eS0QWMB+GY+1RbGBhOodqzHZVMGfGkyTjk6hPk5YAbtWdPq2nE+lXlbkcaqV5T5ZISUYaapxY2TsfoqNNXHZerPexMT6nWLv24dwvepD7qS6LLO8ScXT1z4M9jCqi2VnSlW3ohgZ+NXUw==]]></Encrypt>
</xml>


2017-08-21 12:08:02 debug :
------------
String:
account-ticket<xml>
    <AppId><![CDATA[wx3db5943239313a96]]></AppId>
    <Encrypt><![CDATA[4Q193tAOFPcBGdARs511yoWgPOWDsgTw/DjLrhCMavUFNMkwoRE0cWtGCuP5wdjs+7LHi+OSFe7BIgjnXvWpZNh1es/tF+GD6RlGidTF3g380wb+EnfcEXvDvV8uTX11BYvA/Al9mOY3HIvO1PJZJ3WB2A70yXD53QCffhcMyoJEPfNMbiokQAxxfqupWuSwPchDItIyTDd5BiktI9aWsvRMfS5nwxMs9DFB1Afm2WN24HYHhALxp6Nh/Dz0P5cZxxKek89m76W3eq1hdeIF1SPie7sopDx7KTAX2UxrljlL+38YPmqtgtS3eYoJqjbJizqOxDhZ14GwqyOdpt1EvgTsJAD1XFlNLUMS0qw70c9zC3UgyCFAb5RJ7kO+5wSv+9DETeBTWp43orHuEs3jVzJDTf8ALaGLlBOnL5/LSMVhAivoQ430ANTokr+Oxs9WLcsKlYfx20m7wsptyQDTCg==]]></Encrypt>
</xml>


2017-08-21 12:17:57 debug :
------------
String:
account-ticket<xml>
    <AppId><![CDATA[wx3db5943239313a96]]></AppId>
    <Encrypt><![CDATA[8bkakPV8GT3n9J68xLOx92pzPk+C792PHVodXeM5Dq+AhbWpf4VPYozLbI1jDDfreIf5dKJ94WCjTFyxF0kWy5QKUq+Vc7duzmH2uExplhxS1Wl/8V4sNUu2ogkHzYHKfS/QETUPb0djgA7vz9/PxfifrriDKUx4B7vkb+TbHuNY48r+58t0lv7IRiL5Cod9unzaf3G/3hFO038HtnRxNU2XLTz08GMnbA/nrBx+avQ/ZCXdRJGeBiFqO4DUnbBxme1ED/7mIA3BpuxoJ2NXcD9ZVUS0AzwrhOftBWXmfsJWq+GQ67UUxZK7HEA1jDOaE+f0LQqyjqCIq0lc8k11Jqrz1Vjji36ffxQbRGGOPyuo01ykszziaHEfn+4lL0rrsg3XpvEEjMPvsCKCBbsXAwVWAcdRtnRQUHzRC0aBJRvOMN2Iiu7MkoBtD2/xRIj1rngEY6Irr+tVqQtnnMdB4w==]]></Encrypt>
</xml>


2017-08-21 12:27:50 debug :
------------
String:
account-ticket<xml>
    <AppId><![CDATA[wx3db5943239313a96]]></AppId>
    <Encrypt><![CDATA[2UfEzRpGXyZsS6Tjvq9oKdEPoDss1+fL+AKRGEGXCaJk2EhiMQIIASvFZfYLB3TphXQccm8ugjR9fqx0sbl81ZXSzBqn5jAcJTpzGMCMR5mLNx3UOFAn3Z81VUUcvxT5xGQgcrQKRsTEVtKOIQxgoxVTD/i3D9I90hjOEZ9HP1Z0886cMV6o6lNHgjIsFEBUc1/PJu0EWZEf4ve66qw7ENMh1CWNRvv1ilkV1TwBIcE5i92mL8KENIZL6RteCW2327IXnVoQaKjB90SN67u+4siUCyYCY5XZv0cFGxj4p5HmsF4mnkJan/7fWlnmjplT1m6h3GKyaJsYc3tb5xA8kROd3GxZlwgIBknj6FmepKJoT+BzSbGVlt8gEksVKXcEFIEmL1c9P62fJ/Qy5q31upEFVf6qdgyfTKM8L+Gt7xKCFDQuvNLybu/MMfBWUBED1Q4qq2ZQN6V2BYHfdGlxSQ==]]></Encrypt>
</xml>


2017-08-21 12:37:52 debug :
------------
String:
account-ticket<xml>
    <AppId><![CDATA[wx3db5943239313a96]]></AppId>
    <Encrypt><![CDATA[78yT8WA235+jQVEWpFKc6SPQecEhVCkwgJsm8ik/iOzb6CL+v62VjhGBFMpn/y30Xus6/p+Gqgv0WDf/x/dIPl7ByZa7qakwZdurLSRLXxa9Y93iVSLByeCB/N/nqTySx/tVnvrKmQnEcowuTeTBos+YOPRZu3sp4YHPDCpqas4Uq4eCtL4N2cNUy35nYqB9jMUJQIxdlh355nMUSg8UW5jK5KGOgjKFoMTFGbKSBu2leP7R4H19qP46vWK03ukmJ5oVi7JEMWl6aqN15JQ9eDBxocmRu7hJdPXeUCwI+L45dkyqcvwQqlmF3vKm8nFJZUbIj4+yMq4Pk6IBlTgcySCX7sE9iQmEmRfTyMs7SKYWBEUbysPzDxbc/XLrn+wyZgZxdDbWzplL+r7rkrM6p6+IgheMG5b2DMbhjP8IjwgsUa/eDgyW0vSttuT/nuUOS5X2iXLc7clJ3SWacd7usg==]]></Encrypt>
</xml>


2017-08-21 12:47:59 debug :
------------
String:
account-ticket<xml>
    <AppId><![CDATA[wx3db5943239313a96]]></AppId>
    <Encrypt><![CDATA[gX2l6pkwV9Lzf1MjIMeN9DX2m8/m8mguCO/6pkhH3rWUAFvLv7MNMEYOJ5wrRFxDP/jV6Sq1NDZxQerX1pXBh1hjR3P3cOMagch29WpWYuQg4LcVeLubD2SNY9g1hu6BbGk0xRPFrEdMosZsqUsUBUypMl6IDlqsTkpNT8fwI99Fugn9ic92DZdQaM3V+aakKIE4Z/vuhcGnoR/6aQMvfGgXE12aA4Lb4HAUeW6onq7r5CDhgF94J/vsJgO3lNhAG5hE3afRn7WOrbWwKaq9RYaEDRgVWxz7uu/CQvPz3L5CljOoMn87OhGaSH308vBNr81JLHz7pW3f003+XeqPQZvRAC2KO5yqixjCSiT/LoOVo4aOkhcqUpraCYQjCAdQh3sPwkb4svO35TlIPlfKnxeV1JfeX+NJPdFrhQU6S5QP6DbuDMSNPWV/DNTm9oFWlXiS+G+NASEd4x6hXmzuMg==]]></Encrypt>
</xml>


2017-08-21 12:57:49 debug :
------------
String:
account-ticket<xml>
    <AppId><![CDATA[wx3db5943239313a96]]></AppId>
    <Encrypt><![CDATA[5ZkuEPI9uHnCBPL7cD5LD+ftZ1BcxTcUMsFNMNedjpHekA7h3ZWsabPH2bcvGXCUf4mEEBWvD+fMgsHqvOlmLqa6qMuw763hDwHnPEar5VRq9Z8iocmHat4MG7gU7XMWt5Ac85LmYckvp7JXqLiomPGJVdB0kLJOzd+0oXWqjmbhujyUyzdFc3fAYDezogifHy3I64yiHCo1ucsNIc5qg6Y44qnhyrNcI42zXp3Wb2p60MLIqF4ZLID41V4re1kYEAEhuNehTEt45ALoTdIqPO6Sg2Z6VxuU00TKwAJgqYVZ6j3U7b8uLvYUweTMZjTE+14AFPdZwQzx7S8PeDHk+cI5H/A6n3NJIbXApJHBzBnOeU/34zi+IpTp/7+4W7VojRqMlt0bPAf4Tge+OS5quo0SMgCkQ0DsfRPL2b5npCIoBEWi3NQTJxxeLNvsxzNnVBzebvyhqlc8xOyZmGx2iw==]]></Encrypt>
</xml>


2017-08-21 13:07:54 debug :
------------
String:
account-ticket<xml>
    <AppId><![CDATA[wx3db5943239313a96]]></AppId>
    <Encrypt><![CDATA[2sM4FlRSdsFg3vJyVMcgx9ToEdu6xeX2XvyESRByp5QIX+/IYi/Qii72Y0fIkxkn8mhaXGMfizYvO+KvbGY93+a+IA1JgTC1cD6dv0/KsLr7m6MJ2KZJKC61+UurVNQs9ZVVGnP2f7MPlBc/EmwsS2CM2a277Wd/nhE5Zklg3HGxRpphdD8IPKehDWlqr1TJ21sBqY9eIbsEhc2VNpuwc2xKatcan3INFqJKQDLRzk/rhFQJlV4+qNpKjM4xwUPieoFmQTvkErU15VxPLBS8p6VNbExwpczV8k4cVS/YRg6zwdJSRftz+5JrBKi6RSdy73Hk65NnPbdQiHFK5xgF41nl3+mCiqJd6eRsquePv2b/ErfE3VWTaFEk7PycHN1R4FPZSazBW7Yn9s0IVa3IHS8QtCJ/QAD1RaGRtRc0w8NOHxPuklTJk0TNfYUg4eIs5aRWjZczJi/7M+Rd6Tbrjw==]]></Encrypt>
</xml>


2017-08-21 13:17:46 debug :
------------
String:
account-ticket<xml>
    <AppId><![CDATA[wx3db5943239313a96]]></AppId>
    <Encrypt><![CDATA[sFb85aKaQJhVPrmkT77erVuP82Mgrkgz9mFUy/FSyNndkGeJ5wSnDu2xEXvqZcf/C6YSswY9zRtbrA4g/oEBooKUQMcgoehKz3saY1jvr+D6wqH0x79GM+Pd/zsnFAV2nE0E79jSMb5OXeuVaVk1udvI9at3TSkYJNsk4wxX0vMIlhIaoUrM9ffWRZoQeNeQJBtWmAUitka5RdH1F+x7WVpR49MiRSEf6tsvriBw0R1ioJNZ9TFK9SSPmQwnC6KM2OD+ODcphAKspk6ereW+oMDbk33di/r+cA1aPnSpsIsD6viKWXvCL6UB9SpcEax9n953K2pBFsdqggDpNLzCHKjo3jusNfuFtL7EpyayjBiggxWMd4UagvUnQZCn/p854nQhsxOYA7UcZHXSLr4W2POa6VNoDCLu/q4tPyGxwpJVCDJRtHS4du6ghmLsBAE5zUiVvty0RZBQ0mzwP2JDUQ==]]></Encrypt>
</xml>


2017-08-21 13:27:48 debug :
------------
String:
account-ticket<xml>
    <AppId><![CDATA[wx3db5943239313a96]]></AppId>
    <Encrypt><![CDATA[wFm74IWhmlRG0fHfBxcFva2C2iALG3fShPN3MKR7FW0aj2mneG3A8yjzm8tIBo6odXeQMrk1vb3lXM4+huZGiWy9U8oIwB9hulCzqFvlPO02yDylqxfC8eOA0G1YfMdVrdRO1eq+w22Hsx53qM4kM2h1gLmuFp4mFxt/YSKmTMDP3Vza4aWuRbkGbjCDn84W5eu3dsT5K/cSsZNFMF9kO6CbjdBGM7YAewjqFrAIa9re8pPOJgdeHtr70B2touK5KR902Vp7Fq5tGN1t709CnlHauIbx0LvnkfbG7PyMa+P0vBESVyXHsziEBc/ddRJ7UbXfaq/Cs2ve4nfx/IjS94joFCG695FyM99f8swgh5OXHqWy4Em9m6oCo4MCdUXCMK/p6qqYpyN5egUW7Of2EoGqswGBNBD5eHBTPlknQJMV3cjDlk+fuhgZPBnerfwhWcolvvqTUXPnTeDdhBgzuw==]]></Encrypt>
</xml>


2017-08-21 13:37:50 debug :
------------
String:
account-ticket<xml>
    <AppId><![CDATA[wx3db5943239313a96]]></AppId>
    <Encrypt><![CDATA[fXbswLyHF8Zn5c7iFV0zRwTR2XxCa2doSSS9HrNj72fE9z48GkDavw1rubpYXKMALcCLezqktv/JgmeFlaTDoQi/NSLahKjex/RIDEoe+jSXB5Zbq+pT3xSe31COAsGyAldk5vzGtcJRSuuxWcsuYRUw6XGtoswKGOwI2pjK9QaYUC2G2MoYvIKk+von5a7eEyZeT37Ouisq0Bmv2+u+Ewt9DFcDnoAjq80E9SRVWJUouJMvPdiRozpIgYjM00IG9cR0zlH224bBDuiMRisPzex/xU4WzxMYs37xA2pLVT0IlVIWc3CHLTLeii7cbsPgXVwTvJeGLmgE6X8bH1KBA6cGJAy2n6cVCBSeMmH+sUge3+oqEeMd/wtAHjrKmxkUlFi3Tj0g6xm9/pMp4aKIwo2xyD49mH9bC4FV9p9IHOpWSgyPJ+5w5JffhwTB03W+FrzSgtkATmF89IPJQdx6ww==]]></Encrypt>
</xml>


2017-08-21 13:47:41 debug :
------------
String:
account-ticket<xml>
    <AppId><![CDATA[wx3db5943239313a96]]></AppId>
    <Encrypt><![CDATA[MCXLDiy59l3WZ920Y/etmV7R1Igkyk0mVgOqqTFTq850MdIhUmlJw/XU49z+U8faldI/LPjfanpmM04YnxGA+hVD+Dp0EGTsSrfcOPH1BYuKqemNCaCb85nD4eQwQfSMuTedjD/RA/vXNLYY3q0ZepvFa1PFS9Z9Enk+glSiXnhv9OYvaiQ0xuZPiZcoq7RIXGpChWMzsPyGTrwwnQmGJeUhM56ZkmCz8RgVFLfQSosFolxewCgqdoj8ZKxRlCAp82aTNzI87hjBL+Jhlw/ysK3k1hFBzQNKdtA0xt4peNz2VAkItUZ8ulefs7vhIvpw9qMTLVrMk67GabCuAOyWe9v8rtU9i8zq6pUR8vPRF/KlpEFXWJqQytQkcQVVa+Qc2PW7kcy3fLQXHODnep5C6wnUa34FBEOGDttOfPNJTUe9A7Q9NiTwN02Np3bg5WxGLagFKA0/B44+fgQScX7ncA==]]></Encrypt>
</xml>


2017-08-21 13:57:42 debug :
------------
String:
account-ticket<xml>
    <AppId><![CDATA[wx3db5943239313a96]]></AppId>
    <Encrypt><![CDATA[6adiDTRvnYWE9wLyT496XkTBnx3CNTe3CwLlwGim3H8Z76mwPE5SVWd0ikXb4yAofYjDjWa0RYMqHS+8Nn7p0Ud74Bgr7CVzxIp7q5d/at9Vxo7rmpDA1KqIOppMMN84uhThggm6n9a1HyTmWXXRJixde8wNYxc/U9xz5XIUye8BG/n/Tv2BqJI5j5RVodZr8XaFSuX+AskXz+pnB5Ek9dEnb4DIQ1n135TDnJvoSDC3M+WNJEPd9bNqgYGJtVu7F3TbTawesuA3xJUnaCIWcz8kWed+NXrcUwkJt21AsyjWJMkCSK5hUEn8xj5lk5wP0e3zKqjoQgxyy3QI8Wo8nkX2QMuMKTBvlOYraA+wSimY//B1kDPLpprxoRieJMnjLSA3kvuOC5sCt8cf5FFCU2gscse6pL3UFi3/N812WwsnJMF/wyrrBdhLYEd717u7bq0X9GkaM7j0++E2vU801w==]]></Encrypt>
</xml>


2017-08-21 14:07:51 debug :
------------
String:
account-ticket<xml>
    <AppId><![CDATA[wx3db5943239313a96]]></AppId>
    <Encrypt><![CDATA[nBpYy0knaHa7s5JxZ2Yh4uYfUALF547rz8aJh6WL+DoYkSb+luGJQvTVLlylV8NfB2nH/gdCGeIwwlBJXZW0kNughbhNS90YXmNWif7JI39aCF5AOKscBma7iE/MADkr1EOhiVi2TWEzBf0wACjcT7jUB4cBqob/OCMz2rqfysvgSkwWiz4GYc6D+T6mfrZfnTwcy8oDX+YybTx7nLuEgkTi40jtoVFSWOKN3M1LH/5O74vu7P+WqM2ujhbrBjw7x9ldbilqOoh+veSQS/sb/QBRAB9l2dY+slxYnzCs3xfVC8VTt4PmihUKPB3vNSsOA5T7R/whqEjZl1iOR1mUzJBfgBP+92c5na3SzPXejuDquqET4KibeI1NzjAIHIU6DOQtYz2y2AvOhPEjPWmlk0FBGKtYcv+kHg9JrkdE0ITYeWL4oOhn288BVk10bmNyUA6VQX3+Eoqai/c+9Ws4Lg==]]></Encrypt>
</xml>


2017-08-21 14:17:51 debug :
------------
String:
account-ticket<xml>
    <AppId><![CDATA[wx3db5943239313a96]]></AppId>
    <Encrypt><![CDATA[VDofcKgXwxCc4uzdmRY6b2n6v7obWYIHTMvTLSUcVz7L7Z5hMH7USLxbhwD7nxdVkcpXVs4glqbASE1ajol26g+aJ2TA8YHubyZM11DkAOIKTJdbrW/pPT+aUvftqxQAdOnGxXMWZSDzxAQHJCnhNO/iGFVk/qK5nc3YBCALVD8EaFvZlGI9mpzOb+9ric5t6Z+SMVIMN1cIIZdsKts5k0JBizzA1AKSvJpEq3V52Mp3P9Qm78nsR1ufanE+CBQs0yBJljCrIQ7bdZ9mj/XZroZ5Cq351s5a7+ZsTe5HMs1Y1/xyD8pNoQEzofIyi264ykzqouQp+aP8s0kTK2xGkrkGwhQDlo1CrL3Tr1EP25nOCLjAgxGhXVKLexEunFLEivT0D76tqdaLnGKo2r0gCFgt9EoIMacl2N6KsYZV9vB6F9s3vD3kL7MMgDcecPOIHCVEP+SAqEPg27NeH6n4Sg==]]></Encrypt>
</xml>


2017-08-21 14:27:49 debug :
------------
String:
account-ticket<xml>
    <AppId><![CDATA[wx3db5943239313a96]]></AppId>
    <Encrypt><![CDATA[XGVlM1bRCc2ZG4k96D8amQhG9yXxqrYpXRk6Glr7//9VVabJDP+25hZaQqdr+vH/SV5d3c+w92ZbFzhgFpf92x4L4OHduIu5JeUyYfEjAom483gtKhe1YNFtP4mXTw1xRzcSMXvaBsmIoC6MF0DYcqzXxv6DVPacJLsXBK3lo+MybviyVMVzj8sqBfIMGwnlVn+5tGHwaqZziSnY/gvIrRFQ27ep2kaTu2bLSOVTvCoIE7fTON7MwjMCkmPoOImw97MDxa7j/35esN+EoOP7vcFOLTCaYYBw6WAbJqJrZci3b2sxwmyEk9z2poTS2yI5oOi22X8FL2rwwpvApJTzA5rCUDJkkDRUqkBPRh0NDQEMb7WbblWOjcHUxhI6DPAMMsyqCf1MlOFh0rFpvtROl1xn4YxPKJvoOEl6uLIC8FqWq+0fhv76xVI2HLECWm0XbVCIPyxYsdzoYwmf4yG4XA==]]></Encrypt>
</xml>


2017-08-21 14:34:50 trace :
------------
String:
<xml><ToUserName><![CDATA[gh_a886868beb64]]></ToUserName>
<FromUserName><![CDATA[oNejvwC7gcf2ftkSgxxT-87HC5EQ]]></FromUserName>
<CreateTime>1503297290</CreateTime>
<MsgType><![CDATA[event]]></MsgType>
<Event><![CDATA[subscribe]]></Event>
<EventKey><![CDATA[]]></EventKey>
</xml>

2017-08-21 14:34:50 params :
------------
String:
array (
  'rule' => -2,
  'module' => '',
  'message' => 
  array (
    'tousername' => 'gh_a886868beb64',
    'fromusername' => 'oNejvwC7gcf2ftkSgxxT-87HC5EQ',
    'createtime' => '1503297290',
    'msgtype' => 'event',
    'event' => 'subscribe',
    'eventkey' => '',
    'from' => 'oNejvwC7gcf2ftkSgxxT-87HC5EQ',
    'to' => 'gh_a886868beb64',
    'time' => '1503297290',
    'type' => 'text',
    'redirection' => true,
    'source' => 'subscribe',
  ),
)

2017-08-21 14:34:50 response :
------------

2017-08-21 14:37:43 debug :
------------
String:
account-ticket<xml>
    <AppId><![CDATA[wx3db5943239313a96]]></AppId>
    <Encrypt><![CDATA[pLaswKUt3X2d4bta11aMjr4eILtAXlIDw7OhBy+RH6hbG9QsEA5R9nTFnJrnkWxs9ACY73I+TbyBvezK5Aj0askp/8aJTzzVQnAZV7PT1VcPmqO9pQ8n4HWtT30VVz7dpTdn7BgarlpOCk3cjGU5Sq+2b7E/zQww5O/Y6GYnY+Xx2dn02RmXWQK8vWtSabrg0VyN/Zz5ydp4ADpikOYrkMKHwaY9uYwRzXkcyO0HgsjCC3TAjejsmEzKV4z2Jy8HbruI4exCPJdjWmrgIlttFkn1G23q9EOErXjEMKAWUEI4vXQWMywiiQqYXy/qUhM2xghmFGE1TRAueMOKkhV3tBUPjdWyq71Di26Bu4upqFP4vbZ0L2vDBNiOLBKV3B+p/qXRC4277CV4EOUifAe9eIqP1LLpghuxpMOgRCemJMr8JzFzNN0f9eIrBVmzJjL5ZC1fsiNAkxM/0ySnea0avA==]]></Encrypt>
</xml>


2017-08-21 14:47:40 debug :
------------
String:
account-ticket<xml>
    <AppId><![CDATA[wx3db5943239313a96]]></AppId>
    <Encrypt><![CDATA[YnUic1SHNLwBmAQxRyVB6O/eHw/KxUptpL2eFYsSighQFhuy0Cfl3zG0F/tuUbk6eqoM69Ocsr4I/YfoJWCKaTKGrczexiEDMHRr4zqfA00hkXxjT47dvsYzZOxTnd3/8lrTbeXhwi54PiqUkWUf2YAn3z4yi7BF2QRzr7htesB1XDrvsgtFxtsGZXktdb8WCl75miPpOwwT58QAzExJzVB8N1X54op4HPcxAw+a8IFGzDDbjZ1e/gWGMH0MXFSS5U+OwpakY7wrztyTOoy9MmYgxZoWxYkBBt4PQVDe6J6qCEqdeBdzOal0ZoPAccSJm9eX1xq9C9/rtW45z71EJ0tRBE6R73kxv9QWOzt/ynt+RYOOTgArutOZaO9ikQjGLo+kM/HvPBRsD0eYjsyL5j+xTOyQfxCMU1yOQKdtRJoNrEkTCEIEL1KB045x+lA6vIufjbBgDLyTGBMd8kJ8Qg==]]></Encrypt>
</xml>


2017-08-21 14:57:42 debug :
------------
String:
account-ticket<xml>
    <AppId><![CDATA[wx3db5943239313a96]]></AppId>
    <Encrypt><![CDATA[fsZR9GplL1TP39Liv1399SsjuGhyrREfcQpNZBSVe7nJbmKVmvNabo/B3595wlnE+OMBFJDq8J59aFdfODquFuo4mcUrb1OWH9cVz2aTQ8Q2R10W1baisRvKArxW+ZZHqRDVV0QpbxDlzC6PwXNmFSeRetTg43DxjDnNithRQwHHXTiwo2x+EZDaIH3Jq5chJMrq7qBKuYxsGs0dcNpsUVS5Q/9Kz5UIu69RwVp1ZgdS2BCgyiIyTfCipxshnXPYUm/vMtbUbsAaU5iVHlg8Qw3UEQ/HtatNbQGGfKE2da7shqiHRGgHpxzyq2wZvwe95fk5xvUuu2grZmu43S9ZkZsUAHhwAYAkZ021rzvsaTFRMv2Jx0jL89XyOEtr9iwkSVmSP1+EsSzs4OgQUlYE+3Ir0ACorWKD/OJB94bt2rnh2EZC52O1sqVCy+7ChkIqfyXlD8+ZexyPguRJIE4Bew==]]></Encrypt>
</xml>


2017-08-21 15:07:45 debug :
------------
String:
account-ticket<xml>
    <AppId><![CDATA[wx3db5943239313a96]]></AppId>
    <Encrypt><![CDATA[po8hEFbWdOlGYHoaKuQYN7Xh9pDlgB39WEyoHURRCHaDr5w259tcdEajuO3CCk0v02Bfg4MlBjNiICZHrPKd+P3O6k8vTf3Dc5DFGHa9iLRDPf8wHoRQC3lF5ByQGA8IDUYRw+M0tBl9d9cL0r4KbxdNN483uGHjAm8jwe0UD8bo37ItHRi05Bmb6E4KWbiXJ/rUJH8GRz8QnrvGmyrkPGwVPh83IXjjV7JBS63z0kc4CdCncy+O8z0+pINMm5aRIV+8K4vFHin8CQPVJ503yeNMoLYrJu+iajhMqRrat3/w4Sr0C7gDFKGfD4psLIgGt9WjxjKbQdi4HEK7SH8dO6wrS3FadlYlXsisy0+vSqQRvCyRiOdDs5neG1ha1eYY9Tux/u/WAxdWmwgXzM1fMt5hUcbzkgvLyfoMWWZcT/hBBaRxTxnweQe/qzX7lxsu8j50kzJRrIrShlOa7l/3hQ==]]></Encrypt>
</xml>


2017-08-21 15:17:45 debug :
------------
String:
account-ticket<xml>
    <AppId><![CDATA[wx3db5943239313a96]]></AppId>
    <Encrypt><![CDATA[clXO0I4ObLOXRpLS/dZODS+HFv49z6pR30bRWnSYy+orKUS+5D1JlCUyt5GsSaxpI/h7yB3DJkzHhpJMNONnditOFahyxhAm3hDjLNnMo9uWWmw1at8QC0Fmn9F4FRbYRCSR3UU0xg3oboHhubFHQojtbo4fIDYwddYV2/y4SofHC/VQkyklCcVfAPR0FWONcg2NhpK6UrxWdvdf2j7PxKl2iqJ5XKeDB7OaQVFyMcDqXCLj8xZvycLUDdSP1m9DHNibUm43r0mHv0NxKjGhUAlIKDsMBXp0g9W8ufdUzJDxB+NqkhBScHUz58utVzCl6MH2HqsxdeIW5XXcF4Bpcsmpe+0ZcOKnQguwi6gDAh1r+p5Nz/mv5jaFbPy81pnSr+iahkBPlK8TbPxYgpFxfuR5PPTZtq8Z4dEDstpxCZNt7vy2xlSg6gtTR/X3VmQaA3lRRF7au+cRJcAHhf4B2w==]]></Encrypt>
</xml>


2017-08-21 15:21:53 trace :
------------
String:
<xml><ToUserName><![CDATA[gh_a886868beb64]]></ToUserName>
<FromUserName><![CDATA[oNejvwKgIix7NjqVgNTXUCh7lKZ8]]></FromUserName>
<CreateTime>1503300113</CreateTime>
<MsgType><![CDATA[event]]></MsgType>
<Event><![CDATA[MASSSENDJOBFINISH]]></Event>
<MsgID>1000000013</MsgID>
<Status><![CDATA[send success]]></Status>
<TotalCount>46</TotalCount>
<FilterCount>46</FilterCount>
<SentCount>46</SentCount>
<ErrorCount>0</ErrorCount>
<CopyrightCheckResult><Count>0</Count>
<ResultList></ResultList>
<CheckState>0</CheckState>
</CopyrightCheckResult>
</xml>

2017-08-21 15:21:53 params :
------------
String:
array (
  'rule' => -2,
  'module' => '',
  'message' => 
  array (
    'tousername' => 'gh_a886868beb64',
    'fromusername' => 'oNejvwKgIix7NjqVgNTXUCh7lKZ8',
    'createtime' => '1503300113',
    'msgtype' => 'event',
    'event' => 'MASSSENDJOBFINISH',
    'msgid' => '1000000013',
    'status' => 'send success',
    'totalcount' => '46',
    'filtercount' => '46',
    'sentcount' => '46',
    'errorcount' => '0',
    'copyrightcheckresult' => 
    array (
      'count' => '0',
      'resultlist' => '',
      'checkstate' => '0',
    ),
    'from' => 'oNejvwKgIix7NjqVgNTXUCh7lKZ8',
    'to' => 'gh_a886868beb64',
    'time' => '1503300113',
    'type' => 'event',
  ),
)

2017-08-21 15:21:53 response :
------------

2017-08-21 15:27:17 debug :
------------
String:
account-ticket<xml>
    <AppId><![CDATA[wx3db5943239313a96]]></AppId>
    <Encrypt><![CDATA[0/M99rr1kuRrGQFl4F/GY/ZGHJeLC819JbR3oid49N++AZmOTQLEVesVRjoMlqqF/iey6gWveYyYa9JbdV38KDDVmpsQ3TlO4816Kxs6HH8gR1KcPq0B8mppsrx7YLEsrX/9RDleR76x7jQT2g9/GwEFxkCZgznckc4/nqNA88tAap48olzsZThrQiaaIblSvF4gmKOTdKOChmGNGqr2XURhEky5U9r0ZU78U9gMO+pjGkHVTmzycKaEOJ8d3uVNN2dL636ZAfYpWAU8kuAYTdKiW0xkTr6IN0BuMue4yIjg91mN5UM2/84nvhqQ4jgrkyQmiI5dDA2vcJwl4RJspb67QBaf3p5P/Zk06nSTnmwjRMLHWnx4RDLFwt6GKFhHvDKAJvLOBAfaFxil+gIw0fIrHT99j4SAAC9dLoFUg3i88Y1y+Hb4ooStxJjfHjhUYXX1IVahDeaZSynouLHJ1A==]]></Encrypt>
</xml>


2017-08-21 15:35:56 trace :
------------
String:
<xml><ToUserName><![CDATA[gh_a886868beb64]]></ToUserName>
<FromUserName><![CDATA[oNejvwEDleKLzfGE7fW3nJ3sfA7k]]></FromUserName>
<CreateTime>1503300956</CreateTime>
<MsgType><![CDATA[event]]></MsgType>
<Event><![CDATA[unsubscribe]]></Event>
<EventKey><![CDATA[]]></EventKey>
</xml>

2017-08-21 15:37:05 debug :
------------
String:
account-ticket<xml>
    <AppId><![CDATA[wx3db5943239313a96]]></AppId>
    <Encrypt><![CDATA[LP+atYCJTG9pSg1LBT1Z0bnshyiovZNKl0/nT3765IIF3bdCY9VPUL+oTH0GwNey5gD9JTEu7PAeDsVT8cfy45krgiEJdcxk+zWrafhvNidMYW7agPH5ZohhtS7wVCPR/kdI6G5GzGgUKCuIUq8mHDbOfxOpvd55wLzNn3oEsfa46xRBj5wsDKhN6S4Vm8xqbo5J+GHRIYEDQDrjxAAe4xeuZNHXUX5fOV+JQsHHiagTvwl/Q2N1AYBdKiCHskGLpW76Miu1khfMz3l2jHX+j54YeGNw1DVEWRseGH+jNaiYibgOEOdDeiqk4GaFMaPXXmGIxrQyM6UP7h9l75evOl6ycWizS2hwAyZ43PAB+cJ1oCcplfqm9nxpXFDcT8l0/DYMjB0pwzBAKBeySl5OSjeTxgPe1HiWvrzxgz1/JIDOtKJ7gxuZwxDB1NV90qfsfEyx+iC+m4FHOoYstQdkJA==]]></Encrypt>
</xml>


2017-08-21 15:38:51 trace :
------------
String:
<xml><ToUserName><![CDATA[gh_a886868beb64]]></ToUserName>
<FromUserName><![CDATA[oNejvwBbdrwZ-An-XhsxuGCYQsMk]]></FromUserName>
<CreateTime>1503301131</CreateTime>
<MsgType><![CDATA[event]]></MsgType>
<Event><![CDATA[unsubscribe]]></Event>
<EventKey><![CDATA[]]></EventKey>
</xml>

2017-08-21 15:47:31 debug :
------------
String:
account-ticket<xml>
    <AppId><![CDATA[wx3db5943239313a96]]></AppId>
    <Encrypt><![CDATA[fWsVKTxCoEQmPi1EbNY3XycO/ITLEINqyI7/h4A6A7L6v9zT2CJS7IDIl8mfZh892mFUsK0QWZGqvlJchQyEkcJP1VhCBMmp8g2ZhL0OQGf9ZF1jUTqYpe1RQUyhkZ8WlWcZHcdLLdqiwp9qSoJvVL/38bFzxcYjVgzEStA4r3XOXWTJPv0BFPe8bd+n/Wc1y0nshL6H8HdJRzhMZEZXFQ8RIutMPuSKKiczqlUc6lKcP8YafIOX+ZHriQYLLfPaoKxF0Zqrjxk33l57uIsACa01QyYOPEiGbZLniEW/HBavj0slW8Rmlc9W9M5x9sHcHGr4u1I4ZwkQVRi/3C/QA5lKZDqnd0wbJykaCkBzCgvZF731UrL0HfbbphBtVAADV4d9y1aRD1mI/1i7b8KVAW0qb04NuiEbHOfmgD3hwFp+KHU3Vrq9Pkr2Zn0o3Ywp2N04cETGK04+hcaoN/YUAg==]]></Encrypt>
</xml>


2017-08-21 15:57:45 debug :
------------
String:
account-ticket<xml>
    <AppId><![CDATA[wx3db5943239313a96]]></AppId>
    <Encrypt><![CDATA[1YJHWlWIxBCJu64Gg5LpEOe7zlWt65nagZfs0fw9eAqAMqP98/1zgY/YPHJ86mz1bxnxu7O6LwuRqP+HLHSaQN7babuq3j/49C8rxfeY4AOn/btwfXL7U8Dqb6LI642tVSUbx6G9uACMHhduHLyPAduV60wKjqCvAc1xH4vNCGE9E0UiNSyJLoNl8A3KgI4qnzk064ykJcD+hhzNw8yOlaZZxHzmyNUw/b6+VzRP1DPR2R18wGw748u/yzElB4gTNvBt8CREaklUSBBYfAxhenyvMZdYxHBv8VW6Cw4jO0mF/REyj1dq9oe5yNjzGSrYrb0liz+Y8J3tKRtcuK5aWX0libHS9PEVcOn4Jgh34NzwXFEMoWqeo+hrqk1vpErqVEM7G/HQe1ifSRdXhaLYUfMNzGQJz6Iu8bbvoB9Fvh4MsY4eSKc2VfataS6+7V0XlI4X5+QGqqGR9iFrJUyMQw==]]></Encrypt>
</xml>


2017-08-21 16:08:21 debug :
------------
String:
account-ticket<xml>
    <AppId><![CDATA[wx3db5943239313a96]]></AppId>
    <Encrypt><![CDATA[bG7Gs8SMEj68ZJ9/+c5ojHzLfDEAQtq7WZdshRrzuL+cH94jm65aBHYsJwWOqTQpPNafjo0wOWWzoNT8e56wNFjvNLEqWuuYz6qQRSRZZRQ0nacGHzW850dfE07uNgWNl9KOQXUKX7DKT2KBQVOwmUCTEW6eEcz7CsqKSkLvUG+bXmO5iFhyFaPgoR4UnhiCcK3giYAyja5rB9C0b8x/Iq1aeF3LX82Phqeac+SW0goYFTMfKxD1OS/sb1vWeSiC8Co0m8YvUFC9owIhOHSUZ2MiOchuvSpzjqx1S9WxGn2QaruU+kAfv7f4X6bieAcsBLC+c+iGjilMYf4WC/0lKIECsTWYRAJrtZ+9ctGlNEXwUC+0eqI2duBNsFpN5arQ8w1WjCXRRMxIDCIs+pkVJ3npRCdynRIi2Ic+bbk/Hf24J3Ylgd1s7PJuM6oEZdMWAFlnBHDqQx2upw5vYk8MPg==]]></Encrypt>
</xml>


2017-08-21 16:17:56 debug :
------------
String:
account-ticket<xml>
    <AppId><![CDATA[wx3db5943239313a96]]></AppId>
    <Encrypt><![CDATA[HCVdQPbSjled+AlJ+WfERhlocAYeIvvgvbuwTOEGse6PMAJDZ80+0WWZXcaZ6xWFQo74vbPdJCYMz922HJObZcvpCRNSda5IyzG4BIgf0f5y/icPgpCUtmWWMhlT69ybou/YXEKwEUv6ehOjFbj1TynmW4IKsBJQIV9M9FS35hESWkYfMfUjehBTvbUNBWqBAb4u+52Zfew5qVcyFtG++4rBguGiY8c1nkbnnXHL49LjE1tw8I2cNqiEGPGIgVGMVpN1iRF0dPJlL7oGnvPWjzGK4K8Xy+YgKyJkHq20MBSuYNgskHGOiNgUYF53Z3sNJRK7xshtSiN831+qjUavEnntRpTinaZvOl1npCK1ul9JtE1VrkeM8V9+rKORfsuL/xVvN3wueXTgfY17bWnlk5ulWgtEGapqIl/HqSO56VMHT5rm/lwIwKX00zwBccXOkITp17HfaLJJp2YEv7++mA==]]></Encrypt>
</xml>


2017-08-21 16:27:58 debug :
------------
String:
account-ticket<xml>
    <AppId><![CDATA[wx3db5943239313a96]]></AppId>
    <Encrypt><![CDATA[2wxrA1oqbDCT3FH7AgdtHi0ElFcyolc9lNgvRaHke39cPhkTHTBSWe3fTWK3XM4ogBZxcCMz5W3ax5bhBjZwNuI8MKF8JcRBbc1Kg00WuV2UwU5X6TmJuapvMSvY45GHHK1lstjgWUbpICDJVjZNA6/r0HBoA6/z+NdJ9u647JrgPyfm22rhfQ6V+lpB8ItFa5M3aoOZ0MU7f9m6t+/hbcjjVoRBeVv5ImS9M5x05g3YHIe8Z/DvyPdJSCV/x7d2N698c+PQq/7/D91MS9LIpBiITNso3O5TBOxW6ApSClUnTrku/kqIKtJORWvLPrIf+pOmpjZskhWwDPW/yi0tPgkGPNahN4j4Hv5sxaYBXae6UhQi5uoMdomNIHmYeceBbjwW7aEwOFIHday/mhE3ZL2XaWqlTnPzCkOjXcR33UGtAu8xnvPvvBbPBjIL7rX83du2TI7Uzg4hVgmfpI7T0w==]]></Encrypt>
</xml>


2017-08-21 16:38:06 debug :
------------
String:
account-ticket<xml>
    <AppId><![CDATA[wx3db5943239313a96]]></AppId>
    <Encrypt><![CDATA[9/kpyQ2EcBS7lYl0azChjxGC6zUrfGQJB6V1LHvZ53Qas9iY/AmxVqklaeFRhr624UQ7uOZ6FgO0AQMC2fJGzjTofKE1E2XPE0lkF3YYyPwt1iiiVCNgbhx9SJfmyj2vIzCWJwh8042kkyzdkds3pmOqiQ8frRk2cSPUYYiGwMqFaBNVKJkyz4qL/Uo7cyAW2awqLi85y6EclUfSq1FKhyTvSxo9lg+QmuLV2N6iT4TFyDiPmacm0nPRlsRN+SO2E9ABul1hnceJrGAGKasDV0MzanzVc1+8628OpUbF/QgvLburmMBOtIjWqDAM2hVFEzKRFiFcJWgCjB+8sFmvTFWDWevW2o5LC5TH0Ha2cVo8vjFi4nzmsVMFSM1UKH+qftqP3Crcb7oyRoItKuI++kGSI3SBU8u5JcQgu3barmjw03lHyv8tPNrD1mw+S2ucPGVKXwp0pO5PVf26qWLGxQ==]]></Encrypt>
</xml>


2017-08-21 16:47:59 debug :
------------
String:
account-ticket<xml>
    <AppId><![CDATA[wx3db5943239313a96]]></AppId>
    <Encrypt><![CDATA[a9Cx8Dfiwy0dv3VeS5chU4yLNszEdKNpXFFzDw4WfKW4T47bL79ndkhdG853/gF9yrelaQkO2To0Qobc/UIxKDYcvnS4d4pd4WMC4f0YGRM1neU4tDiPvZtTFFCaI6Ap4np05FLTfHDm11nMhRhGQwhZAuUFvfN3s0oA4TeB50+HXdlyCHCo6mkIyBMf4oeOSJ5zZoVWQiHAQPs7g5w+rXjR14UMliDrOQRp7uszpyXAYEjDCg4ZHP5uV6X7QL3FFZWSTECFNwRkWrVJqo3Tw24h7P3a0sgQ8MECEz5NL33OSbfIIQAt54e0mCuQnFMzCAvdpHL+MFh0Jl2vE4e/6C+j0Xw+cC4Ufw/DcZTFozj5Y9/9Yv8wrthIAf7HFJo9Jt43qFUG3ggWwLMShZdwNU7D/ZUqP+PbxCGdzS/r24AYBRfoDG1/B69J3202zghDSWJ35xFWummgo76kudy2UQ==]]></Encrypt>
</xml>


2017-08-21 16:57:54 debug :
------------
String:
account-ticket<xml>
    <AppId><![CDATA[wx3db5943239313a96]]></AppId>
    <Encrypt><![CDATA[dwgbgy+lJD2bCB9ND69GyEPm/ci/9BmolXkRnOfo1OCCQRKD5OPMITQPpssqYBHuMyVrTPFKiRHPlr2+RN2yQA1FKU34ybigmvp6Lm4Rh4FjygYvgbe2uVv0qopcmNulr1lyx0AfJCi9dBjYLQt6OgoZA1NMteSi9+anJVKSU/x/LHQx7HhUQjqq9feHnm3T5dL5BMuvlPtKhRwSOAy06MKS5ujTpoSyA2W4LPG0ErHP52eTHgA2oS/4EU1RBkxEHDhgQ77pxbzFtQ/xDHeucRizv0CDci7tp4geyd4mJaNr51+R0Mi17UixlpDa3YW6cNTwpPQ1jbNKG4S0zSLI42/cXZPwH/KDJusO3785ptRL+ZOXuZRIxbKsxJpglEiJTEO0t7uaaLnOgqNc9QK3qBxzMAvgiyxK2i3bsFDdraJBcbnVco2eCA2MvNzNXYuURmOAvk7EJjKLmUUhRF6Qkg==]]></Encrypt>
</xml>


2017-08-21 17:08:05 debug :
------------
String:
account-ticket<xml>
    <AppId><![CDATA[wx3db5943239313a96]]></AppId>
    <Encrypt><![CDATA[p5DlqtycL4Uh9+cXstRzNo/YMSANQ+7hyPQ88ueRnaw3cUMMBCgK7AbZ4Q/psCbOfHtLBd3gY0fTHN/04D+Aq04LSBwAI3uDPfwLCI2aup3xB5pE09Y1c7FWE1MDnXwDAvnZ3lu0ohRjO1cyLiJM0eqaS56sIK8fvhx+C+yyvoKScEdni8DyRvVfhFK/RZAO5JdfeIQE5pb+ZviqJ99c7VEXTzr4zbybmOMMBIARNIqHohpZOilgX7S2agtDYY8vIpyUsY8d7jb8knRExttGmVfrqFPN5uqQHYXAshqTbJ8/z1/pHLGkbDMSvsDLph/t9kjiZtC4pC6NgRuGK5ozYJZwPybgFA8R0OKpbnk6zkdHht2YxamFoUO0nXLLQnU2ONZLsZJgrakxsIQIVQioA3C9h4wB2Z+xa7FgjYWsbo8cUIrT0oTasVuHNRPdEv+2kpAodL8alTzMj1VPAQTLyA==]]></Encrypt>
</xml>


2017-08-21 17:17:52 debug :
------------
String:
account-ticket<xml>
    <AppId><![CDATA[wx3db5943239313a96]]></AppId>
    <Encrypt><![CDATA[2QFTNFbt6olLNyAjpA3LHJDej6sXsMgYnakBMkQi44ESRkD0oEvd4KdsvT/3/69KfoNe93gmVPVYYp+nH38RkMjWcTu6xKqpN6yJPlTTcHarINrHniX1n5NO3ghqzg0Ntcbmp5AliRTglvqZj0JzS3S0gSsNmzefBSxQsxLKPx88JTWloVlBwNBviFQRmcIlJSIJJidF/aPtjXXhJ9XWrfexF7DEvV6d6x4VmgJref+A0y+JYByAe8o002J+lZCQK64DCK6QNgLRaRWD1Dy0mag4O07aFPiKJ5KmLq1jfL5m+5mLRRwiewY/GmSE1SFxVCGHMgk4XJAtQphW3Jsi2UsbMyar10VvGEnckk3G78ezre5NSBIUgxu9UQWzaQRzqRBS68lhtWUS5Fy7wn29mtHTAMBya4uKoc/0CS7KwPGV3PTVcKczAna78s+WGUDDbWI1BoxKX8J1eJACgFhkkg==]]></Encrypt>
</xml>


2017-08-21 17:27:55 debug :
------------
String:
account-ticket<xml>
    <AppId><![CDATA[wx3db5943239313a96]]></AppId>
    <Encrypt><![CDATA[5AoSWgu2En9pO+nYOxiGD+Xu7X5uZrj6840U3A+Xz/2RgkQ4iT01hOs72qmIuKQt/L0LVZP3hpbCB+yIQ28UD74y+KZhktORk1PpRFKzawAizL1rC0gUW16OMacQTTIMkzIBfddldIEGTi4fxeNSxgbuKPZPFJnhBJLS8sKlHencqmBGl6/I7GFfEqvVr5us3mQJQ2n+Jsjpjy5e6bYOv+lPmZSJU8vUk8zSzDZHCDdnGMr8fhRbYuVXffbw67bZPlkSYCEoCJSy5JAW+l+qMgBz65urv62ON7+MgN41MGvB9X/58gYuTwgusAjIj2kTvOCWcI4r42hUgveXJsIuSvL47IGSDR5Sr4IsVmTXOxMU273kzlqsR6lj46vGXVHrcIC6CjAdHBinR1ipAcpcQJlAzgsr7VQcJE4Lh2SSStsuHXZQoV/SGCvy6/ZOMHnWaFNtYrfYb7cMwzNNe3wGpw==]]></Encrypt>
</xml>


2017-08-21 17:37:49 debug :
------------
String:
account-ticket<xml>
    <AppId><![CDATA[wx3db5943239313a96]]></AppId>
    <Encrypt><![CDATA[XRGh6zUJ9OtrAZP3I/qRKPx3Bxl081syfnJK6tv4ZfylB1yeHqUnETltH6NySXuUdM/uAQ+AcocSSqC02Rj0U090bPlQsu8qTn6BXMVe8dGTHwWx6hzo0TEJntjjowtWnI3ukMU4qBhRWfcyo5MWz90YGYAoESx6huzTZad2/rdpvSeTpMbIRQ2ZagdiQqtJGmovf79Pn+gfdU2oacNpV0UTwsNowit8rSMPxOQcNMPmpEgcnNONGZef6ykZT6KLmaxSfM7WDH75lS58zq5/hgoHvHWNlnqXBwaKI7ZrV6KHt3FCpl3ivMiLtgIqB1OPWU79la6vfxu6wGzjAt/N09Ex5aihVtSz5jP8CAOt/SAvaVsbr4rMeDypU6FZZxah4gaGe3T9qbHA4jBBg3rlgcUnm1gMOt+XdVz51ZjYpQ/zhb7GcRklJ1zNH48e5LT3a6IcNFWIXAQnGvrIXGrAww==]]></Encrypt>
</xml>


2017-08-21 17:47:44 debug :
------------
String:
account-ticket<xml>
    <AppId><![CDATA[wx3db5943239313a96]]></AppId>
    <Encrypt><![CDATA[upWoraU+RZhkYZDJXLazPIToNoucFP64GyayYbCMevf/qHXhhPgeLziuAVGOQ4RqgA8qKBjy928QKcABwjjZqsh9N5YqQhs5/zSE+hseGaGppQYBw4RTGi8EeODSuwacHPuucViTGtxuMO4m8sDpBoNGFwqOy7+qxav+PrQJrt+D8uxQzC75SeM4xqUMbJu0m0tfa1gbfAkyPzagKIBCCFqnI18ZajsJJrcFsGuqrBET/CWC7N93rQFyxP78u4EBynX4FUZUOQJmkoVOkRu07uVHMz30iApDwoFzfPzwGSSJ7RfgkiNVIMDGvj6s2fC6Be+OiAvUId9dM9QgEIP5jecz5FY62oQM2n59jnEaaPOILNoEOj+6GNeTzKVojzcLivkjaxxK+QQgFfEZ2yjmlt48ER5lkJ3rsf2yaFPcBAEOMCCp/KOKAEQhCfC+iIXKb2FyQY1NBuUM/899wrEw6w==]]></Encrypt>
</xml>


2017-08-21 17:57:46 debug :
------------
String:
account-ticket<xml>
    <AppId><![CDATA[wx3db5943239313a96]]></AppId>
    <Encrypt><![CDATA[qv5d9F9aQRITSACG6+ZuLiLdGDiSV+GupoUMHoCRMHSeMaOckHm9YnsiI1DSGrxq92Egzds6bSq6I8EDpC35BT6xOjoWR/7tPuRKTFqLEAf1kxR++7Pk55Dvx5ydiBVEG3oKiDLo46+8I7pr1hwI+voUOw3IIm0QpsBF5j71JAv/w2/MLdxz7O9hvKSaPKcmTl/wA6w4f8chy00dFB5XpTnjBl8LnAwN5c4E9Wt+JdVhaewfP1hOJ7Mg5sLslgPLfTjxLDDMBr5kzjWjMOaUwIeU1Re2DCwgvcpwcG1zUjY9Mja5bG0HVj3hxMzRHxWtxZIo3P1GED1RTT/IHMnjUN1ZMZ6AFcnm7YeM+PU+aE3AQ7RCcp8+hT2/Uc08XAVhBH3gHXckKAxjtfFZSwviJ+WeaDarWEfoDTz9wnOAi9ZYvHq+XLKspVnubZZNDYBtE0ZnqywZq5+LLv0s96v0vg==]]></Encrypt>
</xml>


2017-08-21 18:07:57 debug :
------------
String:
account-ticket<xml>
    <AppId><![CDATA[wx3db5943239313a96]]></AppId>
    <Encrypt><![CDATA[abp15REntjJhdhtkCwvbLeKZ8YguJ0AAxw5YihA6aaAhOit/LSdrCR4V0vsget6AFhQcfh3bKb2s1UZZLszjjtYZaFA9Hhsh+ndoqikkunqY0luUT+t/6atrLSFyjdXuC/hlpSDbRM7EC0xJOYE4AKFBtElB0ZAXSNV+hfqWjTK7UpymuOH5cgoCrSux/Na+LGH5pK2h/epufO2IPTnImqjFI38qBg+NPyRWrP5DLe/HHL/EB3aE4tJd3BVOYKifWz5D0xxKMlOMhJQWsgvS/Xr7V+MKfS5I8JaoYzkLvzKgmp9gzPIHKVQNhEBTvWG36Z92j7+2vIWBmE1FqdRqMd3MfplAgFLZwErDOfqK6nvPN09nZknB8DCO4aRxGcyTI7M8JBfo8M4Q9YY/15SH217PmC6Xe/0ElEM9bjYVaI3GLBTvnAoR6qI5j1hecxQrP3I3fVMo2B3i9TvSYSnnCA==]]></Encrypt>
</xml>


2017-08-21 18:17:47 debug :
------------
String:
account-ticket<xml>
    <AppId><![CDATA[wx3db5943239313a96]]></AppId>
    <Encrypt><![CDATA[gEdrBaCx/C17vQOZ5d99QtisShMjsscnYXBf4TJ9qwCL1Ylmu5U3mdKiyeE7c0PCm41PnF0IOHRgrrMKsDmSWCHYWf9X9ZbMD3AA76ucUzyA4kVEaqum5zYikA7/tisNC7zXBp2udeciT9BoEZ4KpbXcYDcUIaqZlzAZ3uWu5tc1zjzmlluomkxT6BTPe/WOZ87vvukPtF07wd35P6dcRlz5BVv0/trQbtyiJVTjDiks4+0VfV5Xvm5gW+B56uigZ6saAxTG2b9kB4RJUzY8aw8LNlpLKDMKszwLx6BbxTuVV9iwHtIn/agi0ELaZ/hEjWMcm0x7gfu5qXj6TZ3xWLOHQXwZF/oL5Z8AHHOQ8ustiaI2dFso/JP/wKUmRTgd6qzHXQZr6jtOHB3sVa19BFiotXK8EFEu3/iHIbgBHH7EffsxDoZvrYYutlL0icDM2dJc++ucbX1FbeNF7EBZfw==]]></Encrypt>
</xml>


2017-08-21 18:27:46 debug :
------------
String:
account-ticket<xml>
    <AppId><![CDATA[wx3db5943239313a96]]></AppId>
    <Encrypt><![CDATA[Lh70LB5JlqJHrvO+FZO9qzwkJLIDzKMUt+4eXw5f5C/w/kAR17+AIL6uRSnDYKLjdkzv4vknAKbP2VT4+uLm2Yw3qasW1tWfO6AZ1NnLvlmbeJNVF/mI3ISpUibRrc62UCVXGAwJCKviAhNVyyuXY68r/fmG/pefFvJAIPCxaEvHNz58Q4wgSOXXcqThMCzUhwZLjF5YqyOmr3U12IfvxKdusNC2bBzYMgS1660Yv2jeAdZZYUftEW/TD/5vc04EOl7J0w3CM5y4nt/MRij/jQ0iLR3cqKiFjxWW3Mfm7Hz0EXeOZa9+P+duDm+kyaWVKIQgChHEyPweb/uctpXZhDGk/m5Zm3AKF9zKAm/bGZAo2lSgbYYFAkIgZpPlu+hW6IU/AvVaL2RkeLOmkfb8prwhamvGHTnPf062vFnp0Rc6absynX9/4vhYFw0XnTT5D28uhjOclO1eWPznxdTzYQ==]]></Encrypt>
</xml>


2017-08-21 18:37:48 debug :
------------
String:
account-ticket<xml>
    <AppId><![CDATA[wx3db5943239313a96]]></AppId>
    <Encrypt><![CDATA[+Cy1rnGotyDl39e8YwutuXBtKhCdP+EGQ6pSAdTG4HaQkG4/dDt7m3Ka/tSXoM6Bh1SL2GeMSGeigD1roMOexldwfg7rqMDXAh6mMcLpGh4hBsJLacN0JKGhAau6indyhKdzbRb6Pss4yUWIUrONGKGjNODlidsHteLKxUxzJnGf0NTL1CqjsbSxJeAbqOyRSymt/XVHNk9RezmXAw44oNB+3G/DXAS74vzPa1jCchoVrSYOQ8UEjVgHH7cxPIaw0Z9QGEeibEp922rIl1kfDUwPD7MIHeBYGaNalL4hA/YtjDBmv3aW1HbKryZo7UNUuu2e7KwWy33PxSgv9GzIdJ9R8clZwkFqAknlGRA4V9phUeEvWfskCRV0+4RiDDJKsMdMu3AmLGPw5OpXqOAdUsnIQIS/3+M5SxcAGEkYt0yQCZPaR0JBcxXXH9f9hMR6V1Q8UQJnqmc2ZhwcmqEVUA==]]></Encrypt>
</xml>


2017-08-21 18:47:48 debug :
------------
String:
account-ticket<xml>
    <AppId><![CDATA[wx3db5943239313a96]]></AppId>
    <Encrypt><![CDATA[TMnniybARjIVfYk2PN3Su0Zb2g5nkrxEEVgbnAzn50JrwcvmRJCxPAo8fmMN+iKc4mdGwMNaGFsd990ITHUM+tvEI8T514ERD6gSn/KEz9UBPs6rJy7c7FtgpUcSUbybtmBQYZFy3g5cbsZiVZHWMQo+Yh3gdQIjx91xOmzW1u8+20yoXkGcSm5CTLezjh8PYfkmWi8PdGQeh4YqNyb6TjpN6IowBcWIcdOFqG3WfgG1FmjNGp7Xd4VIOCr7CdzBSS/uw9qzULazEJJUFS7lYdMVCq5J4LjfTDQIOxWkIapMSoFcNt1cbjxhLj5/X3K6sRby/WDLDlt3hWtCc1RRqaLLQ8mWujayC386ryyit3beIwyFLlm7pwbGS4SnTIySlFfubXGVJwWryD0Pg8Hb2U3XEGs4gYroq+6BLMKphoRFx4q7l8Q8A6c3hKBb9W3YAbnMSl7icvf7r4fMtBwrZg==]]></Encrypt>
</xml>


2017-08-21 18:57:46 debug :
------------
String:
account-ticket<xml>
    <AppId><![CDATA[wx3db5943239313a96]]></AppId>
    <Encrypt><![CDATA[faYELraLxZ4JIoBCJ3ELKwy+sWtKmrWrhQCOuNukfbMGcA+lRQB/KwNNFCIawAKffimBDppNvk+8SutoM71ei5Amih5glbzsaupQKSmj+c1WXgrci85W4ZrtkAuKQwt1jWc66FHDJ9qEUNPG8IyQB50KCeIKyKOVf3MVzDRv/rxNLsEGTby+yLZPcrrru8I8UlFMj4dKiGNuOK3QZhFKBeeSwBkQi0vT+CJA4s2QQ5DicAqqqUFSJPooyjsuCjI0eMJGjA/xkKpgQ1US6oO8/k+LWDw/1WnmyPCgR+5ZBkrn8umZvpwBlMC3cFiHLEMbKlqglZuPRHeh+btJPTpHV0EQnkUVzGXGFr55GYg6Fzx9UZCH8FHfLVQ/uUsjdqQ7+G7HuAlWol70Ne0sOXyrF6zGGIDqybo21gP/yAT2jFcgK+O9/Je8Vg1oqjRnNQZXduzElR1fN5rUB7OCIXbu7g==]]></Encrypt>
</xml>


2017-08-21 19:07:55 debug :
------------
String:
account-ticket<xml>
    <AppId><![CDATA[wx3db5943239313a96]]></AppId>
    <Encrypt><![CDATA[vFMiwd9wXxlh1FrGN3bVmO2Q4pGhgTnLKGE1Y9UiwDUHMXLMIjhc7ECfRW/d2iD/rJGpwA+Z3Eu5cNzlH0gkjSLs/vGk/FeIWJAZnFGcroObLl5Qj8Pn8B1dsQFRMt0kaT1kNsESelg6kRPdmBxu7j0y7vEuvdpaVujYbLw/U4c4yKikOlimuYB2lcmklCyPgsA41EG1WNJ1lSeup5yjP5o0+K+vgMl0JRBy6q5lFNjhpesBaiTKGLQePxnhEr0CKkm7RBu22nMSwb6Wa+8Kjf9HsCcdZBXnuySedvel64q36HfKct7EifHTLI575x+bIMnk5JG/GOTDjCeVMq7WdRuA30ZQ8bJv4KdZAeEahc6rBIoYKhyN6uOv/cw0+Iv3Nib/2MtZIzijIEoe6P+VlLVnNmz/ne3LkHTnb6m+N7rxYs/iCDawG9A8dJQgmiM37T2kt1QrAavdSWaTf7Dwmw==]]></Encrypt>
</xml>


2017-08-21 19:17:50 debug :
------------
String:
account-ticket<xml>
    <AppId><![CDATA[wx3db5943239313a96]]></AppId>
    <Encrypt><![CDATA[4JGgXxJlHyJhfHUz7ujNloAmV1dSNopMJGYq533fqvywQRCdjtgte9KKeTMmuc4oB5/qDCjZH/nG/r++5AwqehdIDpdk2E3z0bG2GRl0XXx3c0nY2dy7qSfLVV6cuIYf7jEGCeiXpfwBzfFOSWBAwurmYnUqIX39XGUpwkD9QwkcyoX/kQLMBPcR1sYWHaQelrpnU4ZQKNK7cUik3rBKH3msndgFq2a7x8iW0SPfURt5SR+D9YHzjgvw8NsmhMSj5HpUePzFpbOKC/AHvyb/lX5z0pO5hy3UhcKkQQm3kDTaLVeHBJgkVcI9n4i5Cf4wmSClAcgbwgnPJOk8SyWYi79Hft5hF6mxeHmXcDZh4E+Q1yjJmssF+8/ZSMfRNhFUPfrnb0f3ayys7ng33iE14/A9iTaDkJ1kzq2aqoPJJ0Hxrfgxn49F+N5NQNhsJF1mAHxDcVDErBNg7xW0ynmeiQ==]]></Encrypt>
</xml>


2017-08-21 19:27:49 debug :
------------
String:
account-ticket<xml>
    <AppId><![CDATA[wx3db5943239313a96]]></AppId>
    <Encrypt><![CDATA[ghHOS3hja12t4ENuyW6xaRy55esurUNbOaGfR3aQLsuYnXRvSAVZREarOjGdXblVvJo6hhl1lfRkiDLtIAiKOQOncVnBlMfE4XVp9gHuszzWVM8RA3CoOMkAcJWWokL3XU7NQ0OFXnqXI+68QZWJ64OKkYbXA5rOA5P4aep9lyfXx51Dhyhj5zxGknhbntY6gFlk70C1fZyx4LvEC8F8QnykReBREc0/WQGA2HmZHpMMk6QJL0oqTdBwJyF2grPkg4oUxxGCEOgbHDfBKiMNPWVMMMrfUHV2MTvLFVeRAYjB0XVx2EcpSUzHeMNrq9TvPoKLP/JtvvCh+FKs0EmqbRZ44/h5V3USFSglOwKvwjCSiIhnb9eWKMNTM4t4Vh4hmNHRWIAowKBohI7EjYS3M9ZwIhCBiCmDl4EaSxO7W00L5/HC7W0z+yYkKaqYgtYPN8FTiYV7CQUUEaglGuBprQ==]]></Encrypt>
</xml>


2017-08-21 19:37:58 debug :
------------
String:
account-ticket<xml>
    <AppId><![CDATA[wx3db5943239313a96]]></AppId>
    <Encrypt><![CDATA[bxe48WSGKExCrUFK1litS1pf5QHAEf67hzK+ZWVoS2Rim7JGORnNgtRWXZoOTKDZ7W99nJteOVJnVIilPJgXdUBMNogZZXJu7HUHYv0pSTFN3cQY3PtczyMpRvxeWA55VEAzubsZvfrQwJy62YBkAdb2x+Eq0w46le6bLZt9vCSl/gYgKXWEO04YtWRLUE1P5S5BohSWo5kNcPN2TFCWZ1SQZB6IJXZusfaVhA2Fokv6H1unLWIA51p2XOXylONY8FjTa7TtdcvsP1mzhFMi58kGLGFgZRFKNHseqNPdQkRHxDzWRH5KAQjFM9tkw7Eds53XP80UmFHHxasodzzjM2KIRRBudCr94123QoSMZBxwCDebHjJYzsdV+/AFr6zxJCg6eKPLagHxgUsS4ud/49FhZ+nBgwpxuY87L/U+O68ViMB9WeibzlSokqaT1dQQAggfaEZSbln7zPtpwWRTAw==]]></Encrypt>
</xml>


2017-08-21 19:48:00 debug :
------------
String:
account-ticket<xml>
    <AppId><![CDATA[wx3db5943239313a96]]></AppId>
    <Encrypt><![CDATA[PG1dj4wEZqUze5o+Ib4UzV4Gl4o4EaXIAwc7YUqMpzeqhNoYKLfbKGpQ7IybP1ZpEkb7GzfD5areVipNsEuswLiHkpZL+uJNPx48uXHyAG5W14Nof8lyzN9HoUzpN8sQc5RFT+cxJ7rYzkggnQFkioflF0SWQDumqpVqZfEC0KVwOK72QlNAU0ItLucxgvnt/QFA7Ejmy6IZsAFiaWy09jQ6hU/3XxWW2yhjld3G9gb1/N0jciNs459cLJLP1xkfIW9ejp1uQDVNmjozKM5YKZ+MmF8wQOHbb6WIXxKqh9BijJoXc4MLGVE4JrBsIXi9NQ4C3Po95EV2deCZuMYdYQfvJv/gXnO+ZmcsUnSZctoVle6vaWEIrQyTahVNWB/os/VmCA75U2FtX8Yc2Sh6sKCg9mLwEk6g1Xnk81juh1uE8sNwYpVPu0MtNY6Au/A8xTiH0YeZtr5tpdSrQ6us7g==]]></Encrypt>
</xml>


2017-08-21 19:57:58 debug :
------------
String:
account-ticket<xml>
    <AppId><![CDATA[wx3db5943239313a96]]></AppId>
    <Encrypt><![CDATA[a01/NyhkHD3H4ALUde6UofC2FMGenTNt8Ynv02p6ULIp5DecggIVzJ6LZoqd5CgPBfEyp1LTNrI7t/2AlvbvCzQO+Ep+eHuiAcjs2R5jNWz13FLXEPCdPpe6NNDtW7L8aNFQt+Kqbaa5Jc1wzaSLcdTtNWmOLay3x+I1wIV8936pltc3WML+OhfsbDGVPRM95iUwiPtencW2zkZQeFl01UgqtwpFlvEpa9LSSybKuvh0EGFSeiA8Q6mPZF15fI97pIbmBsyjZE+oe+ZYo6lL5h0AIQaeUik0S8xd4BWNHdaPcICQK8nDr/H1owCSWT5Ku1S0w9GGQ1XSXSKewOvegOUMD4Gfz8ajoOobhzIrVN9IT30Oi1fm8E7dM7XdPU2/IAL8kUmJZ4jbOPd+yxnTKiXtua2wa+GfwTRBAgPosDNoMOsqOeEl/rc0s1a9VtPhJPmrx7mxcpQdGLQQxmXYQw==]]></Encrypt>
</xml>


2017-08-21 20:08:32 debug :
------------
String:
account-ticket<xml>
    <AppId><![CDATA[wx3db5943239313a96]]></AppId>
    <Encrypt><![CDATA[ts5E+lWqe2XdaPYp5jCBUNqdd46BklUmiSO6zI+hkcJKGmGSH+Rfhnvam8bkEOJinJeoXw7XOkWF5YjlEWe4KrqxYIZS4erZWqZcaM0ONNtiPWxB3EpWrLff3KrK/D+2PnwbbR2HfjsuW2xNiWcmRe31TdwT0v8L7ZBLutPD/j/zDPYNNX7uWGthLrluQcJkkY2LzYtP5HtiKlSwhT9PNt2QJRpPPHJecC0TCDMNxy5qx+Yo4TRizo2In95f9GfVunqWEsJdcWQSOd0qYp41yFn0oL0bWdF/s0UQ6fk/gD0kswQYD028QoQGKQW5R/is1NkGHa1Arxsr+1664x9b8TE2zzhzsmRPjmfrWvCn5lP2LQpJ4X1TkslTi6RP6EbLHu9q7eWYCE4O+iu8CnUru7D3L9DoZHArx9fSh2DJrlYC/7q8yQbbKSMLa29I0gBlWA2hKX+oBOJ8xUWfufM26A==]]></Encrypt>
</xml>


2017-08-21 20:18:22 debug :
------------
String:
account-ticket<xml>
    <AppId><![CDATA[wx3db5943239313a96]]></AppId>
    <Encrypt><![CDATA[UeKiYRSwGlldj2Neg+WIu7J6J2rWi6ptMbdkoVSSUN60WL6tSe+DsBb/xx0+Td5w06zheb9mDwdI81QmEIX7D9yyUZFKHKBSsMmL82rw7JKtltXTNOHbiynvV89kwyo/tWxiLyIuMFec8826+HfaBmlT9w2sawQ9zIr859m4HwkBTARmvDH4Hdm/IcVHr5Hl4h6/3ctjhXpLQq/vX35p8Yn7dURN+U9aKP2v5+jOjFN7tuS/HpaeZp0BgOzjml7d34a/z8YwWfXuBdKYJPKUz0/AVMwTk+OzomOmFPUSnvricOzJ3JhyklNVUiOWJyUBENumP7TCnCly1lg/dMTtnByePNwi/SI2PWZDBC4SN1pAdcQwuDwUwbffdk4ynJ4gC3ShZxO9FqKR9Vv7EXY1VRCxr8Ghxd1ePptxyOjhrQ7iJl5FoNOyzvBwDxJHo/ZiedL/xB0KEv+RNaqh+d8A2Q==]]></Encrypt>
</xml>


2017-08-21 20:28:18 debug :
------------
String:
account-ticket<xml>
    <AppId><![CDATA[wx3db5943239313a96]]></AppId>
    <Encrypt><![CDATA[4Y8Au0JuxScxaBTVLdIrGfddltQ/nYdPDKRd5ACQxl6qRnCD8GCCsejPaDgrzrMb54sUoaC+9ToDfbyiE7SaQBFZAmQnQm58fJG5CXDSmz00Dz+FHHnvxvvKGtj25OQEXlJT2ly0SqB7LMRlNNq/svW4B5Zp9NI5AtTidZO+hcxftPGfXmqHk+CVQw0ajFS4osn43FyDicQE62YPG7rOOErWQM9LzUjXZOm3gZIG/sAko/SivPLc3s1g+1Zi1h6MnYpEohpz4GSvJly/xHrZzBPf4PTaMGltXlHF7rsDNb5A+U6SIdKcTeWk8vl6kIvXTEtpqa10YRW5SkNdLP/qUQEeFO1WDQWcZoWqWxRSRSA8Vy64kflvL57XigibZs3sReoYoQzl0YW0vXdbOWnClpg4nvFsEtOX24Fc2rdn9ZIg0xfy9xxfE+8htyBnccP2zAeGo39vtlqvmYhhvrMmuA==]]></Encrypt>
</xml>


2017-08-21 20:38:14 debug :
------------
String:
account-ticket<xml>
    <AppId><![CDATA[wx3db5943239313a96]]></AppId>
    <Encrypt><![CDATA[04Y8c0i5RGk0ROdGPqUeh4NKWbnXg8qSvne15nRgXfMQ5I9fLqV0PINtiGI5U54DFDbM/CdJtjZHNU67gV3SLxGJPSLczX2l8MUN/PFXE4vBGqD3yUG9Pph9UvH87A5Y1QXnNyb0mLucvG+kejHDHXizLGs5JG5spborST4cHUXlIdltDbzOuGcgNRqL6x/Q80vgFzX4Y4m8B0v40TagiMh6RNS6OM5Gu/0Z/+gJIye3/ooWu6oAslNOT6c+aWkfzbKvdHR/4nC37SJ5szV08Hn7PHkSH9E3MrccPZoTKN0G2828Cq2mkm50hkObbLKolgxu+H7GTUfmag/cw8ybqgQKvuSTP9CszZzNYQQDFyZRSLeBW0rJSDR1ONazAAMOXJf8KB+9ACYUkPzIIEGs6XacB1l/TX2itPNArDW8JAmRTd/kOFqBJRcDP4fJnUSJsAUEUGnHKRRgxhimYsohbg==]]></Encrypt>
</xml>


2017-08-21 20:48:06 debug :
------------
String:
account-ticket<xml>
    <AppId><![CDATA[wx3db5943239313a96]]></AppId>
    <Encrypt><![CDATA[nD3fqS41NrOxq+tGB4P3wvXSay6fN3kzjDt0kIVrK5CP0S58qVKezRloEuV88dkF1uzmICB22Jwaz+CwDxZsHc9uHfbTzURARnZfhyBaIuYQvkTI0WBBW8GSnAaxJbdBFkpB5S36hEO9V7Csst3dQMUNrzhbxxncsb3/MyDexPU+pDjXbG4b+WYiFUQDmTSMJvompb0ohZ9jjAI9TdLH0NEGZxHETcatk9YgSLAKp1XxIq9EUwHLYzu31JITst0baFtc9J9JOScHRjPOYI7ZmYuToaFfF3086eFiwtDkVE+zu/knstT4kJ/U22Iz3bfSrRuIj4fKK9VjpP7ApsEr/wRYN+3v+OI9zl00G0tj4IeryFTpyEJnbXZJ6+SIuepWzlQpw5tYsqa4zE7aYslLxEYEx+BVwItuj1D8mJErcV6ql+xhFSZobmklWabtGR9F6W5LMcc4kKyYasoScB42XA==]]></Encrypt>
</xml>


2017-08-21 20:58:09 debug :
------------
String:
account-ticket<xml>
    <AppId><![CDATA[wx3db5943239313a96]]></AppId>
    <Encrypt><![CDATA[xRd/Cd2OOBbPlfgVru+w+GAWmXAhts48P4SoZ6Cj8NpjPGSPS4dXGbxka1DgRXnCahEeZ9lqzLXiH5ZbgXefrQV/+carAl7u3INpfVuyRbPetlB57fMumkzQvdCgaNGM2tSoHQDg/E6Mhd96cuJv87oWi7ZJElpfUcLbPXiG8hsB77aabaxLsgw9Q39FiVecBdWrHAlP7eO/zPDEFtQGpN5CTNHkRdFKwakZtz9gKG7+N4oQ1PY/7znTHlfeQkp3LEcuEyFCbecd9+aQlqNPYdju9bNOe2fsyWte9BlxXYRs4g7GaZzLiN06rqCaZleyv+XDRRd/g6yYwBYuVVezzk2kzQjVR/z2yqCdi5rHK0D+Lnh2Cgcotv953xQJq7Yb3csU2coQ692U2cRRLYJYLFfqHVATO03uPevRMzy69nWCqGMWIAOU7Dc2unnmNPhkNZem73uu9xpsX3yhiuorNQ==]]></Encrypt>
</xml>


2017-08-21 21:08:33 debug :
------------
String:
account-ticket<xml>
    <AppId><![CDATA[wx3db5943239313a96]]></AppId>
    <Encrypt><![CDATA[M2QNkDMdZujDEKe5cT8V5C6cJW3aga8uMKJ1oLFYSwRamFPjWl1uNciUkMDsWbzTD/qpSfHMw4lqRGQ5VLuwu0JAT5tS3WmuZ5pnKgeSZSCKvOVvQAbyoPv0RE9LPsHHM4n4bj0aF1h/Ll7u1w6H4wUd12/CY+S3Q9bR7hDp205Gi69S5Y+gs4vHwPL8v5OwaeQyVR7M0+xaMjGFRaicSsIs7VWEAyt0DOaKErOP27kK5G/1yaj3Nc2MItZV0iDlTt+ZOK9ABWK3/ZRMshLRy9ZbSbtu+wdcfEyi5BLHaJAiHQyFubdOqt78DBUnfdUehXtvSuo9tREj/MSOpx2ih4pww9RV6zTcUm6z4TGAfSydvV1N9Oh6I4I8uz62QQ5jdfiLWyJmjXLlddiODL6cRcUTKqUCd+lN0AtF6c83HaNj6bkPjwZ0ponAd79XMZU6gN9fbp+kCERGGic2bMq/cw==]]></Encrypt>
</xml>


2017-08-21 21:18:10 debug :
------------
String:
account-ticket<xml>
    <AppId><![CDATA[wx3db5943239313a96]]></AppId>
    <Encrypt><![CDATA[7YFtqn/pE3xm0zQ4AOAEdFzfqQaPFGhOE5wSvW+OmLTAg48rgi8BuS0uKSVhbfw7mhmbN916Joq3ejNFI/CETZ+cNloeQaKnTMI7wtyxfBZv/u+3hOTa4kWWpQpMN9rECe3x/ktwSgUzb8uLofacgfogSsbCwNPslvxmSqPy5+NwOJrSfr6bqm+m52G5RNjPALBAyfhzHFcRGFiA2oOmMGEg4dnznXpbsnQBOMMv5ty9OUVXIlMXyiaSvwmnvUBPdgm8hWPcvs4Oo5fibsHOH0rS/BYduSEcMz3V048N4LteVizZB+PlGmMTMdAMirKIyyp6mdD0FTggh7GMtxfgx77219BhaKEaq84w44sjzfAaEQfjR3mYrBACNhkCGFE5oqzOmviC2lUwiMuFFOXiZVLiNlsy1lC/3m2+DEi5lbrFxIbmD+QaiG9J3lsA9IsyWkqk058Ocl5RjVNP7wnXdA==]]></Encrypt>
</xml>


2017-08-21 21:28:17 debug :
------------
String:
account-ticket<xml>
    <AppId><![CDATA[wx3db5943239313a96]]></AppId>
    <Encrypt><![CDATA[a8khm8wxEh33XAebKwS7Yd3blofrP6QpWNJBucrq3kBocqwnTSWcG64q2O67ssLVmTm5kKn5w/gZaAv53tJqPeqid2bAQsKjMv2p2keMw18HeG1xdAOhMloAgL3tDPX5rV19Pf9zY769Gg0N0HVSYmLf2FbQZZ1ic60z8JoO7H900XrB+dIlv09Rvsqt9zm89iZ2VohS1qgzcCjT5cTCJD0ojtB6Zly0uhDp+fB4rKvCxwfncRCoRvCG/pVVKw9l4r9h78ifJzBE4IhL6dP7rdq4NWM18Qp+VgXhw/+58XrfIepAnirMRKKHA4l2XLmgeE+EZvhl5usBnK2i55LfrxA9vL0vsQCNNKImS5Gw8pDjv0Fe0MSAaIqvPNQP3tl6vyxFvPWmoDA/fDe8XBFixyHFCVQLEmQ9QfLNfNyfNTeCSJc6ZyCMWtoPv1Tswx49KGckeOJoUsVj0e/NBkEN/g==]]></Encrypt>
</xml>


2017-08-21 21:38:06 debug :
------------
String:
account-ticket<xml>
    <AppId><![CDATA[wx3db5943239313a96]]></AppId>
    <Encrypt><![CDATA[3vq40RYOTEmO09UdX4ZVq0QEeYXEdiqqYCAzvmfk4SIf0Zu2ASvV7rnLRZZrCtJKhgNu9QhI36xr1avh1kZlJ/cNZq1Hiy/e/09Dy9UvHOxOzM0CbVLkTo8l9+vyVvchuCi31/78b+hFNVx3l2XkdaBFJnEJ5U+7WbwoVUM2+wNjcHwsR0KQfDbxOArhZMPLpcyWpZpdYKFIBfmbFzaYY7xTI1fTaUaC/wtS/dSEzTg3/hPddmKrYfBczage5+6CZ4FLCBslRcTcaJgBvDaAH28W64YqTQz800S44+lekv8JxYBcfxZEbOuLlXLNcbMEuimRqdhfMkFoM+IJK0wMzUv2wRuElwbVaIklIeLsNhruoH+mzy9PsefeKIk1k2b5B2+LRKCpdDRVw0GBVrrr5u4Sbhr2zHWtdrGSV6Rbikw+uJ1MpG/8k5JNhDejMonb4hNrlKQTuTH9OhX/CRR0yw==]]></Encrypt>
</xml>


2017-08-21 21:48:00 debug :
------------
String:
account-ticket<xml>
    <AppId><![CDATA[wx3db5943239313a96]]></AppId>
    <Encrypt><![CDATA[18hF1eB3D+uQQ2l39Tn2oCGJy6cVXPKrCHX+nuJnhdjLU/kiC8Z8bxCkeXVXqbmvZibNW9dqoEu9HV7hK29EeC5QL3aJbyVSPsIQRjkVtMX8RrEXz5ilGItIDSPnLggUDjuLPYAxhl7ymK+q5fpNWCErYRQo5RH74psBRjAZfGuwnp3fOhXYtNbISaA7S/AHWUGNKDR7JGRH4Khso9yNVffD5TPuoJ2vJduIJntLNccRqj2hzH3inyw6Q9Xqu022/6xCBphM5zoE7qdF7Wxn5OZ2Rpzw6oPkWvnGzTFLCCFm20Y1VkKwTfFjz3PNZO8jUIgmMIZ32ddAUQOpkhPsNWNbFRNJ6tJXIFHEAhDbV2Cyhd8X7CuhQCzwrYJqW9BTbc9rv1kMDqz9UkBqDfyiY7XH5Fsarlubl1isWBYdOyTaXWqJLm5DoZVVh7uiocOW/y4S5OwNfR3QSyRXSfBlLQ==]]></Encrypt>
</xml>


2017-08-21 21:58:00 debug :
------------
String:
account-ticket<xml>
    <AppId><![CDATA[wx3db5943239313a96]]></AppId>
    <Encrypt><![CDATA[LPuSMdd0F0ttgODeVH1QiAsYQVkibVWsQGP3xfcJ992enO4bfl9jA2fTHpZpB5mdbmOvhT7XI3mHKuLnY4w9AgmbcdDiIgNTBUOOwAm1crnlxgw18hBNyUV1XKIiKktrM8f+gtPBKKjKnlUFHtAlJaC2PxDeemaYsWzZo6fGA6wx8YBtQrjfw+hUAcigMmbMh0ofzorB/HAzq4Il6jjS6ke+MZu4INGNxsadh7VaB9qPPTv5QEXElbo+zSoIaRFPodJazs9U8MRpywZ71fLWuYpjrnZSvHomrcnN/kEvgspK/lrrbqD5jjw8gDDNUtUH38TbV5K4q16NyVBq3Ahvpe+A9ZtfXPg/FN2hZCAGrIw7fUi1Hl9wvYUx3XS0MEls62R/l2l2Fko9wxWnj/z6sM+xpeGrPlWhWg8zB/sJk7ajh/OwfQC2JXD9+vWN9PodqDcFLtXijoaXyw6cgCX5zg==]]></Encrypt>
</xml>


2017-08-21 22:08:10 debug :
------------
String:
account-ticket<xml>
    <AppId><![CDATA[wx3db5943239313a96]]></AppId>
    <Encrypt><![CDATA[aEPJIFzuyKNtvopHGBqQldKYzJVPogresweU+E31iJO0h/yF59TkmqSCLx4LQXK4KekSgkt2T24rBx3yIBaOAMaqnA8dIjccLaN4kwKCE1USYipDsNcIMh1d+U9+X0xo3Vg+FYkVFXTfsKsx6L1nigsMJwWKbDcyR1/yer2Zma+ZZRweJJixKbeIibw4met0jY7rQOHdcrQc2kVlNntRAVc8Pqp/Ol64UDyE7tbqDC+AWMIGW0CxBbYCY50eEBn0b7XzICbXLteskqYi/J9Fy8cdIsemGXMgN5KaJPkYtnlMr9gzIhVRWzecM5r5r1WBV0bxXhg8Z2jpJeOZlwE8HbZp9jZm+x7FB5/ci74L7YszagF8+vAH08LfORXfPGe9km8xTsc0W4fZfx+KhYgJWekdJ7tq2WDhpd361b+L5d9oDXCfhMbb319mjwSTPArksYwo6zek9m15IZTZ/a+UKQ==]]></Encrypt>
</xml>


2017-08-21 22:17:54 debug :
------------
String:
account-ticket<xml>
    <AppId><![CDATA[wx3db5943239313a96]]></AppId>
    <Encrypt><![CDATA[dES156aGk+QECIcDpqGzac8gyZZz2Sk0q0TDYwZ/eKPEuUfkQRzef1NT5mSjUwNC5mdg6Ca+RaRfaHgwXJoWFrNYjrK8f7ZtdIFw/VMaWSG7dKzPM3TclUxMyLUT91cwzFG2MN5BcL3V+3nLlKZoCGOgG8SuZWSXDEkUkyTfhV5Fyao1Lzd4VysH0823qMVrhtutWjywVtmaeRBkDxUlyCgIGffh9Y1H3NimuVhkTB4nt1Xa7MG1fzU6tMxMeM3G96dbZlHXt+Fe1d4bsK8+NnRLKafAmCm0Q6BWYURHvsXYgVlZAxxCGVz4axa9176h2TvRXp4+EEp8x0QhMOlZTfEpFPYnApVIPWdnDjwLB8GcH4oJ3Qd0SD+wxxEYQaY6pv0UHriSroD7CaOCNTm7q/92xhFoszbhD6op6qdBoRlCFDoICQaiQl084MQU07Bvwamz/lc5SaEBqaJnKV1iUA==]]></Encrypt>
</xml>


2017-08-21 22:27:52 debug :
------------
String:
account-ticket<xml>
    <AppId><![CDATA[wx3db5943239313a96]]></AppId>
    <Encrypt><![CDATA[0mN19AAv6P3b5MbUSyHWarvTRPRi1wqBbliEUog1y1KIjIjQULGsEwXC9rn5rVKbLQ2REV2x3XsrH/FtCjcuZfyx9cIxMJ1SRc4DOhDetxOLlSKjBkElGoQ+ULkZYWJ5+jHnsEi43r2ggUn1OHACxZ0jWlCmxzy0+IlCFt3D9MVkjm/pglZw+W8WHPeq3F6P0mHjy1YfCBEz5y+TFU0aWKRfd+a8nN/RgfgN5bJmkRKAeJH4ldvfqQrxmddS1Z4DJ4s4xrBjQ8Gge/g/zI6j4k04ZcQ6atcEEHBLPrgyPbtWQ9c7rUGz0dva63UCWm3S52lksdBPIBbrI4GPcJDU4gq/wqEBfvr8SH6DymDMdA7dhL2ry+UQCKjQ9rTP2zKRCbAd0sDEfkZLKyvwYlP26dCNMd0E7ssi724yqEshhMcw8paXbJGRFW788cA/P1LwjDba6XJya+gyElQmhzrG3A==]]></Encrypt>
</xml>


2017-08-21 22:37:43 debug :
------------
String:
account-ticket<xml>
    <AppId><![CDATA[wx3db5943239313a96]]></AppId>
    <Encrypt><![CDATA[OuGky5tekkIP816R0Hg3iIDZ1opm/pldXaaprQ9W1YdMgb4SgrPZd3Pk5OXwQl86Dsk64QKl72YLWsE1yunm4kFZACjVLq5tMvvrYz3TpsmbrSrv9zdY4Fq2Gy0bv6I0Ab3pAfKBOhfnjqaMy9I82vlnXhRBB8lmIFQlm8tOcqgCQOzDMvsF1JOJoJF+KepPMuKoj2eS2Z0zneDmbo/QtdboLQlUeq0l4Xh+wa3GSaWVSxs1Q11jz7lCGbRP1sH6rcVlVdaNcGXSfPaNJbcebchIbj+0XsbkF9w7gqEPNIEhsfue4iAUkRzrxI6bgt9YNoAXDof0UeH1Y5P8C/0mH2C+Cjj7Rmktgx8n+urh/TluuMQ5sBedPq9ky8TeMBxTDm7qmuwnTAWWUmlR3wiusbBg6rN+LwKCptTnMYqwp+7lRCxV4ti1FVHPyLewcWWMajrY8sYDPT1u5VE21VZIVg==]]></Encrypt>
</xml>


2017-08-21 22:47:47 debug :
------------
String:
account-ticket<xml>
    <AppId><![CDATA[wx3db5943239313a96]]></AppId>
    <Encrypt><![CDATA[tNj/Og70Br3sweIT+O/02ZRxQDy9aibeHbUAW4aFB3tjUtWYrTRQOnEpq4+JeTmQvQf3piy7qfwxzTjIKrTySQwY5Avsn3mcQ4C5/eP5OrggnaPgl64w6LPdDLfxwUgSa1C2+6y68X9KgzEva84cY3cxNwhQsLjziGRoDWozyqsPtc1dJoitJYSSe1K4DfIQi2CSGSryDsF3YF8ARLBbQ2qS8ls3I44julssZ8zvbhJazeF6VlrKIN426+c97S78xrTpUm7I2DAzMlTeaZyMCUK/I9GUZjJnxch4q3GUypA/P1Dqzs4I0LIq262zKtlGP1WSSGWZLSqxt3hwjUJ5iie75IuLZvZ7RqOZ9pmL8FZxgtwHN3GHFIngi2nFJgY7p+xVY5belSDu/CqPQD+GiHiT5ly8qby26HWyCBV37NXjiUHsyzKnBmGgfEtfidl91BP+C3RiVbMe4d8Y4eqZnA==]]></Encrypt>
</xml>


2017-08-21 22:57:42 debug :
------------
String:
account-ticket<xml>
    <AppId><![CDATA[wx3db5943239313a96]]></AppId>
    <Encrypt><![CDATA[v6mzp6Cf7JSU6J/iz8WaHTmSlpEDeGhPSsXrf8vkh8hEhpHRDsVawfTVoTuBHb3ufzcux6xUW9Rz4LzRJlHOQjn0Vtl/P7Bx3AQzIVTCO1IEfMlpvDM3+VEo9pFuHCssv1hMvdo4V7HvfkFeAYqY1eXj1l1hHM/+pYULUd0cMbK0uZ2fs19FyFcURlUa1EEZRDKnAhOgCvmH23LmwutpUZW4Dr+CSg3Dmy48Som1GZVHPxGQ0DMTlhLIB6DAeryEXC76YB3YLbnpV/PJPpcKwVZQfDaEVqwzYcBzq4vJyKxuxIqrita0KXse9YYGVjd5vgsbzrDUFulpek7EieJskj6kHGQrdasS+2Z0gOiu2ACaDiGLHV+UV6mtJdKCBGCQyx044hk3re6Dqg0k56uvrOTj7inceNgiXnOYSbVYsznsNLhL215UumL4xEyfATthfjjUxpXO0vJCLVNAByTgtA==]]></Encrypt>
</xml>


2017-08-21 23:07:35 debug :
------------
String:
account-ticket<xml>
    <AppId><![CDATA[wx3db5943239313a96]]></AppId>
    <Encrypt><![CDATA[5QhzKS1mxYkRMZVTrYu/h5510L8dvAIUSLBd2exMreAwrxA1hFBjiffFWKkGnRMo22je3RRkaTN6i696/lT3V3fzjd2P1LzwQcdQVLbn2l5PAz+LHlyAoNqA5RcnTQ9iyEmcLef9SJcoCeOsuc8BIrO0k8d2ZPB9nsvWj6MI7LY0Wxg87OL4edzucVkd4SrzNYhiZjquHxdrUywh4ec4Zylkyvs4OcFK4/iJqPXGp3K2NgN+Vv5PxCDoS0yuH+v2xqiNFJ6sbDyhnT8DefqUcD8ICXI3EixF/3bEAimP64XP6HXbmW5g2u/BVswWUayD9egJzcb99OpWijhN2alGi8p+KN76YdPKuTRedu3NcASBaeCVCRXCpAwqvkOdA+uyLRKAK/7e4Kj2GE8E2/n3nlYwdTQUkbEfuFa4cPW/YAU/PRvlaV/uTwi3mXxulHzWZ7TljLsUwae9FgHjsWEw6A==]]></Encrypt>
</xml>


2017-08-21 23:17:48 debug :
------------
String:
account-ticket<xml>
    <AppId><![CDATA[wx3db5943239313a96]]></AppId>
    <Encrypt><![CDATA[0VNr/lLE6MxM4zYa3spHwtvAXfAbrPyDYRondvh1+x0V+3bVerNSulzrK7YoSsOLuxAQKaTaHN3mc5CfLYSOncbJNEsybTSJ9J582mB9n9Zu3Jc4g4adsxLJA4s2BMZUY2lC/TYAmBGOqEB6DdJnWTmFd35rJ4dc/uTj+QWGzmJquE0PuZZP6Y+2R5WTmL67tUafZk+wElwEuBsoY8cAmZtdd8ctcOtInWoqQHvzdXxymI9HfMLB1/QfQGvwlv4QTApnUncL3Kkot3RyQARZlDjWvIxShyaWkdErrMVxpac9vz6VsJBgUjO0LMuXmzOUIxIcrAFSl8813ybdPxsu39U7x2Ym8NnUW/3QD8axOEAkarF38hx5AUvFRCp9fsaZ1a8HRv8rbtNQu1BtpvElE962xcid2CvR8+mlPgvIUljCdXUdAB4DePR985pP1xGPtxLRrX3uJpwYvRjMNZFqCA==]]></Encrypt>
</xml>


2017-08-21 23:27:43 debug :
------------
String:
account-ticket<xml>
    <AppId><![CDATA[wx3db5943239313a96]]></AppId>
    <Encrypt><![CDATA[W/r18zFkDhb3bROXGF3LCzrjI6u3wGre5skzzSFGSl8HRK4ILKyR9Qv7ltjNkbH9dWt/i/HlICzzswmJDTmGkJeMq18UQoJjoOl8uPSh+RQ849ovyKL6zSsXVSKFWlu3R+fobhLCQdnGQxIJ+3emc30as3Bx2DdX00Vcu39g8RJXz08Ybw7V0i+Sdc87wYOrSvOeJJZUpriFv5r8KTzRJi5f5RAJdZJq07DeqUrQ858myKDuWYXTZ4mpzAoEKI1fbJkFCk5wd8tDhsbuWiVB7vLh8apa36E3ozGcUy9qCA8NNFMWPiM1s+1o37gmqdbpqA9KuXIqKk7KnO2Zmv0EXwMK8Y1GfU1XbU5UIKZFeNBVZiQbsA+hxQHDit4hC+6G8B4saNVDvcNzj2GT3OGYSvyB5kT4PN3dhP9BC9GLnLgLxWZRhEw0OZJkx5X6d06w3SHc5Psn7ZjGRiCEybQjdg==]]></Encrypt>
</xml>


2017-08-21 23:37:47 debug :
------------
String:
account-ticket<xml>
    <AppId><![CDATA[wx3db5943239313a96]]></AppId>
    <Encrypt><![CDATA[+1kWx6aXRM1R/PufAdwvXjfkqnwYpWH7XGmuqBJ+G18GQUMDizONX9tKkWQVHU87egR8aPgrZg9TuGXl8Bg+kvisbJ58d/+2N6zi0A7z31ZQUrV3L9w8qsuS324HzbaY7394VPzP8OEv4i678cNk7HR+8A9TOOuogadD13MKT+3Ra4IO0BYVYwhn+N+BKMNzXgokheA6C/xD6eh5WaTa+wr238Y7Ob2qg9Pg+11Zwx1caQxeMioCxAVs9L4sOhEzNUgQQX5XlKTuAd8lKNzfxSbTnecltgDtKlHixtDYl9T1GCEkAwtRHkd+COvxcZLzbtXX2oWUXxQMDnlKcjY8Eb8oU5kE2zU+1ZJ1+8KjgYWIdBMIM2qV1Emv4mIgEeQ5UThLcZFd9Zg5vMXRhjeVgLB06K6+zSueNDUq+6dxMS94oMVPT1V2nU2a9nWAN9OZoqbzUw6dKylXdN45v0IuNw==]]></Encrypt>
</xml>


2017-08-21 23:47:35 debug :
------------
String:
account-ticket<xml>
    <AppId><![CDATA[wx3db5943239313a96]]></AppId>
    <Encrypt><![CDATA[pzmL+FUQeC2IkfnuVqnCqoNh3SiMGjlDkBTZ4UpWlXOBuCIQzUpg6MfrN9kq0Ty/Bb+6gwqwGqC/kP53VS1l+U/eHFAs1DrDJHZvOWSez3/8TbU710ISdmF8PT03X7Em9tUOl76h5HDrhyVoKT3PI4PaK6M4Uy54vQJG+ZwCBMwTFCwg8MyRy7OGmacP8uqJSOIHOL9aKBmrz3K0iejcTo6YlDLTGRXXYVZrkXAj1DaFQvR76QdC7nLHpZL/nM9JAIqC4fKsfJe9mDRxg5s/NQ6hrfOuiTtm6dAodSByf9MMsgxwQn1HvA1SGhJzmJGCeo+5u0otHw4VKp5eif+cuKnsEcp/3cO4WIit9wfDOksr+SC18OR1yqlkkgJtkLf7AReRpDiyn6mh5E40Rjd0vjis64FddIotJKc6K8hb4FVwOm+jsAfwXQcn2zRo5L+pf4Ac6tZ4ZIDfb58KDR73wg==]]></Encrypt>
</xml>


2017-08-21 23:57:37 debug :
------------
String:
account-ticket<xml>
    <AppId><![CDATA[wx3db5943239313a96]]></AppId>
    <Encrypt><![CDATA[Mzixdn3HJ6h4tA2TtLuS3/V8heDXYPgeN7aSGiOOE9/evZCNVGvWr0Av/MiDEDgPowGXJYtkUH5E1wX6eQe7MQJ5JjWdxa/PXMp28jGSf/ZUiX7ptLvzrLGiW3CdAMIEH4aOWxPPX4MrDzT9YN+BN67gE1Mciu5mdvsDTOkAirsuJAunwKZZ3sfO18wE7rmEvTKd4ZwNlXYANVT2uVUPp0xnkFD+UUI3Ll53uAcLXK3X4WgvzbnMn7chhrp/+nKutEMELKZ/iA0joJSf6NUqTBiA7QlRB8w5db+W0dhhOvdMOk8jK8jP6DobTL8BgOxzPsfU/E+ZZV9XFSraJEhklMhAmRne9BwLhiz9lfO4kWCxeu8WvQQboPPL7Axw+8PCyTxDniljOr8ndtq+QhEFnkwBZ0ZIvCUe086ZFYglvdD+k0vweSZop4YZPEPqouj/sknkUTwdjuiwdPdf06oWEA==]]></Encrypt>
</xml>


