2017-08-22 00:07:46 debug :
------------
String:
account-ticket<xml>
    <AppId><![CDATA[wx3db5943239313a96]]></AppId>
    <Encrypt><![CDATA[xQS86/gqcWyziINjRj7kY1DFameNmFvNmYYfOqD/oUP1Kcf+jQdUJ0/ajKZBVxmSyQwsFthBT3y6QdEKLUyVAO+arMIBJEhJZQ1+3jzdQaR2HIIA9SVvh0Z8dnFZ8BoLVj+eM45MOvzSY52PmqkWIWCkVYAIukCM6Q5T728Kx5fL3ddlnqShgKmgl5BwS9zEAQ7FAjHUiTYtXsTahhEvmoSVwmcbmG0Zm9QPgeRnLLgT+6gEquBLEMIfETvCfrEz4leUu4U0PASdbaAwwVmP2O9+0G8RQOGEaHVH8FFry0A/XmYpGavZkMndauhTmxpzmt+jhpZHZf6VVnfNUPGhuHC/aDd3umGH4k9DeUDL6hnb3yQovucm0oaAixe2wz+Sr8ySdCPVqvE2zfIauvs/reGGiW/EMKngMQ6DClhgdV65efo1tWai/pA/FwMKMndX2pqM5a5pG12Yy6ppVPAMTg==]]></Encrypt>
</xml>


2017-08-22 00:17:34 debug :
------------
String:
account-ticket<xml>
    <AppId><![CDATA[wx3db5943239313a96]]></AppId>
    <Encrypt><![CDATA[+I8zUVcszliEyDjW4n5yQGwkUxTrDWoS91X+oEv4ua3EAsadzLmfIXag8UX8+AI/OHC9MdVjzzGy2aQz2QBgdkKI/wdQzl+SEORPQ1nzv8TPs6RIQkCrsl6XwdTIdVAV55C+2AevI1sdvoEGxVnyz1xy6Xf6sdZPgpKjEgaVq7Xm6z8eLiqVqCdxBK252GpxronlX35BGpk980ZjaFF2aMEihdafb30c9xyAsXXNfMnNxoM+pmXkCMSkdVXCzmedK3hOWrOPBUXXZuAth82C0mO9mJYrjqDQNZ/wMlg1gBj6Zfef2b5WdOBv8Ndt2CNQ5VTG8GwRLJGK4701zmVaBqGXh1+ZGqAmzIXT86Fz0QpH1972QQ+NTR5Udkcf5WW3lPczwa82s2DoP/A5hQxwtqujtsy/M2CRadmaTNrF6e/9U2ESPPuI/g0Zj0z6u6KSXOZuLZlvialnNYIPPh6hRw==]]></Encrypt>
</xml>


2017-08-22 00:27:31 debug :
------------
String:
account-ticket<xml>
    <AppId><![CDATA[wx3db5943239313a96]]></AppId>
    <Encrypt><![CDATA[phzIevwT4APA4oQ8nFIuaKii7jpk8Jax3mit0o679ZtjtUPRHtkaBY4+R0dGHJUU4O6T+uayjn7JeGKS77ApXRONG9hTqTEJfxDtiLRnranGESMs3IThgqh7cY4fpi1HpkqsABM6RX9xnAlhYjiqHAq9okBqoJz+JQ2iwDWZZMHrVB3Q0ayrbrhoo309VT2vVC78IzkIiMum1AmdqKxeisgXJDcYq1uutbx6ZIY7C4gN+Tv0PCq1qaMRQXiG3GKIuYpepoJc5IBXwlK2jWcgxxP0rqeyeAJOhHnbA7K6zYq66ixN5fFiGzH4naLYbzNc0NckKViebo9OfO2Pi/kUy9fHTREWQ9F4ivzJvPjqo5pmYAfhtBM8uiyfGwTkn8KbLW1T5QLsw71YAOJ7Mr9baiXX8Qah6QswvVNdSc0sAABLkDMNNijKu0jEAg3LvxUPSFQVtdaIe+pUTYmDVPdxAQ==]]></Encrypt>
</xml>


2017-08-22 00:38:16 debug :
------------
String:
account-ticket<xml>
    <AppId><![CDATA[wx3db5943239313a96]]></AppId>
    <Encrypt><![CDATA[GMOAlkJMvBGrbdtxGiQ7pfZAnudGGbJ7wq9KVpBxXNywzsd9q00v79TzwcGaq4YBQpTGWXfBVjRzFybItcK9vYie0vZil6XxHIBJuGiO1kV3TDXV0YR70S/ZvyLYIoXE86hAVF2SvGEo9pa40uEta0qddpnYvwpksQrzSKOzsUsBK4QoRfP/eMKHBQXUlo6eV63LYFgDf0iRkqvo+LbuVKf1j39iyTT0n0NsT0gZXv3CjLRD2qRnBOYdZ8sFFfegotNUPZLExFGtHBYCcMGR/kg/i5uQJrotDADyK1p4OTWyAPuompxEzhU4U/U24DBHpot1dpnvPxK1j6VsTmyX9YfMLzeoAFhr5/QZWsgr5U14v7BH/3+AhdZhqvxdIDNl0KDfD69jun6waPoQVYU0hh2JMP3nU1Vt/KkS8RdD+WckwnuQaaXEH21SGc5GTafcfxGJ9I/tPF+MRWySGwQQ/A==]]></Encrypt>
</xml>


2017-08-22 00:48:15 debug :
------------
String:
account-ticket<xml>
    <AppId><![CDATA[wx3db5943239313a96]]></AppId>
    <Encrypt><![CDATA[m7jV69c4Z9x97HUpYVmLb9ugrVv/SD3mSJjB57tnUj/n89JNrCBWqkwy4YsZqm0UZQmZKJ+FPFqPbeebbB03Ax2SxicrzJsaavlGp+ifLzVd4SnL/YW6n0LlwZ5oxyVd8u8zCh2wWmu2b45Au+sO6KKQQch0XSmywgFUBtr5gQsjr9N9P83K4afyXtAWcq6hJOArQxjw78OCeFpvaEAXRudTEpAVRtAkQYvpo3extl7a0jxEXj3SaLXViZFq7TW0ZgFe3n8NuMhhwgrZYHxwO6j8DlZnK1fFZJHImzN5e2QFB34MG2X7ld6FEm3ubk5xsFF1DsOrGAqN/RdgWQ7DKonr4yc+DCWGdcLRPtOuMbV0n6von6F5Dv3J4euhXdQn38toENGL0bf2l+gPE37DXwpekjZHoofhYoYzXaJrEF274+4wDghrhHOm4eoSmXlI5dRmxaTFnPpII3xHcB+nGQ==]]></Encrypt>
</xml>


2017-08-22 00:58:24 debug :
------------
String:
account-ticket<xml>
    <AppId><![CDATA[wx3db5943239313a96]]></AppId>
    <Encrypt><![CDATA[MBECg8IR+59td5G3WMLKFUtjSMxrpMhFcDpyphslfePXHJ3LBZBlSI+HOzzJq1zFwHQIV3sVVwqUWl8mbsEeZifmPCnPfsUbZGNDjV5mfXvQNeZOyquRNXogFoLB/xXIWOsVsyQ2KOOw8IYuJP2kMdr7S2KpHNIS0b6jUYNmWRow6SKUAnIYTiGd9jl5QREgf0EmkiipKKOqzitjb7klWqcxgXHir/WqIMkV4HUenWmcZIcPEsVF6cOvSSHq6WAFuEG2ZOUT6JSCw9+/jWMwiOujvY3cDIXfJLAgOpYCFac20QmR1P/QPFgrwcxAtkrS8MmC+Jleng2FzqgAxz4o9Yxozvf+ZpaNZVpBprfzTgEYpXzY/giRgjcD8KmBrCa6oai396uZ+7cOzYXspyMbQ/XEPNpvmxQ1TUwu649D9hg0NeatwOJS8uKC165WQXp9/qcGsAKNZpmJ8eKH9+dbyg==]]></Encrypt>
</xml>


2017-08-22 01:08:01 debug :
------------
String:
account-ticket<xml>
    <AppId><![CDATA[wx3db5943239313a96]]></AppId>
    <Encrypt><![CDATA[Orf5hiXs4TkhWUgkpuxHbtrHJtSP2qMr6StX/bKx9mIQ+yTJuKp3l7tFhQRIK5IPt3G0+vlXA4sBvFPBteNQrxdhQFD1yCWmtiPG4Q3yPfYeil4G9e0kAx0BHjnte8eYFruCGuMLWp9zTqCK6Fc2AGyQzKghWJZ00DP7MkAB3gvWhKHNGWx2ENE9qYLrIdZ79ft7dJExSRFWxeD/ISqJgHDK9UtDuFslwRyWFfc0VjevnG5gIUneSa9bzuD8Nae5Hxf4rhbQ0jMaBf2POQ4v1m8ClLPKvnfGSP7dZXnaE1v76TWsLdWlBdLRrSIeTGqu8LvRmIbC+uAJYNp7WMPeEVHQJR91RKx1yfnz4kuoo0vm+1qrUpFbS4MxgIDwjWXKy+T1Dj2iyVg8EjRkO5Mkcd9+0YS3Y8g205YF9ODk3HBmtWQJtfmvUcITJseWOQ/YY8QUfP7qA/TixUdeqXoJMA==]]></Encrypt>
</xml>


2017-08-22 01:17:28 debug :
------------
String:
account-ticket<xml>
    <AppId><![CDATA[wx3db5943239313a96]]></AppId>
    <Encrypt><![CDATA[xFZMRtDlrb0Anc6Tr8TEJPKs7idE1ACC6ruWoTY4nqqzV5L7twzeyfLPqeWm6o3SqmxoEDc+Plmf2T5Q2k0ZoXpoRb5QGWgoEQSpzzsYc/H8OpMf76HICzQGWqwY1gMdBta1POd4D/u82VYaZfyc4vxu/wLPrPDEkMhyLlg+m6GaOHYXeWlUbZHJHrcaGuv8ErRfp73I9vzluPArnBGCKGkyuxI20cLDhdQ1pVECMZ1XV8UBBHOkJ91zDUtP2vR+AHDMo5AiwcQiMoYIhfPLMdn9TwGnrlwc1Fu5cde73C3lpSFRzFdmDFxzjBfvIAoU8IYvugDwdtdXeTG5f7X3X+QGJm/UdB7NorhWXW7OR10irn+f+ift1QgLLl/dSBtWRbkKgFFxHcBQmrOn2fPbkbQbnamcZRPcYCcs6N/DxdfaGCzXUm6mfi1xd9psEo7zH5FThoR3bHHEQbhQpLdCtA==]]></Encrypt>
</xml>


2017-08-22 01:27:26 debug :
------------
String:
account-ticket<xml>
    <AppId><![CDATA[wx3db5943239313a96]]></AppId>
    <Encrypt><![CDATA[eU4xpKS3aIv81nOZAgRQ05ncXU9FObi00QzS01w4SezkYrs6D/x32ImPNtEfp+SupojUATqx5ZhY331NpDF/ODjZouRUwvG46RT3hLBJ+6rVbE54p7nKLXpN28m5WsBBX06ahV2UOyVMjQ03M/0h65Pq7tMj4nnDQef1bYhck3Sl4iB/UNglATQ7FzObOWypIjpjllpRV1C4WY9mmj5Yun+ZwaTF2FBOAg//fQXDUMDqvrhc4uBoNvfNIQctBHYhlfGOAECyYIao2l2EUbx36DNdaup4LTCWFplQOywRPv18DYffqrn8WAPvMwO9IUbLIWO0+BBniABBdvYMX7PIch/fJqkZcMrqy1NN7UNNtp3AErN2ujbovU5ue5mHMjt6smwI8rrBL5kkZM2437dISfHwdr8EcOOXXD5rSyk5iJ23Mb3UQT3zhx91BZLs6voxKNXN8P4EmhlRttFSSzHhbg==]]></Encrypt>
</xml>


2017-08-22 01:37:33 debug :
------------
String:
account-ticket<xml>
    <AppId><![CDATA[wx3db5943239313a96]]></AppId>
    <Encrypt><![CDATA[1yUtlVXRTO3h7FBlKYycAPDHhaQB0fZfcXh1Ze8TEW095SVvjHGRV/Yubt4mK8idm7a1aUhQEuPgp9OwQlr4pxhpvRIopVZNubVDCC7SceWutgZ7+RotOHn8s7B82lMEB1oFihRU8wXIqVTABDKHtUfiMAkgU7L+PfrQppv659zxymO208RJiacMVH70rA7oEQGTMaBn9OnAgLwMZIbfUrHX6LoMi6vm4fxKA2t/ldC+p7AVAbTPdFH6I4TNHuasZAdTtjNZcXL95UzpLXeibf8V26MEWfxpz2f/VTlC3ldpFq84aKJLU6MY05aG1kzp2BDfUvQS+NRly79AwfV6TfXlEAsstTa0R3MLJPl5ywd9U3znjoWa0moIax8nyZwRUo1hGX4vleLizVnmnmHaF77zITUSqp3KfCR5vf/3bgCnAW8Lmxouv+/Rd/fa00dVZcrdGpd/OQHnRgWIQnrzCw==]]></Encrypt>
</xml>


2017-08-22 01:47:24 debug :
------------
String:
account-ticket<xml>
    <AppId><![CDATA[wx3db5943239313a96]]></AppId>
    <Encrypt><![CDATA[6928RADph4Amx2tX0kd0tNvrOiJ132xx3VrVFvs4KftMk4FIvTaj3RbwnWVokuQqmaMBaiohBYSpvsnhymgO5p4a46jaJ7DExA/jGrdSJix1cQQ+Lnwehg1xxnfwH3BbOWgn9OZQsv9jQdbFbE66MM+VrHGd3wcyhmMtykKP6iDF70zrV9cvD2aI+AkJDRCSILupt87uZu8W/f80eqJW81MqVxQbGZ7BAdkhoLKxnlbTtLLBmXy/Wi91/X99eht+R5F7JhGwbIyY+0RaW9rsc8qA8iyXhXpLIaTBgkEV7AHuOpoPKlUiNrcSQvT0Gw7MowlP2eHVMn8QEkOD9IeAIYhYc4mENaTbHdMT2s7Bt8B3dDUIxf4ox06NVRm4vl9eWRjPGGxWBIes934Z+iqHWuVkG6+ZoK36WcVZDaHDQ25qEHtcajib/tyyxzAS8bfmM8SpKoaXk+DURVeK1W1W9A==]]></Encrypt>
</xml>


2017-08-22 01:57:19 debug :
------------
String:
account-ticket<xml>
    <AppId><![CDATA[wx3db5943239313a96]]></AppId>
    <Encrypt><![CDATA[gBjVw8juQNzocNM056dkLdIWzE7Jm+G7CmdSBH7MsAeOxtxlguwPyab+/jPo38vKmKe4/LIfBCCYR59ZwRu1oa8JF6+4zN9H78o8hzDHioz+9l8V1LRWYuKNnmTVviRTpj4H93QHna/UcsqIuquNQ0yx43i4w85ZJABjfxOLISGGQLvUV2Qr1oVOvm0nV0Jz+a0UugOTsSNdl0C7BSVIa5BnlmXqQhq5qbvBwCgtyKpi2fbv3gd/i9OvvE02rtMUnc6MUTm9fSXG5BIrmy9dNDFwEa+YRUqbr9FLLJh180uGTT+8QtmDpl8qUntvmcTEr1XSy79b7ckJojEBiHr4OUnsJkyKMZd2NmYV1AYJkmyfeYXm5k+HWeGXrVVBJ36DpKgLRoqw9DbXzgyYfrbpa6xypNSo7oPlScGlebQzcSlvjoF5Lmhmz+0KmoV6GPbF2yYxUk0zw4g5OqZ3P4F/gA==]]></Encrypt>
</xml>


2017-08-22 02:08:03 debug :
------------
String:
account-ticket<xml>
    <AppId><![CDATA[wx3db5943239313a96]]></AppId>
    <Encrypt><![CDATA[HG0eqr7PmgZGpOp46kF9L87V2rCehp7+b4ny8bD5xUOFFIV5aC3ESbhq5xOF5Juwi4EpG3SsTJnxa8KmZl+b6v380K/1pZRp6aAFHvOjIoHJdANSDXIjM9ttM2nF/TF32GUwLW8QHgpjEAPj80nrWSM/kSPfAGFUx3mgv5E9m4KV68RgmlXbQ5M296kGNSLt2Nmn4vtoWpT6EmJslStGPJBwBmERtFj0UF2yNVluJrOUKVTLbFbHcMvhRMuT70QS3/chGSkIvwYZaORSBlA+XET64JBVQ3tSSEDxkRK+v5BLHJbPhwRsZm8Kc80d2oDDEYUrZ2cMzoRhc0qhVL2YL52SsD/141uepahC3hh16uU7T/hWT5YQ27y5UYxamoK80H9wHTCRaIR047N2Ueg4rEFPvgAkVJDkG2/SiIRziSnA4Nnty3fqitDHWwuqla6NN9kU+MKmFOQMPlm3UtGf8A==]]></Encrypt>
</xml>


2017-08-22 02:19:15 debug :
------------
String:
account-ticket<xml>
    <AppId><![CDATA[wx3db5943239313a96]]></AppId>
    <Encrypt><![CDATA[cGxRxAQb6zf/mpyYl5XVycI2jQEksfCJVLc+MmzQ7Xau7ukrFH0L5Mhokmc8W1WolWiaHEMbhYMTfhh4NKur4MrF9U6bYuZkB7N6Rp4rFbERnboMDa90RRMhjONtzZmDqMSfcg7tTeCcQDw9tWxQcndmEjmJug0f5B0S9Knq3lCVzJxXnc7relviwEvJP050kyW7/a0loCc7UTTbjVVsn2W6KN19S0FiQUUhuHl7z5YXpQ8vxbMKKmBzfcC2A6QbYeYWeQp5iElmvoWpZQ0peP9FMxP3oSlV1sZv70x2Tucy76+iHcPsXXftYOyoFShzD64jsFQTYYbnUJBUNOf/aIiEQilnT2ubvKmBUIgFlr/zVrAnzuBWsi8n5d847qajp9PQ6WEhGQrD8uZBbuZdP2DSjAnwVGynmPWP8c8W7Pi3cudeFVPBU0l0SXxQqUNrJkB1uGhMht/O6xfaa5iJVg==]]></Encrypt>
</xml>


2017-08-22 02:28:59 debug :
------------
String:
account-ticket<xml>
    <AppId><![CDATA[wx3db5943239313a96]]></AppId>
    <Encrypt><![CDATA[PUCq71FyBMuL5djDlwj7+ufqnakSMjsMtnIZr27wkdGBGpA2wmIp8fxahkmwxnR9HoDV0IuSaZ4mZT9APKaMe3y5knIphH3u7nB1OeNnF5bqIggsmJDAVljCscx5jgE8v6N/3iD+LfHgNzRf//s7Vmp9c6F1p7q04uvoDEcnDIu1OziQ4SP9rbZn+iFrhsahoX6Wdp4oSmhYHZ+qQQ2N2h2E6sxehQeqd2y8Fi+bSXIx9RCP0aIYY8WEtmw0hkIzky8p0rX4MBNYayNBJy/NZMTCI0NJv1+LAsCPuYAhkdRc3vNf1rX5tkhOv9Owjhh2DGkHAvzIyNSSPjYJzgHTdfwKmjCdkfzTffoNEY/88QPFMAwCxI3T2VFCFu/cjaUxjT5tq0nKYtF/4bHJA8oDoEwBBhnh2RYwOLaUjuZaxrLm00BFRj6PDIO+A0VnHFKVk5EpSe0R+O5A3Y9gUm24Og==]]></Encrypt>
</xml>


2017-08-22 02:38:05 debug :
------------
String:
account-ticket<xml>
    <AppId><![CDATA[wx3db5943239313a96]]></AppId>
    <Encrypt><![CDATA[X0+5eR+7T2dAUgSfQEXKgx+4z2nv41KO84SwY/vcA8BJatIKXpzLtlnH0ARGocCq5dSybqxRJ2e0AxJCBIVpLCGwlmkSOW59PDswYxqHuhOFP3u0T3hniffsdb9NPxi3RBVaTgMpPrfx4FiFZndfHIlt6kf1iJYmRJuckKf0IiIoIKIb7LFa0fAb0LsRutfv9XZdWRMYKZzWztKUMGFgnqTLmIpkQHHmpCQXmdWsHzX51Yhp4+jGBqVvOGeu8nEiLoyYKc6YQiYqaFYcIdUoI9neDOwe6LET/boHZyCGZdp7M6aLYPBAcLmxN054hSZ6Pr1+rgp0HlOnkn5qeX8PACPQmmvTp9UX0CTODyd1/2g2b2HSrhKQ3DCQ2Q/gQsN/ycGW10FRD0jwTTr/oenZ8dQpjIZz5ZueIuJEJJpCA9LN1PPyRBlBmpFTMSLGuMK5IXxomBnFjzVPJ9m00jxiHQ==]]></Encrypt>
</xml>


2017-08-22 02:48:51 debug :
------------
String:
account-ticket<xml>
    <AppId><![CDATA[wx3db5943239313a96]]></AppId>
    <Encrypt><![CDATA[PfzfnwpEXXKlgLubuS3wXvlqKrXBhusB+xicfA92uVE44YSOyAKd3cNinMSKeBZh/q/J5e5Dnx7ia7oPy3qYwuG36KkE+doAtE0rOqYa3tZ0kEzM5bVTLzvVxZ0BduNrYFeDwyEGOpDQa4pq0/dpxup7k+kZK1fvLzzUSGomyzOcBTr2Mt20aMIW/1/C/SULCitCYtbvpxxhiLLxy3Fpm5Ck74XzmfpOVCPH02/FCf9Wyt4QNUeaLYVWJz/YzuJlPUU7+WR1DKbO+0Sn8zKUJiqJ25Xrj6WcSuMPcCspYEI4JpD+d1WKPTE7rfWpjBwjRFUahhVQhmz6ddLqu/v+8riwKVx3xz6kqrNbOKRCGr3qQ/Guf2L3Xoqk0d/mTaZhtNIN2avRxgTuj27R45XDJfXjOf67g+v9QB5ntkpgFKH9U/OZ0MuokMKnIMON+Jyv1dUAl6Rp/PaAGbbkW8CqBw==]]></Encrypt>
</xml>


2017-08-22 03:00:40 debug :
------------
String:
account-ticket<xml>
    <AppId><![CDATA[wx3db5943239313a96]]></AppId>
    <Encrypt><![CDATA[XqJUv9ZrVIGCsyv/akqVezE1gdLjchXEaFBLCRvNKAUpRYucS+q0WL/TGJHJSy0KZEQBZTYhTBfXTLinfAgGgtL1stS7iZoLpPuJgaOuWDHP5LmjIzW9CraLrMnsXWj5wBlBf0RmdZFLnDQAk4aGMwFD2U45kWDdVAxilvEQ5p+V/Xokcypc4K8FKwnBGJU/78tqpXmmJTM34mTZNCz+t5K3fvToU/jO8ecn3tYYWzvCmO0lLadfyYniRhm+eMxWW3jC0cexHzbT/MquktqTMPNsFu/O3AQ1CgD8uDRa+V2P/DaA6Hj92bybZU8Mqp2GumATRTq8gDX/QDKRt/ZY5U8oYXJDYNGTWrzp10JQYWL3y+OZLMr0ht2qJQJdZEb7zLfUSm7CbwOqMEwrJrA4Lf3dFRFypu15g6mEARLuKZu9iFCeUx6PhUeEYnMqkC5B5DNDmRsAhOVcGM84XFm/cg==]]></Encrypt>
</xml>


2017-08-22 03:09:42 debug :
------------
String:
account-ticket<xml>
    <AppId><![CDATA[wx3db5943239313a96]]></AppId>
    <Encrypt><![CDATA[+eItQsL0hCT5/LjVgJ0ERXRQtHr3UOOs6pvBF4MI1NSfkmd5fhtwtlReqEVYhxRmdzRplFZ1tTeXjmH39H+AgJZJ4Ah5zukCWkRVswGSQ6mrjnx0e0SvxzyxEb5Nu6u0rLu4ydex79ttVoswQvKRZM/IzCKdiwKTuXSA6Nf1ivom9Xlo+xkUZB4b456C8TDqxEF8itOIIYENWXI43q7FNQJpf7Vie2uVrJDhoVw7+eapaQo8i+i5ORq5Fn3jJt23FMUhJoLi5QNdBu+arbk0cb61dkpcyrV2yV9CaFzF2L8yyZe+SWStcmjOtotsoRrQrjLYPQTGF2m9aLlO6b59gKoX37QTArnlhM/eeHXj1R0SdMjyxtW3xr4wx9reEUJ4PmdQPPHcmpWpV8wK7DiDzMwktUi9xym1WUlc14gbdUAE2y5iiDHC8UKROruGYTECT443qyONR/GsdXuwDUh5QA==]]></Encrypt>
</xml>


2017-08-22 03:18:03 debug :
------------
String:
account-ticket<xml>
    <AppId><![CDATA[wx3db5943239313a96]]></AppId>
    <Encrypt><![CDATA[KlVt4Olci9qqJkPMZ5g4qGH7va8Bhg1z/hEIuKHl56yGdqSWYZRVLGKZVZW+p+x2qOCxqeYH1rprYG3yfYIBmgFVWQjchbJaoDeyudM9HACKbsykIsi70Vy+N6q/OA+bsD19ZC2duzhNx/HsR10qPsFr0yFwH5TCGigcfBDTA45S6jpdzHvYNfBbvfHWX0f5u/Y218AXzIyJQxUB2nO3JpADPjnnsKyliFaCUHDcEvTH+TcYE0u9stbhiLs9/WN7j3g7Iv0m0+T4M1u6JnaF8Rl5ZuXwGQR5bHCj3JhLJksftw5GSzCD8c6agNYOzsOfMGpz4EOeQM1eAnJxzAMCQvSBmDatEdjm1+oNKsyjPju3Zu2A9YwGvZxYaCrICAlws/zLaBx4RQGXcwQJN+iSByxeQ/pVvs3MQvjgp6eCPl3PKIHs8Kb8IU8uiHu6NHvTUnTFyztIbPSPt25hAqOIgw==]]></Encrypt>
</xml>


2017-08-22 03:27:54 debug :
------------
String:
account-ticket<xml>
    <AppId><![CDATA[wx3db5943239313a96]]></AppId>
    <Encrypt><![CDATA[NJOHb+BVNzlbM309vy8PHvqPcNiuqaAeSe2X93h1QnvRdZz3e+4txKUCyPRnAEm0Xi0x1xp5b9sn5ErGsK6pNaLvt0ReXHOBvh1Sfw9z5AZEy1O0uSfNCWZTxvh83SvD8LFqmZ2qr2zJ9Rltww14YL5sEDehKX6UZ6MV1hvXk0WGSqfxEPn250L4mVu/rCQfVhaa0wYVI3xtV7sSuIZtqPCwmg9GTZ+WHDN3gxNC3G6L1kJNsYBFmztboIQQec+mAQLbvf65k/n964JqNuxLb/p95MDK8rwkY36JVpAKGUuPDVsA1Er5rxoQWxuNKxe954qBuT3261hZKXuSdevF/ebKxucKj7p8Ctm76xiOHPH2p6qQGNe9zInaJoRzLY1SJQo6lQUJ6p/NZWXnXlTcux3aosW9a8FTZoApbsa/wPdLM1S35IHAGIFEqObCguMtW13uvfa3kmp0yOJ35b9PxQ==]]></Encrypt>
</xml>


2017-08-22 03:38:41 debug :
------------
String:
account-ticket<xml>
    <AppId><![CDATA[wx3db5943239313a96]]></AppId>
    <Encrypt><![CDATA[E345Z+1aBy11GqKts4oY9iInxpQc3CKVGXgvcNefY+AXXwuNUAi4pb8il9OyF+tq0o79aoxLRT4fh5nvVb3iw0y9WAIjX6DPmoOJ4kqKUng+sxy/wIxh6ZLvu4ppBaUCmzllYR6MIt0R9nvIWeqUqn4hFKl6cY6Uj+puyVC1/WW6L9uEVR0nNM/4xL/lM/C3LIvXbBf7m8H8kbHDAoQ86l6c1doaof/pm9ZSLqUQk35hSwBAphOCYF/vMrD++wQv4kuB85CKZj+cgXYfWb0A49mpJO2SiC153j53uOJZ7T/KWTHwgbIVkmPtiA/LR29enowd/z7Yelq5/V8n33RsFimLZJG7ABY5hplggIyzXq7+qfgHy89iL3Pc5062J9j8V7TjPwzetiwlNvKO9x2gmjkEtn2xxkMbVpQxON43rIbuzr6R10QxP91ZcPE/3i0Zc/OPjq5m37Mo0IgJkmIHIg==]]></Encrypt>
</xml>


2017-08-22 03:49:50 debug :
------------
String:
account-ticket<xml>
    <AppId><![CDATA[wx3db5943239313a96]]></AppId>
    <Encrypt><![CDATA[eKo6QZk/zmqEiufIdjfaacA1q9vEGelEBkSyykVwarvNx87WD/x3RKJIhFYrKYLROCUuuuJaGX1UVW0asoEDXLWePYupUAPM9Rv0iY5iPlWjLuEsTpJ9U1tUmKZSmY8UkonKCSskhtRR0LQIYA7LcRPCPGQCmujYOsbK2MKJUwX7UmkHwDRSGKu/x9DHf/qibpiqxe4pQvy7/KXae8kGu30K4U8c7/czLWpFCI6KR8L2J6jdF8Cqi2Jk2ERCUcbxPorvWbnUW/1WaOzqh7o95ti1uTovmZzr7kW4pajLOPCMJD/4JhN6XjMxFRqlWnac3VgYaPoTawo0hdV16YiLcQZWjip1aAVE0EMkM+krFYMCloSrJm66Tk0m1qAbLfCqG0zDqjxUDlR9dj9RZgfnB7ujr4lr4V8GvHV3n7u9dbgPNJIlAPmYl5HrqTjsISQB8+idbUDnglmpI8I2Sy9cqg==]]></Encrypt>
</xml>


2017-08-22 03:59:05 debug :
------------
String:
account-ticket<xml>
    <AppId><![CDATA[wx3db5943239313a96]]></AppId>
    <Encrypt><![CDATA[o4/Eu156zXfn2V/hEAyKhc2sRe4UwKEl5MqrBgjOZck3uobczgA0RsO+7QxvSkB/mfNBVE0nTW8KR3TfevesxcoXPi/v9n0en1gDeO2tDJmnvVMHTWc+jUj18RORjq/EcrbUOI0rZf2B/3H/p5ByZ054iTeO+l03ZsygM2PFFCzfSukhTecLOUWmU6eChUHeewhIKTWP6mOoVV18GHUcHU5c7NapgUUWTpsMwyq1esAayyJ6mEcBi8lrQ8ih2XEu51xlYVGuG+ecbJ/t3+6VQjJzhvsovs508la/uUjB9MJTmbIXz4UOXzSPTJ5qRpq6OgBgDrFPiGJeyrjLPhsBgzgCGxg4foqSQdcFr6qTKuv/gZ7Q3w/ng+K9adjDzTmd7UTRcucia65yYmYyLHIg4C1Riu/zEVdWn4D4ITRiEeGd85vRgSJa8qSIZLtKza9nfJgeXylZLOY/7VK9LmPOUA==]]></Encrypt>
</xml>


2017-08-22 04:09:53 debug :
------------
String:
account-ticket<xml>
    <AppId><![CDATA[wx3db5943239313a96]]></AppId>
    <Encrypt><![CDATA[6CoA9500UodzfL/epsFej9bUEwIJLtf3yeKvJvJSA3MIdEYb5/5y53Cv9FtkO6d5FggOggoWD+wwzyub38DyNpGlkVHYtP1nuOx0SZQF6H1qzNuYrc/nM84LeVTYwIDxWo9paS8Wj7cRKUX7p9LmfWkUeAP0OpoT9nf5GtoLqlEbf05fcnWs78L/V+m3AHp7EHj/C5Y9gCcGBwbRoam6rFWWnLKXKWpjh/fhLH8uW3YEo0zYLpqojJJRusap1kskYiNccIYjtQ4Nj4pNIZLFsWJt/Bl8Ml5aU5DEdPH2gPvEwBv8bECiepTSEJLIq6/RIxp1kVQ772xHKEajr33lrSCa5jGtDGzMqXE9Rt5yT2edMxMRPT1VgSjqnMhftlY6uqMDSoNLcZ9xhIHpgYC6UwU/4tOT8OKIV0KJ4K9+dHb4GTmr5DJrj2kq75BZJ1dl6Q2+BBQynyFluGdheRBk3Q==]]></Encrypt>
</xml>


2017-08-22 04:18:08 debug :
------------
String:
account-ticket<xml>
    <AppId><![CDATA[wx3db5943239313a96]]></AppId>
    <Encrypt><![CDATA[1g7/btSmyiWWU0K8DQjmukBM4hASj3eJHLTK+jARJsnS+pF+jMF5RpORSLdaEH61SsXw4Ad8qGb1gm5Zja7dqHlXcsTa6dPPj0GcFjs6Xwv5wlsXorfIh7w33j+rfjs8BrWNqPphdtE97m+8DONj2o27+I+MjWGiIPUMBJ4btjR8CP7cRKDpyiQ5BcLaUsWEVMcPHFMdGSKpHC8gLPb+QuGa9YKNGN1kRB6SGBxDl5vFqIyndy1ZzmTLC32vM5rHPuVlFhiEtJJoXwpKBcl3eI3IcWPvr1PYcSZeP9fWILryvlan6OdF/PxU5mypMKZaEuSRUzCzDTdyXv+CrvkzkBTLwD4IrkSj3mLBenxf6xjnfiTUZSl0dM1lNNz69nCsVjwgvCXFcZDJpfKyaMvBU7AJ/FM+LYtH/WCc8DZl1afYfbcSlUBoLEadnuCkFFbGxt9iIWuBp83nKgC7sVz1Pw==]]></Encrypt>
</xml>


2017-08-22 04:27:49 debug :
------------
String:
account-ticket<xml>
    <AppId><![CDATA[wx3db5943239313a96]]></AppId>
    <Encrypt><![CDATA[DhDDJOPvHKjej1Zv2lWYcegbbFFHHn7LZFlOAQyy9VSEom7Npg+WGOZTvcHMUiyuFkKIXreMdQ+7SUjTOL3cheogJ1shoLTfxtwg0tnMgNnnLPczLA2hli/zqghwcmf1olqvReqjlDBNKBwGRSrPSVL+fn8Y0KYaurC3PYJoKEnaYtbg2whhVhlGeIMfovnWXXjVdFNa7FnopQdf8cvnWjQvgfl5UDfNP0IR6iF+4XhYtD07LqjqBr+XdgZJuRoN/yC17LOh0aAAQIOSEEz5xfhSw1JS9kyOU59WZehps15AlmEyg5O4lZGpyE+S93lXCJH3ihNrYyJb9eiPIYzMUx/89QGcyFyeli4QefERdJD3jMmXpLYwwuZTKFh+NnFOOz6Z8vQwp4NUoOxTEDjDHkD2X1CyZ5lj3mC6YoewzU+jHC5BCos7S5XdJI+hemXQoNUCKEY5gT6nxVNIKblfZg==]]></Encrypt>
</xml>


2017-08-22 04:38:34 debug :
------------
String:
account-ticket<xml>
    <AppId><![CDATA[wx3db5943239313a96]]></AppId>
    <Encrypt><![CDATA[FKSRBavnGnFFBtcrn8oUlisEeh2Od+WLj2BQ/Gc2owH3DEfiLTfzkxBmbuQfkYZWahihGfhafID1xGa+fF/GQ/YK0u7khMRGwLbZBlicvKmqzZzubr9mRDzbKZlSGbLAJNB2reEefslJplJU38aj1Er5o392czjR5co2xYzOK/jImqd9rLUpPr98pCj5Y+cHvNFamRGtG6ns5nHC23Ri5L+bnMb+VCxWyppIiuBAy5reGONsjc856FAf820X3mX167FKbFquQk6nrVIyIbYYRbWJ25P+ZbUJUlj4R1OI2HYy2oOwOruRj0/fkc3weK0U8Q2GkVbDk8l2yTVdKTIhcIa5aXr7g/d0AlKaTBTrcbv4BPU0jRGZQBDY/XpQEOYl7ZnsLrXiGcs5MV1YUzUTo+T/CDMRssGUGXWBDs+mlJWkXioQ/QyHXgf6KN0LP+F2Qk1UaKjTssJZT1HMC0OFRg==]]></Encrypt>
</xml>


2017-08-22 04:47:51 debug :
------------
String:
account-ticket<xml>
    <AppId><![CDATA[wx3db5943239313a96]]></AppId>
    <Encrypt><![CDATA[lAukqyMZklH1o3m27N2SMTxzNaOCys1LMrJISLVzDzb4jf10wmmuDThvLPCO1RMEzzV7sERRZeCT+9Y0+1KITJJUFzgpVIF4RJn0wWGjFiefKIS9dssYs+UagRBzeKIHi4Wx/x0sqN3HeF8cmUlfnh1Cgzi7/IGhnwnFBcldec85EUlN2o7NLhM8qn8HQz/7Ygxfm+MWLmHhPX3K1lUaAvPsSY3k5s4FS82wZGVYA7tMNd7tz0mDi5RjgP/UpGvdL/kIXmd5FLyd12YO/K5Sa8d8wjt4CUN+feC1LFqNsomrbRKVPkIBfeDcRTSERw8yXsGzoxTPO+2gG+Yvh8TnRS9rlBwO3PQT0yyENlde7+y9eShy1l9jLy/6fiQzZ9ZrRssUBFT/8g+gISj7tmJtjeVnGSoOoO7gQ6RJ3IyOa7z4dewgaxjorVGGExtfDWhcw7gpHJsY7l6OBwAX++9nQQ==]]></Encrypt>
</xml>


2017-08-22 04:57:37 debug :
------------
String:
account-ticket<xml>
    <AppId><![CDATA[wx3db5943239313a96]]></AppId>
    <Encrypt><![CDATA[wExpRhuIBHx2siEupQrTR0YvuOyDY8/PkYmSqMxkbnMIVHjJZw3r/mscS/6wyEBN0bRJc9DOUp9+9f9eDuJ0wQG1iDxaBc0p2Kce0NbrGwlN/H6ldNvqzOGn2CAn8AdAqpj6oFqSQhz70OPT/hbxj3DER6Y87Lv4R6g/jKI8Pazlms/VVo0TTobz7xKWk6MZ9vz0B3rrbJtUZm2mPJgXVqJe2fadv9mOLf4G1N71tKsGIy5A2Fr/j2wREXlnsMJl7XJiFzE4MdGRBOSV9fMnUO8IMpYN0u8dPGj1AIGCW8nQISA8N6+16YFhZFtrazzk+VfNvO6UL8pmPsOs3HEnUkOgTZ7M/8DgMaSjE/SffBOOIDG8ojNpHx17203J1j9hWNcsGma+Pi4e8Vwp/QQXZywMZKRnU/Ot4oIqVZMht4DQKY7A7ZY3hmx7k935y6DdAPO+KnQOmiJ7qJ0JZ8XB1g==]]></Encrypt>
</xml>


2017-08-22 05:07:11 debug :
------------
String:
account-ticket<xml>
    <AppId><![CDATA[wx3db5943239313a96]]></AppId>
    <Encrypt><![CDATA[OqInXcl5fCS2xbm1gVeZtiyiEkRQ+y4YpMxdlJzZfU5s+3/tqfEgVt9Ua4z/znAV6uwnnhV/1nIGIel98i0sL0KJ9lOck9AhdOccXTS9z7AmJITrkCCeihDVDeoWtMyVjo8r2b4GxtprC41l/buEAON8Q5m7Blb4QFCzCbty63BwS7/lZMUz7f7HxmdAsUZRamlzNKUYDt+yyiwujuAuWGoA26Z4KlQvC+aNwaiOJpxwhokruCFSjEKzsF63tooaF6StaN25sZtsprP8AZ8HjjBLiIzUvYl7DlYj22T50MCJY4Y5zIr0khgAX5397ywGvSVHYHyxkN0o0nfkmUmdFxkYU8ZW1AFGhGvt3M2YeQQU/67GJ/0NnVYj+hVpMy+doMKO8r4bh8aGhnC9hjsvtu4SxsL+c1U+PVx4laO/czMjkV4KQoQiUzi5Dv4rhmTwqjNuUe/FrEk37OOTvHT5Kw==]]></Encrypt>
</xml>


2017-08-22 05:17:12 debug :
------------
String:
account-ticket<xml>
    <AppId><![CDATA[wx3db5943239313a96]]></AppId>
    <Encrypt><![CDATA[wDMoG36TrVXRfycHFrvKvpsFKPlS2p6gHflrvFgs+McDsz2bQtuKbGtru/hjo0F3KhjfAySK4xts5pQ+H1IkB1TU3phFa5VKffLkQnRyQiyMk8XlIsTfFLXMTKoX1jUNfLhxFR99npmNtFk/yOdgdY0AlLZdnImv8mNwF1prcIW9BjW9eUIMrEpLInxegMc7omyrFfqZvrf63MsMeokg+Uh5SVmeCGfblVBVa4pn3+RyaCiFbJK4PTlvv0D14Krl4fpd394eWGpAzTXDx+VToAXo7nVBwmTWJAroUnNF6WXzY/hhDgOMtl8ULmHe6Ldp3i1wkD/lxK6qydiR0OtGg9Qu755ipU3SaqpzHqI/NocjZx+aTzXSWVnCsP3t6fhaz7Gg5iAalyH6lSGcuOVtZ+QlUQfHk/V9WmUNqnbPN73M2Mz/deukB+ZVMHXGEMvyMlNw9m+BSqN+s2XPFv19YQ==]]></Encrypt>
</xml>


2017-08-22 05:27:12 debug :
------------
String:
account-ticket<xml>
    <AppId><![CDATA[wx3db5943239313a96]]></AppId>
    <Encrypt><![CDATA[4t59lIgBg1SQ2M5GacN/0YhcCGJCeq/8u2ef80IeZp7B4bqOKH/IVqH6QOB65W/QaKlAiWBKn9JCpIponeaKLiC3xV0tl2Y0MVAT0QHZ2mSIft3VzNsUlTPWpnQIARAZWJsuAsGrNGZXtp77FwoOZFFFhsz8LquhzPGkdnzwuleMt9rZW1otIPjfFucVS42loPiJr6kh+y6mA9V3G8unqc0KRjY82d3r+9/7gWyYj03ErjtR73O4lUQ/h5uSGPOxRw2t/ChaxbLPeF/CWBBh2RZKkg80oW+Bnw5eLktwZkJaQZ92OSBtOQZUULO/Kg0dqqi0+cEXHLq6luGB0rBmOgkDtCSbVn1M7uJ5U3ndiiCz1/sotLjy13skOPgCuciIHq4WJI+ymx/JGmqLlsKJohqiK9RkVtS+rP2n4JC2dcUiWOBa810+XoInHpCOKCG5sjpivm0cDs+2YpP2tvl10A==]]></Encrypt>
</xml>


2017-08-22 05:37:08 debug :
------------
String:
account-ticket<xml>
    <AppId><![CDATA[wx3db5943239313a96]]></AppId>
    <Encrypt><![CDATA[NSmaLJ8IXYU5Dj51/3qYgwsu8HTLRZKPD4W9TgBiEs+Lar1rYQDeD/CbKJ1UES2ZBQCgq8QF0q/aOkPb/ltHdf2+82R6guoZ69Tc50C/M6FCJo2bj2ZQaylWxqoWuVNlo0+uegVf2Yli2B402G6IcV1zoAQm91IdMGXiJmeRjmzRkEsCTBykOT2TSwQjGuBIvKjIK2JV+n5DG8CSU5c1z87rZ3IueXXjWVRfLIzq0E4ReF9TTN1BK3/I5tsh/QJp4t5t/wTKJYhyzKT1h5wLrwXcFTGqxB4/Qwef+8eRQ/1WIf9CPPFEjT415eXEukjx+loy0rnQDrf3L85KoAmzm+QySiL8Vo2lOM6EPwyPY4ml9/OaFQMpBM28a2PHAmhYedwpWJFDYwtjKCbzt7CFG+QwdTYE0uAr/XJzFHu+KNBFPOomQSDmVAVuWhIxSufazULxUJv2uN3P+RfH6WfyMg==]]></Encrypt>
</xml>


2017-08-22 05:47:11 debug :
------------
String:
account-ticket<xml>
    <AppId><![CDATA[wx3db5943239313a96]]></AppId>
    <Encrypt><![CDATA[lPl3qZibC0q4KGVA3cz+j87ygsgEBrC+BTZEKJMPIFlNbHrl4Ld/t2QjQbmH7+QAIeXMt1HzVCy2k8iHobcZTYjaMPr/KKouMZs4gYmW3g9TUdSHyADsMruKoFRFqvkLfrNiVHHmiXABKNWVZaKBNB254Bj4d/UOsIeYJYUMkhLQtU9jDl6p/ZLVr14rkDKyjuH8wCWDsatMdPOByUcIpsQALRb5ZJZu4rAlRdoDcLLiKZopYBnPdlmcHgaQKPunCt2ARQLNkdEBF7/MoH/F9tqoUF4+mnrHldfQqr/2r5f3YIJUbogrxd/S8I4/TXglQFjxIF8nkvyWB5ST3kGbxzJMGCtvDoP8gMDheEyog1pIsS4vxG+xVrJSciAW1d8DrWwe1KpHFA1WkqxVMfs5LyKrohcwBUWhXTYi2rSdQ/XJpZ6kg55sUNHqzgvPeb4b/GT7k19QuU2hmXkc3YzJwg==]]></Encrypt>
</xml>


2017-08-22 05:57:04 debug :
------------
String:
account-ticket<xml>
    <AppId><![CDATA[wx3db5943239313a96]]></AppId>
    <Encrypt><![CDATA[R8aC81ND3vOvGI9cI5CF/ffy+gd4nGX9k+Wde6NDIvYWrg4EEoynieylvVCKxGrUQgAiMDJW9vZxh0YB/02akINmFnzpXKw7w9OXxfsTRWfAQSfK+M2ELBWU4v7qAsUpOqTlczoR5/3IvTmMzoIF8nt7N8h1ww1ltbfLhMk55WrAEBDBwBFYjvExVc58+7Cy9G9V+fgGt1vIaxXI+gWppDth4TyBDaVyfGUfBiuTY7CtXyW0GFXizsissBMC/jKv5huuyLUxQBi11rhTB5oQpA04ki20qnxf3cn64sLiASd7MavdPNa0YU1Z77XMX7IExV5mCrK7tMXfSGvAbeEYgWW6/kIEdpwiW8UoNjVBO1wt2a7WVNpRczLy+V46ujMR8HHk+1dPlJNt3G/Ol+aceHNJFde2s5wKubcozv2mUXBWaLyo0d6//hGNROmS2p1Yc/ntWFLRw0L7H2Obz/rQZA==]]></Encrypt>
</xml>


2017-08-22 06:07:08 debug :
------------
String:
account-ticket<xml>
    <AppId><![CDATA[wx3db5943239313a96]]></AppId>
    <Encrypt><![CDATA[rghxDPxy691g9VNJ2Q0O7ABj6VnXUFWjiWR1m0m/Lg4Pa4kwv0NxA328uncOFsVLNnqxaDXNCyrq5DN4TPXVkXQH6iv6aLAGKDKB0gScmEW0QILi0W94flbOQKi6KBdyRoidBAVbu4ADSAyuNZ+lE2WNFyB6d25AWth6ivcypDi6b8T7+7DWd5ZnC29CZ4YKRe2HJ7hqdZrW+5W/qqZpWP6pgStSFiiQjwvYvtJ6irwgHTp5RTK0RNWJ3YXC0/6/pFWjezCuVTzT1r4Ofy7CGBKUhaq+TOn1HVc8zeZKGR4ZWOpbBoQY7HvMCdJRsDK0jGoiQV/p4jPDhrDu+iLMpl3tHGmfbBGunTY6n+rHpOddUb2Z0fDfK+nymP3rmO7VyZlP6D26pfT+V5c0nWyK+EYND79PZm+URA5Ucb+FKGVPlbMwwAWm516s7Y5lqbUKr83eW6IgI905Z2Dq+eccAg==]]></Encrypt>
</xml>


2017-08-22 06:17:14 debug :
------------
String:
account-ticket<xml>
    <AppId><![CDATA[wx3db5943239313a96]]></AppId>
    <Encrypt><![CDATA[IlZfA9ak3qND3SYC6p/7ZeZBzGH9c6BjicTrmg5TGe7wviagZdA1nY1EuDjQ0/tRHtEZD/bCpCw61R2T+KsmqvBOd0p4H141VLTyhDAxQxi3392ZiFsW+BRgh1ydIGDaMsIV+R2mmBpEWj0VkRyK3SxOY9Wq2gFmNMTkk0oigWAKOVo2v/ntyo8TCL9Nz9NV19j6RRz8wze1pdycHpfzivcSYqe63C5ZVLaheBkbBt9S2o8pMyB3oRcKLrG9JBHhswehfvRwr4mQV2EvJNRHeAL5j8jeS96mEtFOJXKhuJsnViT9BEtrsVlfMwZp4isJRh9+K55GSB1J0Jhr5dhNCXV8XKeYhdmqmHo9Hi3PQQft04jj99udksVrBxrRTER9T57LEHomWD9L/mQmA2xOAVsatGxLcf+iFXh3a5qN/RIK2X6j/0lq2aG0otdrwnjhoCcNUYaxA5duTb2AZXtJ+w==]]></Encrypt>
</xml>


2017-08-22 06:27:11 debug :
------------
String:
account-ticket<xml>
    <AppId><![CDATA[wx3db5943239313a96]]></AppId>
    <Encrypt><![CDATA[LUHV3ElH3ujGxZJjzkul7f20sDKCLkG7EZTQiPVjMNGa7yEEL2SqFuPjsAy04UWNmsrQ7FKugXX6kvkRQd30RDdY7eL2NU7NEEPzIG6J4r4+O65yXcmtQlXXLGD5xfV1Z1cm1IYq0TNDEzsZw9qS8JePRxY9KmlJyKsy4y22vwcFaAq9N3/KahKV/jmbcLgEa6v2yTZvhst2G2HvQvvQmJFBw0u268NOYNTWMqLJ6KmgfN35R923M7u4treKAcVfSQv6y5yXIQUVX5RyVpSgfVNOZZVhoHBzhgVYJ1sboVeDWhmRkOkkhA2UwUsYx/uji5+Jak19WH+c4WCgHGI0pB2ee6Ys95Xm5gBu4rnn/d1lkV0/8hqwpwvjsXZLPz3Rnwy6s39Q3+UKTR8xzneJ9unII7IYBc6cefHgqWP8zKwxQEI30gyIN8VwwkbZTdCyaDWRo6UZYLUcKurlF0QOSg==]]></Encrypt>
</xml>


2017-08-22 06:37:16 debug :
------------
String:
account-ticket<xml>
    <AppId><![CDATA[wx3db5943239313a96]]></AppId>
    <Encrypt><![CDATA[VMaXXYxhRCR2AxoBRfzb+lni5Jq4mVINrHxwiRb/ZpWXKoPwEYyCkRR60mb1oIwo0E8wM8UYvzxNX0gmB0GPz+pk7Gme5LMYTvrjdnT1KAHqLePLvvGC+Am+SBeAvVqBpE/eoZwz3h+eFqjKiNDrZxByWHQ07Gd4rpVQuR5PeBAjB/8UjP81/SmSe5/1b0IGkuHUHLS66ZOeHT7WRWNj3q1tQguh9XZ0fZdAUDXa78RIro+s53tQHx1PwQsnLTHF1WmRgjiWxCUTR0Xes6KozncKx+32rI/JfJY8WZQnkycdhZavoRIwgMIjGzlI8AoVP8b6//QZDjJXWbhib1T47Zva6hC9mUzr9+tVnShuomFief2mZ9FjxVJzpj0rDLzjjbs0i/a1xLS0LUKu12+TrQH4MDk86heFCAYScjaE+snn6Ki0Vx8wRyNmxNBDPJqdHR5gw7MTV8jjc1c42rTnoQ==]]></Encrypt>
</xml>


2017-08-22 06:47:11 debug :
------------
String:
account-ticket<xml>
    <AppId><![CDATA[wx3db5943239313a96]]></AppId>
    <Encrypt><![CDATA[0OdBBZSFYoSxUvrJLm+d3LhUAK1JNE3zXIAOfpx7zu44324AtMtmfRC1g7vnMUHolPHU0hPCXE5gqp0wRR0LW3clI+0RhemHfi6Fy/CarfRCNy8s+UtRSo0wq/d8OccSHNwmQ3dGWdDUZefShlouHQFvVwAIZcPDpj0sSJ74x8PBHLxPsSrNocfFs3DArYtBfv37Y2Jleh9RhNg+zmhBLq2InAxgrM0lAO4ARerDbhizaUJhikkPrWtOqdp7KD5NJP+RS9NLF3a0SK1I6cjzot8mqBc01JbFUZieBdphvfTtehZImEhJjNtsoiB0QGNq5gXgy2eSAMDusNSa3bt6ABO+NtkInu/XVv2rEt1TXMq18zw4KqyHJthxHjkbqKrRmBwHuJ/Y4FJ+mBsDSLYDiZB0F/LPheWqqyB9dl68xOr1jt0TR+r6DMscIAh+D+8wrEE90z0g3222JvE4660SzA==]]></Encrypt>
</xml>


2017-08-22 06:57:11 debug :
------------
String:
account-ticket<xml>
    <AppId><![CDATA[wx3db5943239313a96]]></AppId>
    <Encrypt><![CDATA[mItDZm//6yq5EOAwYPGHtLeKE5Yq63m5iWTOF+tl6gD+rXiUScC3my6cOyfrCwLX/440ohrz31uySk6jF2fPnUwE7LC+uLTcGo2ubb46bI3cPMmuweAmkb6ivSPOC8GdLBk1EMCaTxc59bH/wk0V57WuzYrvVm5QQTxPPFI5spDGnndbeCfGcG8BZZIDdyWrXDoaytBZIrzReSWxm3VZWaBeMDXkqJKc7VvBR5CGQ6Q3fhum2/q1OVefiAaSk2rnjPXsO1CIzKMto1NhKQd2BLig84UMtrtZiX0D+tknGLhNFsmcwZaMPsnbBDPwIlqJK0o4n7vgiF8GZyloFZMFLPaSx6o11i15F488M4ksK3qbBzROSNA7h1qWZdsAp+MyTZJac2ttsdIGJk3oHFcEdGWGL6kJvU6fAOvQul/vEgx4F1eoctPvu4RZfZQ1GeRLsYz954smKvbSDdSvtqI3Fw==]]></Encrypt>
</xml>


2017-08-22 07:07:15 debug :
------------
String:
account-ticket<xml>
    <AppId><![CDATA[wx3db5943239313a96]]></AppId>
    <Encrypt><![CDATA[D5Nz8CO3MJ3cxk8NYMPWuTqnq5C1R8hGmlgliLbApgGLW87OMw6jEhMoGdSWX4ko0ucVUtKtw++LAEFO1vA2YouOdDzuATwp4LoDDS9MHTxzDgcCfqQ822F4y+ht2Qep0dcyhmIq1PfZxssA/nUKxMTY46pqCUieFZAUqn/eHo4ld7c0fKCx4xIOdDQaGgLbqITYFqnxljmg/N78zp5tp6GVCcRxsPFnMfCUOFxFcplKy8zxWYgcU6Z7MbHyi/x1tMC4RmiAHf+96HTPMsHcgQU/xzzKJ+4Xr352O4ZiIkOJYuF5cWVzB71gKA/G4HBDfpGpKPUJ/PWK2BQIIXRsB5u3VcXcahbFdY1vf8R8Hs+7TCi13Vo0VCAH08R2kbVvY9rRX+dvDrW11+hChI50w2UTWfuTjmu5OomPNz4psqrMIR3vr59fRqL+uNn8PbACH0l+Bu9S8sn9J9QJ2wJNbQ==]]></Encrypt>
</xml>


2017-08-22 07:17:15 debug :
------------
String:
account-ticket<xml>
    <AppId><![CDATA[wx3db5943239313a96]]></AppId>
    <Encrypt><![CDATA[UaXNcUhRq8YcpR+tDyt3mMa7UG2o/Vb7qdIqOFC4+FjwPnfQZzDImsis/kTV2L0WZyqnBGWHKrCkPpULjt7QE5QVbIdWyNDR0gq01axtFpGcLAlghRO/FpHXo6Q9+5qJ0qz0kzIcN8NMJgcZxeEokhURcTfqM8zpfe8pAF2Kes97WqTYLNGrITIQ6HCP+zvq+w2kyUYTq+tqAmf61j8/qFkON0gVzoXyrO7EbIEZTYqcepVm3UkZLJCWpdiw4DeZrhIRgJqI3IsRxIjya5CnXr+Yi4QeQWOylB/CmhYDS6l9z+q9YIRdxaCxeXhCy23BheCxpOQlM0FQUxK8fLa4YJxfyBETdnbo+7ISluC7IfK2P/hoSjgE5tUESqPG5u8tg+VjfO3f8hBwGtrnRPYmq/6vWRUYbdpsEvsjjP31q4aHNmqOORP9q5jw1LbJyj/UjzNlE+2sk0VbpBCIgi6BDQ==]]></Encrypt>
</xml>


2017-08-22 07:27:19 debug :
------------
String:
account-ticket<xml>
    <AppId><![CDATA[wx3db5943239313a96]]></AppId>
    <Encrypt><![CDATA[StncAbMIfyaQJg1mz8E/2ye9/j4nzeaE01QLBbtEWRhoF5DBqgZpmnW1ytLseYlMvH9YCp4jwwYTFbNsKPuRpnr/0xsQS1rYJO+IcU1pfs6Ujm/925MXudWNYv1XInptpgcjVrkacIGPSAdAo42PvvScqavwEysgtVyAnBAqxghz7eEm7WD/ikKhLx5qLDtYFUdYkTFkx+Px1BUwHw9Jmul7mC8am5if4yCQ4SuHJx4/uq11zPOhj87IG4fDmGBmPmpK9FGbI3pj6/8qSHzurweOqh3AwTT/+5ZZPXTN7WAM3KaY8gYx8yBqo4NA+Lan3sabOqe5vNIGE1mMPbob2x+FOBMYdPvaipBCSZF8ppbD3apRSsiCbzj6mv9QGODeNim5Lc0w7144SQ6yFNO8yELBSCx758I4iWTql1oQ3j3rqAHt5Gzx0MJNVC0Ya2xoYsQjhpoJ3310dENESIYALA==]]></Encrypt>
</xml>


2017-08-22 07:37:17 debug :
------------
String:
account-ticket<xml>
    <AppId><![CDATA[wx3db5943239313a96]]></AppId>
    <Encrypt><![CDATA[kKUEl1Bkf0LLvnScex0F6rscgaCb3jrvrITRzcTrt67ZEM1LZZwxyTxeoAM/jgPnpWRljt2S/NW+u569geKsbTZwKgLLNeyTwslAyDoraEIqZF2WemLRLy/wK2myKPzV4KIf2OjbjQsycZJq7XNkVXlCNtL02MZu5hBXBplzEGyZcwS8ATVkg3sC0FmAJrofJTuTS9yN2Q+4e/rxXHpJa2OAdZl/RfyewlL39gNjSLl9JYWcZ5YeNBarQ3iGMbmm2U45b4D63mj+T36T5y8eAUQ7cfpAD4wtQbNKCiIYpDcU3pwpFMUvzl8bPyImFDcjOxOVeQQ2HuUQBoPzdKns9/GOjc/552oZEj3SyMDwDwGgSylk8vTPPN3TI9KanJVqGb3P9rXXYAF8LAhC8ysBDXeHa66huiqjqngoQ355ezGwXCX4S+m7bqgWoHpkugp2x+3v2WKIsucojLHlqvP02w==]]></Encrypt>
</xml>


2017-08-22 07:47:23 debug :
------------
String:
account-ticket<xml>
    <AppId><![CDATA[wx3db5943239313a96]]></AppId>
    <Encrypt><![CDATA[0PmoZRL7hmNiHzkPa5LTompj3MB3j7OH54I9Nrp8LxLukh9nCxGojuN1GRYjjkRIpmidqW22fZsY2WV+MFyEb1YEGuuSQkzftgGx6Fcyt0exmqvvMKv3B+FyqqWRRm4+Rxq18H7Qi11WoLvCVkV09s2+L2po4+QOWvnco7oH7/tBxleMhcZJQSsTrkx3k4k5V61n1+eCRic6tZ5p2J/wR7e1O3mt/34LXnn1z5nXDQBUcPXmt/jcLe4CBhhOxCFN0vGpn/LhdH1vSsXptXriGRThOo5uoxWN4yhRK5UASn+y2Hycu9NrdNZ0MfN6tT13spgXq49YmfyDBluzStcry2oEHKCbGzufkK9QbZLxXmQu3zuP/WcQMvskTNT/Iz2c07EmS8PdKxe89aiib8+YD84Cd/RN84wBSFZOtC5+Fuq4o4eD4v1VYHR0PldVAectiX7VGGKuvTA7al1B2cM+Rg==]]></Encrypt>
</xml>


2017-08-22 07:57:21 debug :
------------
String:
account-ticket<xml>
    <AppId><![CDATA[wx3db5943239313a96]]></AppId>
    <Encrypt><![CDATA[UdnY945ryCZ7sWlOBj/CTqBPrYqSGlVOxLLDV2wBuGS0WK03OwE3fFGGFPtG/eyp0i2bhT8ucHa1jsDi7PBMbeJU/DKcoqnFxaxVySLtcDd4DaSW5njVSyT68ZZQDtI0vAm3CSJzRtQt8ly2KIi+69fA3XqRv9tENUCYZb+3GCdqV4nf2M+9Lo22f+KW9TB5aiObPdZChYEQ2nQTgKTUgNqeNF1bq9hp9jovHzRA4fbbjcreM7j8UafIac74eP1dRGg2bs2RHsHNJs+plfpsDF0dYOVPPx4qf/+qYMnEc+FSI1Fd/RdLI84aevrLfOBE1zLQww+ZSdxPLCraHkqlflS5r1JM+YEZTqbjkMZ6/H5qBiHC2vA3iTEoEDXI09tNsceM+3l04gcs6wl/4abtGabnN2RIVBDm+vaK4sE5ckAi6Aip0s4WPAzaVgmTKPURMuHBmo+FPhSBFJ8wb7T2LA==]]></Encrypt>
</xml>


2017-08-22 08:07:14 debug :
------------
String:
account-ticket<xml>
    <AppId><![CDATA[wx3db5943239313a96]]></AppId>
    <Encrypt><![CDATA[wLC9Nk+y2gHWSj/tMiapgoT4fR9AKNvOHLKXTeKov9bjovRtBQuQWk7Bz4wpUe5v/SBuQ7Fh2Tm0HVOjBbnC6NwHzedyj73qiM2g2dtVtlBOM3kkuTk4BweHYccA/K2UB/g2b1sd6LHH4MRNEm4lrS+0lUOpRThN6DAt0Gw+8ToeVYCe66dAgNgfkGgIP/84fREmMiQQaNd8f1FO8aVVjLiWjvWjtcBynyRf5s4bd+7TsB7YrVMq499gRRDK7IbQrJSWRT3fFDoI85MSF4Nkz/Zt2AGTf4VwIZn7id73xZmoDR+GLvc8xCZmYSQYtayO2XWeBaIbn4krPEdZDuTRVP4WQOto0WwXqiFPzTWY9EQYO3QPB2gXP4/YoUwDSgYYb9CQYzZc9Y6CAAZWOZMiBNAsIWznaCXeiVWM9nGhpob0utOjshINP1YEPgTNEe9Pg82hip9CHG2aMClIeYQcNw==]]></Encrypt>
</xml>


2017-08-22 08:17:25 debug :
------------
String:
account-ticket<xml>
    <AppId><![CDATA[wx3db5943239313a96]]></AppId>
    <Encrypt><![CDATA[FCCSnQHRirITQ0WgVglxmRqaVfCisy1b0hZX+t01v13KfXQsZHhuibnRIiM/Cx5USINtL6GlOOnXQW/oTp0FiKHsHD4rspUu8IjyWXHl80jtQOLLhS8DHWng1I/+D0/dILg7tMvFZXZ9G0ONsD0T1AgTeeag7uCX/HWalqewTIxceTL6JJeu6JtIEMG7ER7BAzFo9t+vJ8/SbAGVxHpzEvJGsAbizDh9m3IecqGMYxIum3X5n3W7KEB8T0mDKxmrdb686TExbo5+Vp9PBShPvLkTlsZ9eqp0E8mt1byNUwoBNRLiOfpTr5XdA3ttM0LAk1Kb3FFh1SDrS7GQ7sB7idDRTL+Vf3fbyF8Ly6Bi56Xr6fYcrMRx5fbDOlztJJn6aDge+QHBMJMNQbWy/yfOAP7kRJ+GDf7oxnCBYwsCjhm+cC1x0bcH/6fml3keuMYm7AAVFkK5TwZ6xsHyhRVcZw==]]></Encrypt>
</xml>


2017-08-22 08:27:32 debug :
------------
String:
account-ticket<xml>
    <AppId><![CDATA[wx3db5943239313a96]]></AppId>
    <Encrypt><![CDATA[lpBzt9a4Qs+9DrdpkiXrALQCE4ux4fF4brF38l3kelBuR7ybGs2SzmN8tGGhHzutowcmGFnR23DxxHLapE+pHhj9K9VQxOot7e5NFxtwXBGUWcggfTal2S08zWF0FC8OA5jXehEuk3M28F9WbI65KTG250xBHPqKPIoGocgUU8qp8IVMReMhe1WdACmteGkBwWBQ1bwsn1IGVvLa3JrCpbpil305voqbQE+VId0UMHCTHX1CND7+vOAueAeYXpIV2MbgsqshPUKlnfN31jZPA++z1Yp8WmxrDZmTChBH/KtpDozVpvPjk9m78bkSltkzvnM8XZBOS/qKncDCRAnWp9Xj03EKUiNtI1y6f7eJ7XyQCzQSdtoacVtE89Ou7+0/azW9m0je/GctpbArWwKXciOjD1Ifdy8GexNiEdgAdTubV+7iQWo138AhFfcEvZ3tk/zCJ0B0XBXaxmXuETg+0w==]]></Encrypt>
</xml>


2017-08-22 08:37:29 debug :
------------
String:
account-ticket<xml>
    <AppId><![CDATA[wx3db5943239313a96]]></AppId>
    <Encrypt><![CDATA[/Yo7XXke7m1iknkoTuBrYreagPsG0LZDyAhLMCq36wndQp0XDuED9ZWhfZTj/E6duGQjv2lPrpL7Bajzrk62OwyDNED9LoUFMUOVIoLsw4jm82HZdB07XPVxjdRNobc53iUBd0+CuJY0qtjHOdI+ZQ8d7WuFAB/FndcvfRYS2mnj+r9khucaFB0qiQ3ev0M7XFbTvtfjgec5WBiE1szLgRD5CsHKMO1R6i6Sq+kEf7AX1QHITSHCMQ1zbBcyvz/r8LEWua/oSKyZ1y4E+9mYD/QkrMiK2HF6lHBPMDCTOwnmgyqPpIqlrm97KvbkjOulX9+ZxpRP26Bg/z8m392WhmcwBrQjbbJsbMSdyhffelUX1AjXcIp6r3Eu9rFU78BMO9AM7J3NGvFRBy/WIeYDOm1P9LGqv2o8ByszHBjj9yeFzGWlFy4HRqT1oKuJj0oiDy5aMFFZUJkq/lw0WhgLBA==]]></Encrypt>
</xml>


2017-08-22 08:47:28 debug :
------------
String:
account-ticket<xml>
    <AppId><![CDATA[wx3db5943239313a96]]></AppId>
    <Encrypt><![CDATA[i4LhvXtWUUBSa/7nqq1hQIpIzO6a3aNonbEsF2XvKGLg4Zwg3RlXeZOTr3K9wa6pwMGnVjlHT0cFntPjuF6Q8xA/mgkIDr8a6U+Oj/G5H+uFFzD/gA54FJWZdHp/5LDyzTji9ujn9XYYL7929jR3dAZWh8S3yfUZsOzJlQKNMtaV7r9SZSE37VrPaQt79E4MvW4vuTXRrzZEF3nnO0NeGXKANHHiNCnzM23dtix1FKIWLs3VbAASFPRIRivntKeUkO9/Fl+ErA+qlT+HwnbDZMNTsNNwSfyYZWEyH73j6/2NDh8ZvKIH0bSFPRpf+sWjAEhYieNmqAErUE9ogZ1g2DdafbNjWJgl+opn2srFsKEgLFtbYF4zcfMJt9iXyXhCYxFcknvz+c7txEZ55z8/cBr+0Z7oqQm22ev1VZcHaKwxKqrbKC8QGa4yr++SB68RNq2op562iU5NsysT90qNPg==]]></Encrypt>
</xml>


2017-08-22 08:57:29 debug :
------------
String:
account-ticket<xml>
    <AppId><![CDATA[wx3db5943239313a96]]></AppId>
    <Encrypt><![CDATA[b6OpRFzxaB4RcDr2ZeWzsOzXPKNj9J+WYqPsAurXW64V69m5KSmqQXx7CcdAJDKoPiffqLvLVwiH3fsLBw9j0uqSY1MQjDvl7wb3trd29yjI4EDMbeHsQ1V4BK+J55tNFLofba4MV79xE3yK3Z9TXXe9iOpE9xMWB/ws+QXx/1O1x7kH1tYBarMdFJgePE1FSoGkl5PSUvPsWYJkzQEmdAmsVeN29o6IfUoFEI/+SzslEULIvKVMJ+CTEc+no1Cg8kUj7u/dQcL7DJnVA+YRnb+YNHEX4hjQ6UySrmZOKNlMLoc42uwXV7rZTAjS9mlDSOmf1dELjZeQCkuDdtVQvQocE3DXeIdWoDn5HiHVFH2ASTo4xq+qjHuZE8eKDXU35Ek3/xv+wX0HFOZISpxLCE6RJVrBoCbRENfv+xXc9RA8iu1Yj9YhdDzb1JRbyFdum92aCfzXXwcfUXYeTIWlwg==]]></Encrypt>
</xml>


2017-08-22 09:07:53 debug :
------------
String:
account-ticket<xml>
    <AppId><![CDATA[wx3db5943239313a96]]></AppId>
    <Encrypt><![CDATA[Q4BND/JQqTN5cXrIFbAE4wgCUo086vb8vlw074pSdw5WHLw09PtDd5s07gRe3XnBmjfaJ2OpVeUluEdWmPyrFep8uG4gEOgemHqmCS5qx30KDog9GTsfMgyxgk/WE6/o0uZPXq3Flq2ujqvDvLbALtZtYsdicizuqDI2O+22YCrKw0Zn7uVw9Je9Fed+Hs0YXUYRP2YEcGiJ5xYEI55f4RrlLDRh1qKgN1Lmlyn7kCTAXELcoNg5NN7BrmY13s2mw5LmSl0VVFqp6j3IzSL0FmRDN0xCe02bIdjEpaVcn3uLY+4jDSuPRhQhpelAm7b58wj7w30s81aIZL/t4ojDB/t4w1LiOLZI1swhpXRBv3ecm1yixwsHHZypLWssZm2yuZ2ciEXXKbkYCu3+K2Kbn03mDNl9i5jMJ35fPEDUeVXG8dT2N2jVvqajsatHT9AzwLbxm0nhf0HNwkDd9nA8oA==]]></Encrypt>
</xml>


2017-08-22 09:17:43 debug :
------------
String:
account-ticket<xml>
    <AppId><![CDATA[wx3db5943239313a96]]></AppId>
    <Encrypt><![CDATA[KO1DJy3CyU2RrdaQixma/p8pFnwauuytJkss8c5vAklhULacx3wZTlYQ+Fn/RK/vRSMcw2/RdH4HTxcOuPlzz7njXjnMCLZDevjVNQtRhIOjeb9ElhnT4md8sBJGcydPS50PXtKk0UvyXmLtkj7A03CodN8swu5TJjkyktWrxgLEUs5wDdLraXquu/XsIddDB54r9H/1UUCs+WmHCeBNOd1XPJIbM9Blb8NenzQcMBdO5Xcg179BbMM8RiqGmT7F2erbuVF6Gx/S+ghFY4Pl0nb7LWA5K+Hy+Kku9Kut8cR2mbQYKj8muLRh+mDRUrtOi1KCUYu0uppql3gBdMUFsm8BG8iU+CwKNIqJeuIng3EjGHkBrC2lQRUdmrzrql7auIsiknytUmykuTOwH7ynUJSEHEa+CJmzv9LHe3uIh/RXIjkdPsG4mNi9zkzUBVtOA3P4r9ncFIGDNpXJre/QJg==]]></Encrypt>
</xml>


2017-08-22 09:27:48 debug :
------------
String:
account-ticket<xml>
    <AppId><![CDATA[wx3db5943239313a96]]></AppId>
    <Encrypt><![CDATA[/7Nmz1U24zmN9Pjydcz+qOJy1AJHIwjjw6BDK5hWsdJ0TErwLPHawudy/cvr4FhFxUu7LBGqf3K70pTOdbh0kyH03+X7mWPKztIWYmCvTnD4zvJUtMGcThuGNOKOP66DYXwavYClAwWsrzFPW8iYPPGqBL/f92gy/9hnpRlKAmt2a97BnE7RWDslkZbF4zklT3tYEp/YPJ3Mua3SOe78/7KaHcRQNR+IN9jXzhidjtngbwylqwUKLdryae2we35xyC+70Pfnfnk2r+VHDGH9vcP/lN1aTMfDf642I7TomHvBPCKvpxHS5EgNFK4kijJrUjbWf3S+QohkvJ71WhzcgtUEMdTMgkmP6mj1YU5pM2HxahB91TwItLrJBvzBtY6M40L3u4BTG5CfUn5I+9ywWdhcN+qROFtSniI01+AmM4TPuoT3u097yXTR9X3bxptOPIfGzuFWJVrTiZOK7c74vw==]]></Encrypt>
</xml>


2017-08-22 09:37:48 debug :
------------
String:
account-ticket<xml>
    <AppId><![CDATA[wx3db5943239313a96]]></AppId>
    <Encrypt><![CDATA[Wl8LUtuv0VS3iB1sTfB7RtHCob7KTWSR7Asb7K/RZ+hRLu6LAOqRO+gi0uuSFJ1ND532h/MUJdzOQlxtpYrXcfOxUZNk4qDJ7Vp3LDd4gNPNHnx7I9vM6WJyVpYqnEuFZ1hRTGg+Bngh6D3CYHpLAwTYxXkSaieM3N9+HQhAVqAX98X0Yrk14OSyi5/sTDRPjN8JEawZDZRARQMUWaQ89M/bHc9ipTuIePxkFc4d+IV/hJuuDGltlmUbsAM/GgBxcgwODg5RVZnIOBIypHlgel/qTKXw8JEIQ2/w8Y6Zw1plbOFEu5aGyjqIu3msyCQpfSUOJc4B74rSapR/qAnC0XeDkjnKV/k0hXGv2pODpcgf8RNrSU8KvbQZSl62oyRxRavrmDU3iIa6ryajhjMcH0B4RLhs5mS8VgCs2qRhaWPP6bT+p0CFfbqJ75mtTe2iPUBYctJR/zMvRqA47aIh+A==]]></Encrypt>
</xml>


2017-08-22 09:47:51 debug :
------------
String:
account-ticket<xml>
    <AppId><![CDATA[wx3db5943239313a96]]></AppId>
    <Encrypt><![CDATA[3u4qhBFsQRL0N2Sm5wz0ffa4oJb2+xPlHYNeTskEuRdYDC7RbGGReow9K4dll06KFUUrSi6EYTpejNKyb6nRagXTblGnl+Rqj0rFrsvtrqz7Yv7g9zqC/zLLuZeMbmYKJQRX2WF8oEjdE0vJiMT6OK5AIE5ijJSVAi7j9WC7dWHg7pXVyDE7XeTW8h+z18F9759Y8iHUEZx7v7jlMkQce+PMcRh8cgOti18nvn4r1SYSf6v8wcV4N1DCsjN+a0FRn692SEkq19B0pGih24AJxlLYVIXhy6NXDhNWipHoyj43jDbIfzBjrDa1OGb6wnbEUNjBIXTURaRutEWQqESp/vtAuX3VJEhEfQugGnsyoIz/Bxx3iYGIwWP+uqIBqERURAlPVw6BmpHFuP2xQrCXe4eAbZS4PeOL4MMuS24HLricf5IQ32UjlscnX43lX0kTHr6YxluXz2zShtqZzy+YUw==]]></Encrypt>
</xml>


2017-08-22 09:57:46 debug :
------------
String:
account-ticket<xml>
    <AppId><![CDATA[wx3db5943239313a96]]></AppId>
    <Encrypt><![CDATA[VZjACcUpvZ9qzusLr/poufGpLNiBwjXLrzhZGFxoFSZchUz+hVB4o6Qi18nEbrBJYI3IGsubWI2kYsJAanGmzu9JmjajvmlKqvKyk+j6DQjfIGc0U1i6cvXNrb8udQLVmBiueVy67a9Sy+9/YNHbAwn0yJyay0Ulbt80+801vwj0VilHRbLq/2XevBPyNdtr6voCiPU6Sn3pcKXagACBh4eViAAWfKQaIB+MhbI26JmfYOcfOk1M1GPgWV2WwBtP+Vi8c4r/djAAvo/vDcQNmtQpjhrJ2SBwskb+pDh1NuyKSW/lUk95rRNLGbWJHWzraR0KMkuBiFLilJB0dvwWagKQQAlQGRTy+ZFDOHeRMhzadMbbaQYKIp8qotJejE6pSjnjDsZLVkJX72JXx+4K8JaADu+Og43lx7M0R8anK1grBp7zfWkcXeOOs8WmuDQtDvhbtuOFB9wrAtqQSjlPLg==]]></Encrypt>
</xml>


2017-08-22 10:08:06 debug :
------------
String:
account-ticket<xml>
    <AppId><![CDATA[wx3db5943239313a96]]></AppId>
    <Encrypt><![CDATA[3MPZFgf/KueNnk62TQ2p+kB3O4EoBKbHf7CLTsHyadtBDftQVj2F2bk2CevxyBZL48NaozUjXCQyeodFIBcxVKS3Vjtc2oU3rJt5DypehT4hd1UjcREK4miNU/2ZR/rENEBti93O5XtcV8tAVPq4Mbs5k2STXPUENLkC6A9KwpAWHvH2DfcGHto3yv2XDVzVX+cPfUmz7eVbIAVDx+jFDyi4hyY6TIyp2gl7iLOBUwkTe87KXzu6isECR8psMXCQHYhVWp+l70yG67hcQ7oMhst68582d3ZXO+t/Qp+FktTTKupOxP+faRRXyDiz07iCcTn24kgoIdSBCxCj5JeGPQQwSQXKTCOWDpW+TmNpFFo3G9S8muMLtmw2wuniGXXc5peTQBOGgRDl/YkCg7Ae3Xkz2Ees6aSR72HHafY70Ion9pSxRKuvoE6aBABUgj9qy7LT6D+ahRfMnH6zYO/SnA==]]></Encrypt>
</xml>


2017-08-22 10:18:10 debug :
------------
String:
account-ticket<xml>
    <AppId><![CDATA[wx3db5943239313a96]]></AppId>
    <Encrypt><![CDATA[FSFNRiLlRFGNflGrtlO7zmmImxK2EXcZFS5HeS1S9hYUcCSO8d9kUbOIS1iciCnEJwAWwKZylwWHRSJaj6l3cokuSvpsHKeIF/0hV9nKsSBKebpBGxiSh3D9GhkJivFlZlpGbfMcU1Dqxm25fsu4tiwpbPXSctPKpVReXa+DJaV+hktojR6kga477ZEmn1L4rirb06u4A+Y0xfla9NaAZ/BnaaWyga7bmKDFZ932LbbbHU1w8K50tzy7/9USjJszlUuMVX22sgZ+ZBHYcAurYkfeEj9Tpge5ZxQEVJGt0VO8jw6JXNQAM+oNSxFn14Vw8iCgSaAV/eHUKJPqQd1RFgd8W5yC+vFbZrH1JNWIi8N6RMmIDj3mV1uzrN9OT6NOrJPtOWGst5HuFhXfw/1hVK/UDndXZxBO2gSU8X0CvJtkQ7c2AM0JZR7ZTwi6nEDbXbFt0SB6zcSZxYATqPV/Gg==]]></Encrypt>
</xml>


2017-08-22 10:28:11 debug :
------------
String:
account-ticket<xml>
    <AppId><![CDATA[wx3db5943239313a96]]></AppId>
    <Encrypt><![CDATA[imGZ/+FAwbA0H5qOscQ2JjEA0PyDcV/wRD0whZGPj+qQOxmh5qQvJuuqp5xMndD9tAFfbhapeOTyFwVpnHCrIxX4sOiSlLcfgTSKgOd7GeKtk3AsNdOCRVoV2gQN/qWHK8TTVPFwri2MP84zXCozoEU3TWFHIKzi6qUdyBBYVkw1MrYz6hA5S32OAi7vII8WHkNirQWLKyQ2mlIcqXeVCkpgYGj4f7hDixWp5jfDyMEYnu4zqHFnwIfUSf4u1O7wLVASGZUDlAz3DRhkaN3UYrkUw9D34xvS+W7GaMoSVHg3Amxm5I/LZmwKcxldNE5IbdUjHdQICEXNEKUGeEBLdtUHXtCCrR/BJSMF1bdrt2GDHO8/1SA5uw4MpKxttm0e5LN5X9wkS55uK//glFP6Fgb8lFJEqMmzBJSWVyZ4z5xnjk9WWOCyYd4VmUwfDpjQP5RlBFSXei4ogkGsnKmDPw==]]></Encrypt>
</xml>


2017-08-22 10:38:11 debug :
------------
String:
account-ticket<xml>
    <AppId><![CDATA[wx3db5943239313a96]]></AppId>
    <Encrypt><![CDATA[l9MPvghOVVC4yzuyyhinWLclpeKABwTjG1QwOrm+YMFd5hKdULnWsG3l1I/lfI/AUrgwkbiVuFO60DofEfb1HdwKdfrgZ03iF+3Iq9X/47d7qcSzNp7nWNiQwuUPYkFAcu2C+oHPSXzosW3QedyzvNXjy+Y+HrrdexjDeoxrp2g3+9cwLmutpKagjQgU/hBZjqOUvYine0HWVaijfv9ikvNgHT2C58N07UKvwvry4YyEi3asRJeq9tuT6x4MxNOOvpQBel7m2A02KdLqZRr0f8vucx9MmMESO1r1c5Blb/mBwW8WJAR4KQzgJmaz6irSHLz0qoEGTg2r7rpeybQzvkrQ4mWviAdVUet8pG95iA1Su+hz7Mj947nQS9oXSmr+It2giTkYYVF6GfqucQ6nUI1TP/LfWyEpfTScutT6q+fy7PhYiNNzufNNzPUoZcbUh9NC+tow/v/CJftpbv/O4w==]]></Encrypt>
</xml>


2017-08-22 10:48:10 debug :
------------
String:
account-ticket<xml>
    <AppId><![CDATA[wx3db5943239313a96]]></AppId>
    <Encrypt><![CDATA[wDQHBQdWWB1PXIJY1001XMNXsr3xBAxlY7GUEq+0jx5eBsnO/ve5VrWKwAY0dd1DjT9n0r/ucSzILUiXZWh3fdh0C0kTJQtohFIzn3rEDv/XfBYgGnbTcyiUDGmz5Sv3pJD25e/ft6NIOL45j9Ea5hyhAVtts+UpIPDPcaNla8BfEqk0mfeOsBlRqsfUNpu9ac5DZazvF6mI1HbVb3QNj+Vhv1OVb7KBLGWr9+diJuYFgh7Tq0LBleTVxlJgkh5GVhNNTdMaST59ws9ZfyltG5Xh8XEP8jOnN7IK2RwKKUP6IT/v25g+57QDBE5P0TzgPRBseOxl79r1Pg4svrict6GrIcN0w4SI75Ymg7DBVGe4PH+UiDwoxt+7XgbnFC+rBd0QFfKzJBSf5YM1rp/veZ50qpU2Nny8Hi5Na5DW9PU5GpSXELzFO6OVwCSzVNapcauknfPNygZVdF7n6dASrA==]]></Encrypt>
</xml>


2017-08-22 10:58:18 debug :
------------
String:
account-ticket<xml>
    <AppId><![CDATA[wx3db5943239313a96]]></AppId>
    <Encrypt><![CDATA[2dhWs4PpN1Awp1sPdS+ydTPK43ei8q8wl1GNgZfKZhNr98kRj47fFwcTvhtb7JXDVPFOuivcrC6L3oRzFyVEZ8DPtUI0H49tuQtas/bPOyXMl/uoi58oV1/x3JH76iK2RStu6JA7zyK9F7pl7gJMc2Qu0wOuEuRefj1VVWEPUCjic2mSjdAhXFGq8d+BRf3+aT2SugNd6Ooro+HCgxGOesSsh9bdCeO652hn6buebY19HORcDmAFvASW/CFoabxRnrIVt9l6jLVwp8HSCF9o2rg1C2qf4Wmf/v8F6rM7Yyw7/TO0YlcehtT1IbhAuZRypKl5bvUkIt2S+1/cwuY9gaQtNuj4yxPcgaGaVAbsRGlu/9PMwsZKU79KpED3acY9v1aDe0QOKkLbVeKWXLVkwBIs/Q19TKDqfdMVgTKDZjDTB/2ao3XmOx/w5V7IWztgMDYrM5ElxxccbYl+sEq+Xg==]]></Encrypt>
</xml>


2017-08-22 11:08:20 debug :
------------
String:
account-ticket<xml>
    <AppId><![CDATA[wx3db5943239313a96]]></AppId>
    <Encrypt><![CDATA[NScvzieJDjp0/m8gARuGzFq+dvfrPIZpyTTEf9C4BBJHG9TiGSy3BsctyAkTbikvxMsHgrDbLO41ir1pEhGXVb8x2oCixbJxdVTrvQG3984zOvGq2Lu7oKv0CN9g2/S9OHNAS0TOKp1Gc8QT4VaflhuS9Um4Gal0gWYQavbD6yVuP3LeSB36jftecC6fHveW/yviYiS02iZtgOjMEw+yI9xku8YZvoe9GDAgIJFSI+eYY/7AQd83TjMVYDZIGdLj1koidJOiG+LXutGi/44/I7OOd14uHkjm4mvNtZ60sISoSFAyp+e6XzjBN6ARSQd3Ti3HlaA+Sn8tw7j0i1VHszQGTHLJo/Fda+iberZRAufI8EMsD3VU6Nn7dM3lWp75Sq0lw5PCkq12MqQQS3a9AL2LeONRr/RlAeuoLgJfAng76m/I3rGc7OH0jSLfs+BxyLZAOYTwwpYhM5qWzY2h3Q==]]></Encrypt>
</xml>


2017-08-22 11:18:38 debug :
------------
String:
account-ticket<xml>
    <AppId><![CDATA[wx3db5943239313a96]]></AppId>
    <Encrypt><![CDATA[zBJqgNTvQw52dwq8r6vftolT+1hN/qDIWsM1W0LEiATM4Ob5RXaGgnepeLjtDUMJyvEHd/5IeG1Qi2NS6CWjoX8qKUVoY+FzH9rGP5RyD8Xa9AVjJjC07pvUiLuYfFHxK6TEXcnERzfVfkrAWqCqcWOBX/FQd0JBom7hYQ+OwB4zkFh50yOVwnAdG8INza9rwK/iHTojnAAKnUBxJagWCAezx+vVXCZU+ylBj3TSBmCtsIc4ouuFWHrlsZgsqwKBua4wcQtKL4mgQiYT0eVSn26KqmbosziBUWK7esPXXNI93D4S7uvg+D5PJR2Rdum0X4a9LvDhNtNGPmAxvp7APeN8U1QkM3PIShDVB2PlJWBDtRcr7gOMP9ESDNOe7bM+i8PAH4UCXnU2538dosFInG4tCD+RWm7QNkxA6IzAzxBgA50cSb2yZZJZfS/puygfPfYbg3+vcpv8UddhV96Z6g==]]></Encrypt>
</xml>


2017-08-22 11:29:01 debug :
------------
String:
account-ticket<xml>
    <AppId><![CDATA[wx3db5943239313a96]]></AppId>
    <Encrypt><![CDATA[Qm4JFnwqqWG5QGxUqAfd9UA3WOm2LhlwnrlInX+rgYFbYAqzxUBtdRHkFVJrapnYOIctHQk2URn7gBYZWpEP0ekowosmwXS4SQ410oGTtgAaNDdQwPReH/hGupNvieLrFt2IywlEIyPZ2mzRisj9g30Fqc/odo51u5paqdQtptnzCstXgNXuUdIo+uxhC+59uTZdCtLKploqCq9mdgYrZwMCMgnQqRi2XhkFy+2Cgmx78rZWqYHYoXzrSZ3Xuv74HB3jsWrbgCDTH9+Jj3p8TkMsrpNAw+Jquw6s2/3m2LRYFnuno7e43ovKoMfaYqy2crlPxSDEUSO/hjWWV4Nta8+wP3qpCgAxuxCfq/3VCM05BuetKsMEhqHsLVI+8Authjlt10wXI07s+XaTZqXJoJuTioBe13zphS26JNeslMWD2PgUCg1n6dD1TxowqOiX1OV0ZHBUlPCUdzTzUqM69A==]]></Encrypt>
</xml>


2017-08-22 11:39:49 debug :
------------
String:
account-ticket<xml>
    <AppId><![CDATA[wx3db5943239313a96]]></AppId>
    <Encrypt><![CDATA[rIIJ5w7EtTLQzAw9kaOI+6EHpJKnXGWwOuJ5YkvyHRZZimdMFszg2lHnSIENI5wWdqx5DkwxQA7Sxiy5OjGrrmu24DyO1tTFZqOj0w61uXMlAWXydU5q3yoC9Td4H2SB0bEU9ekgeTCnQQdCc24IK2blCA5LTmMtWyJZ8MOgjx1R3p73kc81xpKh72KdwSdCMIdGyy8nYsgVPFprJuPSIsqy8Ic++ZkZf58dMD60wcDBmf1qigA86PtbzVW0o+xAxxKxuHpEMHYA0KEZ5UWf5y4RHPvkHZkP230YtXif8aMMLkBc7Mg+UdCldswzzPBe85htdDbwiUEcWKgCIyhN4iw73u84rbuLHH4kmYs60stbvx5hI6AmeuNadxdgY8q3yHSDP8w/D5ryfWYehaWnQx4to9TaXfgZALo8TDc6aEBONp/jvSXHWoDzvB9izx4hwKef3s0U2C/974/YAHskcw==]]></Encrypt>
</xml>


2017-08-22 11:47:59 debug :
------------
String:
account-ticket<xml>
    <AppId><![CDATA[wx3db5943239313a96]]></AppId>
    <Encrypt><![CDATA[X9CgC4v5y0/oDGAfAH9nIq569mDB4tU10c0Esb541BgEJm/0VYO4lnn4ywVaNzVfefSDTBqhpSujLE/LcsU5wrp42mcI4BXRUZdYzEzLVgsNA5dt1vlnVBmU+xXqTX4Mzm4LWKt87eHdLnYzYQ6+YS03Q9NqDEj3Q8pop86755oLnbr7NiDYCgyMSBP8H0R5T415xcCfW4QvM0kMqLW0Vfu2K7Bi7IzjRb1kWWWK1319Uud6URyNxwKAy0rGEh6NpoK5b2qBQQNoEzEd6MYKwgwwQIbA10r8lRhaqxAGxrBJ1IP87yMJhF28lsTF2e7uzwgn9fthDsNzd0IOQ9GsX5pS3z7aUi2DWMrXetmcnM7ixOmuNCLFLxZTN3I3iq6Hm82VnceCL/6FWrFf0Se0cMUZxTD1Vs6jOizAteUMEjA1vaoDcLdP9BrykYN+ZbotACmPjBL5q2pbcJU2oWQSTA==]]></Encrypt>
</xml>


2017-08-22 11:58:07 debug :
------------
String:
account-ticket<xml>
    <AppId><![CDATA[wx3db5943239313a96]]></AppId>
    <Encrypt><![CDATA[hZ1x1lX1nZLbKnNmK9XRrIpvhN631/BfppaFjs1skMhfolkBn7AqBddjHCwJacVAi9DVXPnAlXms2Mv77xrL6QBvYLw6Ipv1IwKKUaKE2iQHoRDoZOjQ+CGMeEeAd6L2YObcPuIhfMYq2/AlBtHy0+RkFl3IxFr/cRG89U86xmWMAXUB4OhQcs+lbOZE5krBbZG0S5jkwuUjL2zM+XI6yxLX4i3C5VP/Yju72WoLs3jRaVoOSn6002Oygx3lg9bbgMgvzvqSuKODKhGd0pf0A13GurGIOhvWVKT5Ju4sYvI+X9ls6o30NuvHRR+WVd+KZyVibx+xnfBtghA74mMA+vjYUo3sg/csUtOm9cViCRcgZZujngumkNRj2QZbjoFoKjFOMb2hqOHL9B1Nr/LU4HIi790eksPStenCS3ZfGyXeTZ8jddJQEq2/PUODZKAYw51HEbrW1G+dQ7LsRoodvA==]]></Encrypt>
</xml>


2017-08-22 12:08:24 debug :
------------
String:
account-ticket<xml>
    <AppId><![CDATA[wx3db5943239313a96]]></AppId>
    <Encrypt><![CDATA[7oo7DzYxmZwpuHoFYy2CyyAuR/NRy1nFkaJbo0C2d6AkgobllQPRQHHN50UpaAdnuunrWbTZIsIa2izAmnvszTLFznEiU8WQP/ctA7MgZ8GiYXi6JoNd61eOmmHjPvcTPG9dHuWq7osoH1fzLEs1fKft5anl85Hi/w/vwV3VU3FKaojZwQ+49aGF+wvGI0WEy4zQbPCHgEfS7k8KGi6vhZx5ISB4Rwsrqes/VsloJC0vUSHn0MGLzY746ksDlSrp60HrnwaCLR188q7a9wfLxV/HG78BOW3ymhQcOhCxriQhw/8KmelrKMDxsQA+WTFR/grXHOySKos5ZWaGx/i1cJ8PUyNkV56tlu6tbJ1pFunILv+gHY7ks5TzVTpC/rT0lQkpm2xKa80wnqh4mneb4TAvynKhhIfLVlo0IzJ9cPh5zetri4jZMiM4g2NiaVSBD8J9WSP0SUxlu++LbitO5g==]]></Encrypt>
</xml>


2017-08-22 12:18:03 debug :
------------
String:
account-ticket<xml>
    <AppId><![CDATA[wx3db5943239313a96]]></AppId>
    <Encrypt><![CDATA[9dOCQj+HhtWMOFLxYpu5uB7z8KQ5QryI/hlr2pYzM1x0AltpR5lcqURbDdnZliighNo6/yZQvOCh8w/hfuMFo8PdmK/7AmsYQN3lwFgMBFUSKHD80PPbOiJIMvT7zw+qij+0McV7CTHf029FwP+HwzEAs8hDhaS/2C3cRmpoeXZJb+RVKprT7JYdD0D8qTMyj1CHfHy0weKUf0G0myKnLQ48YS8qruZ4efuhd+ZO7SJrjdZqXCtz2E4GxX4kJTyASWlfY6yACMOdhkmxrAZiMtQ+GHwyHf7m86dqkcMJzEVxxee/o6o2eOiQdSvOBvjBhG9oNGYBDZxkwIKdtFw3oir92QaWdThj/67txxzsfvEFCLxk9SMQWj3Gzu7dIzzND88BuB5+nUgHsV1Go840S34GzA/Ed0ZpdJ1a6Cfx6j79jTNfORh64Uls2N9+m8pGAr89Wb6lPVp5H4HGTbNGbQ==]]></Encrypt>
</xml>


2017-08-22 12:28:28 debug :
------------
String:
account-ticket<xml>
    <AppId><![CDATA[wx3db5943239313a96]]></AppId>
    <Encrypt><![CDATA[fTPmCCgne2J11wR82FBS+Pmzzi2/IjaLavn9eWqueDJguEDfj0/ud/+rDS5pIjVYdgnpyhG1i0nnzJ9XOiWHACK2Wbt+5p2kAH0+Xb+EDiiAemdfOLTAm7iIhF4LV+7c6afHuwDeE1VI/hfTlPm8GGVq+8l17Bkso8Op+9EzrIdQ3SSIC/utnYY5rFDuqJrSlvew1we//UiT4iT36LwO2+p+kxa7bmkb27cgUUhRc6qFO7k8l3qhAKUBE9eyoY6Lp3l8gDkLe0PLbZALCrp9jxQZBQ49jPG1xCRfHAdzExD6iEGfXwriYxEeyoC7otjEWEEeKmedsVx1tYcqtRS3VzDXCZ273qeJiQ7S1SMoAiV6+jW1mWacxdvBrayGTMpUYRyKsoCrY4cY9Vudj9QEiSG8kAEgp7NL+X4vsuH3mnE82n9z8g9sifvI06fqgY+x0whNcvii/f+Kalpx9AmJFQ==]]></Encrypt>
</xml>


2017-08-22 12:38:54 debug :
------------
String:
account-ticket<xml>
    <AppId><![CDATA[wx3db5943239313a96]]></AppId>
    <Encrypt><![CDATA[BxzcUopnJkZ20MryNmuVEtl4uFv54jUwLp7wm+3/7lGMJINhB8+dBV6fZ6He1LYFuV4Xj3WpAdpnMnfpaHbb+PU3yppqKBPRgEQ13RBBRbyj3OzMdZGsu+54UNEiQCNZ1pK9GreHGnkzQpqtHidnebl1SYX6elB3J31wcL5fMs+zyIkDuh6NAOL1JEk2HnJTYoBkSTQXld1j0WIG1lM6b2nAK08MnsKz4GQA6FBUEimMtadHJWKhZU2AnBzgtJGPmXvgREOe/UOE6YJW96620aF8254zU8cM5L5SuMUqplJSIRuyJ7/98L3MhLuwd6u0q0E5ClargwLxIBeHXsQZQzgyhEp6Hx+9lJHbvttiI9VfTN3kX1CqWlULXubNdStlzIFFrrCbBFDAV1kbwtsN7Zfxyl25fBv6ilS5ofV47VYeaBoHV+djYh1hdby5jyYh7DwmrueZ4arp66WyUH5bpw==]]></Encrypt>
</xml>


2017-08-22 12:47:54 debug :
------------
String:
account-ticket<xml>
    <AppId><![CDATA[wx3db5943239313a96]]></AppId>
    <Encrypt><![CDATA[Ww7CPG/RqPm9WhMV4mciN/Ji0OyCplWBgNJ1dPY6hgvItYEsSFGZwJZg7iv/KFT6+kuJZTyQFFYuQiTcC3JjPKa4PM3QpKNaBMni/mVAUmakYQ4grxecMR9jeT+ikyh2FefWVkwlf2iBZiW12HKTe0hJDu6PMlmSsNCX7SYEW9oew1rY1ti5hJa7jHxjQFMSqfqPGYJ5KjqdA6nzfC5BjSyXcQjCL9Cqi4/V5eWdyAFp9d796I/jFZBqSuL0EAGf/ijWp7bem+A4/U7LrMVTYB4ZVeYJ2UQ1Y1ZylAtEuk1FaMHdrj5DKpyezLqQkEpHPN69afMNPETISWM/m5Bkh7YGlgMksx7hgOwDCkZFbGcTnloeLE5qfGaeldD5kFnDP52JGpwGOg007ZbIt9pn0aY59aYrZDPWLGCZkxNcKoVGK7CVlP0UY0d1aD7XMai7Q6yA3LeePTq3QZfxahBIkg==]]></Encrypt>
</xml>


2017-08-22 12:58:02 debug :
------------
String:
account-ticket<xml>
    <AppId><![CDATA[wx3db5943239313a96]]></AppId>
    <Encrypt><![CDATA[xxGJUaqDONdIrBN5fptUVpwkSeUzNfWJEEmaD+KkSVIiO4GzzJ3Jy6VBngEELUUrLkDEr07gjGA8vbRabZ89OSzzYB1GFHCl1ZfUzkGCsGwbZIAe/dBY6LY+malvyIjlZuFq6xdnf70YA1YwQWjPfunbs/efiWe3ofoovytcA20fVa6JO6WWR9LE4J8bBNvKvZrTLK0Iumkl4+1MRwlGiNyVnRctQflr+WL5ZoJSXNxYVy0UdtrLfubqEgzIhepjIKQK5O/1U7ahelHTKgH+kVDME0q6qluQnL3Ptg35vgfTInoZOtYPLrcd0Gw/3AWw117wPmqGygpv0G177GNScgBVOXnrtl8io6xWSB6R9r+mgJzlc+ASp6bNBvF+/MZhiubuOvcHaFUSaQHVfmCUrxeDqkhBKUijdZcloC29FTswpQUxW2mKE2ohbhLFLz0MDAhoPnUaz3ArD+fN2MNDbQ==]]></Encrypt>
</xml>


2017-08-22 13:08:03 debug :
------------
String:
account-ticket<xml>
    <AppId><![CDATA[wx3db5943239313a96]]></AppId>
    <Encrypt><![CDATA[IHRHK+Aktpee0wpo5enV+OFI3KUUcnKDQXFdF2EX71+3pLrkVSkbRzSvUSEY+xycOv+ROLP4eKYo/+8BO5lABDnbbtoYbUskgpXPWMnrSa/5bnhpgO/FEUbZDnL53VfXn5BQTmtua10XGvXuY3EsOHclW8laSWsbV9/8wjOapBEJJBC7LczHd6tySGVbvGgx+HfIy9D9yKEIcjs0cZHU4i0drJuqA8vVZkzWxld88sfvzNnAkalrf5H8mPzlAG3iESYvMZvl8E8GmZXso7dWXzRgqalxJ3WGefVGzNam0pEAbUValksQ+mCKwWCS9rcS8BwyEeJDjWpPu5ZKe7GlOcVVMa3yKDqvTQ3h6MqD25sakcq0PH0mnRikjVdsqY6I59sZWPcQr12/3GwG07qnOymWcJh5PcY6Xmpg89FfebhthDIey4Ua5HpBmKGFrcmTh4P2UK1WquPvtEajoB07Fw==]]></Encrypt>
</xml>


2017-08-22 13:17:54 debug :
------------
String:
account-ticket<xml>
    <AppId><![CDATA[wx3db5943239313a96]]></AppId>
    <Encrypt><![CDATA[2uLDTD7J49V2SqwjPW/Fq8JwUdih2q8uBZKI44oqH9nOfqiJtIW9qzmaq2EngBfDsNPA7Jefpv7yPzrH27p+yuAzEItTZC9Pr6BiBMsHjqVvgQLktj+3s3SMBfR8fM5OYdNcJHGnAJIZR+MFqfBKLf+yOx4ZXH8Upya7ObXIGl2xDhIr2gZAEC1I5GhOYmCjwr1pyhcAqCXhWJ+ZNn2TSZsolKFtCYi6fxKlZl4rhSXw+m7j2yZHxrrYHbTw4EXWpYI9hVCtzNH6U15Hu83bAxORneAV5DL491SmmLigytokR6SxWJPH+D7e3hfOgjedfwZ4pkn6IfDedYggvfzhfmYTxLLsioIo+LYupxZZM+YE/H4A/Iw0OCRyopd3vibCoOEidRcqWxai1FO5IOy02Eu0zclicHoRnzioT1WIWuJtd35t+m6s39sJPycDwW4mB3dBwe9EVZDktYtm+SbWTA==]]></Encrypt>
</xml>


2017-08-22 13:27:51 debug :
------------
String:
account-ticket<xml>
    <AppId><![CDATA[wx3db5943239313a96]]></AppId>
    <Encrypt><![CDATA[q8bEdiSjw8gSsRLn3BR3s92zJQ/bLIJjRllC7NdBYt5gAO/J9fr/vZLUg+gqkhwxUqa3C91Bf+ioMZoUbzvGKcDUgXs2I8pO26Ni1JNR+Hku5RdWd4Dldqe0y6t4xG5bw+vE63RCrMGjyyJcKIIOSv3AzYreYqBPGuf/IPfUi9pHHGutSnFy81DiW8wy0HBJPiyDZ4/qaNOUCf2y73RiUk9EBgNC9Mt8Kc4qhPgw88DEjXfUnxO28tWuEzEBIFAcaCVcYBt6ePu6C4aoszlmuR817J4JSWFzJ5N/XJ2yW3vcPbJweVUfeqW9DuZ0IhpNkXYFAX5prdJSGGZQF+A41vaKr5Vd32J6iE2aHxnu1WzmLGrTMAnM5083vS1kTlWJ8BNTMYobDCt8B7anstjeaom/EPvrWDh/7HAqHCIkuWkdb/nN0FotKmi983mD0NY+uCUuHcTJjCN/BeNYqjMfpA==]]></Encrypt>
</xml>


2017-08-22 13:37:48 debug :
------------
String:
account-ticket<xml>
    <AppId><![CDATA[wx3db5943239313a96]]></AppId>
    <Encrypt><![CDATA[vb6mpW6MX4RdH3AcR7Kan0x29TuMeEQvz9AeYJfdA2VrC8HnTq4CtLTB+9/Ifx2rBOP1j6w2eIb0FtRccbGQ/eAm4TH4tldTO/nDcWngG9QAgOelym+QEmAptkn3eMeW5uDjE/sVnj+vTnAnyybaP6QRyzdtWyoOwfVnKUuaYUBargkyY5S0Lwj1TNVJbwbklZlXmoLIrXqIaTF+pNxb9/Irz4IdqtCvhWuFWMvwQhCFOyBEMSkYxSHq1UePvO9MnGTEIPYnHNqn/i9jDDoOZG67C3AjPEb7RPGj+hd3pv++lSjLrMONVQDTqpL4QodTzOcVwrVUGGpsdOrmhD31YHeU5nzq/ydEoSITmWbXZK+J2n9T7rgrq3v+mOkY2TFB3xHATwDiKGdYIIXVoDZyWXHhZe9iNjcyO0JJedSfcuI+NWJck2KJLxNf01byX/hmYjVoWiDwAzQidb50ztuJhA==]]></Encrypt>
</xml>


2017-08-22 13:47:46 debug :
------------
String:
account-ticket<xml>
    <AppId><![CDATA[wx3db5943239313a96]]></AppId>
    <Encrypt><![CDATA[UbDoBgQjzJqJotDhC0R6EGDj2Vc/4Rl8TMGNkpaSUSCX5qUt9hVRBlZ2jtJNWpJAtLJq5C/Ma6N/659NR6hziT/pSijEbBSPEeoFh+9jhfCEdia+WSlVMKv6Y68Iz5EEU5qLISYDyce53YbB+PzPWptMG4G+Q4DyVJOa9RWwbZmE3ieerwh6DKSNedf0Pr7Kbx3T9maQz9BDHB/0gp5+211OF0eiMl9YQcsGYDeUdsmf7IdGetDguLMZFPo/S8KUw0Kj22UTplgU7qfJ7lAhB+TvUCOzDaoxEVqY11Oz9aT3W0mbBhcArjHN3wUtGusNIONJPl5EUX+I1gNKbi6Cu3rnSW0fIIUC7Wf4DTI3qxhtQEeOrGJ1C9/OkkYpbl0fos/Lj1kh51mWhkLLdh80ysARApWSmmvfOOxlrjvn1iOufgtnFTziKfbsdEcjsHPHHPqgtcQZm6EidX7Zd6Ef2Q==]]></Encrypt>
</xml>


2017-08-22 13:57:51 debug :
------------
String:
account-ticket<xml>
    <AppId><![CDATA[wx3db5943239313a96]]></AppId>
    <Encrypt><![CDATA[tCeTKZhdmHxlCf4tzDmp7RDGGe0v8JtBw+wGA3e4gE0ENKQPAMDJnYpBSRRmUC4hQOodx3uezS+qHUhAAyrs46nxHEEP+EbbO528hVcID1PR90PLffBH/2B2HJfggENeE7nNRfeOiI1GrGp7QdSmYAZJlGn6cj6v/cdrBVtRuinthLiwERNhfxD8WSAGOaxHErFr9JmwB1LhfEDx3ETf/xoRNmwTU+DeONMvZxa0dIWQGt79R8hY0mcVnPKFAjCGuPjLoBVhrVz5WQKvK7NreH/iCQquE2a+UzVSLfW7limt5fL1lDcLIGGo1m7nmpOB2MWzZJhK8fj7Z1ICL8QLQynXyPZreSSZ6gswEBxxNa1qsQEfaOCp/dlx8IbxkPPMx5uVxlcrj1qV6T+iMyBb5MCcBhZFH3QFk38tcgXrnsA3LEy7CPXt5bHO1omfROzlulHEVzWy8WgcWdKn/8qE7Q==]]></Encrypt>
</xml>


2017-08-22 14:07:53 debug :
------------
String:
account-ticket<xml>
    <AppId><![CDATA[wx3db5943239313a96]]></AppId>
    <Encrypt><![CDATA[et6FA/bFwgC2KON43xvv+m5SAVwz+bt7uralFQkl26TvBZe8WSDXR8zLlee9z0LOT55+HcgOFGfUqmQJn3S8CCG30wp/oTg7C4DCKE86QxFZs3PEsjwvZVcaeFTBxpiKljYNmtZdbIb8itigc4wOmY/RdZa5aP8mXFJQvbu0us7wRx3Cgb54pLd1JvBjDgaSw4NYJ7gZHwljd1e7Ck6TC9NG87uKZSYIlB91GH6K1gi4dQ1zC2QhtQH+MxXcaNyJkgojUhLnODed1QrBhOxWXpNG+g9oEPf1oQusjUaWx/JUmUjB3txTbEi+RvYEZRAlTqjGGjZ5CVR0YhdXUqMDLhzsCH33GQ1AMweX2ywTEZxPgFvALzozrZCE6N8laTf1cEtBCs1Df6Z8XLNCWsGh8YVz0CaTQC7uNPAUU+RyHb8spoU5rCwMO9+b18yTMtqjodnjKRJsy31APPSHVKvY7w==]]></Encrypt>
</xml>


2017-08-22 14:18:03 debug :
------------
String:
account-ticket<xml>
    <AppId><![CDATA[wx3db5943239313a96]]></AppId>
    <Encrypt><![CDATA[jSYnRrXUhjL1cmIlJ3I3UfsUGG4eIgq6jva2CI1Ol7eKdQuxTiO6Q0+U3epVcj8VfmMXucBA5BaNAF5FOBplJKhkEO5GRiSS7O6TdkGi3Qt2IFBwBCG0SZ1XkZr6OIovAo63WRFY9ImrQZMRyCXXxg5B3XJ8gDcufUbwsxD4rU75xU+k+PECQS+PjeTG8PhVgYAANa58FU7ItDdq0G5xolBG/++EIZN9oKEqbX0EgDTxqufZHtCAy9BhdFPoLXmfSvMxgMq43rUGqmzuLCCBl0pLrs3jNw+tn2DD3UtumHx4bpad/AhuHrX953LFi7TKbuOzHotR4VHNDmLsjdln0kR7/apTj+EvpT3M7w+QnqHcjQ9xD/rweq6jTq2x513x6Q9EAzrvOnrTlPeEt3D3/o8GoWOMwoH2DC0WlV3+x38uKa6eleER2PWfzW0rmUt6vJ6OTKEHPOhoZkErNct6RQ==]]></Encrypt>
</xml>


2017-08-22 14:27:53 debug :
------------
String:
account-ticket<xml>
    <AppId><![CDATA[wx3db5943239313a96]]></AppId>
    <Encrypt><![CDATA[dqefOEn0gZJ1b/tZY1IBGTfmn0YmHSYQ6WX23E0S535cL92CBHF5sxVNHHmlVwcNydJxFvAfqsulo4iulIbN7hlP78crMeW32KLeT76FlScGjWOYRQgrSceeLIUkx+dFOQMEboPXL7CGBHcKMFGHtu3hWgKyShLOZ424OtAPGY8zC4HEfTddQizwOW5yeknr1v0qIPNikM/P1f5xidzy28ndyS342QwztJrLjMtV0nFGLJYZMvUImSWruCgOeDOOXaaIiRFmB+2v0+h3T2NeCIX9f94zH6ZGnuhv+O395Ca3Q9aUln1SoJx/uvDTcokPqgAcMifTszI3Vx4mbC4GREKlyNwdLXsCYSk6FQnbReFXW+OHRvSZ9uDuSLPc8NoNgFPJ9SyNDTpBTSJ5nsrfbQlXLSDrpy1NltjgzwDFhxEdFe+kEKcEiA6QOIX6eEMLpfgJK1QSTGqCGUHz0BaA0w==]]></Encrypt>
</xml>


2017-08-22 14:37:55 debug :
------------
String:
account-ticket<xml>
    <AppId><![CDATA[wx3db5943239313a96]]></AppId>
    <Encrypt><![CDATA[TNIg2HEsfteTDFsS85BY3bJUS9XcjU6hvavAEvlgZgQ2BDNF84LaChuSDf8Hi+GhCuZxxetRn5sofLFw1scKGhTf66EGweoamuOxZ/n/3KgSkwyUHHpZ7JI3t3sH2tqEnUCugH2cvakpwKqQLOMlYvUocIG22mvRnCPo2rb7jtH4H8A+hanhqv8iKh3r1aMsynIOov38LtIcyWvOXriQJ5xNl1Gm7afNYxQFJmHWLCRtGP6zLASQfeNw154Pz14/QRS3Y80gTvve6FzLyhJx+e5S2NkgkcyV+QAcQH4sXU2/TBh8dVwOx1ZI3YwEu+mdSHp1E/BNdh+XF5dqx3PnMfKK6QpKTc1/8KxPnAE3FnUn4+raXEaqvpXYbO5jxlGVlUXrxVbCfpPreb1MRP1s3kLNBAl5hzAtFMd4bH8g6Ks11+dJeo9kFhCaLx4KJLLaUK+ct3nc7MU5lptCDlmKUQ==]]></Encrypt>
</xml>


2017-08-22 14:47:50 debug :
------------
String:
account-ticket<xml>
    <AppId><![CDATA[wx3db5943239313a96]]></AppId>
    <Encrypt><![CDATA[NtwzCP6kVq/rznDmkJMicmBi2QlkV0oMNS/JWIejmXtXgGmcCODozhxkUgByGSFQ+e8gwXIOE2cvQsl3obsjnPAbCzvlupfP5BRV2/Scgnfc6h/BYWgXCo/dZ+sA1ARE2/7kCY2lETLRAux0JNMk7VHVdYHJ/lH5yXT9+gyIrYmkFayMvcY1+btSHUaxt+aWzUu4rOOjvZlcRZj0zxTsnlaKE9+UVueA6RxI/ihoruAFwUR6JJRpYcBNDnsyyTY1mGKFCN/xH9QAFdG26bmBHADg2LFSyr09WLDY307WPIPBIioxFDi18TUTQGOr04sRdS7fc8gd1jtgBQEvgSPf5554N2DzV0PZfuLsU1WTxvZB7XjR4Lf2RHqlO84jaV2h53eYBvcG3KBfzW5Jypbhv5Z1x3kOHSxh6gD09NZVowEAOzkls05Adit86BuBcZfnC6kaVBQrfIHykt8/c7ZgzQ==]]></Encrypt>
</xml>


2017-08-22 14:57:47 debug :
------------
String:
account-ticket<xml>
    <AppId><![CDATA[wx3db5943239313a96]]></AppId>
    <Encrypt><![CDATA[UGFW2ZIf0qQpJPgs6hnOi/Xg6wEds++POxS+MMF7bsBGKBE/lv7HYWyVO7dfxPEHmk7TNoUcW43XlcohUqRA/2o0CpRWLDGbvWqi/XwJRhU1+ipR67sgE8ZAr7K6bebAP3YZilODY695mm4laR5sHRvDfl2IcAHJJCHtBwG0Wx3NS5RMa2F23kCboDZI32H7IbC6aihgcC2k2LCDk8Rugbj4z1WNWXNVtRu3KGJ+24wR009filDvNMnW/KSfn+6Vaaf6F1o0zlhfOV/zr1proli+ysy876RuBVwGi1YX4f5f1lw/R3Coon59exG7cdy3XiYR0C7QUtOS2xMr2HIDLgaM4le88OekW6bC7vPiZtepAAgGLGaPFnrgNj4hXRTTWQiEuRw6gKmNYVgWW/TQxUfr/1WL8qf4Zu6+dOU62IHkU62gXbBCUU2A8UooHR1+Cz0c0k08E/DmUdq3z8Jyew==]]></Encrypt>
</xml>


2017-08-22 15:08:07 debug :
------------
String:
account-ticket<xml>
    <AppId><![CDATA[wx3db5943239313a96]]></AppId>
    <Encrypt><![CDATA[xqUYxgliEx9vwteY+mND5KSq5y3EuWAdoGSNzOOLpeKKzJn+oXC8qcDLxCUQhuKXusZFj7guWwAyjiieZ7uS3bBh8+qKeOySKPkKLrLANPNphArjcmlMlKuF8SAdl4dsRTVTELXIQjXhf0ghinuvXw66+gFSO7V3l+7Z9xWZnwSF82U1H+3jkXZXZ1vpAKHDXbHq6tXApWw5OJAg4TB31pNNnm4mkNM5ReLmOfLpuKmC5FZaIcDyXnj14k8FzIzbz0z2HVh7XKRitp4hIRL69zySPp5xNACBVBLjmEh7+dWYftlYGEJuV2mb5WL6X4IW4qdyKnuetAAl9D1P2Bu0vrp/fsokk3VUpwHiw9oCIokjIa22KjszHDh25e60/nuSqSndLCtAXyo7D+4eBugyM1U8EgcRR8AUhglZzVHKQiJiKmxr2Yz80qU93rGkpIFi+gwyVBudN/e8KsoW/oj/rg==]]></Encrypt>
</xml>


2017-08-22 15:13:18 trace :
------------
String:
<xml><ToUserName><![CDATA[gh_a886868beb64]]></ToUserName>
<FromUserName><![CDATA[oNejvwKgIix7NjqVgNTXUCh7lKZ8]]></FromUserName>
<CreateTime>1503385998</CreateTime>
<MsgType><![CDATA[event]]></MsgType>
<Event><![CDATA[MASSSENDJOBFINISH]]></Event>
<MsgID>1000000014</MsgID>
<Status><![CDATA[send success]]></Status>
<TotalCount>44</TotalCount>
<FilterCount>44</FilterCount>
<SentCount>44</SentCount>
<ErrorCount>0</ErrorCount>
<CopyrightCheckResult><Count>0</Count>
<ResultList></ResultList>
<CheckState>0</CheckState>
</CopyrightCheckResult>
</xml>

2017-08-22 15:13:18 params :
------------
String:
array (
  'rule' => -2,
  'module' => '',
  'message' => 
  array (
    'tousername' => 'gh_a886868beb64',
    'fromusername' => 'oNejvwKgIix7NjqVgNTXUCh7lKZ8',
    'createtime' => '1503385998',
    'msgtype' => 'event',
    'event' => 'MASSSENDJOBFINISH',
    'msgid' => '1000000014',
    'status' => 'send success',
    'totalcount' => '44',
    'filtercount' => '44',
    'sentcount' => '44',
    'errorcount' => '0',
    'copyrightcheckresult' => 
    array (
      'count' => '0',
      'resultlist' => '',
      'checkstate' => '0',
    ),
    'from' => 'oNejvwKgIix7NjqVgNTXUCh7lKZ8',
    'to' => 'gh_a886868beb64',
    'time' => '1503385998',
    'type' => 'event',
  ),
)

2017-08-22 15:13:18 response :
------------

2017-08-22 15:18:06 debug :
------------
String:
account-ticket<xml>
    <AppId><![CDATA[wx3db5943239313a96]]></AppId>
    <Encrypt><![CDATA[e2IgSOeg51KbGPF0TR6YXBziYPpUb3KgDo6CH5jMwxt6CdCFJ6OJZFe/o/VlNgAbLG7qcnJR0/oZTe8zxstTwQAqSslZALFwu0JsT1J4QL+LZZVMhbzrSHhnDyf2QqMpp86Kfr2Re3MZS88ryPmQFAYuUhqTwgWhP9lonVjB+MGIfw8EvPnyy9FymgQfL59pwFD9NrcNGN6b1DkIILH4Qk/WIBR8nEt83Pp7goIrA1moxnvBBWwqI1CHc/NnYI93hBTflmoR9D5/wALfNch/xtiq6E1YXXE83Yui+Vz5wUfRzWrMUzUU6I7E0jR6l0X/5J5oKHg4wBqclY6eZ1S6UbqxJT8TteQ5ouxtnQ3amAAOe09gggltjSFFoMjT6pAmP/VDf6+NDRv7pbtLXWLzfeUU6QVcug/VOpMxapsh+LZlouCvUZw8El2Cm9a7ivZlGEcySKn9n1Q+ksS1+WHTEA==]]></Encrypt>
</xml>


2017-08-22 15:27:47 debug :
------------
String:
account-ticket<xml>
    <AppId><![CDATA[wx3db5943239313a96]]></AppId>
    <Encrypt><![CDATA[C4A50MEQsdYJBv3P1eYUggV5f2gFwGpPtETIJViqCE1KskAFIRuLIollJXnNxgGscK+SBVolpky+Gv1gvIaQqR7Y9fiHR44TtzupSNBJFTWnoXozob9gdCFjnXIlhltdNQvTqBavI2UoBMMKdx8qlFDeLPMKMup/MjSqbtnrSeBgy24VVUyuK1x0Zl47kOfXKTcV98kzknnqUGpfqfLR3s07fxN0ispVH2uaT0an8rYH/CHQyil5FLBcu38vx9nmd8o5yShgD3UDDQRWUHmhMmQPMysfAjhvQxBKAUb3dDVwvyXgOTjY3pP6b2A3zN87KJNJpRp3rfuI5FUcQgRlRM83/BZ9qZ8jviNFS/DkuZ2NYVgePIdBI+0+IS8Ogo2ZdoOWsBfQsgm33mjkG7p1NtiQ/yEU7FK6GhPh20394M2coYM+1bpG8m3GUsEJa47sfIn5b6G0H0VR00bFqOV5MA==]]></Encrypt>
</xml>


2017-08-22 15:37:54 debug :
------------
String:
account-ticket<xml>
    <AppId><![CDATA[wx3db5943239313a96]]></AppId>
    <Encrypt><![CDATA[QNcm0CLUEAuc9WkNA4fVZSFmCm0iMwgo5LyT1Ra8ovLG7uQ4dbe5nqKmIDAKn51Zm8HD0+Tsd2WBGmLyR+8RREwM9Hf02/uiAq6nHcrfbusj+1W+Q9caIJIY/7v/Iegl7wDvmc6aH6oGatHq14PK9cbNqAj83I+VUwPqEtNR4UftX0LjdM0IOeG7TcZizmlLbdOahbW3nzhyqXJ+UIVxQ19u+UJ/CNwHvfa9u3ZdRshN4e3OIfzMDMZXCWnX3TAk3XQKEB7A0hJZON4X96DZBTs3SqClY5PZTAneHifIh422D7CixN+iIPupKZVAbXoz9Vmxva9B1r4Qr1InCJ7vyX4/FjZNxRtua2F89QCSoLNdouBORlJfi+/60O/pvzlN4nyux3IlgFspI0EdULGY6KrJmVvs+RmmMoD0ZUUQNV6cwWeSvnvPixjtS2vBEHk66XOQ9+v0dWxxilGvvsh+Xw==]]></Encrypt>
</xml>


2017-08-22 15:47:53 debug :
------------
String:
account-ticket<xml>
    <AppId><![CDATA[wx3db5943239313a96]]></AppId>
    <Encrypt><![CDATA[UUHV0/WcQlxHt/6AJo0wCYJYUUhE+Iy2oHdORaViPRSLpPRZ0YmHGO8cRvsxSqqOCK8ak+Q/7/WmHc/XB06ttq8oem197qZkaramZACaAjfaO/icPeqyTwjQ+veK57AfeTkCjr1cUZ5N9p+D1DgpItRihx7amFn57BZF5yBTOL8XTOP+mgRn4wQGO54K/nwZTwsbioUwcVpogvTk88ag6mR6HkHlgYUadpe6xyVGQL4xiY+W+CNNBK/EV+YhSjMnls6tLJNTk87T4+kMyI+QXQRK1XAEyP0GGbdS6GuQPNKTQK/vgll9gVhb2UzyDV55SavDC7sq2W0PUWYRKiZqkrkMskwbzdHVGX471WwYo1JHm0paQUk5a1emAWTcs30Td0Eztc0hFD4dcAvTnfIpqSfPBbiBZr+bVUKtJ4znoLQuadSOosG84NUGCS1KU++jMBjRA//cO5jghZOhiPfX/A==]]></Encrypt>
</xml>


2017-08-22 15:57:55 debug :
------------
String:
account-ticket<xml>
    <AppId><![CDATA[wx3db5943239313a96]]></AppId>
    <Encrypt><![CDATA[SJk2rqcHBbGKAe43dBfimwGavUGwry8BEf9Y/2KaWhObbPXVpULHOwFoS9g2CZcYBUBA1ESW27M04/p5adf6nkegGQ/IXaCwB/tIlbD6P18rmDGl0oF2W4WPIx0SyLeVtPsRzXDF/R+MoMaj9DA+pewoZix4WU86FKrcgboj6ra2YVzWHuh8Sj1m/gfDu3EKwMnkbySCe4rgiYH9mrfzNtyDuLWVcY5jC9gDKSCyYjevWawn0HcUrxw4laJFfRYlmU1/rbA613yRRR6dUJbThWDlGWrqzZEVbM3owibwkZmeiVllUoNqBtEa0s+fTwNFYvaE8BIbYnGdsPVkUwdgFyqiqAk9HUFYK2E07+IAPaOkeajEgQr7n5DIaHY/v2GFfc8Pr0cvSQ4A9aYyhLEhO1KE3qwvzttES08R5YDGjuB7vj5MbP2mDdFd9IPLoybTJUqhuPQcBaK1q6izzbK8BA==]]></Encrypt>
</xml>


2017-08-22 16:02:15 trace :
------------
String:
<xml><ToUserName><![CDATA[gh_5abe0223f895]]></ToUserName>
<FromUserName><![CDATA[oZbg3uFkV8l5wJeDnVyrt4nA5IrE]]></FromUserName>
<CreateTime>1503388934</CreateTime>
<MsgType><![CDATA[text]]></MsgType>
<Content><![CDATA[]]></Content>
<MsgId>6457006305137653608</MsgId>
</xml>

2017-08-22 16:02:15 params :
------------
String:
array (
  'message' => 
  array (
    'tousername' => 'gh_5abe0223f895',
    'fromusername' => 'oZbg3uFkV8l5wJeDnVyrt4nA5IrE',
    'createtime' => '1503388934',
    'msgtype' => 'text',
    'content' => '',
    'msgid' => '6457006305137653608',
    'from' => 'oZbg3uFkV8l5wJeDnVyrt4nA5IrE',
    'to' => 'gh_5abe0223f895',
    'time' => '1503388934',
    'type' => 'text',
    'event' => NULL,
    'redirection' => false,
    'source' => NULL,
  ),
  'module' => 'liaotian_doubi',
  'rule' => '18',
  'priority' => '0',
  'keyword' => 
  array (
    'id' => '22',
    'rid' => '18',
    'uniacid' => '2',
    'module' => 'liaotian_doubi',
    'content' => '',
    'type' => '1',
    'displayorder' => '0',
    'status' => '1',
    'reply_type' => 
    array (
    ),
  ),
  'reply_type' => 
  array (
  ),
)

2017-08-22 16:02:15 response :
------------
Array:
FromUserName : gh_5abe0223f895 ;
ToUserName : oZbg3uFkV8l5wJeDnVyrt4nA5IrE ;
MsgType : text ;
Content :  ;

2017-08-22 16:02:29 trace :
------------
String:
<xml><ToUserName><![CDATA[gh_5abe0223f895]]></ToUserName>
<FromUserName><![CDATA[oZbg3uFkV8l5wJeDnVyrt4nA5IrE]]></FromUserName>
<CreateTime>1503388948</CreateTime>
<MsgType><![CDATA[text]]></MsgType>
<Content><![CDATA[]]></Content>
<MsgId>6457006365267195764</MsgId>
</xml>

2017-08-22 16:02:29 params :
------------
String:
array (
  'rule' => -2,
  'module' => '',
  'message' => 
  array (
    'tousername' => 'gh_5abe0223f895',
    'fromusername' => 'oZbg3uFkV8l5wJeDnVyrt4nA5IrE',
    'createtime' => '1503388948',
    'msgtype' => 'text',
    'content' => '',
    'msgid' => '6457006365267195764',
    'from' => 'oZbg3uFkV8l5wJeDnVyrt4nA5IrE',
    'to' => 'gh_5abe0223f895',
    'time' => '1503388948',
    'type' => 'text',
    'event' => NULL,
    'redirection' => false,
    'source' => NULL,
  ),
)

2017-08-22 16:02:29 response :
------------

2017-08-22 16:02:52 trace :
------------
String:
<xml><ToUserName><![CDATA[gh_5abe0223f895]]></ToUserName>
<FromUserName><![CDATA[oZbg3uFkV8l5wJeDnVyrt4nA5IrE]]></FromUserName>
<CreateTime>1503388972</CreateTime>
<MsgType><![CDATA[text]]></MsgType>
<Content><![CDATA[]]></Content>
<MsgId>6457006468346410880</MsgId>
</xml>

2017-08-22 16:02:52 params :
------------
String:
array (
  'rule' => -2,
  'module' => '',
  'message' => 
  array (
    'tousername' => 'gh_5abe0223f895',
    'fromusername' => 'oZbg3uFkV8l5wJeDnVyrt4nA5IrE',
    'createtime' => '1503388972',
    'msgtype' => 'text',
    'content' => '',
    'msgid' => '6457006468346410880',
    'from' => 'oZbg3uFkV8l5wJeDnVyrt4nA5IrE',
    'to' => 'gh_5abe0223f895',
    'time' => '1503388972',
    'type' => 'text',
    'event' => NULL,
    'redirection' => false,
    'source' => NULL,
  ),
)

2017-08-22 16:02:52 response :
------------

2017-08-22 16:03:02 trace :
------------
String:
<xml><ToUserName><![CDATA[gh_5abe0223f895]]></ToUserName>
<FromUserName><![CDATA[oZbg3uFkV8l5wJeDnVyrt4nA5IrE]]></FromUserName>
<CreateTime>1503388981</CreateTime>
<MsgType><![CDATA[text]]></MsgType>
<Content><![CDATA[]]></Content>
<MsgId>6457006507001116560</MsgId>
</xml>

2017-08-22 16:03:02 params :
------------
String:
array (
  'rule' => -2,
  'module' => '',
  'message' => 
  array (
    'tousername' => 'gh_5abe0223f895',
    'fromusername' => 'oZbg3uFkV8l5wJeDnVyrt4nA5IrE',
    'createtime' => '1503388981',
    'msgtype' => 'text',
    'content' => '',
    'msgid' => '6457006507001116560',
    'from' => 'oZbg3uFkV8l5wJeDnVyrt4nA5IrE',
    'to' => 'gh_5abe0223f895',
    'time' => '1503388981',
    'type' => 'text',
    'event' => NULL,
    'redirection' => false,
    'source' => NULL,
  ),
)

2017-08-22 16:03:02 response :
------------

2017-08-22 16:03:08 trace :
------------
String:
<xml><ToUserName><![CDATA[gh_5abe0223f895]]></ToUserName>
<FromUserName><![CDATA[oZbg3uFkV8l5wJeDnVyrt4nA5IrE]]></FromUserName>
<CreateTime>1503388988</CreateTime>
<MsgType><![CDATA[text]]></MsgType>
<Content><![CDATA[]]></Content>
<MsgId>6457006537065887634</MsgId>
</xml>

2017-08-22 16:03:08 params :
------------
String:
array (
  'rule' => -2,
  'module' => '',
  'message' => 
  array (
    'tousername' => 'gh_5abe0223f895',
    'fromusername' => 'oZbg3uFkV8l5wJeDnVyrt4nA5IrE',
    'createtime' => '1503388988',
    'msgtype' => 'text',
    'content' => '',
    'msgid' => '6457006537065887634',
    'from' => 'oZbg3uFkV8l5wJeDnVyrt4nA5IrE',
    'to' => 'gh_5abe0223f895',
    'time' => '1503388988',
    'type' => 'text',
    'event' => NULL,
    'redirection' => false,
    'source' => NULL,
  ),
)

2017-08-22 16:03:08 response :
------------

2017-08-22 16:08:09 debug :
------------
String:
account-ticket<xml>
    <AppId><![CDATA[wx3db5943239313a96]]></AppId>
    <Encrypt><![CDATA[QjtTZ0Th+wEP+4ndM8HQpvvT+rfRR/zL5APYl4X6wwHH95U47c3ch9McwFcUHg7jB/M/dg0ckot5oXzLJPV4sBvpVaY8T6HHhcDukZYsQskkHZXnYB100vt5rD478Lkn0Vd+SSjKF3g7UHV1fQFJbPVblzsaG47sZulbBKyKgQ1CfTOGE+fp1H+YrVkuxA4xuHO2IP7vHMipd3Kxb11xqOnOMejZxkKBhP7Aa3QAfhuhogVboLZVHDmwT4eVtJVhOgmiOGlqPCBo4dnYWXLDiM9URsXCQWBvKFxqV51fxRCEZfCP1Mg/ZdWnzOhZFjFoSyYpZiVsxsq6pFoEauCwiCzT3c6llufdziInHxwLhgGt5ShrwsuLnGKruDWlnzqFNsJ8WruyA5RdoKUS++0AdBvcwbnFGN6KfgLfxdMS4i5CbLt5DWMhHxKY8O8kS9enDlDfWTEhrvuCbF78CW86dg==]]></Encrypt>
</xml>


2017-08-22 16:18:07 debug :
------------
String:
account-ticket<xml>
    <AppId><![CDATA[wx3db5943239313a96]]></AppId>
    <Encrypt><![CDATA[WHEcFUYqhVRuRp0rvpZGUwSyt0C1t1B3piblsY/NkcGbwKP5n7IxbDduOWVnTyVDxEUdKiFhyuwjqNmooP9ZX4TttmPUR87tJewUth9/fLONKNEAVUS6Zz9crbh8T8rmHIf2xyAj58NwZe4dbIvF462RonVs8jJr09af6yPSsf6Xdg7p4o5U296jGtxMbvPBsjAKhyVSfazV34c4VmedusWKv5tNGpRu8lDvXTW06uz0yIWDu9jxdJC6rA23DvqTbJXoYqrl4g3jNMeRBjrcdwy3g/dx2gphmyl4Dg1sO6NhDsk+1DVfpS3swAyztL5om2wrvTdZZJ+GcQrhOQdNQTi8j0LWLexrItfKqP7hmsreWx52kTWcnW7aPWuSCTPHaHcPM/MxiStbpp5KYEZ4fuWLRJKwzv8rbzXpQQYGq6aPRzFmvn9V8rPjY7oNY9MPz0IIZ+SLa0EVcXSJcre4Zg==]]></Encrypt>
</xml>


