2017-08-20 00:07:18 debug :
------------
String:
account-ticket<xml>
    <AppId><![CDATA[wx3db5943239313a96]]></AppId>
    <Encrypt><![CDATA[DMOoKNFIQbHs1vLdgkSGN7JY0pXitRlOMYR8jGg81cWOcqrLhtjVnJZIC+HjcbrNTPWv82ejpU7MKkVRTwYDDEh2BEpNkK5bwAdV7G90No5KC6D9jz9v9iAeP5k8o6hHWWVAefVSOfV6e/wA5fjKvayoOmRLh9tRjTGVFqo7RdNWn3bdg2RZFkSSG77S+lTPAW82V7JEiLLhkocdHwIG0mc/frU0cSaipnblYa+TA5s984PidzUQ3uFm1FywW9ZgoXOvccNl3gnUejFaSZ4VaduN12+CtiBzvBSCuE/jXcrb9WxxQGeCSH/xBGhWIcb2nTyGHpZUaWkhpMwKYlFZgJwbzkO/ihM9t+nzEZhpryqbxK17xGjNRI201ez4xiusy8+HXRg6OzCvNfIVkr1t5Ln1pLsHlyL0FviwZa1tOejLu3Es2UPIMAQsqL6w+UDUtRhebmcQWaDMLouJStRyBg==]]></Encrypt>
</xml>


2017-08-20 00:17:28 debug :
------------
String:
account-ticket<xml>
    <AppId><![CDATA[wx3db5943239313a96]]></AppId>
    <Encrypt><![CDATA[PsbUjXm1mrU/kRhSQpUD9QmJjEnUeRocZnGmBjcQ1HOdqlWkD+6JLHy3CwlWIjBnAqXxr5SCWWra3EKEtswtfUoAR4lax2JlqvCIPGvaMJfqY22cqMlhCASiy0W09ygWI+Z0I5oW2TQ0+8fmIYQERqKn8BZbJboHjJOKU2TnSybLeg+oAyw9I/LR6vgwNqYY8NXr0Kd4nkUtrkbqpHrJnUSBWahPlgo/cN4kFEi01N50RMx1IWOZHXA4eX/oHNQUQ7yYNZXHgcc8nxq3Mym9hfJO4YNR/0EZykZCJxb746lsNSqpkTmxvTpKOyUeVdW8rejTp8ijufcDbUlGQlIT6uaw7qd0opVQmk/+OtjAvL/slNPo73ea8U07aKQZJTRYnrD0fGVYTTdjV99yFxLfilnBKn/1fzyTKJm2VI2E2/MXbaq+RvYj2in7IOUGSnmIw6SRwHraI/ZN2TXjFFtE9A==]]></Encrypt>
</xml>


2017-08-20 00:26:03 trace :
------------
String:
<xml><ToUserName><![CDATA[gh_a886868beb64]]></ToUserName>
<FromUserName><![CDATA[oNejvwD0hey4aXYgUzeZp4RQGyF0]]></FromUserName>
<CreateTime>1503159963</CreateTime>
<MsgType><![CDATA[event]]></MsgType>
<Event><![CDATA[subscribe]]></Event>
<EventKey><![CDATA[]]></EventKey>
</xml>

2017-08-20 00:26:03 params :
------------
String:
array (
  'rule' => -2,
  'module' => '',
  'message' => 
  array (
    'tousername' => 'gh_a886868beb64',
    'fromusername' => 'oNejvwD0hey4aXYgUzeZp4RQGyF0',
    'createtime' => '1503159963',
    'msgtype' => 'event',
    'event' => 'subscribe',
    'eventkey' => '',
    'from' => 'oNejvwD0hey4aXYgUzeZp4RQGyF0',
    'to' => 'gh_a886868beb64',
    'time' => '1503159963',
    'type' => 'text',
    'redirection' => true,
    'source' => 'subscribe',
  ),
)

2017-08-20 00:26:03 response :
------------

2017-08-20 00:27:24 debug :
------------
String:
account-ticket<xml>
    <AppId><![CDATA[wx3db5943239313a96]]></AppId>
    <Encrypt><![CDATA[r5CwENFJ/9U7eVIdz24YxXF4x2WCT/EsC9HoYMDGlV7PDWhVRTEndU0uulsiZnBW2rTbEZIoxS50IbZUiDHT+tURHVvsqD3fcaQYlffcPOglnY2wDubGqxExAMvCQt2BclbpFPR9AYyCfshcRGwKHSKqtRxjW+qS73UorH5/t05vatBDQYFC8ocjlRG0M2DKqu6u7LELuBm3HyTmzUNlvE0MPkQx+poiCOTDFIc6JpfEZqsCOhYAt1qhJG/tX5imgoujvtgVebKD0EJzh1OkQc6zpwdyaJwda/Iv4rPxwC1axL1VqiUwpbohyBYpheh9cSYRkyY804Ee32Kcai19ZqNRUHtBkMlJRIZGLFJUvnlyW0IPzjlPVvZ1BBE3wEGSNoV6LvQFlPR/+bvCJeHMxBkkS9ZyY2SpkbxedbG/qI5s/jjfr6ibtUkboIDrl/3uUvAPGJHAhJUwZ+uO4/AVuQ==]]></Encrypt>
</xml>


2017-08-20 00:38:01 debug :
------------
String:
account-ticket<xml>
    <AppId><![CDATA[wx3db5943239313a96]]></AppId>
    <Encrypt><![CDATA[/ph1I7ppw+/5meZ3utqg9qgUtS4v+/+oNxWmzTmyQAFU2Gy9JzW1UKtKBdfMeVb2wyq0yYsHMsO2q7WAqKjEzNkbESyR9EAXqKhfXzJy+LhLlnN049CVCCcNx4rWePlH7d8o7ddXtGWYJEZe200NJ2ez0QC61MJtgNzC62fVSLHeVaHBx7noOkjcBcuOPaa9LhJD/84z0QVmfRf3DnengwTSwIjdf8q2b6JpycKBVO05xaAD4VRqM4kmn98GDg4wrzAbdDRSETFZJqDz6dY9YO5TV+AM1t7gvLKSZejN6Y3xe+tw8pVh/ybWb/E0tSmBer7kOCmu/f/0pyMAzlWIxoScdHfT3g9MQDvei8TPsQzg6GdMN84wQR/e5YzjQK78VWfkK9Vl8TkfcjjFH6N+QjsG8LW7cZCSFuA/opmOiDM4ufJoMHHH+5UFIbAH3D85XXQz8QS0tLELrKi1yDrQtA==]]></Encrypt>
</xml>


2017-08-20 00:48:08 debug :
------------
String:
account-ticket<xml>
    <AppId><![CDATA[wx3db5943239313a96]]></AppId>
    <Encrypt><![CDATA[YY2U/x52i6onTPJ2RoF4hkyYahyG2XhseeoRRvzdgCb9BrQL6zxiyPgzjmp4FoUgX2i7emBhFq5GIbj7K5T9EiH7SUdUxmtTIVuGdQkiJBYdnhpXNIrnV8suStv1LyErUo7fJjfTQvvNUF2eBtna5b3rx0a+HLudWcoANOWTrUfgik9oOt3dVRvOVjWkWNw1vfnFXkZii9Y+sN46/rzgL89ZuLG++Mq1VghMHc5iMkhRM/6ORUoJzE7FktiOtMhCDYR8/ZilOIwR+s7TOx3CCTEpfTDz+giZldZJlQbgNu+I+ynetOJbxVJFoR0XIg9orQEMVgC9Ri8fYx9I9vGMkPxUq0VdELac82xlzY5AKJ8ZgcxTjD6c2ltM2arSxZcXxxYWCfvyrQRvCevAMjYka2sYDBryTPmxSlLTAhgxq4crGsVygYNQnlSa3BH1MRbO6r81psNMB53MjgmHFwQRBA==]]></Encrypt>
</xml>


2017-08-20 00:58:03 debug :
------------
String:
account-ticket<xml>
    <AppId><![CDATA[wx3db5943239313a96]]></AppId>
    <Encrypt><![CDATA[RGJOxILSc79CFUkT9UxEEjICshL26796S8znhrgTnQFx7Nt2aushU9WXdyXYIZInYUGncWmF+WNvfh2a0YYXXT/joMbG1dMJpu3onBVO2DUQ/6AKPSI2IgwT6LrmOlO9tZ7j58BRmJoUi9IjTUgMTEfQ/PvEAL4zcCyKOolpbOV2ofusg4BG3AjsyerTUa23kNZyQwgi9fgozOY15ZXzFQaRZpCelDX/2qtaYSbSwF9mX06r9KNRC2pX5j4ZMl7Xbkxj9UpRP/tKKBu3e4U0u/vxcU25ohgmFPlRnTJ4kmqrKo/CBCSZiUFU8qZN6Rm9eRZD5T3gA5ERESFknffHm4Ba6YjH4MuNxnFk4+1GBoPX1jwpRAIi8b0YNqlDDyBTSDV2YS9xtW/8OtT9AxyZes7QLIRgI6dJ5pl5wQdJ07CLYcW1ECKop4/jbZ2+ihD9bPEHdbZo5IEFIvjWwWCopQ==]]></Encrypt>
</xml>


2017-08-20 01:07:45 debug :
------------
String:
account-ticket<xml>
    <AppId><![CDATA[wx3db5943239313a96]]></AppId>
    <Encrypt><![CDATA[mV7l0diWCokoL8yPjoYTCArjprVCNHPMKxFJYPzNmjqymyaIHJffNZd6YUfuf7EplZ/ZTaVRRA+7heGN8H2a5bpZyZki9JrlRGnSbilOYWsXc2js8IOthRIvSKxAo3ehw3bIaulB8eNyPQcWkOxU/M2YKPIlVMKMFhjESxmlq2u8MvXRkawkmXj4xrmRr2CdoZwqeXsh/9gZWhrov/ly5tpDMs6HqwUW9yjcOeCCsqd4kwoh2sfB/Z/C0CNkz30hbrgpziXGtaxeyMktXBU6nfGEjmfnNaLpaQ4s0QsMaHAe7LkKHLtadl/iEGgnVriqaIgH1IISLAg6r0FcuK2HLTz9UOrsdcalsKsj/bwn5a572JIDGvWmJWFrLT9s3wKMjmrj0fYEUXpK3iSeLRkItJAdKIyY+7+1UjSPy4sG8m6lQFhE/zoTvzXWYYCwPtfVYpMWE7sgxLFARPixFyqiyg==]]></Encrypt>
</xml>


2017-08-20 01:17:20 debug :
------------
String:
account-ticket<xml>
    <AppId><![CDATA[wx3db5943239313a96]]></AppId>
    <Encrypt><![CDATA[WwCUxmWsbNAUoKow23hMI056fyvBtejk8ERm6eVqzdA4DGf7fmQaXpdoZEhNAevaDkMer0YCaFtPZh/6ulWsPu30tmRJ0uz+63po/T5lLs+JLjX+/WD33wcWTY475RdekXCZWUVOMPjCuN6YlPK2A7w/+KDmOVtUDk6BFX/htPQwCgspwOjDDaqfTq+bXsV+9l6vPo/zpbSlcbuOMSr6fIBBY13iPjnqj52fugCtikI8v/ugszfLrI0X0yTB1JDOijVLrE9vlg7VWad2C5Kwh7py0ioHvqZ4lVxSRkwFzIslJCAILPk5ocudqUelsV57wzm+7Bu0FpZQtWLWJl0pXXTm6R2fCwgpE5mGzo1FU7TJjMpAzUakd166xQCgiCFeAMo9y2ft9/7CrfFkWMQPxj6ahIOL/BrhFresydKFqugVtn/WSGKG6SN3OIJLkjjKwtfbhACcGzVVIBC/QQMP+g==]]></Encrypt>
</xml>


2017-08-20 01:27:21 debug :
------------
String:
account-ticket<xml>
    <AppId><![CDATA[wx3db5943239313a96]]></AppId>
    <Encrypt><![CDATA[cpesb74xcMOp4w40L492LL8iNq94aUtOsUvLX84fBWy4kPgcz+oQWuEEP3saeyRkyHW8v2FGsm6t75L4PiA5liiCpVc/ERm1T+NN/0vYpldoLpAdl+Kl5WvLS11XWjskDkHrvbMfk4Qf/IpCq2GYho0GuDBz4buVKmR88bcithJGvSF3SffZ92qxdOfxL612f6X52zXT8RT5fLART0WK9B1lPNktPw2lQ/mqfQVDM+8HBLkKetcw4+WJNyvHIGYV4sk5pq2pTcET3CqixqNjUaygX4qlFZAce7SERmj9gpIi269WmEmS6oFsdWubg3EFvgsbA3mltqIIW1vlYCK1N7lPIVoBG9XFwJRmfnwk9XXePglg9PVqojvyO3JnejmS/K0QI7+iSux0k9j/cd7acivEAdep7mTYpv4yIk2If5PaoYdyHU1H3yX4mAZh5blVT3KIWDb4cXiz7Uo/rVDTug==]]></Encrypt>
</xml>


2017-08-20 01:37:16 debug :
------------
String:
account-ticket<xml>
    <AppId><![CDATA[wx3db5943239313a96]]></AppId>
    <Encrypt><![CDATA[0ta6MRFlXy2YeKQIlnYmcqWTyeYs9M0M+GvNXMGfdBDZ1iZqoz9Pl48v8+XR/FGqdfB4ObTzBgzS3hk3/BnMZWXsr0ab9nutC2KBnU+V0iWcnBpZYRLW0ktUoH9wwKFqUZi268iXJG40dFnnPKKdOwRdF2CqE5WgsedPx2VPETBKy1Cn25w4OZsSeF7qqNLYclwhYziUwhyXXf5veEpdTsw0WNQw08mAAj+d8ex0SNsoMhUNAZvVZ4mCB69Bm+mE3Se4Gpoh8q/PcMT8k7ivq8BO4n8VXDnfPuayLd2Rcauf/yU0NV/4+o7NtZ/ww/gwqnipy8nqe9nLbH1D4lfWegACF6xT+vM958x4AvbuacpM3RUGNdf6yKi0jGrAhUuC37QT0AayCAjSECL51YzHDIhS9bjCGHqekLkg4OQGSWSsjanyGV23JBAoTdV1QHXKpqYAbxP9OjhG/VjnsAsHNg==]]></Encrypt>
</xml>


2017-08-20 01:47:15 debug :
------------
String:
account-ticket<xml>
    <AppId><![CDATA[wx3db5943239313a96]]></AppId>
    <Encrypt><![CDATA[WEKT7MdKyg6b9a/o6LmxEAXgq4QSsFl6Xf8wnYsx6E4kMLF+HxcDlc9xDl2Zl9ukO8ZzerabUgV8oiUjdJFI8rlyqiGmR/9EmZhsi5rG9UWrtZ7PlR/gyJJgkrSTEKWHxp86EGpbAPbAfbileSoTvxTFbN91DOPxGfRVjNZegHrOEYSsQqBioxigRubmqLR7rDQaP2X5BpgZ8Sn1RfbSHMeX/dCGK1B4Qj5S/LRGxIR2hcNNcFSkP8cwvNAb3OcDlUzeySVt8ScTKFQmDWE28wpOCYOnN1WrIRZl086PwcF1eZUHhNIpjDFYE50KeY5RnWmqWPrsrhrCrsgNyXjyxJWJOnXD2ByOcb3BZE8tR4KiHYGiV51KcbRSXLVDgJ0Ej8qEGCpKHlqZaEKDNrjL4yLdHyHRHmDpXUfh1Cl56AJ17MR0E2egYQkKJAi+anKLQmIIuBJJygrOz9zuiLDLQg==]]></Encrypt>
</xml>


2017-08-20 01:57:11 debug :
------------
String:
account-ticket<xml>
    <AppId><![CDATA[wx3db5943239313a96]]></AppId>
    <Encrypt><![CDATA[T6AJxX0wK74xzqGIC4N+C62mIGv7JhTWDgR1TuwuGcFUB5BpbGUnuUFAOP86950PLbs9pfsOHbPU52V4O5m7EMdytJuasYW2xTy1s8qCefgY64kYwbmTHjfn5IYZUJoqUOCzLd4Swd3XI8O6Q2umE+KWEKUNDhftxa0S42W4v8LF3D47AYJGyCc8mFDhbDBmaVVIkEVrYZxf1i3MkOcwqmd3NKr0I56O5Gn/MJTsA0rImXhQ6eRNBv2bkg0y32Q/kbOVl4hd9I4iWgyN4wFFv35RhXi9oSQl9N3zgZRGeHq/XhQhbn5smsL+EEHy2xHVguj+jtxxPuPgieeizPWxZnvWpidtPWq84N2jfko/dlU9LtqPiP7sCO4KtaT8ZZbYfrtPLPyTgpskgqS6YsKjCsP/sBj5XKzXYDqCOY+stFAYuub5LeQCMyeZ2W+itQkyuacGOUnuhOeOGzu9YAqiuQ==]]></Encrypt>
</xml>


2017-08-20 02:07:34 debug :
------------
String:
account-ticket<xml>
    <AppId><![CDATA[wx3db5943239313a96]]></AppId>
    <Encrypt><![CDATA[UYyE1/UWUzH65ziIEzdibpQx8noiW23cBHqmIGGl2FgEyqTSNIUkVL/ApxMbTr2R3vTcE85/DZRlcccvM/wABjx+SmDB/YH4QK3SV+jGBgASWWUWVNStd7cNSzzJHy5gzJBp63ubhr+GWG4ytsSDKzUcbpz/DCKKsVWPb7MS5yfdLrMCPQiLG917D9LnrPjvo6dL0lXZEkqSXSwwYzhiCh59CsEd85xIjPRnwDYZMfQTPYOaEc7Ix4Q5sgNxtim531jbAmj2QcAYXVPDMX+iCi8ksU09D7wxPJvEElAnVddQpy5Ovu4xYZgwNlYhdUnjV3qFkPrn6DyZWHiPkr+LCWISPiSkFjRqo0Y9SPRhe7y1LUhMkR4M32P1agbinN4Exx0v5LUZo3brJIIfERdBZSFwz6iFlMGhhYnNVxHMj091oB4SyOsYvAKCBbrLJPcN3ZgSOE5/afKDPDgfsYN+fA==]]></Encrypt>
</xml>


2017-08-20 02:17:35 debug :
------------
String:
account-ticket<xml>
    <AppId><![CDATA[wx3db5943239313a96]]></AppId>
    <Encrypt><![CDATA[zb+4CIhdNDw4X3elMMsvSCjMJYuNBV0LZc64yfDY5PxBnCIPufPtAuCrH4x3VIbZtfQU+dn+u4UJeT93icv7Ft9y/vvwH+B+oI1uY6uEQedjs9Yx0PpY31/3v9FdsSfy8hFKTQoTvXYmZiMuFHp4eT8avvtFbxTWy9eq18Xq5WdWQwJsSHsHfA592BvYMEYwYRIUe65of6Vw829uFb1VwFhgITmFX1W7tTTC/x4+DWo5lhvcTschUY5WbHOMBWG0V53C1/jrP/S2u6YbjV1ZUPE7WSlF0CpU7m7DvveHsg/rflAfDw8OHLpkqIvEdEAAWB5bpz3E9VPKgb82EGtr/q2xnFCwoSEQ8XQpIRXsuR/yFoSX/DLrWUkcJ6y/RLTUt9ohrpNXry4ZXMY3c4ZMUtVR0Y4y2QxJDsyY9aSNSkcJTn2QzX9XHaDUYZDFCN0nYeeH+TbfdSlN5B1wnJvRnA==]]></Encrypt>
</xml>


2017-08-20 02:27:28 debug :
------------
String:
account-ticket<xml>
    <AppId><![CDATA[wx3db5943239313a96]]></AppId>
    <Encrypt><![CDATA[uUvH44Ul6h7gtjwQcLz6ecXCT59o865S8HzcBARkGsi5zS2DtjyobZ7t3YlEZQVGUw242hxp84yp5usA7PBIVaIyOWzrwHGLl2vQqcPlDfaJmkiRaBmTRpx5LJmq5AW6EJpf/7lrpgN6CuM+OsmkPymj85qvFdtTlJkqkyaeCDNf57DSyUX+z2P0G3xtBSl5kPYXjlEWaI+aTt6ReRcqnuXRFdvHQPDC8mb9i+i+Iyemx7PjlwuzINcEDrUO7cRFpJQ1I1EyLEd9DDrXABi/Ib1x2LDjsE5K2Vy4YZi0u1i7RFOv2+hJAg1ivlVnoW06NZDu85sUXm9yfxOAIB+XIkfi9r5wtrmKdPQxQjcWqEisnOBqxqxuszIE8L25RDnQ960zIylLsxxZ6Z/klxUPGkHF6YF9U6cCDJJ3KxRfig35Iw+2VApWkBOERztOm69hbsNa8kTlstZB16shixyWyQ==]]></Encrypt>
</xml>


2017-08-20 02:37:37 debug :
------------
String:
account-ticket<xml>
    <AppId><![CDATA[wx3db5943239313a96]]></AppId>
    <Encrypt><![CDATA[DbRzFNIN385vbebeO//JY8O/WMOK1/wBjLpkWHTOvT9uSuU/0mCV+OklHIX/G+cJ35GftB1yq70JAbKMylqnsON1NFM1NCXHrdq26YUxb1nZgEsuCsh1xiaViLKuCMxyjBWJ46kG8kqMf8p3r3FSvOVaKweGzzaOSkXDNQYA/NKwTJZOALdkbDcPTP5IuoF3U86ZkXQJ8rl2IdCkrL5Ll7pubz5V3DgqqEv45X6F0XyXubZKj/aGSrfprCE7sd3d5jQ8ogdbGM5JYaV09JXGaX/qi/kMBnzXtyUliaBLQPHC5Mg0g3Lwr/ZV/KWv0P0BAl4+eroD8jFHRWBqZChXaxU4rBJQWdUHL3V2u2ZAFmQpmLhkMMJRlmjI4AXO0Q/DJhcbmT1zsdSb3C4EWPotC+PoSADmlKwiwBcWE7au6Qi13AJaWpzHtnmHyxOdbygZRuV0MOJi90Ei5t3JBm4qJQ==]]></Encrypt>
</xml>


2017-08-20 02:47:36 debug :
------------
String:
account-ticket<xml>
    <AppId><![CDATA[wx3db5943239313a96]]></AppId>
    <Encrypt><![CDATA[9rSMN0DJHhKq1rANLEHLjlj5nxQK2PuEtLBGxibMRVp7mQgyuIVVqUr3pYoa7rNT7xU+PiO+820HYmJ/HSjdy67nfugFXSkQC4oQqTp0oqYYTUFUcU83rlPMh2JZWvSwiuWfZjGPsvYkX/13Z5GVmPWGRaLj7a8XUQx9BB3mWzC6w5N/KnMrEw34ZQOJxuUXa1XOrzrEHMkfuQypCL9dhyT4XpXdU8XAklqh3jjXcJfcbVPmvHTWEOAnitp0Se6TgLW4Bj6HezhObVQgpM5Z2RMEAlpAFhbaQZ/bgCwvPjAyHBucv47SwzUJwQ9IT7VCb12UChADEYu2Wi9OKL2wUi54krR59rwHQi9BsFgo2E76kAf5VabBciEJprrGnuy0GiPJnZ/L7JdN9ChNu5ra1kvvHcxZRfsiqp2wWOrrBWcK4oOhnqEJI7k1eRtY6gG2NY+MyrToxKAFVGsM01mp1Q==]]></Encrypt>
</xml>


2017-08-20 02:57:29 debug :
------------
String:
account-ticket<xml>
    <AppId><![CDATA[wx3db5943239313a96]]></AppId>
    <Encrypt><![CDATA[tVTLZiDDIUiESvZmYf7RUm2AZiAedwVCtdNHcKswYv+vfR7f5fOBeumZgu051ZkF0HmRC/KB7RVs0B0roIp5pX+zc2OiyIlb8Ffjpg0bMFhxxCf+0r2WPWC8sjO4QCUHLtXigigpyC9LCB76iQMhSbIYCL177v/SeEbXXw0o5KvpV6c+OozBC6BaMM1KgbFH0NEuPILNhm1g+Dol299RNbFnB7Wawy4kS/GpH+cD/GV1XISgqCmOtAyGF9YatL6g/Dj9p8VzFXegCZsJhFw/aBxt5JXG9Qq7UnwwBdORbTUNjc0/L4sKg0JvmK1hsVizJVDfdhluLiVZrPzet6ahXlZnH4FITgWyCpDwoTRNT9X6DyAb/ENUjUJOR6jzBD0G5e1oA4d8B/FDgBlvGAMVFG+Z+9+7pMPaPLT8qRMtTe2ao4A3A5FiBhqMRvKRl99GVqoVFvebtQ21ZTuhuX28cg==]]></Encrypt>
</xml>


2017-08-20 03:07:48 debug :
------------
String:
account-ticket<xml>
    <AppId><![CDATA[wx3db5943239313a96]]></AppId>
    <Encrypt><![CDATA[AbueWIsct7wUbgcxVJN5beju8ekC9QS6c8MiuY9RyN39ZYDflUAN+LnFG9D/aMEf0PsPrkMFvFjLs1HSmbTtNvb5K/u55xdQNIHSxab2Qqh1mYcj20KZC7IdEOXKowLi6Sz7Caa8GKu6lx390JAGW2+Ssl7taQzDFJISzK3BFndetMv2+nDUTyu4DJ7UBajT32N4PszL/+YwTFNqMKkqE2dEe6CRJB3z1EdtWSW2wCZKKJ3xbVQlixcbNBuENV2yHVLkyDC+QWSU3HVer5m9a9FBZmafPXUCClvmKvOYXO2MaXuhntS5bNbJKkpoa2Xd+L9GiYI/l+0jCmyUl5dW5FkQSBV8nkkh7GEwOFV5tRuQStrigtMoPYY/Kp93vdedlvR7jAob1zMJk6TEh/jWVK1Ml6UluanovpSkwcrZMBMs1j4dhSIhmxLq69XMMt6/KBtITzhrAAndoHu6ZM3R3A==]]></Encrypt>
</xml>


2017-08-20 03:17:35 debug :
------------
String:
account-ticket<xml>
    <AppId><![CDATA[wx3db5943239313a96]]></AppId>
    <Encrypt><![CDATA[Mxny6iiJsOtnSXwW+h8H/5JO02nfJ8AMSGQxub70gn6Ko1ZfS7kUtEwtY1kZdfjMpP7GMQhowJzYNq0l42spE2F1EXM5Aau0R/n5/5PqxadrbX5tlmbZCP61pREGTGyVq2PRcDuX+8jiUpU163j2fgqLABkil8l8s6UsYzoOztXWWsUXwZOkWsQbLTRuEWTPP7JWMsENk4uPcUWyYk2KwI2KOSFktaY5B5zR+0xbcS3izEjGjMUHQN9cW7zXIHOpLT37PaFU11Z47LBt4rRPsg09pb/x6bbHqWzHL2EgEsusarrGmEOqEVldVDYbjCj6Q9aSxGxVfhv8hMmqD899tExi175dHM/+PAVWOYXdQjAfX63wtRrAyXDzR5FdYg4ojCmLQ8iMEh3mpzNOQxuEhTChmYfm8JM/HeUmHmrghh9JYbHOig+kSXE9noldy8v7p1XUeAO3WVqlviL+NWXAUw==]]></Encrypt>
</xml>


2017-08-20 03:27:42 debug :
------------
String:
account-ticket<xml>
    <AppId><![CDATA[wx3db5943239313a96]]></AppId>
    <Encrypt><![CDATA[na+R6adf7Th2mtqxb1lSBxnRSBItFHTt2dsgLKcewLDpsITrID3H9R+MYyqTDAy0f3Vy1bQMOxctmyht+sGbJ25kedTLyk2E28IX5wJt9VvrC6rHs9YuLtDhG4Eo3BvNswJvtLJN6HjIauafLyEDGOGxGukJmcvpNNjbFbiRlVi18HcSVBLv43i+rfcOSt41TjH7Wrizm0xnCW3J4iwgJDNsIMP00AjxuvyVXb251rgp5cBB8Vn0MdFbFp4ENq7yWRUXa9ear0+Smo6kXurUnWJI39fYX+uKmf3dEMDt3AHa8936zQGd56GJrqDA7cdGRBsj/ksP7qHCDqLt05bAmVnnodpHgDo9cMDP4VdzuFDwqbHjIf3mGeZR1bNZTsBqJ3LP2nC0cmR8kYquXw/k8yF2DZKrhw57yfZv4XzppTd27gGOG66UZRRQJcG9aruJKggtXJ1N9005w4RP7WnjaA==]]></Encrypt>
</xml>


2017-08-20 03:37:37 debug :
------------
String:
account-ticket<xml>
    <AppId><![CDATA[wx3db5943239313a96]]></AppId>
    <Encrypt><![CDATA[4GrJPTKMYxj8jl1zbNUjbKrS4qS9RoOM1EfUuYOVIYFNMVoJivDYlEtcCGPhmDRmmlWJR//YaX02OU+mq/FuH5L4efGyC6w7UgtDyuUeAOJLSDagE0oPw5nNuaODuNqDhuupe5spRn1g65BGHTjej38HAjsrGhuf1/VuRZA8dTNFdAF/I7wYqussCGtOnQdBWjyidQ6tPFruQbsjDoOI/SwL3jXbcfMBxtzNWYkvVXneew0umoqWpzWfSCjXkG1XeshTk1mPKeAF6zXuwGwNB+9PGSaCRkEGFx9+Yycjj+gQ0nHc4BihJS9D/Wdtwr7j3F3Hn76lBmesZi/EkefN0KG3Ji+88KXWxiRtWSn52Jke21OsvtrG4+ukmsYPfqWzqZZsxI7NurLD9dMVL0j6vAIqBtq1rlxMT7bQI2LVtyb1R3QAsmyEpQSqZ52VaW16tD1l1hBWHBKFEXTsBz5U4w==]]></Encrypt>
</xml>


2017-08-20 03:47:36 debug :
------------
String:
account-ticket<xml>
    <AppId><![CDATA[wx3db5943239313a96]]></AppId>
    <Encrypt><![CDATA[tCrn6LlieyIIipBeMOTgWr4+1C6dOOE4sG7lzwfjvfBFAfkPbGQnnFRRhqXYEwNVbcpmGbtwrqdz/YROGLWMeF2VG+yBFRnqYVuNv4esht34JV1QLEK1E5OO8nJvT7p6opasFch8j3dIM3gopyxmO0SEd5mdHfONB7MiQaXEAI8cPS1I0Tbtc19EidzjSWH9CCohNgispC9Hkh1VPc++Ztow/LxtBlvyYDCF4pWKyr8e9ukNCcsRKwklV+DRKhBFk2C0HNnvfZQSNus3IgZO4L7aY14oZesTrKhF4TisGRlHtjZHDriUy3xoxyEs0WptlI6Oirnb7o+kEhYIiSgGyPLeFVGbfEqwzdwNcV6ygJBdkd3I5hre4PnInR+dUw1aR6VvFGOfymQOI89lnfOi4tGWElCdKSiRtkz/NNY8eKjZgy/tHXD+KbBfVDqP9kPtcFgyOzLA9iaLAtvVGWPzcg==]]></Encrypt>
</xml>


2017-08-20 03:57:53 debug :
------------
String:
account-ticket<xml>
    <AppId><![CDATA[wx3db5943239313a96]]></AppId>
    <Encrypt><![CDATA[Xm3BHi/tCCApjhsYoX0tMiV/IwPK4h+bwQUXrFUCr2picJMpWGRs82CYuJJuvfI6at7mrpyLIbDQ1o1zML1fKMQXOkaG2jrGjg2hAHNysScANNrpy1W8JMoPN4FGzum0qwTTR0PmBLfpWN/ZLjye6Oqi236SHEePWKKLZbZvEBizZTZlHvjPUm3gjOawywiaUKavW8nis+CBTceBUios6f9dYROzbQpD0xpv1GL/c6EjS8rsr01cJGzRbxhrCLH/qmV/pC8zz3+XC33ukJ63khC7a8TEBlr/eqd9zqsTUIX3Kn/ieJiiC6Ba89hYlgiidjNoQ/OWg1fPaHqs+fQULarh85xKlsHEkO/ymAP+IPmYurVfzhmGcX8TydV6RnOH+h8LHwUs+EvaqKQiouRJMD50lQlTmTbmmMG+rJzjbUif0y+aDg1UKuzq61S9r+myKzfOf8xKV3txetLszG7Gbg==]]></Encrypt>
</xml>


2017-08-20 04:08:07 debug :
------------
String:
account-ticket<xml>
    <AppId><![CDATA[wx3db5943239313a96]]></AppId>
    <Encrypt><![CDATA[YRAjIs7mngkUj2f3M+utH6sr/7T/407dBHqLSUW+SbhEwh0K6U3W1m/zNMpROLdj09rWS6/dbiiqJQVtfYegBsIOfXuHiRgAVBCywJCkLhtn2IsrQpdMMroWOC5FQ5wd2MPXPS0udhNo91Duu7BxnIm0nG59AeWRe6mBwpLMOR+JBscJbZqi3LHtEZUnYq5B19dUXmKBSSghMdEy8ieeHxjcLU8Dst3ZCNqYdgx9IuD00TYLqqPKSDPLXrElc3Skcj8tgrhrueckWXOz2YD3+06kkYV2rv0SV2W8kn3Bv4npGwNmJ3oKUXQaGb6Gjr2/IzOI/91GjlWFRNOeKQZLPYNOjNuAstFvnKQekzeQgJ7ZnEEXicgwfkVF2nrCu3TvWSxlr+5Z/Kcppvr4amMVcrGGWMmy0zVuB6pw4qpcb66p0qdjeaWZgQfQo6TiZoz53YnHOwUgFuwsinYQX1LchA==]]></Encrypt>
</xml>


2017-08-20 04:17:33 debug :
------------
String:
account-ticket<xml>
    <AppId><![CDATA[wx3db5943239313a96]]></AppId>
    <Encrypt><![CDATA[JnekXD97Q1KqpkRNU2Xy/sbMFITcnPSmHQ5Kfz0OiGEtcwjfVFcPzH4eSynDn0x01KYas8VIIfwoRoI7V4kKYFqTyyb+8jrGPVtaMh8+YGSun7JTvtQeyv3A/7Ikh6VSmVifKqR9Iblq18ebXP3X82MVWslbdvhuU8EPgsLRYsuUC0ZKM0rqopUPuEKnEGDccHF08nyxMvs96DK69C7T+PQa2CKFsl7AOvy4vLS2KvJSbbsOhMTNVYDqZZI3olHSqig1VrTpseApS4EZCWUyqSGmh2wgz2uc2gqfrVX+eIYq6JSxWEdOrGRnNhPb2tNRmEPAww51It9yi/ZrRQutcZJjsfSGgqtInzEOhJBW/3n/KnYX9ncDXtWSRDdBcx0+uLctmoquiXakAdSpDM/n5YnSQHnFtbpyse1XgR7MQAtf3tIi4ZRv/Bsq529FcnscZFHQ52OJTjF/A6PHPxv5cg==]]></Encrypt>
</xml>


2017-08-20 04:27:31 debug :
------------
String:
account-ticket<xml>
    <AppId><![CDATA[wx3db5943239313a96]]></AppId>
    <Encrypt><![CDATA[welUb4f50RrlgtHC9WLoaPJaKSc3luS+MwEBF/jpn3C2mWCHqxvmwnsWVaFWeTUwsv3LCPnQIDe0jP2bQKfeMnf8ZkMq3f31dLejXHqlrJeUPTk7YhqqaWEZ5TF7yATxM61CfuX6HkqQIBes3pUASUfnvE1Qd5E4pBfyj8P6sLSnwBkulOJ0s1DnsZGmJGXrE2JpjYaD+flDqkAFDao0S5I0e/q0uxrnZZtpBE3V4ZJoeOaVqiSHGfbsI0wcJ1iH1Me58w+0gwXZW6qTu18BsAiGJ1mr9EEBLmQlJFSsnqpHXB57eZNhcWWiXNoN19onxgVb4mQQm8yGRG1BUX22ewDyS5gWzkbGB/hLA6zQp9/qE8iWw3fPjiaAemxk5ZkLcjj/D6LqxdyrS4c6RwQ0KNDit5L7q3hPZghWwwfnR6zSuYC7DRwq3iOHUgONDjxLk3i0kgszUcyHONg80PmYcg==]]></Encrypt>
</xml>


2017-08-20 04:37:24 debug :
------------
String:
account-ticket<xml>
    <AppId><![CDATA[wx3db5943239313a96]]></AppId>
    <Encrypt><![CDATA[YR9FRsUBEAecuEFIlWJWyEyIh6VYdR9t+m322X0rU9pjMUBb+lefYzt+tuN36b4VPIXB3p10/TjtQ/TbWIVTl1wPOlm7JSNVUSHa7FxKnkXTAixQh3oUAtkIIQowTvxI4Kkxl8gGa2VBO0LjlhFICz66q5ulVwTma1zt+YcrEEKazmpphxD9CMbst5JQeW3qebZsga2QAr558xB0cKxXYYIbG1EDv/UGL0ZNxGDE9cfD/9R31chjSOUc1GJCEbn4S5SodJMTLZdo3VzGULjoPBVYGIHWAk3RiI4v8FwgvBCBMse30yXjTGmRucQ3m7Eho+MGk18LOPteZKVBHRBvjRlXQa4AbVmAt6f16qTSm6Cmwo7iTPJEWRmq9ED/B3IDY4CVXw9w7EK4x4nRGky/DzeHDW7pLOOZ20vM2/SXdKN9lHVJER8Qbu08e+qRpIEIQlza5a39MlH6eM+41CJq1g==]]></Encrypt>
</xml>


2017-08-20 04:47:13 debug :
------------
String:
account-ticket<xml>
    <AppId><![CDATA[wx3db5943239313a96]]></AppId>
    <Encrypt><![CDATA[Lfi3o2QrKIP8/j8yPFoNPmTRGo3nI8jByhWKD2SoG0YdYYBYCXivRUZMcc0ZnvAt4Qpre/hBfod5FSEqnBBOa/2FTlPtG1BRJ7CpOfaVk1n0BJjme3QWbujSQQN/RiEnaH659OEyyPt/ys6LCZEI90tpfmmWiMCijRJZFrXZs1Wh6IlyhsosnNQ6+ar1gm53jy3bVGSQ/2dxnadQoyUJkTAlNseOoszIJ8PqvbELccV75bOgzLy3Se+gefCXrOcV681ea6onTfIPQqYimXe6avxpd+YuYIsdCXn4h38rsO4mVc1KD+s4+Fo40Kal3gSOYdjQSoc+LIiKNDoEgfgWWsXVv5UQISmGSjm6eyIytAXhqvbSvT9eiZCAPx3wit1h8ckfOP2gv6Hcv+UIFZ6R/CsvUh7zYprP6lE/IC5oHt201doTzNKOMcU1NQY6FjZcN0f5/6BCqEhJlWmKO1IrtQ==]]></Encrypt>
</xml>


2017-08-20 04:57:11 debug :
------------
String:
account-ticket<xml>
    <AppId><![CDATA[wx3db5943239313a96]]></AppId>
    <Encrypt><![CDATA[+sKQMTaYcmZrYhVhex1yV8V8hBy7QUPd+iBNJC/6xRmQx/MqtzsA6J3Jryl1jXsFsv8YGA23RVLb5DEo8o06oD7/U2uOnorPikvC8L4V89+3jmG3RfQDnRPHVousZbxGqcEFcwedGybMzbcmXFbODPBkHYyIYpVbzHGNsvZbO0q/giIjjuelMxCOurlXLsEXAM58wMfN4SfDEUh+aD0/nuK4Jl5Gjqk9aZLMDQBSHr3/D32mXNWKeFZHQC7Ih//MpiWfzYWK7btdQEfhex006/QLXjo0HwxB8n8CNQ4xHG+1vUhyPleuXuq/bpcEARPBfJ5ZpbNF1ZYvatFgF9DQZh+VlfZgi9UXgfK0CeY7QbvVwPiXtKSXHQVaATSpLLUtIZrTfnYuOgnhUkBNy5+TJAHTSgi3dYYX9QGILHuzjpQPF0iRHnqYiMGFb7UjsdCI45JRCk4+gdYeAvH6FUTJdg==]]></Encrypt>
</xml>


2017-08-20 05:07:07 debug :
------------
String:
account-ticket<xml>
    <AppId><![CDATA[wx3db5943239313a96]]></AppId>
    <Encrypt><![CDATA[j5/jYBxftJIior9ExD/tqiqINIyjdbCcq5AjMQxmQlm7h3xRuzZKg6yMt6Yw712A/WBrIw9KRAEEiIs0sZ0OFA1w1LtjJPHFE/dN48h+hZDPZIRBlg1RA8AWc8pi2y+d6KpyO31s9RzaU8wyW9YdzN4XC2y1mfg2AIAS1FfdM/R3irSefa7BpdAIvb0PSWG1vbBKxFZuZ4nX2hndFLfI0Aw1qZwnsfqVXkVvLgKr9bSArkGsfag7xzsHh3JYwk0MFJEjGYrbZZa7n5+eFn7Vp2fifU87OKdn+bMd/+7J+ia6T1pDhGJ6Kz4Ccc4OtLK6TzCLuWrw6ZLZivvHyD5KxNrToZ0mOtzfgSyDTrupARB0bY9ORZt9AKBtVDgZfFvDSdKCqyO1CVxX30P9wlx+TE8IHJ1CsOkswl9qpyRH1tCo+SKca45oGk4klduk049WqBgM/3Eu4+iO5b9rH35+uA==]]></Encrypt>
</xml>


2017-08-20 05:17:12 debug :
------------
String:
account-ticket<xml>
    <AppId><![CDATA[wx3db5943239313a96]]></AppId>
    <Encrypt><![CDATA[4YCNmOG1Z8s3kPqQbfxMsmTtBNnlrdq8jCconTmFRnvdQVn/+ubCxaMGRQpsXaHz7RqE2RvydtlfozU64KVse532x9aLOuK8ftgImBVX3N4CvaZz2i2+OtDp6GBK1acYvAefm0EUoNx55PxkaPB6NA4Rzr/x0JTbyhJShKifIGvvvbAtQ5ZR7Pw5cG+3h594euuiN0khD0BYLN1fcGV7AzDjuyJLjnyc67lK1Xcz9YXmpcODFEpcWbcs88qffstm078EdBiJ1fG9KoCXxWP/Z3XOtAm/lKj834e9RtG5Hl0N1d3wPY+feveRA9Js96wRi3ghhvQfb8tg4OBipo9qunuJshGyX7dYE+ylKJbm16Fzr5Q4lmkoz5rwKox/BGewUOdIqolj6+BnYHCXLMm5wvJidjqWeJGzfn616CkaUvPRcgS8mSz9zwRKJOJSKRa8ggvmBaFJFJyjyOf1+JA9zw==]]></Encrypt>
</xml>


2017-08-20 05:27:09 debug :
------------
String:
account-ticket<xml>
    <AppId><![CDATA[wx3db5943239313a96]]></AppId>
    <Encrypt><![CDATA[jwMFmZ3bU8bU2fTjz5iUf3wZMDsk5iyHVVKQY59Xep+YMMrTAkrx4jrQNxDghqzK7K5N7Bi4X1y3BDx/yNaHWoCJzjIItR1l7HYxHUB/zQ/VpnX/B26tuwbJ5LQQ6ZMyWtPxvKb+j74j3ypDTywdackM4leuMkuKYW7sKBBkG/kZA1I3Gmq68RyW+73CIHzUep/m/tyA5ASAR7em1a4AjNBhbIYjedB33KCa05V986FocUjY7eWgvpbSJKqGSUWvnfXKvlM9fRR4NKxz1r/PDqcT8ej/mHTpJKoY8jcHGYvcyk1gh26OaPSP34RmeNPDTzrbEJ0u+8VYJHcC7mmPPrIBNie/LYPtQdffHd01ZeRIHoVgIN5UrjRkk5TOgiwlw5H5ZjdokMT9Z0sslmQXH86NbLhbBhRsWZifJ56jW05WdLHelwlpKy4rxj1pHl0W9IwDJd2KNFB4IWBP9zsP+A==]]></Encrypt>
</xml>


2017-08-20 05:37:07 debug :
------------
String:
account-ticket<xml>
    <AppId><![CDATA[wx3db5943239313a96]]></AppId>
    <Encrypt><![CDATA[xatGRFrRsmH0SW+VQh639DCMkW98neFg3Hx5ZtwVho7x2fqDCHHW/ENg4bJHmorI1Wj512NGAu+amQ4OayGlgwq8mhNJzTfgvz8xu4O4lDWFk9un1g4XRuO6IFOLmj0tS3BTuARJxc5s5ppLyQAFdiw5ib4ooJ/mcarGpAR8f1SQz9Nf4tdAVt9bGvm7pk8QgxDg0nvbZlvQPxPOf9dp21OWg+NIH6v+HQmqmyvsn8iPZznVpqYNLEzM42Xwf5YLxEAiebDFn9s4m//zmmWAYbUljdN3fUNBx1sGFJYusNgOiRSsQOWvj7ELi6SYpEBOzirLYVUFjUuOOb1+OmWykUqXZLL4Z4dv6GAGfnfhefgZlqca5HhgzeK2K2lbUxjkCDBULy0fvyMhCxFu+kARrhl+dkFSAuR4bq2gIZD6WYMoEHyixp9meI4cJJl85Or8LXLol4paBtWaSA8W9OHatQ==]]></Encrypt>
</xml>


2017-08-20 05:47:06 debug :
------------
String:
account-ticket<xml>
    <AppId><![CDATA[wx3db5943239313a96]]></AppId>
    <Encrypt><![CDATA[6FkOfT3t+giTugE93tn1hr5jAEu8Rv/6r2eRGdLDhY6Z23FBDY621gvqShOdv0bk1kYuxaAvKLE8YbyglgfIlpjJ776ouLhHkG5X5xaZ25GYUThxIIgbGMZiav+jwkPbq4XeFhNdHRbMGB2Tqn4efCXbWEv8/4M11ZdqKRmaxF/f41yRL48cA3giTJs9Otx0wU+qKlAZvgElJcAEVKn3lDOE9V3bhvyceBiYROoKFHUEfjiuhaDif3eGIf1XYyCK3oDvyjyllAR8l2V4eKSngPN9LyCbD3O9o/SnIYef0zX+kTF4zWlEBv4QTL+kfmbV0FdcNqIz5CWqSfCTbqZMR/uKxtVs7jHA+e9WvnPuqZVxE6kD1n9NHoIhts88KDCQ8YiKjzHa6ypS0Ox8rqWwUKdOKwrkNAJ7hhbvMyerBNLa5KZQhO8OeR+BejqDmpV27poQwZFAykgMqfvRyq+K6A==]]></Encrypt>
</xml>


2017-08-20 05:57:04 debug :
------------
String:
account-ticket<xml>
    <AppId><![CDATA[wx3db5943239313a96]]></AppId>
    <Encrypt><![CDATA[OIBuDTwd+O9Bi/AFbNcTec1p3ablEZb0n2V/hu6x0Wn8rOnmsAKvl/D+bi5nJCGTa3hm5Y1E6KIUhejHhCsZaZe5A6EjWAyjPd/7HfHDfGW8dHgIy4xi/9KpNzqxb5m3P5hDUJlS6QrMH74zvNDMiPaEgBK6/EW1cT4J245EA5xTKDk4tEt4c7xWVi5nZRd67uPq1/Ews9Sk172ZrfSKHnGBqTVm2VBQvB00BFvyLtPTQqdwf6DdDK47M4RA2UzApZEfihr6ny4SsaQeFgWpDu1asTWa+0unNEmj8nWyUOBr10H4TOS076PXIr6zXmiCKTR54wGP+5heIWHok1KOxw0xHigq0KNc6GLuhjemsG/EvlputlLhq9DPZrHFMZQMvGscD7BgWgMe4XYjXsV4PoAEGcxQDakBbLy4fmb1V0m5gxRwmrVu+GRKoE5MBnenwcCEkUqBqCJesAxsoJrJDw==]]></Encrypt>
</xml>


2017-08-20 06:07:04 debug :
------------
String:
account-ticket<xml>
    <AppId><![CDATA[wx3db5943239313a96]]></AppId>
    <Encrypt><![CDATA[DehH0wgPd/Qj/oCw0Fbi+ms+yikNLb9lNEG/izvqYwwjk8kn0TGjPJJqQoDbAATQysCa/E0DV/I9rk2nUaoYO6eNB3zra9u1u2POJW2/HQX/xwzCXYYtHcyNq6MojamrbfZSJ1JIcikV06qVJ5sa6aq51ncCxKdSWR1cPlyYttXJakxL3p8aoqZ/WQGLXiPb1to58nwavplFE94SQ7HdEcf7T+qv8MMz8V4qgVYDUMeBrxly24toZHIFZL+siC9PZmBqS8BXEuvtmAqdwVXa8WD8nXPhS0xwfWdMkkerzwRwRso1FsEdh481hWY89W8X841z2fctKqS52Xxd1/vbfBOYY3CNAdkKV+LOLhBjyFE3daLAdbyhl3Un3d4Nt3ALy9FGgHkMsaDOnijZsARChb7Apwevbt0pihwpZlJYTw9lNBTmtK0UJsy7W2/gPO1YcKJ7SaQrURqPuEIXoPsqMQ==]]></Encrypt>
</xml>


2017-08-20 06:17:11 debug :
------------
String:
account-ticket<xml>
    <AppId><![CDATA[wx3db5943239313a96]]></AppId>
    <Encrypt><![CDATA[E8fuVXolP3cXaTPKVa6VnYT5X/34YyU9WW79+Uw6Zs0zb/V3W2SXh51rypUS4tgXJ6g2R7q1G28DOo0zj7OGv/NybMVv/Hp+B6XLt/Dc+ZUwohG0LJtLK+gi2CMnNdHqza1jF93rxkhbivdnOgLCVVAhFGxptY/GTAGN/nu6lpeBDWggRX4IMKfF5CWVXJzbKWuR2JAzUhW3/ujXFcTcc1bwjDRxM092r3V142ZspOtx3a8Zo1Nm+uLkXHp1/YSpFRaR98vUZCXMSYX+ahr0/IMmbewvBTRuWd/hqrYvBBfZyNw9XzJgnRPPxDfbmxHN15AbAWTFn35rhY9V+7UIoIzkxG/kFPopu49iGvPwqpecjpEJdzIWaUfFxL3swnjar2poD4E8LDnzGjIGOcCVowD2CgGINSJcxkXVvcmfTOrnSwS84Don8kJuSIZ85Z83DZMRNl2k3jKapMgZh4iDOw==]]></Encrypt>
</xml>


2017-08-20 06:27:06 debug :
------------
String:
account-ticket<xml>
    <AppId><![CDATA[wx3db5943239313a96]]></AppId>
    <Encrypt><![CDATA[F9QbVLi9CjZJoh9pdJbkWJ5sVCBnmwdrG2+RL6610lNd9hS1xND+N1yv8SH4wN4Fj3r4jxNv5wHe2rncXJknuA+5siER+lFJRMHUNh1LNUuIfUpy08ATb+kmiuGGvLOTxrPqhsFb8gE4p8b2jPJ5pcO7qzo7jnb0WLyroUmkV57vr9lb7jDjOeLu5b5Y1yKCGmOvLWBLixI4UdXdSnPikQj9ApFkKMxAC/1IIRYvsEebCFy3BSxgtXGEUl9q3xztbT8DrrCQjpF/hKPnLV6RXBtGJnspsV1WqmpvG2wxslxE9FY7ugrZ4kNHDw7oDHb70u/ZO9QCkxqqpn+JeUqGzEaPYzjmBe/6Uo/KMEMBMRTpo0am5YgZzEXtYyzmpfR/U+L68cy79ITxMYOs3uaD7zywxHfCcfRotbmLNBkdKs+CKT71Bh4QYTVyjhgRCXMHfOk8CKZXeqxJ/Dv4XWlk4g==]]></Encrypt>
</xml>


2017-08-20 06:36:05 trace :
------------
String:
<xml><ToUserName><![CDATA[gh_a886868beb64]]></ToUserName>
<FromUserName><![CDATA[oNejvwNT1ejcP4xw3Ur5i5EkYJpE]]></FromUserName>
<CreateTime>1503182165</CreateTime>
<MsgType><![CDATA[event]]></MsgType>
<Event><![CDATA[subscribe]]></Event>
<EventKey><![CDATA[]]></EventKey>
</xml>

2017-08-20 06:36:05 params :
------------
String:
array (
  'rule' => -2,
  'module' => '',
  'message' => 
  array (
    'tousername' => 'gh_a886868beb64',
    'fromusername' => 'oNejvwNT1ejcP4xw3Ur5i5EkYJpE',
    'createtime' => '1503182165',
    'msgtype' => 'event',
    'event' => 'subscribe',
    'eventkey' => '',
    'from' => 'oNejvwNT1ejcP4xw3Ur5i5EkYJpE',
    'to' => 'gh_a886868beb64',
    'time' => '1503182165',
    'type' => 'text',
    'redirection' => true,
    'source' => 'subscribe',
  ),
)

2017-08-20 06:36:05 response :
------------

2017-08-20 06:36:13 trace :
------------
String:
<xml><ToUserName><![CDATA[gh_a886868beb64]]></ToUserName>
<FromUserName><![CDATA[oNejvwNT1ejcP4xw3Ur5i5EkYJpE]]></FromUserName>
<CreateTime>1503182173</CreateTime>
<MsgType><![CDATA[event]]></MsgType>
<Event><![CDATA[VIEW]]></Event>
<EventKey><![CDATA[http://360.ercikai.com/sanshi/nongji/jiage/jiage.html]]></EventKey>
<MenuId>427107968</MenuId>
</xml>

2017-08-20 06:36:13 params :
------------
String:
array (
  'rule' => -2,
  'module' => '',
  'message' => 
  array (
    'tousername' => 'gh_a886868beb64',
    'fromusername' => 'oNejvwNT1ejcP4xw3Ur5i5EkYJpE',
    'createtime' => '1503182173',
    'msgtype' => 'event',
    'event' => 'VIEW',
    'eventkey' => 'http://360.ercikai.com/sanshi/nongji/jiage/jiage.html',
    'menuid' => '427107968',
    'from' => 'oNejvwNT1ejcP4xw3Ur5i5EkYJpE',
    'to' => 'gh_a886868beb64',
    'time' => '1503182173',
    'type' => 'text',
    'content' => 'http://360.ercikai.com/sanshi/nongji/jiage/jiage.html',
    'redirection' => true,
    'source' => 'VIEW',
  ),
)

2017-08-20 06:36:13 response :
------------

2017-08-20 06:37:02 debug :
------------
String:
account-ticket<xml>
    <AppId><![CDATA[wx3db5943239313a96]]></AppId>
    <Encrypt><![CDATA[9MXL7Ejckv00BL0mbw7aoqvDcHL+QLXfcCy9zeR4rCcpTfGUeBXGzpwQKJqj51omgumlVZ/xTvszTsKPFAuELEqSzkYjP3ecKXo/BC5hcgic9E41mkZLoOFOkyLZvMh9eZrQs26p/SX6NC2RiIpj/AKt7nh5GPF6BDTvOP2VJoBqNtfBfypa2k6pZlc5umPsdfcOPnht7DcuYbUvVAVK6gpJGUyksjuevaKId8zUACZN37l6/k/7uBOUDA4HhsB6QZE7xn/VzaTHnRA5rTDYYKIhhP8U9hBzcxUcbzqSrWsPjlUH8PuYCrck0zi7/xuWF6he4lGI7LeQavFZJDVIQvbcnpmAVUtSJa+mSmFgmqVwKDA5hJ5kZcsOU5Kr+pSkFUAXDSaDMfeZox3WPm1K+T8dcq5a4s+5mnAHkWLIfLgpqqq2rVDvQw/HRPieZnVtbQbcOmkgise/0FU22+U2xQ==]]></Encrypt>
</xml>


2017-08-20 06:47:06 debug :
------------
String:
account-ticket<xml>
    <AppId><![CDATA[wx3db5943239313a96]]></AppId>
    <Encrypt><![CDATA[E/ih0b8cMmoEEMz14AEzhpd7RsxoTKgCruUzNNctrKV+y0dXbDAK9I6D5Zf7gbp6ej6USmgJGqAt8c5yhCmOoOblg6vyg8zTQ70yoCJgPirwxkIqqpl9oSfUczRuCFd5V+isdUmS+37VGt3ITGeBuf47PJ/wee/XtqqNo6fPogYgbK2aKJK7026LwNxyesn+QVnGfaO0XLpvH0LFJYg6FV/Z/u7ymDqhACaiYG8N3f2u7Aem5rkK7hz8xOVbgGPR1BAmOZELv3yxdABnyHF/bKHyY8cJetrWy+484ro5pDAG4ck2lIsiTfKE/t+HfVQ2ofvKXIWQH+JZ2KW2hoLiJkc/e+yFcJp5cAIKED6BWX3RElXxKMUEWVvHR2KfFiS9syei6qDd42lHxZKv6oPFgo3sKUbvHE9QJT7+6Ir+qg6N67Xv+Z+F7+GzEZzEUDmdrEmUyonYT7Xa+J3LTgy9xQ==]]></Encrypt>
</xml>


2017-08-20 06:57:11 debug :
------------
String:
account-ticket<xml>
    <AppId><![CDATA[wx3db5943239313a96]]></AppId>
    <Encrypt><![CDATA[YFMtfSmSJUdrQYJF2DIJWzEu++Zb6ZM5ddhsRFOAtItLk9wzoSvj39LSB7l4jDBwmkeHU0b77VQvebZzjLG8iLC4QvrPZz3j1cobgj9mGKNZ4Qs6j69kQBqrDgqOM9oPVOzAKj+dI2MZ+1KX09BrU3VeFzNLDdOBNr6EuCyVNfERKafsFlEr3HrwtE+Zgng/y62bcKulexJdpuONe9baqSeaq6biPYqa7ieQ/ZPLPLv9myr+y4CQjJtLqNeLg8goVaagNRAFzg1sB9f5Hk5C3J9l7TuviF68Phz+IqIOOl1F3PvL/kX5eN0SAkD+0AMsvYgQRBVIJS99wZWGTJaEf2xpZ54KbAoECxMBR2uJ77UfP1GUlQfN4EWAWGCww325VWJhmOi6i7kp796QogqRDwWBlfVO3xjolNgk37yZXS/SJrHeXNjXOoQxID9orPOtciQ5UuAt3k5FY94iWFj1Vw==]]></Encrypt>
</xml>


2017-08-20 07:07:22 debug :
------------
String:
account-ticket<xml>
    <AppId><![CDATA[wx3db5943239313a96]]></AppId>
    <Encrypt><![CDATA[2hp4U/kEyZkFbGwt8zEw3LWqA6fRq+Xfz6vdDQECNIV2/YLlE+ajBZTf3gSPL9mF6X/L5ZO+OQkBtoE8V4uVXUTOOX2Gkcg0Yip7TV05aJOLbxqXIvoE2eRgsolcxaOJjLvAvvhUacABOIDfRv6i+Bd9HiYMhyLBgmTFMGrx5UjdX5ELPC5gcMAOAHM/4kSgzeB47fK+jEmiKH9n3g5g1oHTbS9y6HHpsfKb5aPB4gI2Ug1/+YYWhbJhm3utvipAbH8yiQdyDCthgaGX9aq2z8PzKyRQss1pZMAprvVbsOJBT19rdVxgSq5YfnZ/Ctfhh8AuhGAdWtNye9dGo/5X0uB1o1+tZqZdz6fQZGpuwwyBVAEpvibNdRvqQux3L+et7eY3PuXyP+G7LrrEYjOdiUx61ib2smUL1NuZjuvM0w5gc1Eq2PaBfGCXZegneL6De9dnLvcqggI+FA1hgHZctg==]]></Encrypt>
</xml>


2017-08-20 07:09:59 trace :
------------
String:
<xml><ToUserName><![CDATA[gh_a886868beb64]]></ToUserName>
<FromUserName><![CDATA[oNejvwGzvL9FCeU-1t8EblK6ekis]]></FromUserName>
<CreateTime>1503184199</CreateTime>
<MsgType><![CDATA[event]]></MsgType>
<Event><![CDATA[subscribe]]></Event>
<EventKey><![CDATA[]]></EventKey>
</xml>

2017-08-20 07:09:59 params :
------------
String:
array (
  'rule' => -2,
  'module' => '',
  'message' => 
  array (
    'tousername' => 'gh_a886868beb64',
    'fromusername' => 'oNejvwGzvL9FCeU-1t8EblK6ekis',
    'createtime' => '1503184199',
    'msgtype' => 'event',
    'event' => 'subscribe',
    'eventkey' => '',
    'from' => 'oNejvwGzvL9FCeU-1t8EblK6ekis',
    'to' => 'gh_a886868beb64',
    'time' => '1503184199',
    'type' => 'text',
    'redirection' => true,
    'source' => 'subscribe',
  ),
)

2017-08-20 07:09:59 response :
------------

2017-08-20 07:17:19 debug :
------------
String:
account-ticket<xml>
    <AppId><![CDATA[wx3db5943239313a96]]></AppId>
    <Encrypt><![CDATA[I7j94oL196Odt2YwD5S6i+ZZEk+5rQfVYywLIHDmCJjJ1G2qayS3CDfrNXPYXCZVYCGibjCJXEPFF4R5o/BDhYKDAjI655hnHASEsJFP3ONlYzFraNOR1MDNX9P+hdC8qo/NaESkJV5lnJgZf/oUpaVlweWEPumyyR0a4tYePgfGmxqP8f9XAnQp9DGheI3CUDO3mC6qWBlAPxrSV2LgHZlwtKc5Y4xBYLtFMX9z37PNBqbsbpsX6NOiaSQ9AL1iToTFdpR7UOGTov/ZCVB1/HVn0+U4ZyCLOy2JAh37WyuIxFxQf/KUp1cmDAPUiN2Q6NR0HWOyAW3TMrjUIb4vEFRwpAHEFik8HITTVOqbQhdy0Z23hxXuisUuZrwSE47kgUTUrL0p02qxqggidoEe/B1tZ1vNBRc75nAxIyXZjvDY/cistve/X+D3wsK/NTrtC3PBgov0XdMsh0aG1b7GUQ==]]></Encrypt>
</xml>


2017-08-20 07:27:13 debug :
------------
String:
account-ticket<xml>
    <AppId><![CDATA[wx3db5943239313a96]]></AppId>
    <Encrypt><![CDATA[H1ocNmgo/tYQVUC+dL4pCAbt4d+aZYCGPVmZca0xWOteBFoYVxwCdmePCjL62bsQbIJGwODHnJi2YxIM2tUseOvEhZHS9bk+DBL8ZMduQMhZhY8zd/n0QqEgnO51ZznQeST67DZr4gQ+0e4VVfCvbkSDsVA1I/gvTfS/kpLSu/W+pq4hPeoqsonZtFHNEUMQh+rMLUMcQgHUnhaVrORcP1TM3/wSqFe/AVgD2usgLYxgjDFwx69a+iJynL2Jg4hEAGfnFyGeLZwbbMYv4LsV/mdcqHMEgtl2Q5vtCsco2UNOntcNORNG5wzUEDDjgJxb38/miZCpCkgMduRrYKVUVMFw2oIJNUpMbFJz50mNtMYSuU/VSGZm4cGMdbpU/6JRyw512KYZaj1waLiVbEAaGEhlcceWZOR1iSgSM9PH4M+Qxp43rj2bitqEoJZeXJHXVv1uWOqx2Lzi65mNMb+Asg==]]></Encrypt>
</xml>


2017-08-20 07:37:14 debug :
------------
String:
account-ticket<xml>
    <AppId><![CDATA[wx3db5943239313a96]]></AppId>
    <Encrypt><![CDATA[5Vmvr9iJ+noyDENxS/jK+PDCadZNz+2u/L3FrcI99evRU8TRrYWf7R08Jw+wyxB18QEi9SxDxFqORbi6ij6rT9aM3r7xUK8zPSz5gDznvmYiyryzUmIHtvh0181Xr47zpocSeT6gh+yy6QBFt/3UtdtfKbmIrxCgj7Wy6pMu14RS4woYZu0L7iXqciutUIpRs+uZ2+A9hnzeiT5p9ELf5TXE7TGKuHfG0OM9S0RHokc6x6bV9+pNkB29liPh08Ci87FGRN7aWvoCR536neO/pkw5rlKz/mHTUeFlOEJlPhIxMULpYWuSuEuTTYs/pDWft3rYJ0OZmBSjiW2WpMBEOeJloqBZX0y7qvbT3qLoLsjjEl/mF54mn1mAM7bTnUGTToT2AMQC0WSPfdqOKLPwVxai9bd1oIKx0FO2wShbuz4zKpb1dAXU+3s2MTfUwlaSFt3hPXf6vm4sYszSJvaSeA==]]></Encrypt>
</xml>


2017-08-20 07:47:11 debug :
------------
String:
account-ticket<xml>
    <AppId><![CDATA[wx3db5943239313a96]]></AppId>
    <Encrypt><![CDATA[6aeYWOJk1yj/npgh3d/HlqvMrtV3DjsuCN4nsj6R/TPyw148/r6AV/Adx1tQezWRRn+Qbz24Vx4+l1uYot5lMY54O/gi5AZsOVtpBuqEYrWIBEml4Lsjmhgc9X40IbzqZ8qQqtvQ2mY0aAVMXh28vBTGb1aIKVZXN9i0rPeEL5xc+JqjTn00dTyRxz8i1K9S9AcacbW9hdwJN6zKuw6mo8kjoRRB2uaB4qwYNo3dN4AFeloXfGWgFQGrnJVSVmfXxXUlqbBmYWy4FPFRwrUNYnhIaW1/0yZWrchalPWM1z3+x0KNadJX+qeSBN5Ahc94u5TIsEl8QCIAu4DzfU4FqW56IEu4Z1wJGe8kw1ecKHnqUyr/+4m4VAVgHNqmuWS2EOgqKsUTlhfKN6O/zlWIBYOz/DhsmyszNCiajaFzCUWja4pwI/yUy2d57W1AVDE/i7QIQauQ/m7Hjjs/zXfUPw==]]></Encrypt>
</xml>


2017-08-20 07:57:15 debug :
------------
String:
account-ticket<xml>
    <AppId><![CDATA[wx3db5943239313a96]]></AppId>
    <Encrypt><![CDATA[TWRl9d2KTOnxEe42IsliC4RVl2zsyMuVpJ68dQMq+TJQZ4b3pmHc1kqy1Tu5ry1ck4nmvZ+tqyVOOmNUyDXzVgJtYFdOlg/6rR9blu3r+vjXRAOXt82pdCDshDFJyu1z566t/CU2Pj1nxlcH2O9V8xVu+qRxbytWxQLc08/k+RTkV8bXnhPgdIXZmdq6ERwF29j2yssfMIdHMQX3KwyfE0gjOCPjfw6d+ahubkJTeZ7fSH0bNyO7OYFVQIidWdBKQRyodZEcb1O1V6432rGZRE+k6RhVUJFBxlHDmUndH9pCztL8S8cNC99p12fCw/r9LoZfKlLDwxNUWprIS980QAm+tSX7QFHMsT0HomG6SxDuOSu76Q8LZEDhlnYhDE9OmhWkx1Uh+cfP2kG+aWkyrHGyIHre20BlVjMBKJAraTaVfIV3Kg0mdAyECG1AwGnETnE0cSyFCbc8Tn5U+gy1eg==]]></Encrypt>
</xml>


2017-08-20 08:04:09 trace :
------------
String:
<xml><ToUserName><![CDATA[gh_a886868beb64]]></ToUserName>
<FromUserName><![CDATA[oNejvwH5sXC3gikUAdapuEA7sYiY]]></FromUserName>
<CreateTime>1503187449</CreateTime>
<MsgType><![CDATA[event]]></MsgType>
<Event><![CDATA[subscribe]]></Event>
<EventKey><![CDATA[]]></EventKey>
</xml>

2017-08-20 08:04:09 params :
------------
String:
array (
  'rule' => -2,
  'module' => '',
  'message' => 
  array (
    'tousername' => 'gh_a886868beb64',
    'fromusername' => 'oNejvwH5sXC3gikUAdapuEA7sYiY',
    'createtime' => '1503187449',
    'msgtype' => 'event',
    'event' => 'subscribe',
    'eventkey' => '',
    'from' => 'oNejvwH5sXC3gikUAdapuEA7sYiY',
    'to' => 'gh_a886868beb64',
    'time' => '1503187449',
    'type' => 'text',
    'redirection' => true,
    'source' => 'subscribe',
  ),
)

2017-08-20 08:04:09 response :
------------

2017-08-20 08:07:21 debug :
------------
String:
account-ticket<xml>
    <AppId><![CDATA[wx3db5943239313a96]]></AppId>
    <Encrypt><![CDATA[fSlOCy+S7r4B6GRM6Uo1a4sHY5uZYwe703oTxSBmkJ9DoIzrrxsnjk46OnPOc7iScg+DTacFeLSNWUGbpD6lgEw7UOQEgDotwHB5ejCKKUviXkmg6pt8SSAtSV60/o+Avt/R+wHt42CvS1kbugKJ+a9hP5Gs7FOI3Y1yReKf6wqYbb4nmEThfU66kFhfldv9zswXVOL+hjr9Wg7rmIzseNeht6yjgWvO+Li1CrZ4/euOig7u0MdhasQqD+T4TPH0tgIeI0UHc9Ge2cSUo40PDbX7v5QHLGd08G7qnIv5nqhnRWdKh+ZgNrnTq2tmNM0kQX+AvCkyT4Y5CpZ00qjKRoi/+0bBRI5wOTYgqgoIOkvFmIvhJStnsmG07T574uf4G4KJcwi9AZUV7w7+iO70sggbsiawHcEdBc6YVFLWRAI8jLsAAFfg1Or0edlLOWw5AY4IaCkDQXgpSJQyYcbUtg==]]></Encrypt>
</xml>


2017-08-20 08:17:22 debug :
------------
String:
account-ticket<xml>
    <AppId><![CDATA[wx3db5943239313a96]]></AppId>
    <Encrypt><![CDATA[Dug/RgxBr19iakYlAD6WM/CCKgtjIcRCW2NdXmw7qfiHI6JSa1+HoRONKHoh84cf7IZC3C0sbQRaMZyzrdv8Ah4bmEkqwJ3rb1ceY3BY2/FoSNpryqCFLseHB1YJxP6y5Z43zhOiaGwPL54We6y2DcDO7o0jVYwSFhp1+FjE1mrGA1x6SV9ZQQh7QhL3G352FfWtvZT5tTDWP+Kjgnrsd7ZdwnwcXCwoNqp5ujz31jnH/HyZtww91ghwt/X7YNnuVhQ6daa48w30cS1MIzXyaLIg1b39EsIbz+N8DJJiJAfSI6UXyD1DIYasmY0u14auI8l31GckiQXN3AVkmSdjNKAYzpYTAyZefrTixhBv2bIXspFIe1uqm1Tn4z2tSeXv7UimvIPgOT867nCc+iC16mPfj+73P0fH9sI5hezSuD0FwDK8SZWGm59qqNoWuX8RGqEj9AtfnPwC/pC3gZ3myw==]]></Encrypt>
</xml>


2017-08-20 08:27:21 debug :
------------
String:
account-ticket<xml>
    <AppId><![CDATA[wx3db5943239313a96]]></AppId>
    <Encrypt><![CDATA[pZq1toNBwmj8+E+MMwetPTgjpsvw9Sm4W8eCy4iSmyhKloDGsl7tvN+Oedjr/gUW9xJ9V4y4JZ67vW+nyFBBaKR0Q/tgFE7ZI8YBhT2pp7Z7NPpJfz647JjqtQmdhDtHNd6w39TElb+7ae3XdUhI6quyMfIdYSpDYX/iN64uf3E0DIRMIaqkI6ecJnDjewNk3THIRq8JX3ahu03frq/VwxwrtNtnhxNquBsCx54CuBu0R7JUYLqrGvVBD2fPxM7e/P3C1d6ZSI7SfmR/fph1kjj/KcNd1jhwVDSVS+5D0xj5ZuYSLBa0UJFqs2c+5Jwz2b+GwiVd2Fp5eMQ6UNy6stU1vhkaCuDkTOPK/ZahBDtDqpk7unJ2mkqYn9kvVYZAnC7A3B1hccAsntqgA7dyHjX8bosqzY69BmLny32Jqa92uypuSiwfOwLFAzjx+eZaRnIMXueeItrrvIm2oBruPg==]]></Encrypt>
</xml>


2017-08-20 08:37:24 debug :
------------
String:
account-ticket<xml>
    <AppId><![CDATA[wx3db5943239313a96]]></AppId>
    <Encrypt><![CDATA[y5CsA9HW+E4kk5zsSSO6+W9HK0p9IfOcw4yukICIYKqkgWQy3SuvBVnLQkzzSpX0YM0j9dhxgZuJ20diO4C1hKOFIlIsBncK6Xhh3s3hq7k5TuhrltEgIAzEj1mwzYzT2GRk6IyJn3mJB6hgqXDD3ZWW+gvOLICfWRS+UAuUiRCdPkQONSKLNCXZrAidEbbOo7KBgLKKexw/r7+1fNXDNFrKZnovDMSjY+lKid8syo0qw1ohbljXFS2xbCUaJBZ2dZsRzkQuqjDqfJYtgmozdCZvNulOGjenEwOrqivfqrqh3z1mU5k/sqgrOmCdoPAGO8I3sXpswIAb/30WJBzEjjY0JQT62KZ1dMF/02VoMy/EcbqcuA/QdGyBupkTsYC3kX3R4CTdg2IZdoS0PstpLhY3Jp3NfJiH1S4c4LJFrz6ZINmb207eIwDSrgbMRSvjtG5ML5/CrsASRF13uRwGFQ==]]></Encrypt>
</xml>


2017-08-20 08:43:20 trace :
------------
String:
<xml><ToUserName><![CDATA[gh_a886868beb64]]></ToUserName>
<FromUserName><![CDATA[oNejvwIUYDuvs-miFHSXOaxfgt7Y]]></FromUserName>
<CreateTime>1503189800</CreateTime>
<MsgType><![CDATA[event]]></MsgType>
<Event><![CDATA[subscribe]]></Event>
<EventKey><![CDATA[]]></EventKey>
</xml>

2017-08-20 08:43:20 params :
------------
String:
array (
  'rule' => -2,
  'module' => '',
  'message' => 
  array (
    'tousername' => 'gh_a886868beb64',
    'fromusername' => 'oNejvwIUYDuvs-miFHSXOaxfgt7Y',
    'createtime' => '1503189800',
    'msgtype' => 'event',
    'event' => 'subscribe',
    'eventkey' => '',
    'from' => 'oNejvwIUYDuvs-miFHSXOaxfgt7Y',
    'to' => 'gh_a886868beb64',
    'time' => '1503189800',
    'type' => 'text',
    'redirection' => true,
    'source' => 'subscribe',
  ),
)

2017-08-20 08:43:20 response :
------------

2017-08-20 08:47:20 debug :
------------
String:
account-ticket<xml>
    <AppId><![CDATA[wx3db5943239313a96]]></AppId>
    <Encrypt><![CDATA[AHYLpv8ZkvhdvAm0wAc3EVT+J5s0icb+LPReb00o3GSo2jXpHGWHKnkwScCFP34Xb/6gbD6pW6QoZCk8Vjv6nSUIcUYqbbojWrGgOeYtAYFC087REoMHJgm9CPB260Nog5z2YprX+br40x5yHZLOPdSpZQFSsUBmH3bcPzVhwz6A380bdocFPkThpD3CW65HxxawYTtuR0JjlNlSXjQqxhowsqhiHfklM3jJbT3Ew5VhiG3L7henOCj+f5zdLln1KQCXQMl67ORXEwbxNay4PtsoCRhfa5fzw9fHvWjLbW6BT/6u3Gw7i8RU16/Ht7QqX3ZJujeQmaWv3UYH73EQItuEcHfqLqCu7sRiPzcK4dqbk1OEzs/77XkcXAgF9VFqyoi5CXiYXFGT7mAz1uW3G0yoohbtU7WLDrC01p8IOxD87qmssccs2XDQOij0QM7zhlyciySpha4GDzPQGgvwkw==]]></Encrypt>
</xml>


2017-08-20 08:57:24 debug :
------------
String:
account-ticket<xml>
    <AppId><![CDATA[wx3db5943239313a96]]></AppId>
    <Encrypt><![CDATA[49qdlKCb/FiwnJKl8LMv6M/Opxc7GRhpE0ZQW9HJMhbOfwUhgWqVc83ef8RPQIDAMgqewhd5n4qS9J35Hn53z0cxnSvAkOj2WbI2/scANFyFikEDEFy4Js8h9TtCUrf5kkghJIDFRUyAJyzpua79vy7/TqT+fZuUCpIusV5/PO7UNg0SJQ+jC12VB0MsPjgx+flDeb8oHczCiEH5VW3uPB6imxfZTurTXVz76qSG45FfBz4mMn2NwyK+WM5rEOXtmYDyxqE5GNaEUxuTU9k39yGjuw1jYS5k1Le5D5pgrzGK+p+WUoDHF0gD0Wj20QMKjxyaNsoGbr1R40PSwC8LfOdU7vWMrySp3hNYLFJKY2COuwXT/937xT2wfTlQzhEorv4T/nu0vHI1jMrFxA1ZxtETSzgz567Rel0FdS4qLpBPdWUSirQCA5en+JuJ0r7ukb3OsfZ9GyHAEnTZLVNA+g==]]></Encrypt>
</xml>


2017-08-20 09:07:32 debug :
------------
String:
account-ticket<xml>
    <AppId><![CDATA[wx3db5943239313a96]]></AppId>
    <Encrypt><![CDATA[JivAbMlX6ddCRvKwWwzzczweuy3bij0WmTbsLdyoVON1IWw3sMQsI/ZG3jllt7VK4MEqccL+SELopV/aUmeGRB61do5Qk5fVkww+QOvJJLdPiXdGUwgn1Fi0N6LW53Kw0G0fzvA24AkZv5mxuY92qT7wQy6WX3EhXyv96ECJkokA6ZM0GWynBGezu1jhxGvHIASBu4geChfBRFaK4q68YrUEEOHqis5Zn8EBegcv2LHRj9U5Yocrfn6vTj6zXFrcQcJWth+9wFLsdKsdARQ0Dzl8Lx0vdy92QyEGfYWjIgnhxiU/kR5A4mLz7Uo6XduohDzv+dEkrSfk6ukccxPmybHJ9hpAMnEdvtqWHpsYoiJy4Y0TQ3+XckWkGNuOjlSzH0bFqn8Mt4dDXs87imdDmPrGm8dLEsk+JwJwEdpw+fb4sWSx50xJ5IswpC4JGDXo2Y72kJf1wbl7HOotPmqowQ==]]></Encrypt>
</xml>


2017-08-20 09:17:24 debug :
------------
String:
account-ticket<xml>
    <AppId><![CDATA[wx3db5943239313a96]]></AppId>
    <Encrypt><![CDATA[kOCgKiCumKmQRr48GI/ucJAQUjYnhAbYjkvun++Jix6gcuRHLEJc6vlqx7K4tjIwvPAi+eciU1Eaqb7/+dUk4nv8zF6x9DeAcPDODo3izYhKbGIlfOJhO9sEGNfqoMSC/aKY+16FX03NxhjVFBz4FO+ERXvwgnoeH61/rjmMUruPDmnLIyfsBDHkaGM6+9mlHA42S97pPpZquQikuoZOO1Fhi/TkZS+jKpLG7g3Eu949W3aj+hk9kMjeyG5BFANbLtl5AnHU/KIuklIZhNgxXoBXvx3Ee9kxO5Or1tSc1IlFartm6lnx23NfOtDfx73lID9s1rtE/boKg9vVZLx97P4G53xnqtGOLIqNIszarxm+aH/t+0qu6wp797SvEKj//8rKZMjxbwJlo1sJkEPBn/y0f7NwX3LOci0jNDucUJ2f3rnmxqI6pFb5r4dpdualQyw6j0Bgojs7zVogmHDlWA==]]></Encrypt>
</xml>


2017-08-20 09:27:32 debug :
------------
String:
account-ticket<xml>
    <AppId><![CDATA[wx3db5943239313a96]]></AppId>
    <Encrypt><![CDATA[S0diT7Bto8xXuOl2+raTfR4ABtM7ISOeL28imDkopOVtno02ph+ayrqhI3yOUUfixRBO153dW1Vx0DB/EfhAh5Irww4tth98TUuKPTAjE4Pgg9E59nfXp3Ghc/ZWiYkPnXymos+eR3f/NpHiGPVaypjOmXmzMntsnsz3ksZwWPVGEmrG+qypWw9ETMSafMxVIz1f4WSilCisho7ga7AL/FAsfryw8aOMt7lmlfIE+0x1Y8igHrqWKQTQtw/e/LI5TGk/YMJu/p9npFXcwkkdackJuQvoH+1QWq7nvpFWy/psTq/hqy+UpvbTUO61W63umn6unnlAL4Zx4WJRF369MXEWKAMNqRJY54A7qMgacNC08IEofxFNLBzy2N5Kk2xm3+vvFGwudh6P4cNEpSN3Z7IlB3mb/TH+uQVEtnC8ky0YINfjEM76uM4jtt0X4L8C5eNcqWdfr986wY5aEY9rKg==]]></Encrypt>
</xml>


2017-08-20 09:37:15 debug :
------------
String:
account-ticket<xml>
    <AppId><![CDATA[wx3db5943239313a96]]></AppId>
    <Encrypt><![CDATA[5Co81sIAcC5fA3fi8ppEugVRJZge5ylG+fx4UOZBUr6shkI3/+jpNGkKp0OWstsisThPxfq1kXlwpL88fl3/UtltD4bM2etmiZIRjVtD1xe3c+DWZf5MR6qxc9u7J9bSFLq+ulFOR9XcwLuGHnDQBzfBvxCkn1Y9g/x34AFvR0xcmQxqgv25pbMgGSSkh5r1k0LVNC5bdrUVhNBQhfBn163PCyPZgc8uqoPtWEJpyzOEF6vDJ1Tlq6AMqQdHjx8U1tXHHEfcHtgX2yMJ6kSxHvPTFFqCkxbrjRxIti8vcWwBEEpXlUpcNrzyJ0wia35amEdmdSGr5zjwJodHTd/SF/JBIltv/48W8zdy90OHTgrF8It62jO6VXXItY7eB0L215++EyE6UinbMV8SPQuRMOUtPsEjiIYteR1opNBms7r9rzfMO5o4pSMsuSNx6zsEAVGEWrhRI+dyOhmc3d54AQ==]]></Encrypt>
</xml>


2017-08-20 09:47:29 debug :
------------
String:
account-ticket<xml>
    <AppId><![CDATA[wx3db5943239313a96]]></AppId>
    <Encrypt><![CDATA[BRpIGMfXXMkN1mLzNOIn/k6LeI/OfzicZS0fZEQWPwm9PyA0gp0Cw1dP9KCqqpuRuFgPSog/oLAFzpRAl4Uf/46uboHR03+9RAKIOkE0lRCslWBKnNmv6DCfU6cyJ5r8jOaRszA4xKKWS9j4Lfp8tymH9SwUYr/JQxeXYTPG8WRRgAg4K8Jk/+33+V3kWxXcVseyynyGcq0BRoYzLBgmHe4bq2iX8AlamOdWpb6vqwO53mvebyvDNqUWjF0dKgi4XcMquuMJ9dRuV2c8Ae7StlK6ll3SpBRoYBR8BvfRWrSRNWdCgBFNdw7N01HOmvJ5eccO9IFFXvkvI3xTL9rpanDXHhgBaQD1LJ+V5JHvl1vLZS8Nt8aE5UOarFMF1EeH9pZwQbHgUvZ1dYNaiktpvrw92DuuFyEclker8rQSposJfzNCC5klDR55qR6B8mGVllpoUinzDNndWLEu4mxq3Q==]]></Encrypt>
</xml>


2017-08-20 09:57:26 debug :
------------
String:
account-ticket<xml>
    <AppId><![CDATA[wx3db5943239313a96]]></AppId>
    <Encrypt><![CDATA[jPkAkKXEd+E7PffY6af3WxyByIo7ixOUtS8EyUTTs7E1q54z8I9PyPEJZzfnQFzaMHEN6rjN6nxAZQByW34griLPPDSXdJZRC7HaGL4H9Gi5CNCD5tuY7dE4iF5y3EtPh4cnnDyIN0jHgiRORB67W37ydhx1iyf3rTa8p5FkEEPR4FtBETurYiCfSjzkWwj25EDasrXJpXCNCpHqYt856BaV13Dyyn/whAtraKWDt5axW4TQBXEfaKAXHhgWJ6NueYVJVF9MwoEf/0KMOR61N5lAD0zO77jCvji1jWbcd/l5n+JilUmr3ccEzt+oGSuxtF1t7hIf7ep8GLAuEEQkwSkFiK4xGcXSjoQwO99rYk3Jv8+5dyTY14ghOQtcGFw2VZ8cyu9Ix2JSUZhKsJYJU/49fM4UxOkCakeGy9yHeGCeDC9fjrF99oLW9/xAeMw4zH28HtHRYbt1TkE46zoXSA==]]></Encrypt>
</xml>


2017-08-20 10:07:38 debug :
------------
String:
account-ticket<xml>
    <AppId><![CDATA[wx3db5943239313a96]]></AppId>
    <Encrypt><![CDATA[sEknioL2m/Uabvpywj8iYzerTSpt8M5IRMUo287Uv5duEmKqEf9ZKDQ/ODponkEIqNNeffut/4/9VNEmQX00hOlrMeH1t5tZGQYXDJ6Lq4T0xJWUXO/t1z2HUNnkNtrLpaM/4MzQKOyFTaozdgLbTZn3/UANPksrSTGQiz1jiGMEJyiohzsh4cvSNchqL0yMl2KkfJMmGraMVhK8bxsVB43XUOa8cqB2cWzhKVAKePwEWEbFtVgSMkMb7qmhpjFe65ujBE9Mm6712NA6spuLHTOMFYPp8zLkLnNmZh+ALKQzurhHCjUj5Fjt9YI+bcDwCRmJ0PYhKo5tca73/D7iM78cKK5S+PY49mUy0221NkDXM/SLmRrRui7G4pJw/oUtHFObVsO6BM0jO5EEaqw1dNL72s1snGsTyDzb9w/gjodOOBAOzYGeI2XYV8akXsvOuU9IuG/VzK6vPYAfVgPb4w==]]></Encrypt>
</xml>


2017-08-20 10:17:37 debug :
------------
String:
account-ticket<xml>
    <AppId><![CDATA[wx3db5943239313a96]]></AppId>
    <Encrypt><![CDATA[fmlVik7iYMlEzAJ2RVqAqK5xlv+1noUtwJvasmBcelcgS3R6wdQmR+RZ3Unkf9ptO9OrTyYmm/Bqb8Rym7GN5haTlXNzz+opNsGBS/UNnwglfxlT0WnAOGU+uOFLJHdULcc6y8uUagtQvu3Pj1hWsZHRk2uMNb2sHpEtv5NLPOmpMTWvKvOtMt6N/klMO6fwdd5GQtGEKIbLJQdOlFQtvB0j2CX2rfVbHkaMuV+YaolRJUrUfBQS8+LOZhm/cmg3cS5CBBAiN1yNbfIYhA7sVyf9MAaIm3l6r43IRuYUQDbpIim1WIxijxi1qR9OIoSnhjutPclXtJz6x7TYzqFt0CApPxEhF7q3JlL56tTnrmnMKJFAxnyj3xeFBPQWZlLB0h3uCfpMBMIeWLyLQvoAl0UrSLaNnBPno1A1DI5Pf0y73jlFJicBau9tw2SRg9nBodvo6SWWcl+uqLuG6a/7NA==]]></Encrypt>
</xml>


2017-08-20 10:27:33 debug :
------------
String:
account-ticket<xml>
    <AppId><![CDATA[wx3db5943239313a96]]></AppId>
    <Encrypt><![CDATA[PXhiaOTSpx5Gr+tSe5hTD1Cl0zcE1NtcLoJbFhB5sS0KYEyLe1dYudTiYKtNzxaE5TSKtu0aYtSxLTRqTVLnak3ps+BpF/ez0nnGj2DLosdwtrfj7tuEiqVj4Pi3TaxypTYW/cI57mk2KhwRxJG/Mk8TprvxlXsHM6KpEFWy9+92FkPNhNwOgY7TU107rnL86UaZ0RFLIgmPtCgnwuiPIYW9El5uyovz0RKWf1ijaAKS6VCz9XwoNVFeTHuVXEFqU1B/79mJqxdpoZvI60kp4QRwlhf2WehVA+rYrn7qfBrAQq56L5h2fp5YyAhbMRM0tvS9dUtYYpbr2g+SL7kZUY+63z1/iVm1BcpdQ+2EMAnUWmMFS/Ym13lKphNdfb3Db7WUGiYQ/DqSI7JPEjCtS3PCx9nWuiPeKIAaXrd3pkyRmYkKxhsEc6nX8IxqAih3RtZdhf1Xx+FY+KvdRN+2zw==]]></Encrypt>
</xml>


2017-08-20 10:37:37 debug :
------------
String:
account-ticket<xml>
    <AppId><![CDATA[wx3db5943239313a96]]></AppId>
    <Encrypt><![CDATA[3NesgBGu/IOrKbt1bngSSC8Zl8jfJuBuQD4YZOmsTuaYyR48iEmldg1wi1heSV4X2reY/fxU4cP0Nu0HLlzzQfgCLtyQEWxCtNA8qmhWxYbIoJydxEwKqWFAMYULLiEUaKmHvzp69xyDgQYgcpizepvfWJ35Ubuor3wDaaEz4ngmfrWQws5AtkK5vT6GvYzTq4vsCL0cFVJSiXiqVEiJQyaNMRxubz5aaY4+9aDl9lnt9K//JEVsgnC7qLg4cgg1ffIkksM9QrQG9pOcG4/6qxPNe9Y5GdBHaT2WlUfPUMsx7bU7Ksbr4qqtfiOykK1gsKBubdwJzqgkhBXu9tMLOYjDw/NZpUPwBfgr9fB8+alHfbHS1vIXN13eINPxzW9PHv5gf3VJl1vwHu2eFkV5sPSLM92XdsJ9PUcCYKpu7uuoEqTx/+7EWBEoCYADbdhWVdTiuTvO1hLRsRc34jx4kQ==]]></Encrypt>
</xml>


2017-08-20 10:47:32 debug :
------------
String:
account-ticket<xml>
    <AppId><![CDATA[wx3db5943239313a96]]></AppId>
    <Encrypt><![CDATA[R3WxTOuuSV41NI5e2vk/T1OJDiC9xUqLUCqZY7tcL0rRr5tb1ACJkYLap231Xhgn9fzJzov7ModZPjz71toWa3pCWOVTxpuRp36WhSnKDzBH4OzqX+I0gYAnS9LF3eCLLkh0aXaN6DFxWozwyEHPdFra3oNpEPwlXTbdIROlEptCnTY3NbfNJ9LFSo3fQL/0VYRN5MgnDpGFTLREllrZwgDRv7Kb3DHhF6D8FBfy9ZrmPlQ5wr23RXar15hmzv/BdpQxHo5K73DdmzdP3KCpDTMdjpOMwzkanPGhdJtvpLoZTWgAVzgQQC3kpQgIDM2ToeBPMUEDE432tIvGWL+ka2Gp9b4dWecY62eHj4mezcsjr2JSIabV1HnzrYK2g+SMkXlkSWPhGUbCm7rXqSmyuZ+H9aTmdXenWd8vGIIeccrC3nDdrLeq4e6zXxKMuKq+oXJVF5sdY89eOpUNUo+kMg==]]></Encrypt>
</xml>


2017-08-20 10:57:28 debug :
------------
String:
account-ticket<xml>
    <AppId><![CDATA[wx3db5943239313a96]]></AppId>
    <Encrypt><![CDATA[UJ6wn4IuIF789NAIPhjbLTjBs5PYFd3g2QVQWLVgtgKAl2It48mTRSoR8jEofNH/3OiYNcib29HGyTmUgqHc2oksepy5nY96Yy9bdPppcHy9Dxn97vrHw+DHG5hkkkPt1nj2h1gR7W6a52WrvYPnOGCc/dl9owBELB8NUbhhVvrSM4/3A9YoKSofW6aofsZ/2v6OQRamwH7aNzPsqVnZfdkHUUi62uylEGlIA9Pl6WlcozDsqw124AL8jK5t+sa9c6yvVGnaWTJjfY7Ka0xnU3GJfDbKbLL4vPf6l7jxDtRTa+sprxkWb80mnw84dwgsZDeJ4aDYVyp7lB/28k9UllyNSzRKlpMKp4SdP+c+FC/GmiRW5tfPBQ0byKvnG1cfOUUbO3dC8MFM8lroNfLb/yhMwWaiLrwyDBEMhiPeJp+fpnjGoCaJ7x+e2w0P8hl8MlFiC+ei9rc6Jc2Rczp/+w==]]></Encrypt>
</xml>


2017-08-20 11:07:43 debug :
------------
String:
account-ticket<xml>
    <AppId><![CDATA[wx3db5943239313a96]]></AppId>
    <Encrypt><![CDATA[tuL9S2NFXI9QROElSjoMnPQssP6gI+pYQR30T+KU8ygIGcZFoYOHPpZVcs6Rc7ZI0kwqiPc0D1fHYv7Nbz9y2PR6AOzZn3BSC9/wJ7cAl/QI4zp4UdkOPR+cDaFQFdDtEZ3SDqk8KmgTk8UGXR/NDna79jlK/9hHEqvtF9fIpDAXE1lvIbLTxewt1T9QMETmjU68ZwjLJmqAIFweQq6En4zUPcyajmgDTf7F7/idA2+FnAZsEav+3pkMEbeQqHUJQpYHEVeguLu4jkSKLLDXBfsg5XKtM1sPnJNq2pCWyT/ewp26Nxkq5ZZZG0ThxV6mGx2lfFylVt7dN/gYMZpz+GjjuMsbNu32PFdbOzB2Jx9p0ivS75rekmRvZe1qcoLQxbzujvwybTOBL0GjlkOB8paOQs2BPYvAvAKC34yVzDPLRZ+jH1KTS9lvMLrjS+QHFeDF1YPgTvyNXensb+LOww==]]></Encrypt>
</xml>


2017-08-20 11:17:37 debug :
------------
String:
account-ticket<xml>
    <AppId><![CDATA[wx3db5943239313a96]]></AppId>
    <Encrypt><![CDATA[foeks2XwoJBAMAIiLnWe0MZopdibRksWtbFrg0P44wG/4cEb+7V/QNskuQJLdxhE5dCAZYRmJIu2vgqsd2LbHqtgg+WKtYeJq/tz9vAJh0nyvsQHyx388G4ebDZ79BrY/bYEmyx8sVhBUM1rONY2zphhC7Mjag5RvG0WCwMM4hJkSeuTs8/y8d9vZvPUD6Uz67vuyYvTBQ0MDFvtBMT0nHJHfJsHR8jF3zQB4dbI40y3HUxpjufRggfLoH2qLZlTnThbWr3QSXEi5/vTrKva32RCV5EKff4mchJARhKGv3T9OAnEZYQu3FhLRyWRuJU+cUFL8x0UnhUWZ0ZSW1NcmF/0FX72OuJ7kOH/S/1BstqzmBapZcbir/PjVpAuPHFeo4ieYL+mMXIZ2abVye6EJF2D/ossji3P53Z0/ws0BiIVQ79kHF0txzhDB8dSHA3L+UGIudK8ztat2HB9CCVVew==]]></Encrypt>
</xml>


2017-08-20 11:27:38 debug :
------------
String:
account-ticket<xml>
    <AppId><![CDATA[wx3db5943239313a96]]></AppId>
    <Encrypt><![CDATA[CEVPqadCgHk2zrwXPZVf4EJypnhI1HiM0W4K/tS05Sxyf9BXBf+HnBZ6ESfN6q5VI2t2ttPpTRDmp90xe9tAFy+b4jhLcY3FVmdYnZr8N9IU+y8GwWLp3AcR+2NGeTwZHHgPtcnIKpQA1nebPU6JJ0vhbIH8kXRTdkeAIVmb+0c8zZx/W1zTwBcAzhBJ0+MPBwCrLrWzztRG4Y+A+1fSuSlqW0+J8HdukEd8aLTfftXVCXbdyncmfgUgESmlINDmMFiVfqXq/gTPGJw6oRN6zL6lEROgl1SXoVBkbWlcsonMiTmOLsR36Wqh5aluYFPkziLmOKM16/2Y5lI+oBQPtnRe7st1rLQTtQY80Sn37GNOw/CEORx6mpJOqyqimM15hFv2HYXFPIw00VGoauxv08No8R+iTOEBlAsRy1V6Add2xX18oOUeww8aT7mm/nEAbaSeIjeRoPmj/VKXRvoJpA==]]></Encrypt>
</xml>


2017-08-20 11:28:26 trace :
------------
String:
<xml><ToUserName><![CDATA[gh_a886868beb64]]></ToUserName>
<FromUserName><![CDATA[oNejvwPJ7DexqipIBgmX_D5yblKc]]></FromUserName>
<CreateTime>1503199706</CreateTime>
<MsgType><![CDATA[event]]></MsgType>
<Event><![CDATA[subscribe]]></Event>
<EventKey><![CDATA[]]></EventKey>
</xml>

2017-08-20 11:28:26 params :
------------
String:
array (
  'rule' => -2,
  'module' => '',
  'message' => 
  array (
    'tousername' => 'gh_a886868beb64',
    'fromusername' => 'oNejvwPJ7DexqipIBgmX_D5yblKc',
    'createtime' => '1503199706',
    'msgtype' => 'event',
    'event' => 'subscribe',
    'eventkey' => '',
    'from' => 'oNejvwPJ7DexqipIBgmX_D5yblKc',
    'to' => 'gh_a886868beb64',
    'time' => '1503199706',
    'type' => 'text',
    'redirection' => true,
    'source' => 'subscribe',
  ),
)

2017-08-20 11:28:26 response :
------------

2017-08-20 11:37:39 debug :
------------
String:
account-ticket<xml>
    <AppId><![CDATA[wx3db5943239313a96]]></AppId>
    <Encrypt><![CDATA[LReft1CoHvUMgBqzbG0jiL6Ik0DmGE1yiMe1d1ai7U17j9eCCEYqgriveu1QEy0O3IUj6YiX2cgfUY4Gbv4bGkmscaGohxlbizE3J8IqegrfkgNZmQFA8fPYlvjTvP+lFXTZ7Le3Ji/C0DLd8sRcAJnibt+JcCahk0edzaOPJ1TF9TGYJ7a+bLV/tGy9yJH8RKc5Mt8e52Cz6qK03bQS63/oWY2v5P87vklydhrCkkBdnsWpXvm1CCQvoM1UBIGGG/m22qvzRl1FfIlYx+Y4XmgzbTgECNwqGAWTQ+ZsK1XKJcP6nraURMK1LhePe7Vk26qJWHB4hZGEMg2cQqzAr1MteUFPisi3RbafvsPFOKWjj5Aa84cbcy9O6NEkijyn9zx48EJzgMMcLdRYfQeb/Yua/OYjP8uFVMoicvbzEg7cH3AUlfnDLFtb66a+F1jlADvep8a/2dsencncixreng==]]></Encrypt>
</xml>


2017-08-20 11:47:31 debug :
------------
String:
account-ticket<xml>
    <AppId><![CDATA[wx3db5943239313a96]]></AppId>
    <Encrypt><![CDATA[HjDNGnIQuf6YE2Rd8HdnKDNP7+mCW5oqs8RIeLyO6EPmB34RlwNpWYa4E2NWnGWayneq5qXEm71iZgpDhp9F2KjRCCmp4M/3tIEe/9BD5UmsHe/I5V0keOIhIwUHIengLZrqtYWtq99mLo41dCbjwIoYUjDjkehmFGK91eNqyRuupbuHRTu1qZNLUhKxxNoDOmTGeOxxABMXtWeYdW9gqCglsjvHzmfkMUojma2SjBR/fwUqXRQ+Q9igU/OSIFZhGspahb9c5CZ4FIMQqL17tTSbnDyz1SZns94qe3MCPhhAids/cQZr6FLKVreF/uVX+lrgBZCuc8telFP6/Q68QD/gYuy076dvkDrrzGN/VP/6DeYrRZ08K/h4SLbxinbHXLaYpgmMQ3BOOMZIiVyv0H3nxTa/zv7TdUYfwQJwRRic1yeVjXTi9vMsQj1D2iFnH3pUBiblkbTmTU2gt2+2Ig==]]></Encrypt>
</xml>


2017-08-20 11:57:30 debug :
------------
String:
account-ticket<xml>
    <AppId><![CDATA[wx3db5943239313a96]]></AppId>
    <Encrypt><![CDATA[sp7GVb/oouRhWBY+sTkmecBB4M7fsmcN/BTCK/qiyN7XNCVi79c4TBplFQb1QznznCkWOegyL2fSmcWo6DKOv8LtrHXBHvEA3uEA3IkwVV4AVyuQN8RVMNijTO8is5mU16rK5nurIEeoEwzaxv+y6WbN860wFnteVc9Z2pzYtxMtjsyo5Lw/nMSm4qhAUMRR1IAXyKw0+ZWiBROXGrXSKRQrg0KxWmDluE0Iz84qMlQYvaI40k35LmtJs8L5DSEjUqdjCjLvmSAorl8SUj7MkmTSbf3tO3eg39kdnTek3m5Z6CHQJJLlxvckikkWCyhzM5qaCFiCFgTl7Do+YloDd/bg5tElUjSKGLEFmSs4ij8EtPlScSTUH4f8DBoRvIW+cj0/0LnXE2IEWseyIKb/kgNiZosj0/o0h9w3VJTaaSbN4d++6NLfwSgI9VR92xQhnCqYrFM3Anjoi/yXsUvhnQ==]]></Encrypt>
</xml>


2017-08-20 12:07:43 debug :
------------
String:
account-ticket<xml>
    <AppId><![CDATA[wx3db5943239313a96]]></AppId>
    <Encrypt><![CDATA[HKAJs/2ZuwdD03uSbIZAYNvXdL9QOBd0jtkbm8sVDQEkHikA4m+iBGapOIjZ03Ze8OOA7Vo1e6WrGjUFX5jXBLiodXA/hoRuInC7XI3FzoQGgLcKT70/cgo31MfWsrxnTx0Uk7wm+WxmKuerr89mjT8mKIYUeLWk9/g/fqlQ72C9USPN6i3h9aRKko1oKsPciRIEb6K64O1v6EmdKH3uFNbp9MlCMSAwf/9+KrljMavwJH5DaddKLq2BhQaACpg3oXUybwF5y5IIgjMyCwG+YNec58VThrBJhhL30ErKdCZCcNARgmGwVrtrvt6gKAnbfo7UbhfleE3uCFvGMwYf72Mx7K/XRQVo2xhteXMMguIKuFCrQWY/MWHKKlYEO+nxQtxiecRidLys75F5jINvxc+ATVeiRd9z/OEgjqdE6lovHkqlnHOZ4mxJ5jzmVQZBZVMRpNh3lz1B17D13gL1VA==]]></Encrypt>
</xml>


2017-08-20 12:17:36 debug :
------------
String:
account-ticket<xml>
    <AppId><![CDATA[wx3db5943239313a96]]></AppId>
    <Encrypt><![CDATA[Y937FesDETIDZH7R5tvVOSLojjUn31j1jnk85GBWTbPEr4whwIrNBHda/zPWccf9mBfzfV/HrXZ+KgHuwPca3+aJT0oHiRt6iaeIhHf2MVP7mh76qLnFp7tNjROTBGFADCBoBc+HjRy3YXWzpc9RGcpxrAfOSofm1qF/vXf6lVRARz7dHNN4QaHhBPavXGuf3y+2koLQZ/zNol2GyWHFXHdboyOaf5GatR8N1KA4EfHN+c1Rsajt/niZfD7R5Dq0fAptpukVXdg6OsPMIY/RJkvCNh+E64RgtlV7sBC1He8PmogKLCgfr65p2QCxBeljNaYRSzzFpYP4qcQRC2f8/orM7UAHa3pigxPpFEdJj1W8JOh+oEGcR+1rQwbu9/ex7gocgDCPTOi+lO7HZvhYzS/OlklRbdXSOWrEujpirHGlr/ociwikKIJwFTkPZSRhoWTOiVoXazXK0BvjMEETGA==]]></Encrypt>
</xml>


2017-08-20 12:27:46 debug :
------------
String:
account-ticket<xml>
    <AppId><![CDATA[wx3db5943239313a96]]></AppId>
    <Encrypt><![CDATA[bmyvFIcx6O8V66MfF9GDGvCIHk4QKtn6uGDIws1mS7LSdQFQSNkW6oLqg2jS4Txh/rnA9k2U+UATpLl9QwLXsWetQcALzzwMDw6/V7Kmi8E24CuD7Gq4/fOVbmv5hwG/tjKgshkUQ9+2Njcy3dsef/pO8y3b7XisrXYsmrWvKh7oSnNxL3z9CE3T18KW6Fa8ZQ1ge/tY2BoDgtzodkm7IVBrGH6jQuFwBjYOA/7uCidkfkCiIpeSVm0qrwJTo9o1elyjjcf6jBdR2/QElB4cAjtquSbh+lLzQzpgaDF33SdJA6gBd3zdWT8CJpyJ1V9h1p/wBdnpk5hamAt0lkfCu3HRmIpT4apVub514vSVBnZ1bzFw+GcdwxLCu9FrNl9/y3oJ/A05nKX4V8LY/8o5YH4Pt26SMf6wlDg4xQCh7QJVlepXJBWHXieSPKNXnZnr7oDYlZ7gnWTJ8e2f81bnVA==]]></Encrypt>
</xml>


2017-08-20 12:37:36 debug :
------------
String:
account-ticket<xml>
    <AppId><![CDATA[wx3db5943239313a96]]></AppId>
    <Encrypt><![CDATA[1IXQBOy9wcq9C9a0GZdFaC6LS00KK6XyDUhT0sSlVIVpVNnwJ53S8PP7wbcyMd3ntdM+UWlDXFJVzefOIAUjsNyaZo62GjBC8wTScsmHGzO9mWfADzrfXzDWWhtJrya/4kfYRub5saKrgTDciLfFOY880yFmPkr8xRajMC8hjBrXxwP/cr+qPXlL6pVLsd9UpVyftpEpJKfNEeKbNDXaK7euajNNczToEg9fP1nDRbWMBqQw0uSuCZZAiKWKA988TlNa9JWrz30igGCOMgEmefi7TJPKEU5zFCgUDomfeIL0VBb9V/k7sylEmdLvkDyqwdYN5uas9OOgQmzGlzC4Pi3Tsq+M4X11+9mUJgxrXx66Zo3yEdq3dbjCiOrjI2PGh1RtjLFKsrDsEPQ8oAQyQzIq1J4h37etEz2juYEeKhs6ruEyGla3slJRClmfdNwV5aoNZ7at8+sxdzCdrd2NSw==]]></Encrypt>
</xml>


2017-08-20 12:47:42 debug :
------------
String:
account-ticket<xml>
    <AppId><![CDATA[wx3db5943239313a96]]></AppId>
    <Encrypt><![CDATA[WapiPE9kY3P8WwISM8mgER3pMVIqcGqTjwRuLrdIH0oX4MuTilnodF3BK/oA8bxJCxQbDrKoR1AJzWfv5hsgKvGdDCgy+ViiiAPjYpJcmB1kvhpF+BGBmOKWWDuobFLmAndLhhHZD4q6N1Rq5Tyk5n/fFiQQdthVlXTdm/WxFdBa/Us/EOkXXhj73e195qfpSW8hIVneapeGyM4rstj59JPyWfWL1jip1DUiC2gRMwBd3oOToGZDal1ztnXwxYIwk0fDrSHxY70T+PHOBd6l2m37MnqQ0F3kMsryAHKZaGW8hdho7gRdR0f6Ox0iaCuGZ0ps7hmtror3LxSXg3btj0nlJ5U0SG4Glxg8HncKnuL0tpZkMLCIWwhFrU4G8dpAXnd6u1h8rnYhAZHyMUBONTq972sZ4K13+Qmi1HDs5WRiWf2UHacgk57HX4HkOrCc4igmiR6bCmntt+aW/9zTFw==]]></Encrypt>
</xml>


2017-08-20 12:57:34 debug :
------------
String:
account-ticket<xml>
    <AppId><![CDATA[wx3db5943239313a96]]></AppId>
    <Encrypt><![CDATA[aVx21ndtpjo6a2wvSo9Lt03Uvh/jeVgR4UyHuqwZ0G9JpPCB/k4nNqbJcfqcBbugklWEw/M6lP7OaBg06WiT5zbMpm/wLW2FVhnvyZCnOSJY5rZAxM4cn+FJc7WtcLHk9dWrmPGa2my18K3L5Pjma0INiwewfGzB3vQhzoMR92tOt/33A5lizwNXak/tZFwG3zB6DBYc/P0b0rgdnx+VC3GRlZXkGcNDAV0iLgkeuYMR0yLv2949olwNvURPMpXDSWTvE48sZlCc3IQ5iowDCMIRTSUbq+ekuolm1gr4c5lNw09D7ZfvnAw2BaSTl0h8YXIfZEGpDrY6s9sMGsQubjutdRDIUWTDM1betIkGUmxrsszzUxO5Bt9zCdR9Tvf2+mK72AZ1UCQsQkEucugNrHzRqfyLKS1/x5l0T1ooM+csodWzy66AFtlmCsulsNLQzwJ+6hAKQkdSuFgPSm6+Bw==]]></Encrypt>
</xml>


2017-08-20 13:07:41 debug :
------------
String:
account-ticket<xml>
    <AppId><![CDATA[wx3db5943239313a96]]></AppId>
    <Encrypt><![CDATA[pX0WuGo8oLe/DM0rmIBT6NxZB7iFdLsnmJB7oEdWQsIYiXAsHpROrqXaV29365tjYrYay+fUdgW+JAupXg1gh0yeb4zmNHApc1Luc2/sElPERTzVg9///5AvS+4BXj4jigu6+ICwGHw1OV2k5r5Es1K9v9Psd8qGkKYJ/8Ou6pRMhnLfYQF/4yqaT3H/tW1Mgd5PpKZwT9R5ZiuYEgSltph/9Rtkd1LMO26/Ai28px9wEOv7+Yq7O9xkl8Kyw5+sKhukQkzKMbyfoT+Xf8CmOg7govLg7cSsgehPnt97w/9botScBDnbmX5AklKPiKaDaEEmJnt8sx3WpbvAncfm38sUIYpy+k9/tejrHFXiTdd1UH1B1ESrwOszmGMakfMWcRaOk5qnLuvBuQlTCs5qQG14/0qZ8tRKSdwkp4fgcfoJeskgXNtDTkFqNUbjHRKmnEpPxOLRZ9BzlclmlLJz/A==]]></Encrypt>
</xml>


2017-08-20 13:17:35 debug :
------------
String:
account-ticket<xml>
    <AppId><![CDATA[wx3db5943239313a96]]></AppId>
    <Encrypt><![CDATA[FhQJZfSKKdQLU/gcTyNkj97V/qTIwJVDruSfunveMWNk8BQlhStTTXOxIsdK6KmcEb1RREWq3WbUXnBAIFQXZd4C4c74ZqwaXv2HoUNoB8KrJViZPrLlwFWQa7A9RMc7K/erY3yWP+wOCSqccpmFv+nnU6rSmoxI6eLEPmLLr9dWzKJaUSsN11BLftSRG6Q610KDuZ/096Typ1Fwrs0Zbky23xVQ2e6nmsdO2L8/ULG8+4z45n/QJraIChh97hvadMUzwBSomhLedqlDV/mnRKSvkEojXhGquY1FsPupESAf2hozBxGzqz4o1VpwdwTzKmBMa22cIYbxTBqKbsrQ7itH9w1qgEBeT7I1s70P4Hj7wEtKBXncJyzEDtAu2wWIStpiXiJDyq9OQm4IM2+E4Ob9cFwH+hXv0TswjVGqPFH4qyhsule/WKsdUxDGYFqpkWSeEwH5pWNKskBu7YnPyQ==]]></Encrypt>
</xml>


2017-08-20 13:27:33 debug :
------------
String:
account-ticket<xml>
    <AppId><![CDATA[wx3db5943239313a96]]></AppId>
    <Encrypt><![CDATA[pSoFSGQfNMPbIkmhRIokXK096sODMdtb6YCyTg5HCRw+JlyCyHqs9uT638QUFc9tetvm6tp3/3pa+y3UZWNGezZiaeBsyBTZeWsf4YZnkf5c9TRru6C4uCm0TS6SfXmtLtttySGfy/kkwn/HXRqqfSy/u4Ccm+dxan9FxA7oC0+a/nJAtMStdpl00/6L/e+OadI22YTfdF1S8SnK7iIaHl1tU6xOLl8pq3o8+dd4dVsohnybx5oWCNhdR/783ktE5HWehHS18GG4levbhtuXTsYqVTrVXxhXvyvr5f8wrSwAqqG7DPu+rKaWuP54qIFc9RqpoAEsRjUo7p6N9H05oJjxAKNqOAfRrq+6JJo3ct9B6GEKxo73CwGR9vfvqCQzyfCLiW+/jexmJngva6u0Jq34lTb8sIIkIJ4tzY4PD7S2QKmz8/AwyFLhWFpu7/CvHf6kLB/cWVbOOukYu1vIow==]]></Encrypt>
</xml>


2017-08-20 13:37:34 debug :
------------
String:
account-ticket<xml>
    <AppId><![CDATA[wx3db5943239313a96]]></AppId>
    <Encrypt><![CDATA[SAPQLl6XB8P9h1HRy98trhXbOtu/2AHM2lOfde/yN54/3ByR7C3c010xISWcvV0/Pv+Q2CsfYrBPo6zSQ0G+WS4oQW91lx9rnUf0GsIIPms7GLDfMTed6QkhKid+3xh57l5H9dTmqfObBuJ7+8MrGWgiJekPYkiynYOHbBve7ghGaocljXinpNHQzysM5QeQLfKjJKRavaHmKj7XZFG33VXZFACoTzV/uo+9FiUrVtFsCYMh6yNMri7ZNDOCwkI73WIsUbWp4rpmxE+J5nGST2GXT3oONCrRYHNSe7ZYCsfq4s5dP6yPTuymCRb9StxlpYe3M3Zwane/WbmpBZOnLfy8WsURUfJe6/yue8SVN5C97qXxj4MXBUXumwIAWAIOW4hUJ5RjCSnvjmpw/mRvX6DJn7oB/VZ+7+V7QcYfemKx28pcuxRbzH7TxBOC/i9e7HaUFI/Ynh6iUbQx5d1SeA==]]></Encrypt>
</xml>


2017-08-20 13:47:30 debug :
------------
String:
account-ticket<xml>
    <AppId><![CDATA[wx3db5943239313a96]]></AppId>
    <Encrypt><![CDATA[aX9eWHHr0YM1vtsm6VQ69v0S6QPwfiGCDz/oGCewMZ5QttIbLEX8wjc71u+qicmB7ghviECCGGlTyNGFZe7DaxX5qYUaXexQzNwKmtA1oaCO+oWiPhoD7g+pp0WomOf18jXWb7OwRgNzLG26ab13OIhTl+539uAFHuFyHHjTqUWG1hj22oCpfsI51LRj4ymQuJ90N2mnipFpmzGWpgrhZl3wgvk7N6oK42x0FcMciDHplK7j1S48dxSltd+PF4TKvJcPSfUk9cqL+jTMTZaoO/BEIm4dygJ89TH58aMcaVjr3jCEUk0Bb5ErNI5cZdbyZEQnYHfoT6HNBifgpTfNcajSFFIbMMgwBek4juLg7G99dx91+rovWR1pLEUKpOE+lSr9opc6ugdiFbYMpjg/TkOM1rFEOUA6GZhPvFQxXYLxAnDT4GiuU022jtZCHz+ZZHtq6YKLIj3CMfYCVr+yIw==]]></Encrypt>
</xml>


2017-08-20 13:57:31 debug :
------------
String:
account-ticket<xml>
    <AppId><![CDATA[wx3db5943239313a96]]></AppId>
    <Encrypt><![CDATA[Eei9TBk0QNyYzt5oYNES9F9ygcUfdStjykOxJc/n8m6oXElNJ3PVkhGp5GeFU+9EaXPdqqD4vmTN9pgaNMEAzyzyykmx6UzhHXzcWoRdiwpFeVzvAzFA6VTUgP1KIU0eeW1BxCHVQxdIaEVQke+IsA2nAxY5U0uh4o6uUH5TSLRjA7d7Af78W7znQMKlFQ7MYJEiMTMHtDRFUWv2N6xhNyL+/2poxM5hwEqd7gtxoX/Yzkdlgeq/LrhlebkKA+S+rATU3Px1ozpS2meCLtLIVl78H8KYEZ4Jy73syWxzp0fJoLSdOxX+IR7ft8Pe7KeiqEsrhE2WR5VXqAYLygVOASPzgWV4IncFgYw7oBda4SQ7wmp0vuc/i3Rbg+uQbRGLwQhglBO51p8NwVnAhOpVxMz5X/3MTq7XYU/D6qu1ih24IFbuwgYliUl1YGfdOWiy0ilGAmVGeIwyJz0KYI1Zsw==]]></Encrypt>
</xml>


2017-08-20 14:07:34 debug :
------------
String:
account-ticket<xml>
    <AppId><![CDATA[wx3db5943239313a96]]></AppId>
    <Encrypt><![CDATA[Dt8xX4/KHcGgUJ0JvHDlHVGmocJoLbaHyOfPMRooiS+HdbXw7A4B3B1Sd72HL9NBGN+MsKqp923mH3uzSUeDjIofBoESiZ6qmEYm59qBK3bbhtObg8VyFwHpOc4l5i9Rm25UKLJMtzm/lOWupo/D1wFqlpwutAEeZgvuZHwE+RJ/FJNLJKB9dM9l9IrGlmFTJWZXUWHVrnbz8wT/nOmXU2zWKgE7w8Gks/e9mDxcPg004AAy8ZK+HSVmrE4T7IqeE6WHxb7K/jkTi5vej5Sg4ZSLCIlFqq9YSXZmsAeFdEfwKbf1KWI76NNOdu5ocbin7zQpWj/anGgVHqld5DZoRimnXcZgfZxil8plaAps9Einzs6QobcNpHmnCYol0mFhLy6cMQDldC0hW7IMweJKpIxH48q0pnAqLbhm0SILQmzo+fnlMSFfUb1uWdmGXtoezHCE1cWOTIcV5f6f9+UkRg==]]></Encrypt>
</xml>


2017-08-20 14:17:36 debug :
------------
String:
account-ticket<xml>
    <AppId><![CDATA[wx3db5943239313a96]]></AppId>
    <Encrypt><![CDATA[2Or4K1JflykDcudtv9ZFC3smdO/x2Tdos26OfukZuUqwXnFY5uwQ97yy66SHYUVw5r8qTWya2rukwOdPGQCU5bPnofb/AkJMD+76fynl72LZ6TI/XpXxsGpkp90SQohvDfEldQYaU1zLA9zY8plswy17HCRm+a1G62wdVBA31wXN0D5wP8pwwIRqssELni9OUrufICZ5GZQWEKh8jC/rLko1EGMTlDxQ+LXVq6phq7P/m9duVoVZoqWatnNgqwRD9hmgPOodxJqsIRmwpsIF0TDZECi3o6HURjlLgy8K7fbvQDHOluaCLPiJungcsN5sO+INTVAqNlJj40fbmvF3gkUiGgbmMMOgp9O2L/dGovCEpKXCPS1OowEbFGMMbPo+fYXm2OaesEixbnzKfVt7u+q8twnsPX2MlghBL5YO684KnhVdk1phvxxUEQz4wOpG1nJBaIQfr54X4+eCPBKbgw==]]></Encrypt>
</xml>


2017-08-20 14:27:35 debug :
------------
String:
account-ticket<xml>
    <AppId><![CDATA[wx3db5943239313a96]]></AppId>
    <Encrypt><![CDATA[Qio+RoVgSyou1WiaPKfLIXwBgt1mf2+ZOIMoaQUkGskLfV6zTXb+NzcO6qz533am3xLoBopEIDcCvEdYLHlZM8Wdzqf0+rYqK2MAv0updtjRjDVb+V2kcesf8Inp1xEvH4UYJ2f4HXCxajvJVqppALH7UfjFqQ7pHNdDDDpK96Fepuo0GZXCznxHVwGXvI7vwMWY3birZa4MXpn9B93XaImuayTVbX2H0Ed7ciPmP0LeF9CZag5xtEZZZbQo0jUuFNP799z9+7mrNU9ZETL0S0B6aoW/guAbvg69TDzhPFB5F6lG1I55RX7SsZtEuVh91M5w1Z57bEVKtPFvo/Qkw6eCMdpdAAMo4G2ao0Yxlcxpc1/mv2get2C+MBfJw570iDPd6nhKEDaZfbAAWqisnGA68ZDDsDQ5beNdcX/M7YIw3olbg+hFXGuOCK7PSwVqP9Zad5oZDKC++x2a5QVB6w==]]></Encrypt>
</xml>


2017-08-20 14:37:27 debug :
------------
String:
account-ticket<xml>
    <AppId><![CDATA[wx3db5943239313a96]]></AppId>
    <Encrypt><![CDATA[Zdu7AfbnqL5ATqoDk+WQLpiDV/d+FcJaKBVp4dpEYwW5OO0dsA5Bru5hjSTRnQbq4moGYsCZKjB4aatiJdH2BVZBDunekQlj8URqhAUenyx274C+CZ+olU6V7Jd/CgbXnqSihI3FWFSOxkJruTFcZU090D2Hxu/N+rRwlgPmXWLNQcVNA5EIgGfL02qBewP1/7BgZl7HK0rO0v2LBb4+5JHPKE7OHFdN6vY7DVRjNnQOsDyQSXZcu82aVeFZB1oKMQxD5+TTTD1WmSJRTnIUcJjkC4wjnHruk3dyuAm66Sx2ITMdu0QeFK5YX3YMCRH63En31FkChJzIAsM0I6B0OJxzFdeB9afkQk3AOba46N9iuGPl1HqAjjo2EYMZRexuMP1FN1ATEeEt20PYBUTBeSj8vUsl9BqpmGDcnMPPf5nReDlWw7RCGSW/ge50Eqe65NqgCIekajyGzJv9/dm8RA==]]></Encrypt>
</xml>


2017-08-20 14:47:35 debug :
------------
String:
account-ticket<xml>
    <AppId><![CDATA[wx3db5943239313a96]]></AppId>
    <Encrypt><![CDATA[juq5sB9xtDrWx+n1M6cJ7crvZDdPONobprkNhuCeCzow5hmW08/yZSwAWut+uuAOzlPNVy4E3qk9ZdTZ24yVC/Femfrq9f69vmsc8pxu9YGIhQZeyg+y7xLYvd9DtuB0/26stO64zVpP1xscK5hiYSK4LbojIeD2PaK5bkmmLUGNTkvHLcswT24kepO+84Vs6GNtRrqeuEfj8SIsrW9OfLsJyfVlAQICjTWj4IUP9juSs9TAgenfSaEVLwhadneDM11zbEBpms1XID9BqRIRogoCClKHtLXX5yJ7kctkkhKPTde6LZbHyNvIFN6+xsYxtG7AyTPYzhgJfnys5+X18hj58ZtSBsLSy3E1ckrKV4RKb9Q7MrOX1W7CNFHbkBoNXRwtIaNRnVVxub9qTRU54uhwiqf5hwha1ZXILYnuz3GiZrzDwTf7TdyvIyTTfP7A1LDPgIbJb/1gwF8mgCSm7Q==]]></Encrypt>
</xml>


2017-08-20 14:57:34 debug :
------------
String:
account-ticket<xml>
    <AppId><![CDATA[wx3db5943239313a96]]></AppId>
    <Encrypt><![CDATA[XbzyCACkoyj1rC3nNhaDq6HVwWVdO4jGotWpJHc5aRfGHM83Ob9Vt0vz6AahQ+BbC1hEda4Whzqw6tl8/hDWgLxo+yMreQUMqU2LQHSBLeWcr/LMsmBGWZI2nglQDP0kA2bwyrTRAP4+lTHROKdHiH6QnnHtsbiDSMFHv5Si9eDnJnIvjYizuq+gc/T12JsUfrhdBgzdyP9lIgrVni5uRq2HgcjSnujw9ya+x7NuQY/44sIDXxX91zNtgZthSVB8C7dwqEB5UsM13vtS4KoVsG7sQpnffPxU1N+OuhSU1C1fty1vZmJku/U0QobnQx14sXPIv+u2eLGR74ZExGMWaNYP1UWrR1Qduo9kT45HDAK2y7QwRvjtDTo4NNMCQ+2XRUM2iyvyQeLeW1AKB+1zG8qNnNuQlt6X1devVyZfC3LjsBDcShul++FghIy+GCvHNGtMGXy68fc9bpqCep/AjQ==]]></Encrypt>
</xml>


2017-08-20 15:07:39 debug :
------------
String:
account-ticket<xml>
    <AppId><![CDATA[wx3db5943239313a96]]></AppId>
    <Encrypt><![CDATA[IAnK6kitiBvwnG1kFW4/pwmCRh7W7RBt57L+YleXMO0nUvp1NKoDac6uHypYztbeV7vyOjD3tSTSSTArbtIFFh0aXQxa0f6EzmYgyVWkgKW/ewfToKW+bhZIqMQHP6aiwPBUkA6WSy0kOgNNg73gWGcJ8UAoVzjWSK5UzNjnv9BbBqNhwOhdHlV8/hgr2HJdjtflAXHBfJOCcTxKt4rkjwXnI4SacvOqfGF7mV8OC+gWn1KdRVMhG/HesSKmmbS/ojiWWfJcB2Os7H8f2EJoLQP/Ma8lpHA4a8/i+SCaGT0ft1acH/HlhkOFOkegT6t6xUqPJWwXagGLGLQlJuNKC1Q93t4XGgt4v9F9TxbkSCo15Gi8/uWvihqWfW+nJz+KBbwnfccYjy8NszdNN0I1vnmg0nO9NEb1iGI1sFRDPLUWxKBS9t39HBxxyD2SliFVQRPw0AjMdfc/EvbmlPOiqA==]]></Encrypt>
</xml>


2017-08-20 15:17:36 debug :
------------
String:
account-ticket<xml>
    <AppId><![CDATA[wx3db5943239313a96]]></AppId>
    <Encrypt><![CDATA[YxEKwC+r9RqwJNFjgdbpLrfMDfKL/Z590Z2VtkdifPy+4713RE69BB6I0X1NRkM+zy6zqmVSeyj1Oj9uRcPH6I8b03FWVIS04DYJevYLX1OIXxZAfV3U7+k7BXuuKg7LmYwaRuVPdTbowPav9v6OVHJzh50us6fTSNrIOno5qM2AgVTR3As1Y/XBLlDH0Qh96dZu8l6ov0E0Lv9ZvHEIRcITEwmGttyNfaR3QYIAtLRB0GdRDyIzM3qDtWQ4xLIzSz4MxdtMEq+Y9coj6oljiTvOfmRGKs4EJCLehuzFcDO6fiGIz68uSZjgy8R837FUTmNoJ6R9+J6VPaFBWkHrbXn+NUg3kA6X8pic/P8MurWXolXL+fp90BIug3ECeWsZP6g4jhujoWweBDDpATogySwQrTs9rmEKAG0ZvS6yPiK1XQCJJP1BVEuuLzSFkMh/74OhaHuWxNuKJCvIeZzqTQ==]]></Encrypt>
</xml>


2017-08-20 15:27:40 debug :
------------
String:
account-ticket<xml>
    <AppId><![CDATA[wx3db5943239313a96]]></AppId>
    <Encrypt><![CDATA[200BcA31wxN7PUu1vPZBasc5C1QSbpVvkGJs0wP9bNryxirpHO4PCoAfVehIUr4Obaqfd21rECWQn2VRqJddCO0bcYTrW2aGQagfXOoc7PcPbasqYS5trSa34IBF2A0VLECx9KHfqIrJ+ZbjCzygnz8RukhdGfH0pBE9jK+o73olIzk19RH+6pdfciRg8WJ/XHczAAAnk9Th4UGTbyKz+aQqlWoYdrisOn2vPZeuoHfeq5A1iFCakOZgl7AHeg3fC4MCRD2SJ4M2mkONadI/Gg5d5CxR4FueBTRR9oEcmHyM3zgcOd/i7Th5Mg9WVPp3WQnuhDCFEdUzG6hYMRoJisF0jnnnPSC3mdVF3ouo4p27crN5TjdFnZ+BjYXblrLHukXT1Xj6edyKfs2kYbRLmK73XARnKeufB8cdzyUl7AD8wCWi9ylapXg0Xz6jB1OKqyKEHvvaqBzo3jD+ecTPmA==]]></Encrypt>
</xml>


2017-08-20 15:37:37 debug :
------------
String:
account-ticket<xml>
    <AppId><![CDATA[wx3db5943239313a96]]></AppId>
    <Encrypt><![CDATA[TVY48r41CLDnGURFsUTQPif0KRGhJNcQsRhnE3wcmZ4Jk68LqrVVP2BfOma40CVZk0x3EKsty4W+F9wkkj6jSEUcH5eDbSFK6fkZTtjtQ8PtUTqb6r+LIv+gQtWQrd6mlnkuLkS5vRSfZxZggDh1OpbZlkWni1b9zcOZlBq355sMHe/pO4bht8IjWXHBoXi5ykonhGATxgvxxkguRyYrd85k9mf0tZGSb/7WqzFHicEGO99Unn0WpxXSZ0dvuZwomkayR/inwggJr4NKkmpsLyTf6/DIzD1ENkn7KxaYSqz+FIaE6FXoiMvqsQpIyr0N0CjSOOlzrLNZrGYitYIUjyEpLHQZIwvU43kZHcjq8kw+30P2RqD6d2GupK6PbkWFI0NNHHjf+VxMou7YCkwYZI1Ky6d4IOqfm9GZo8I5HSmoWVPFXpHqP6rkdCdgfkIpbrKN34lHF1NuddE0JO89Lg==]]></Encrypt>
</xml>


2017-08-20 15:47:39 debug :
------------
String:
account-ticket<xml>
    <AppId><![CDATA[wx3db5943239313a96]]></AppId>
    <Encrypt><![CDATA[SNkc+chD/naazWOMXuSCTcHkiDtH3240pjDTatbGQ+j1HsgZHOn/dYV4c5gn7w74ZAaKKyeX7Y3lUpZqG731srR+EOd0w51vDdT0F0H96IjALUEilxwE4XINGWiYIPPIWIJXW/erDXlHTcqUFNOt1OtQ2O/EG21OCehuUE8RvBw2W89vRDcAB4DmK5ZlxLSmp9IisRysEH8l3B34nIcWAcR1teajTsz0WWA7roscHBsszkBlMTUQmgPe1pyxnCGeRkXh8+Z9VLcYO14YgAPw/a47iiv2VN5JpH2P/x5UKwDixXFLu5G8P8qTPB6Y82qMXdkJBGvnX+KBY8oyv9NQiW+Em+DMEw/ba25rfyMY29CoW1UuOj3/pfAB08bqOfCw8tYJEZDpVQBPIzeHH2KE8IclUs1XlOSB3hGryNXR/LvDYa3Mgi9Zt3bZIQx6qWdUTWlf/IIRovZfqoth/B2ouQ==]]></Encrypt>
</xml>


2017-08-20 15:57:30 debug :
------------
String:
account-ticket<xml>
    <AppId><![CDATA[wx3db5943239313a96]]></AppId>
    <Encrypt><![CDATA[wXHliKZXP0qF6oqgRo68PXjg/YDnkqmKtqCbMRd0rlWst1//TuaO5dKQ9970Wskavf7yojAjGLp8XMt58bTDg3UAHRQVpbslHm/dk+gqTh0TpyFfoUsw6HuvMm1KR6Yx2rf1+jtNmSMwqZ0EykRDQNQtqwtkKrGj+W9tjVH/A7XrV7qAVkGu56OXRPobcl/KMu2pPC5qROqQEecS+MP2X4ay/8KOKYW4NL27edkHxhBR7/+p82HBAF6SeDIPpSJSoxDd8ePlj66T0SMYuyR/X66S0vDZ8Ue11gISdjCnwJdXB9rXbtXz94TB6ATY09io3yt1b5W2QHMwNT4Frf8D9H7kwPqDQd7SpBq3a0otCN/w62TyfINBwDy2yeh/z7G6BrDcl/kjkr0V63RikrQIsoIjH6LY7euBbu88k+P5/m3A65RsfuLC3+CdxqFAxeB9+ixpRPef5vQag4lZ83Ghug==]]></Encrypt>
</xml>


2017-08-20 16:07:36 debug :
------------
String:
account-ticket<xml>
    <AppId><![CDATA[wx3db5943239313a96]]></AppId>
    <Encrypt><![CDATA[csLUdAVykqmMx/fD7qXXByvY5zwjzhP3FFDpgPuhSW15NoEMIhmjsqM+TtOJNDMgSawPo+APmQnNeLZ+IDyRzWEw04hWYEQtcdNtArTzLx5cLR5HPNAx6dhbPEr+D8GU5H/xn2CIkdtMH0kH9f9uv+bnWlMUpdfYAga/6h7bC+GFwkMc4Fhe/+YTAQKGHQ8NKyiaWZ4SKqrwED4zkRVbtkEUFRvg7NwukOmv5AGMfIqQ6t4vnR01dcX95WwvfzRadajHvrelmgCF1T0B7RLCatnWcgPMt+pl4pI8c5fLkqDYIMfj7L8uo79fPbTAZGJrKbEh38xyVK4MWX9jIOHTGsdVWge3gfxybHz8AwoDkEpa10PT4bzdEHyKbkYJInuRjnndK6Vp0D3FbgZ5edUycAMf0ZH6WEcBvEfbSJuL8AHrnJEAVAqk7FnflrrxCqTgLkOv6u32DcSjPWeEETpzNQ==]]></Encrypt>
</xml>


2017-08-20 16:17:33 debug :
------------
String:
account-ticket<xml>
    <AppId><![CDATA[wx3db5943239313a96]]></AppId>
    <Encrypt><![CDATA[gThglwC/v78t7cmvKYSm00b9GF3DxDJwqjHReoHL10tJCQkKdrXSwcxo4/ApAozqP/QeDBLgZk3mob+uhshgGxBbuUkWWj0BbtWpyeQqvGDYoGU9KOUxBJ0xe8nJF4AB9fDucVnD0GqWuU1N45Brzl2VDgaAqfB9/sNXOqVIrmsbxbkrErnnxW0o9q/SrSObhAJW2p1XVuXZ0+0ez9S3mrpKwkSOG29RLu0FC4zHFhhhQip2BwgZuOtKSMlfkrugJ0wHXeY9H3N7FG7PIN7nFgWZQXWvDBRfdMctfPtFDK7VkMrah43L+7BOpurdzjNiXu+wIPUBwD6DDlZZLe7M8KAlcG6hLyuJ7u2bwDz4UxSXCxoLUrf8eQOhse7YJKSqOqt7E2sPDswXGeqr7z5yLCypchWr0bXLBL0kqJbOqdiSu9gNnvbMM3MoVxjgxgzGi7+eMtDrtqpeKlNbg6klUQ==]]></Encrypt>
</xml>


2017-08-20 16:27:33 debug :
------------
String:
account-ticket<xml>
    <AppId><![CDATA[wx3db5943239313a96]]></AppId>
    <Encrypt><![CDATA[rUiVeKVI4Zt9pAM5jCM6/Kwl4yNcwn7uQ2Uc/ExqQZatcRNnbxC4m/DkmZzZhu/zt1MWczEEu1naXl+dsgnVv0EoJwWuFk/Jv1Dzso6c5xyY8fdIQwPaF4HM+G8gz/acTquwVj2QR2YNKEotMP/6/yflgomcOnpHeaFKP88bEXDP0OsHZik/B9/vpa6lSqLzUkwPDpKs7r4bxeN+HYpLYakGClhSvx6YVsSV+DFAASowZy/Dq0ml9N5jDW/C4N1Vs1angmubCEAXeLQgdJgZQOVX/y8sbfSIgN+OMRjltE2qfHSF3jT3FKdEQupKb/BZl5KKc91tJ/EbGvQsyBsk0/XuUOk4DovLNm0LDWQY4ECBXD1DLHEaMHehQiashMrWUeF5eE0Uh6zq1p5saK18ca3J6waMFbTatKd2OCFyIHaH+DeNCN4dLHsLdyQq4yrK1TH7mSkxV5ktHYpq3ZRIZA==]]></Encrypt>
</xml>


2017-08-20 16:37:38 debug :
------------
String:
account-ticket<xml>
    <AppId><![CDATA[wx3db5943239313a96]]></AppId>
    <Encrypt><![CDATA[SH54oomFYRsZldLvJpzuEJ3yVEXWXKi1QpMuVWa1e/+Zh7iND7IE4jiSdY2BovjR2WPPG1jhPg/ZDTxWKBVOZ0XNd49KWUoSK7yAg0FESNZrR0zWOYyAnZAulLTbSWRJlJ7JoKiMrk4rsH/QOvNvX062v0sdtYOo5X7ZNaxnULuBqxJESABL6JgQU0OeexXD4LI7W6jaamTCETikUtLqKz7uLvYJCrDBCVCtkTJUgMG52tyqAlepox8HPNLHLMjX6mGMJIdoPyFYfCDggic1TpH6RG9+q5Nr0AreCzna4yCGOtx8nSlbBprJ42K3INat3/XdWOI9espxnhX/dwMOZlkdTxI+KITvpI2YHk4Y/jAVzo07VKf12bgFmcj1x4st9EzrqmFcPZQy+wOMo03t2D5sAAC1w4ipWHtr5MNjbs/p3scONTi34zeYJSPh08hq+ajbWOmIacmJAcDyoQqC1Q==]]></Encrypt>
</xml>


2017-08-20 16:47:33 debug :
------------
String:
account-ticket<xml>
    <AppId><![CDATA[wx3db5943239313a96]]></AppId>
    <Encrypt><![CDATA[Yyy1pD92lY+UoiexQEJ1Y2K92bGkNU9fWo4FkqQx26t0iVwZ47MXDLUGNVZoTSR3qDwnBuZpaGnNrXs3gnYirGGjvT8BPM+m1SVLDlAwntgt/RIUt8Qfb1ydkha2hTzBlUSrVT0hw3x8QGF0ROax9D0TJ1VWQmCtjBAf+F3EOg34DpCjBUGTZml/M3h+QNicj5r9+tPNCWCzAnGqKwjlJhgm6gLffraYJXwawgFmWbVcV81IwKzwo0lkGRWGUrDCrMCszMgWk3KJYnC9SRcuMX7/dx7qj8v3v7OD9HVsQTvaD19rqIShCPLXyq6GZl2qakUt9lNACUEcM05vCvW1mhBwOsTiJqTIXsY9RXreKGCl/dAAcoFwsrn/TUO1x0mh1aic1/JDWfM0DmkeYtze8c6Zug2Hwvv49wsFLU4jGiSeJKvWg+nT4b895gN4rCqC3FriKRBmpACtUqwzduiAHg==]]></Encrypt>
</xml>


2017-08-20 16:57:36 debug :
------------
String:
account-ticket<xml>
    <AppId><![CDATA[wx3db5943239313a96]]></AppId>
    <Encrypt><![CDATA[pOZ9WflcnBZ2Rd98hZou+W6knHc0ghyZc8bxtA+z+Df/+SEFPPIMTZznq1XG4xJReHJdbfkVQyYVc0mdtD84gjYj8TNyaPT5ecDI6YiCnAV1+T8JcWAwafUE/qZcAKIUZaEXq/1eOri5/Dj+BI5OZkY6SsQSlvIPptkYz6vNCNjsmucjAq0eIrbRlFF6FwmMK+z1+jHnGYvmI+kxFzmuDH/ns3H0Uf9vfttdarKw/qjB5v44wLEafMe+qXU4NpO2xE+mtl+oiZbXYAjUQuF7VqxNPaE+FAmSmTX3M/rmqN3z4+3jA16gAAuCRIf9k2uog1CJec1kdG0xHAy+jUcLxLApSvdtqYdNTB1X4sATgivp6NYgOCPs2ddxhTIdICRxM1pV0KRgpP4YZvCxtTGmVzCEUuNtxVOmOu+qCJ4O3MK4NfsZLFfShvUxuQuHsKfcu0oZGv6zzdq87IJK4kh+Pg==]]></Encrypt>
</xml>


2017-08-20 17:07:37 debug :
------------
String:
account-ticket<xml>
    <AppId><![CDATA[wx3db5943239313a96]]></AppId>
    <Encrypt><![CDATA[7gatUvvijOb03MISpx4BIeuk4LpYXftpG+QVKOFWOTxVpNs8C7NFwdx+1EDvpOgsFKvdHVUNQOfWu4GliyZyFss0TfQILreAlPISwSrhFe5F/+7gsdmi+7YVfutvK3q4MKUPuaLWPyKs2d4egyhoTG3fovX6V5A4Ralsj3WTdLVfrTtFGmRPUGIEJAWsu6Brw70BTxzRRicK+3Ce/nho200ja6yUG0xJtqNuO2uzcULB4TDaSVUSfXvjqtjbhEWS41BsVi4XB999goUqMnlZiQGTTrn0/IZIWElhn1lELJtBTG268S9mo/0FTrrOO8oqkiPET85vJEJY96xth91JHcw0PVkELONv8dXg0WSilkAB4PE1DB3aVtjwgEknY0lBmNyd2vzNKZCYfYN5KfugJz4ftRV8FRqWr3U6c1MUkAw8KjzoXG2UFPJUirU6MdjLPQ9DRnZHm0f1SFB+P2n2Cw==]]></Encrypt>
</xml>


2017-08-20 17:17:33 debug :
------------
String:
account-ticket<xml>
    <AppId><![CDATA[wx3db5943239313a96]]></AppId>
    <Encrypt><![CDATA[BrNnxaMf400mVq7oNOOMwEqXvwnWIKOAgmcrE+yjphBP1ENA/wOuViG9tGwKaDG3jgmKRMH+X/LNg0iTmur8CBDlUpTFvsSiJtB/8VSCjSWdpntqasOh1aTHusjrjYWGv8h+zUuryRdcMi9l3KY4ZGBFPi2AS8R3uG70z17u0V9rX/y7uVGyXinH0mDO3Yxzyu/U+LVfxhWK4JXBo1tJG40O56hcC9Qps/xnPOK+e7VgontPHtgvdiJQPXb18lWzWons5jdFkCnziysiTuT0fsONUXPRj/cZDqxOf2V1KavVrZb1rS5K5h/bl7QMw64hWTwJiqDgKLjiPbZ3AY7FXQYj3W7RQHOKxJEdOwj5n/0aF9R682YUCRCW9qbCtvYcfai3Z8hs4If7mmTga8wLUklDbF4m8ujAKhofY+OmHC5/3AMh4LZiSf7LKhNTzVIag3sY82IMyyqCmCrql4iJqA==]]></Encrypt>
</xml>


2017-08-20 17:27:33 debug :
------------
String:
account-ticket<xml>
    <AppId><![CDATA[wx3db5943239313a96]]></AppId>
    <Encrypt><![CDATA[MtMCuxd11XrzMPalkTUkLcYrZiAQ25amskhPPpW4hm6w0EhpUsLGuqcwQvKQYZU0Z3AaXx8slb26TIWOq9b+4EHFll2PBF+UiC8LXMNCS4amXgJmVjsrM+ddIrIaY032pwlMCIek7JL2Xt8l24Nhuq3RP5mcUaJzcgjLvlsXLQZb6CsIr8qOFTKqxBB1f/Mm9W789F/m8BFgIdvXXLccNz3PmWUsTOuLEsP3DS0OTGoJjeFA9BgouOHSI7C25GIQ9HnvoYR1eU7SVUMVaPAlUeLUrkvXhvAHJkcBT4XPNUkLbcfBf9yS8UDsGUiGX8QY67DRPu0f1hjxHfmTjv/t5RCiBzYehiW4aCO8iGbLMLJed593r7aYqGuKWVI0yfP/cQhse/Q4aZ5X1hAws1LgcPn+PVUV7jC9Wl6ndrLZyHR8QdXPKbUp4HtE1JprSn2AMD+3yNenFOVmHIwzUoyPXA==]]></Encrypt>
</xml>


2017-08-20 17:37:36 debug :
------------
String:
account-ticket<xml>
    <AppId><![CDATA[wx3db5943239313a96]]></AppId>
    <Encrypt><![CDATA[xZ41bHg2ukqDB8bGPEobkus1sTPkDiv/Tt+yewuzCOhjDDq4eP+x4tVx9zDJHPhOL9GmgSHHCx2MdXJWyEdhj0g3yq28u0qXQ2GkFdh0shMVmxtJ1eY7sX/JTWYd0DgsbMheG53kjt1BbL4RvRA7Y4Fa/ReycGpzuR+H/V2YA7DXFP3aJrAczoGOE7MFtE2cPPnc5ZheRo+/1SdWpmypdnyVtHJbp2aEnoUZpmZ5JuXXQ8svCuDBDiJyQ+1OAgvtIKj9tlxyV/CH48wBZwh2Plk5OsSpz0O0pf030soX1WNMpPzvIelEUX+07RTXUdYU/EMkB0RMjRiTuhX7+iRxSH0Td9Ya7M+ecfLMamg6DIFOi/asYMY0wrfokmME7HdCttNx9BwB0TfFNgQLZAtQhi47y9YHUYPAc+75VvwJM6Xx1vgjdDBVwxu/4g91dDGGWqeksyljKRGTS4eD0e0wow==]]></Encrypt>
</xml>


2017-08-20 17:47:32 debug :
------------
String:
account-ticket<xml>
    <AppId><![CDATA[wx3db5943239313a96]]></AppId>
    <Encrypt><![CDATA[iDoHOPcxTydIDD95UsMI+eCIcdXRU4bMe+cSuIRRByKgA0UA0hQ0UYOyOpfi7LSIRum1ar4abv+oTuWSJPaHl6C7EkMu5sZoWDNRvWVlHt4GzBes4TtZCE6zVwctRVdNZqJT4uFIw62MkzQLy8YOYNmQipMcC/ynHmin8Lizw8p5TFvqYpvp/DulWANpeDV9KOFhW6iYLn8S5mBznHGZsb28f5phxvTpNb1tLMY8ODT9zmee0Pe/MGs3HRzq5n4lzxBrH/L6t5duJhI4NEs9mNb75gLpXGktJ001KC7+EB9UE2t0eV3eZnA0vHLANJwQiHT2Eq//GubuhPbygGbyXWL7ATdi3Q+1nc/lPkTZBpYgkk9t3PmOCLmMvNmzVCdUhKDuogc8Ml1Vi6SRNIVosSPPHdQ9MvX+AKDGbGISQWmHzI/dcZcbSS1dafK6HBhs/DBYNP5oabAQ1c7rf9Zy4A==]]></Encrypt>
</xml>


2017-08-20 17:57:31 debug :
------------
String:
account-ticket<xml>
    <AppId><![CDATA[wx3db5943239313a96]]></AppId>
    <Encrypt><![CDATA[ri5mdESoRcaVduk6elR6zdoWGQfOVCCQ5mUyf1SA396zWT+ocd0FhE7jFCUBYvq/kriH5TPyJ5Cd5N7hh+kEQycoh6crEWoJldyCDfDkNOMvIg8ullg6gZOT3jCJNIR8564NIcOf8rbVzoyqMSMiCh+fcdrYtiLeIkWf0+XUbZlUWWwbqMyhlPiOv5pksYW+A5rJ10lpIVeOZ2wyegHP65IfB3ZDi7kTHFdSFjpiaxbhqX5qoo8bQKtAvzLZS4QjJNFHrGpT8YfcQMDDzRG6IYK4Rn7vcVLuLeI4im2FtYG5CUyV0JhRYB5bKUVbfz11bm1kfnUjRtHyV9ztubbjdGDxdeFVVnuO58r1g/F79Hr6WMciduB4evxWRLxnGxjJvkeuOG6VgvP9FAyqIPEafMkZVdkYuQ8jEtNE/MHnzmakfyi9QYhYqIV0FpmespfMe3D01Cp490gY2TMLFen08w==]]></Encrypt>
</xml>


2017-08-20 18:07:39 debug :
------------
String:
account-ticket<xml>
    <AppId><![CDATA[wx3db5943239313a96]]></AppId>
    <Encrypt><![CDATA[BCxyK+jEWbyaMw/ls9+/cFsyWPaxdBuE8/6DsXkNufm5tofjm0tE6DTIOM3x8UadY6cvuitUkJlJPvnE9rNOooYqxoT5OL17H17fr+2B/NneDhX1I2rnFxanlpeeKIkI0xyeh+t/7f3CmYjIBw10QrBrvaRogGE5cWUSh/rx5Z629wkcTHWlxUnKZGoNxD4ULwmm0Eq8NBT8h3vv7La/GrDs+zWWiIwyh2uyD+cbUH0DQGmnwlsK5fbJJhzMqCBlYju9RTlbYpa2YBZEQ8GVEvxSGC+klE0MkIlvGaJklo3ZYoxiTBINiJM9rr34hCYsQS+p8hJepq9wHi8zzw6sloee/5NM/kOCMOWlMgKghh77ckVq9eDSu2FN1omOe6qKdwdA0ydgtwatGny5fJtAvEc2Eo2LdA7coCroahtZoql2fDqHWe60bMtCdGXD4oh776A3Z77pp3kSl9BNSO5IjQ==]]></Encrypt>
</xml>


2017-08-20 18:17:37 debug :
------------
String:
account-ticket<xml>
    <AppId><![CDATA[wx3db5943239313a96]]></AppId>
    <Encrypt><![CDATA[nFSvD+SrJg87Zx6F9ysbm2rffIF33n5vciED0zvy78z1UMYoLNotcNhuG5gX+GbSJ+11x+49zTFDXA83T1gF1K4uyKeRW0LanCGTFR0urpn7bVhuz44lLCFCPluzvBO8JXpW1msbxtSfwF/VOSI0R9kCN3cYBaWQfQq4J6osO2yRq6tD0ysxRDJNXW3n12lEuXQfpZJH6t14bKPf44/5Ya4nTw4G+9udV9oAzVn5GvK8xYP7z3X54p2hugC+gcv9p0KXPIh1z3P+g8Y0z36rxGIa5N2XoLfk4bGGcxu62cq1exB93gsDX/q5WLEM2Wmm1SB0yWBwwYBRFttnmlA5I2kD+xiT4d+Qo6DNH8rMYBXttQHflWlFSelWG6098nFoUatAP+zRsqAfjDQi7JGiA+i7riXFqGi8uz+JQjfww1NKnUHZRweWxzwp5Lr5S/GtOPCjFJBhGBaCtCqp+X1ipw==]]></Encrypt>
</xml>


2017-08-20 18:27:40 debug :
------------
String:
account-ticket<xml>
    <AppId><![CDATA[wx3db5943239313a96]]></AppId>
    <Encrypt><![CDATA[Tz3W9/DyG3PBt/R9RzhEym0PIu1eU4gSkkIdBQg6NwqriCUUKaJ5bfiVQbFBd1bu+DwEF/oYYCKPu578uJwZwGY4j56wrP85vwgbRNVCtLcxoRsAgrjfOIONqj25tjDGf8nT6/hgOsMZHa9CfM801tTpkxtjUBsmYt2sKj+z+P3FSem7dsBCEttllgUujV+3yGg7gv0I9jm61I/aVM+sC78JnE/3MP4W742y4H35fRCqGh7/7SifWyLDScMAjicFStkd3FzifPw9DGga6hkHRd2zJzSejAF1YdMRLh1o4+SYNo4Qd/Ki7j2O6YiIG+tPBze8TRRb0xm92t4mN0pre6hSPR8uiJwsluLvFGuzW3LsbEUSaIsUhkszgClOdbpFOszTnjlDQH5YhSEDZoSldrPjDBm2NcEgqu2fJ4VkKEx13v3vafit9VGLLyzRMUjbzF9UrT3woG+1gb2bltE6rA==]]></Encrypt>
</xml>


2017-08-20 18:37:19 debug :
------------
String:
account-ticket<xml>
    <AppId><![CDATA[wx3db5943239313a96]]></AppId>
    <Encrypt><![CDATA[YmLA7LlLQP3OhU4pJ4QRJblCtJTLNHoYxpYTI9iuWUUWTiLm3LTO9YxaJJ7Qfx2MaEk+/D/x1B7hdOhD3v6rZkbDfPJJ+JT+cY1gD0dEQTVkk4cEeY8H0tBDZEXQWDBWo8MDLI+S7E3WxHC7GULkSlyGAVqkCYHbj0JECjC2tr77TVsDors932V+lqEDI42hJl2T8ieoHxvPX7YTi5UXAX2b6NhZb3JLEWhl3aKneO+BRzDDGEkIdTrxGsu3SBEu/J+E6ZqZLl+CvXduxgJ7IAOMr92JX8Ur6hv8gZjnjp8x1/QkEBJ2F4JfUpojSoKnPg+Fl42/VUQL7URx2lkT9JIlef3XXpYGJzLh/P8pHBpCRDntT6eHKumIYTdruVytRhoVghUCL3H/W2nbIhL943w059q8XT8JsdgXtzDixqLlS646wiW1KjBiSM0WHbZBoqocg1F0gzsRilgUSJqGDw==]]></Encrypt>
</xml>


2017-08-20 18:47:35 debug :
------------
String:
account-ticket<xml>
    <AppId><![CDATA[wx3db5943239313a96]]></AppId>
    <Encrypt><![CDATA[N84MvCFkWp70Zbc5GjixZMgP+G+W5T+SRQl/lv4ZSltJRy0eAjuDwcmc3FPb3GSy/0Za9Lfaz8vvbTHJqaAhBE7jsocGx9YrllyEFmYFgDcsq+usFsRzAkeAsENAA9qqMvDtWL7VvbnSNKFVr9LqEmouSAuVKMbOo1YNakbJVflB40BIrjIcXSxVi47YpK4xtsOZc+csXLu461yE4bmpcJCCoaymu1zSRTPubOyGnZ2V91bfQDtZ7IVhFH4gPY47aLzSwLxIFMx7jHrBq5IbyNfBW+jXt94fcodPOP3WJIZ5e70gLROA4Xi6kdpQwhp9PHtz2wzknXAhWv3AzvI2WvRJWxNyFDzRx2esqiwfUUSZxyE7mjgAW1RIbdxcFyumMGPvEaAsWWJPuJY5ma+RPrEL1UZTEateWH8URRDAn0Xyn8TPRvGK/2iSWVlvIiwLSsb0YizQdgIzD/OC7ayIQA==]]></Encrypt>
</xml>


2017-08-20 18:57:35 debug :
------------
String:
account-ticket<xml>
    <AppId><![CDATA[wx3db5943239313a96]]></AppId>
    <Encrypt><![CDATA[8pcjEySTLyXM63xGdlzYApPHdx7fqR5UsWABDCwvNdu93lztMl9NbeW+6+rGlTTqPzkafMCECEdQY+81OhutqwKEwb1WuE8ncab0gIp6HvGq+4p5Ict3TMZdbwu9cE+/a63spzDKdOTFKrXdWuJBZEyt3omGYIh1J1JfDUmyMxg9OgfuokerlXqKRbk2yXOJtLOBnPvUYSfgD3D0fAY9A5i5g5ioxDU2BOfuhRF8D8YJu0+biOXsZTu/L/szrworHoT8pv7KWlOv2CYrnWqyahSXEGwla/uptem2LxdzqgHDMAIg1HfIzbDiKwUmPQPG7wmzThP+vdlHCYh0id1Ko9EyEFXAhXnZ2U7OGpDCjO8E1cHE8ktEazhyMJik2DBiGDNIgLzYrvWFNrib5vDhRi9GOR98GkHKJiUGxVxxUDHrVwUSXE7epoiSN2oAVlQb+dzpRjM+dCcQhc/+13PqIg==]]></Encrypt>
</xml>


2017-08-20 19:07:41 debug :
------------
String:
account-ticket<xml>
    <AppId><![CDATA[wx3db5943239313a96]]></AppId>
    <Encrypt><![CDATA[/c7/bRpyVDi1soYiH2/o17uMMGIUpkSsbkZKisCxUPQIhGDcQazcqqJE5/z9llsH9uce1R48jJ0cKDVnJ1WqIRXjkTgqVyvRd7jGoWZmb+B1u8yd4ptbRsqxNrWvigQIaiZBpQJZZ80tV1hKfPJOZeJirHn9/lvBZmX/l+5hsBW5Hy+izTVat3tYySq6DaxIttTptFcp5d07I5ZFYsg27Pyiyd8hbUKsADU2hhd+lyH6OXaUvZZWJM2/lpKzu1w+WqdIISR99kqchOsOkg0np8TBB4muHDfO7jlT+arnlPK0Flt/hL6stmeYHjG/3SdVQbyUF7pEoElE0gpslX6xx9W3hDIj5FjyzM4C2FS9gkWKHbra6m/pj/p7ayomYO3tyWViFFg0e5NtMW1+aqaSHB2OKz75uy/cJpdlM+WCTLQi/9V5c0KYoYJjt7Se5K96ZAhLJPkUqvko5/loCwtU8g==]]></Encrypt>
</xml>


2017-08-20 19:17:41 debug :
------------
String:
account-ticket<xml>
    <AppId><![CDATA[wx3db5943239313a96]]></AppId>
    <Encrypt><![CDATA[VH45bBhECDZ62asQZa1eTdvBuv3jhXaUcrGqEIb4tfnqtJEIyjWz6hX18CJTiBN6AdyogfHFxpRkd12ClJXXyerqoh9KwjYPb/XQnCValXzWSkr74HvuhSUdexz1fXU6rqOBQM7HGS9VI4Tq5ITuT2GrWIkQLAF/jx199NpacfDjjaq7LShQ7ACpcEduVN7pylkAecOCBv+OdwkY0qGspz0utVGYdHEnTDDdtvcgiqt/j26of8d2KAS8/PoMjIxIn+eJKzcyVjKMp3izJViuyN6n4rFC3z8Gcp4eRE/kJDgqQkWdkZMtwHJNfSt03iuCMREdC425RqfVzypuD6u4GSl3itEvbYT0dJp1ofVQ65R3dqmrXjeopsyDKksY2ZrjqdvbGXti1EBs2MDvh10Xy5y/fQcLGcaErfxrOuRifQxTdc3R54vyQMDVh32B/uPzqrVT74NNu8qzgU0iPC21QQ==]]></Encrypt>
</xml>


2017-08-20 19:27:41 debug :
------------
String:
account-ticket<xml>
    <AppId><![CDATA[wx3db5943239313a96]]></AppId>
    <Encrypt><![CDATA[IOs2GtQtpFErFV3b3aAgmNcIKGk0kTj/hH9RzHPJlLM9OvpnbBIDruXun9RkAZySmvXPsEn4EgdR/h5MuRyQd8bS79Ly0yMtLjlw8Rz4fu2lJbBM4aURiE6bV/RBvAoKo6/AJjE/SZMDV6H2TvTvLeNDKewfdw86S7A473D6G4G2zXA+oNLoNsFubN0dnz+FFVN7I29fDJxPqs+anf5QWGrhDWgHGjtZjvWTJoVgVSaXIC4n4lUE+x7XRikWFF0BAWZwa9M7ZdoDlHPD/uxAyvJ5/AwDJG5q87j108VVGgTN0uHu8IfXFe8GMtOgEAGRFoDTQbUt3z1T6nq5no4aFVGNPk4enA7U6VP4IaFs30kVGRZh7Qq9F8uItbyKnulE5U3vzO2lL9CIOATB2DEah7obHLAyjZYo81es/vzJ6Ut0xiPEX+AHefRnleVBF4neiQLqB5I402mzNpfG6Yzqng==]]></Encrypt>
</xml>


2017-08-20 19:32:04 trace :
------------
String:
<xml><ToUserName><![CDATA[gh_a886868beb64]]></ToUserName>
<FromUserName><![CDATA[oNejvwFtaoo_-fXfFbENNbEBCB_g]]></FromUserName>
<CreateTime>1503228724</CreateTime>
<MsgType><![CDATA[event]]></MsgType>
<Event><![CDATA[subscribe]]></Event>
<EventKey><![CDATA[]]></EventKey>
</xml>

2017-08-20 19:32:04 params :
------------
String:
array (
  'rule' => -2,
  'module' => '',
  'message' => 
  array (
    'tousername' => 'gh_a886868beb64',
    'fromusername' => 'oNejvwFtaoo_-fXfFbENNbEBCB_g',
    'createtime' => '1503228724',
    'msgtype' => 'event',
    'event' => 'subscribe',
    'eventkey' => '',
    'from' => 'oNejvwFtaoo_-fXfFbENNbEBCB_g',
    'to' => 'gh_a886868beb64',
    'time' => '1503228724',
    'type' => 'text',
    'redirection' => true,
    'source' => 'subscribe',
  ),
)

2017-08-20 19:32:04 response :
------------

2017-08-20 19:37:42 debug :
------------
String:
account-ticket<xml>
    <AppId><![CDATA[wx3db5943239313a96]]></AppId>
    <Encrypt><![CDATA[pdQDCC35n5t5m1eQhXT/SbNPNK9vTPPnKovDgFoIgaPvIJmK83GWxOvogCT5I1yw5m1M2UAJbT5+zukabiT3S9op/hF0kHsq5NItPeLAT5bFEpzbDsJsXsvyNlE+C2OKt5F3qZNIWOFn1WoP7mq4yFCPc8CYAohr0KvYf8ojIiAE/P1LyQHU8y12O03o1vrRtPexBaS6CEv+SaXK1psdYCjSxJcwcFEJTcB5kD+FsBEtaAJSAOuuPjx+uicGLex7Fo8rjLfidJE8rhd8m4JJ8CCXasI+2IBU4r3OTifUdMRlJLEcqtOu7z5FS0/N7svMCoLtNc7mWnCeAsBFSqRgmTmKz9p1epPiA0iXqzzOkcsS2Q5k6ki4jJfUnLzyMHg/ExkHv83IbPyIXGBsgSL0yMn9qNwJusG5cIijtJEbLykM9Mce3BvGHPguiC8X3FzOjbCMeDAv3rupvyrn0XdPng==]]></Encrypt>
</xml>


2017-08-20 19:47:35 debug :
------------
String:
account-ticket<xml>
    <AppId><![CDATA[wx3db5943239313a96]]></AppId>
    <Encrypt><![CDATA[AHj7o13ags56JXw0pbnchZdzXSxr+soF5gWJqymmA7iC5ZSjHV2aGBTEB2Tp6m1X1mqPA6W3oOJH4bKB+jh1wYy3/EydZGSoLJvw5mcf6L56aTCx5Oz3qo/xHfrdXgewBWfgozj3Z4M9Me4m9FRcT+KJQj2Dri+CcJZ1CdnbNvIGRQrFt9GypUy8NVIe14IrECNONOAR0LMjL/Nb8wWvqUWbhWPLpJJ92e6zytEE+HpKYPyz3fEWbSaEDoma8+6sAVjWzNnkzzL80WUErdKmjm/j5dQ5Wj5QOS/NZr5c29oSR4wk5aQuZI4iXX5TBgxmsHONL2OxfXwBDeLt1wNGgFriWITMIR4dd5Nf2vB0n25gUrAER84y/TOkMsuXJofoOOGpUcPET+XuA1P2P8HBEfbxvw2NiguYKzaMyMOhAv9/JxV+jY1RKUK4h0jd8s1wMLIf7q7ViaV3Y0SSSivzaQ==]]></Encrypt>
</xml>


2017-08-20 19:57:34 debug :
------------
String:
account-ticket<xml>
    <AppId><![CDATA[wx3db5943239313a96]]></AppId>
    <Encrypt><![CDATA[5ydUfgcR+2c9GZ8RCMFypo3HpbVn/7UQsKIGmgb48LH8j8qKcbgQBBBC6I1wRpl7XXmqUJiVnoOA6hgGXVVaFzsJa/4tAfTmAC5rxnuCO/3N86Vp0fiEPo0MHixED+a05AQ/W+dIwUKnULS1qv4UPDtJhbAuHJcD/YgmKMNo5hOfqKD1GBkf+szpstvsdf3/+IwgfxOQieJU6g7uLGES6R3zouu6yAlkbOLX4EQiINNmHeBky2KzPFcQ3ez02m0jHWotCw7P7wkKkjIPgtuQe65txmFNaTWRIEA3pWUeG+xJdiVf2EKIE7th86lcUGrhJKs4qAZIq11pt47Mz2TW7zJF55MyX8G4+Z64BinFXBpmjlGaOUrhq0aaZ7eEbRXtfcKN50Adf4pBz3NfRArcZgiBjQOhHeW+98U6gbYu8G4VTcIp0iD/SAGqwWSXq2t+EXhWbk97m9S4TYJeCuY56g==]]></Encrypt>
</xml>


2017-08-20 20:07:58 debug :
------------
String:
account-ticket<xml>
    <AppId><![CDATA[wx3db5943239313a96]]></AppId>
    <Encrypt><![CDATA[9jkzDBXAGORrirWzPsiweVIWQ2/GxFOJfGzCw/1TZqwGax8EYiS9tGhj0WJi/zfqdl/yt60m7D4YrqqVXr2ZUNbaxwpvU6qYOLUEDU3Bb5xTJmmpwzRUlVHhscitNoByo2c643UwPPRdR2lwuA5PgKTnG6m2/q5wdY+ufgHTMR+ly/LV0zyLMN40cCyOhymlkFG9I81CjKT9hw2z18HZi4pxvP9m2YUIfNZCJzaEMfsqTI+U4Qwpv++KjAs8Sro1z4JjlUY15HhHGzPhTPytDjmMb1sX67LEyjm63J/AUGdL8x9fiWdY9d71yLtTFH0T5095V3qmcLLMccWrbwq58u2jQbrrMCC75awCZo6PNLTJxygnwWrMtMfZgQZbuO+9czipcsLsrdMF6yAsCVdcKXKt9jUj1OVSu2ub7mAF4F63fxs+r/UwwNpfWAgRRqAQmRZOUAkhNQqLN7+BVPYo7A==]]></Encrypt>
</xml>


2017-08-20 20:17:46 debug :
------------
String:
account-ticket<xml>
    <AppId><![CDATA[wx3db5943239313a96]]></AppId>
    <Encrypt><![CDATA[TrgHbQCAxTw2eKoFlsrQ1wcgJ7oTW+r+zYiXE+5MsSowEdaZ29VEIBXeUTm0Yvi32cRM6Nnb07B1qGin8B6sShkzpeT/d8Mnu239seTTGg0Fr+oy8qO4saIZLyW5OmXTgowt4XMjCmpbWAP1x2uZGUa5U61DPN8oPoXDlTmD6PX1oZeCYXRNXK/NrNmf9kGTIkXgmXLpvvPkEWFR7n5vMEwJGnlFglkBuuzky+PrwTh9vJ2Pq9gdNKNCOzIbqmnDL8FqZ7nQIyxZ+9X+Bafq3LIADGnm4MkZVWOag3mSAh21VVi4duPBveq0B3gcp4F4IDeP6/JxRQYoXS1rU79Jd+aKmOSmADXqbixQYKyv30iQxRsu2XhH6ocIxXWwG2+rI2zAf4QUJc1WyK2MfgFdHOAZO+ovXONcyZx62Z5exm7Ew/WW2CZpoWRSFL8cfGWTg59ZyKgeojSOo+ABaAb6qQ==]]></Encrypt>
</xml>


2017-08-20 20:27:45 debug :
------------
String:
account-ticket<xml>
    <AppId><![CDATA[wx3db5943239313a96]]></AppId>
    <Encrypt><![CDATA[RVzjOeEjKncxotBkDVtAw3nCpFgQq3iBKmxtdc3LuP3hWPx1KUXyZD52HAtlkEli2/pOqaZ+3zyJNHGWWHpVhre8wLdhYW9WGwljPZWYjhU/7ZMwLAcB2MPKcQaZ3IYQsmKgoEY+F0aIzzlWwh8zvn96OGEVnsmHdAmpsDvTkC+RWA4G6XcMHRyI62InVuGOTor1FIXeKxIQPVgfYdT5/9pRtaQkq84gpiTtMcSWE84R5CeXzme8uwnXgT3hOuiarHSKZe0yYASQYtLOVwl6WxQOpJm28y2K2osMaldaxSwa+e6dVq9ALMwqiw8WS7WBeVVHOFC+icgCvtAdjv8RWvT+4obMoKOEtqbacIuEGruuP+Tp5BQ/uzHdsFFeD6h3zGj2JPpcIzhpkStR7a1OHGpgdtzFGn2ZZeXTHWAeEc6M4w/y7c8itkwuR73PU7JS+Fkiq+J10qzvgY4ooq1ofg==]]></Encrypt>
</xml>


2017-08-20 20:37:49 debug :
------------
String:
account-ticket<xml>
    <AppId><![CDATA[wx3db5943239313a96]]></AppId>
    <Encrypt><![CDATA[g2mHWiSD0aWvKYkwih3HX8e7Z0i2kac+LNG1xJuLUoQaaY2/Q3LjEum3C5ZkzFBhjG0W416uVxzOdm7fqNpudNzFwWv3pQYGyZs+A9ObdFHhkuWXdTIcZhsvxhkki0Yh03mQ9IoGaRRkU5mQyl2qFM6BU92Y9RSG8bBUD23iayjlQf7ncXWTCWqQO7EiZGpyHkbgObWbOhhUaViiJLA7/jWcP1Zc9K0Mq35ZpVI4qdblm3SzGIXd25fzdy0ERjWRJcAP48tXhklaC1AvbwR47K4JRRhScd35s5idOMZ05kLyLRhW2X+EBOzk1pwL2iDku7QyknhqKkikI1sC+M+tiN8O6cypDwDX1yvigkb5O6Oby6+KZq6q7QKxdTn5Z1QSLxEMNCXFJcnBQh/pu3JuyCOjR2QcS36bGMX1xpdB2Fapr9OweahQxtuX3dFpW3qn+TkgRy8YMRLw3Wg/QNBN9Q==]]></Encrypt>
</xml>


2017-08-20 20:47:43 debug :
------------
String:
account-ticket<xml>
    <AppId><![CDATA[wx3db5943239313a96]]></AppId>
    <Encrypt><![CDATA[cD2kqkzf2vTfemg8WnTnpceyi2xi+4Ak1m9cpVyfaPCZ//rtXCjDdbB4V2XvtDV/fuSUJKE/SVbY430D6AailK3ls8YR13N4o97fgciskbJRPJKFdj7DxxsZpsBq8EhLQlGGaWXZkgzkJCFiuzp2oybPwzW/g+Jt5YpjXWd7rBV6E1EaFbbZxBXTsl4UK+wBVqRSupOuILbHbJs9VuBWi/WUwOzfGc/tyjxJD1eNP6isQ7/H4/bkL1LEE56M2/R9U63sCUwMYcnVr5fbhS/EZU/Mz34+duJ+mFMIwbDqwYpZRJOYh/2pawznw8Ipep5bp2RZR4aYQLvid6z4t1jh1/3C9YrgljBFIIAJmO4hoxvll5FxgcuhyVANC522X6c0nHXvS5VUrwsB2WVFojQHpQEBsHGg4+Qyi4jCInXwFPqHJUxuSgm3fCmqXK9Iz5QH6qxY746Y8Bm5UEgR9+/xCQ==]]></Encrypt>
</xml>


2017-08-20 20:57:46 debug :
------------
String:
account-ticket<xml>
    <AppId><![CDATA[wx3db5943239313a96]]></AppId>
    <Encrypt><![CDATA[4ux2PdGZZtFTBNfQAoKk0Sifcet6UDxdchiuN9dvV4GDYHrsoo2mCYapqwiw3GIn2A1NTJtNKKMT0gx2SYENVER0umx9YSl1LxLepOKnYrIM7fFOBDp0YmmmRsijGIoMzo9Gs861Bcu7ziRR6hFn2kZ4CKm8njMpb3mgn52QxOD8V8kTg9hpXPP2Q6ToQMWf4ewdvAvga0NkrLnVionkUqr/I9nkC5nF6AiVLH4pMU/tUehSY/SSixFiLYdLR6ut6P+zh8NaJMgIvZNGUlth62XOvtavceSTi8ouXY5/fGShj2ksy+LXb4ENBsjxsR5QT+iKCAaUnLe0DD8uryvXlsUMnNnmKJx2gRLwcVutWMRwviGOqZhC1CUjn6Ad4AcxEtwK4md87UwwDneQYU24FC0HWQrsjzhF5UktAIxqYAc3uSNrjJTf4gDfDOI5lSkYdq4rLZrsjk2k9CPuDXMeiw==]]></Encrypt>
</xml>


2017-08-20 21:07:52 debug :
------------
String:
account-ticket<xml>
    <AppId><![CDATA[wx3db5943239313a96]]></AppId>
    <Encrypt><![CDATA[tV7NZivW0K6QonjuwZaxgighKf92MwA4d/swhXVqHUeNF+Rf6hi0kkdOr4DWEiP1I3X+ypAyHV4MzrxpJ1jWbN4ocFTDTPK8DFHrvoTRJscgO6NHGT40GHh5FDwar+AWHL+70kHAZGt0W1/w1rc6jWLE+GJIAeRDn1tamu1/wU6h23Y/wo9mjEU8jwCEpgzT8TqHexg5+lO/PPLMrEuNUzeUJ/IrGCPoZChBaR08EzALLfQO2+7bc0n5Oea+7mw0Ym6Jxq2H1DNlKIIh5fdSye2EawLDkmok3TF6VwZhQ8C2x8FBfzF5laYPZGzN35ns7bUTDxZcNGqw7LMKxa7Cazqvrgebh61ER0JR7IVMepsenc38GajwomHiZDTQzaTkkhDavgtHzxwo4/vtouePeBEh+9a+5NTQIsEDVH6WJVB6LzfpHeqkRt1qs3Rqhmbe2XA+wS10Zf088alscm+70A==]]></Encrypt>
</xml>


2017-08-20 21:17:42 debug :
------------
String:
account-ticket<xml>
    <AppId><![CDATA[wx3db5943239313a96]]></AppId>
    <Encrypt><![CDATA[tnk6AfWctb0IAgBtfBZM64LJflWZPDwW8FSVtN4E00LGJZqPiqMUAirHLCrzXRp62dHz3ol1kJe9m8wkyzBsTrGLtsP4ewRwAU//zRQh976kU/jMSqjvHVqJScViwIOLT90LwEy39dh2Os4esTQuduQN0gH8IgO/yITot1ijm4UvBpZubs5BmdHoFOX67Tbs+aJkqzTwjwnJuJ346hfPU8zhJh0qMT9f3e81mbKfwzwTGvE703bzhOCLQePD5B8o0k0S6RZTMhJpGrRqBsNUy8nbkJWZFYr7n5OguSeSGt3YHL58N/Z1jmxsIWpzT7FGrOSV3KXuSo1uX0i0+bBUCBtx8/XdwOKfI2fnbIJXUL/qvY2/awVhnj++fryAg/Kpbw6Um4VQEZNmodTdYjMeXk5mUELO3d7BfILUlHlgBKNpHVqusE+psuh0m6hG1fd7WEm7rK9oi6kqIOxJTIX/sQ==]]></Encrypt>
</xml>


2017-08-20 21:27:42 debug :
------------
String:
account-ticket<xml>
    <AppId><![CDATA[wx3db5943239313a96]]></AppId>
    <Encrypt><![CDATA[fy96DgI4eGawMj0JyIVUbfDrCP5NjFJZfkwg7mvmZBWd/0uZtMarYdAZ5O5E+tYcyT2DO140JAhOfbFo/j5OsOIAsB2Flqj1qGV7/xydb5XxZ8MsxdJMqUroZ6+1idcqnKyXqaMbUE161pfXagKytJM7U+/LLwL8DUKEPmciaYvS0GDGkFlQYsrhaa141F/TTbZJAf+3sm6LHnReGMc2InfU6l1vFGqsmhnV4MDvBGEIdxWR4KbRZOW6OIQcEmY1B8KbaC0XLZOF18DYy8xa/G57O1jYQdC712ISbN7Q2JVtKEPWxM3OXLrKl6J/4fnxr96zEU5rvlx4x4IVh+Cqq6xRLiPW8DjsIFhNtGPgOUdZcwkLvlJ6q3W2pjFBCED52YDUOfzLoFoatv4gffI6GslXP0gipHhMMXXFErtW6C5SmNAKJh2Gcy3ZSxrbt/XPvru/fOt27IJx4onNBVws0w==]]></Encrypt>
</xml>


2017-08-20 21:37:46 debug :
------------
String:
account-ticket<xml>
    <AppId><![CDATA[wx3db5943239313a96]]></AppId>
    <Encrypt><![CDATA[iO0BTzybt5XEDQOq/cMJFzD3wHHpxwZ8VB17jyxPhYoI9cUH+qvO3SFj3G4x1xbY+HodpyqptWCmRuy8Vh/HuDdAMouYuXW8o6AdacQOBHr1ps2Tb+qAAAvb9nE3ojoWTgfBFm583OgUzBqcwopQct3L3FDOiYOliMkH94JQoOjN0uPOibRLPiYOwg+J4pdz0STZtZbQsbQtI+A5NwtQZC1jfGIWVNCJpbFbv6uQ/3MvW9PGKwEkZtlOOwvsZOq5GRcqEG0+QldSn5YPd0gZzM8tQnvupZMwGg9dM/LfiNarFv58LZQKUQyHmIXBEqc/16vre3wvvcGq3cGNlhupMH6R8TmXy0wf2DWn9sA++9RB/piksgfBs0yyn1/THFVTdYj9FLpomajbZMEpbgYfK/KwUD4I4f4jjpmrlt40e71cMjeyzFyV5+wM1m63HEA5dUKTcRPhsJ4okFPvG2rLCQ==]]></Encrypt>
</xml>


2017-08-20 21:47:37 debug :
------------
String:
account-ticket<xml>
    <AppId><![CDATA[wx3db5943239313a96]]></AppId>
    <Encrypt><![CDATA[QYokExsXNfQdS6Sm3uWr4rTMEf5IZFiZb5g8cwu5b0bXqFokFLbfripof97vb1B71c/itxPsRBFNWnj3QzkKx9j/eVqMJsogLR3k9kwt8uvNsyABHQeaFvD7Qfu7RR2fFH+tEhmJeKC+16rabk/8vrsCb0pDbMpMle66yVIpI8X+yYNc0EFqt5I8HUj4cUi7t3gA4VCTdPcTaXMoBArDr1Ss56PvoR8zCrhNnRLde9QcX1PZeChWiBdQNHW34oVysCZlPx0ipDL/VkOGJwywkSMpSrOD8UYLq2zdWXZOkaKnnV2quTpfULOUMpv2vobG6N1gR419/VrBncPRr4EZRSrVwzAAIAoEXRwq7hys6CF+0JRC7lF9IUVB86oiNmy//6fEk1kIIrm+kwmGn/K2LKKVOHxoOxX2qhsbzyI6VMKwK/O7Aa5XlIWhkY47YF8DumnQzx3Zw5P6Hu3g01l71A==]]></Encrypt>
</xml>


2017-08-20 21:57:37 debug :
------------
String:
account-ticket<xml>
    <AppId><![CDATA[wx3db5943239313a96]]></AppId>
    <Encrypt><![CDATA[J5Wsi2EDT7OHrHZv1sQlRBLTxcmpRIsFJgWNdJ5uMIvvFVL7n2BQZwibwd16G1jFbj0s23P3Pz1ylrbezY6WMXMfTIUb02hw4S4gPlR8VD9Phg0EjtwEsWEi5uiuP4dwu9etFlaXJ+bsVI11CXDjDGCN8hheAcMsZMQMOyfP0dNyNsg1H/n36R2QEt61DY8JFj8m0cLHrBsAoVcabWLjJWuSTgTP1y6O0iVneLbL4tgFNtFEt8DwLeJMectgldQHkq1dbwze2ZfnVZr7sx484cGImz6UngRTnGnKMFShY9MKYG9Vi9F4eoVVjUUQ1LjjecPrYqNof/4PRCXFjtwsziYxUgXU2Kr20Ybo2UYIpaTG+HgVBIehm1EJEZmQoIZwfeQz9khifiBhtq+Xxm6MpCcegXZnZ226f23U3PxX2l26C0hVUOZnrnqnQ4URu/I6cS9tBvNA/Sn+16Ws+vBfXQ==]]></Encrypt>
</xml>


2017-08-20 22:07:33 debug :
------------
String:
account-ticket<xml>
    <AppId><![CDATA[wx3db5943239313a96]]></AppId>
    <Encrypt><![CDATA[4XBne+PLf90NVy3qs8CLrqJ8UQOJ6wgMT6hpafL6Rph2mtzDjyxeTBbJVuILiLVj5/jSwW5VRnULWneROprv3r/PLIKtApJ3NShCAbkJLJ8v/7hX9suzP9HYMALd3mBmXSkYIhcsJfR3tYgTKpNINtkINFqrpP0REdTISMD1eAmVLcFIHwkD8cq1YG9BfBbfPLBn5uw3cprXVEApGzX82DGJX4zQjn7llufnU+NyrMM5zT9Hm8AQ0pt/ZuW0u618h8s/SJiwpHT45VqWJTS97Ibjz9GsRa8I0Gng1iCf3qwpv4Po6QBSkkZVnpeDe8UK3Hr4V4EoGntaf9EGUkQCJMlkugD2g+a7vjKHf7Hy4iNG/+zw7XuM7XDp0KVwUNPDAMBTwBw3oalL5KLwyhCFn0AdzTTeFC/fpT8BrhZZm8DUWqMOfcr4JmxXfBlyKjhu2/K7qWE1+uPoJ6AkqZWHIg==]]></Encrypt>
</xml>


2017-08-20 22:17:37 debug :
------------
String:
account-ticket<xml>
    <AppId><![CDATA[wx3db5943239313a96]]></AppId>
    <Encrypt><![CDATA[G9t9w944iCI5cUQhEEULSgqj55fsjIW0rhT8iMzgFeDb3ei0c+uqC5ON/JUYBO9ullyUPhdEFHuIWkxH+DD77uyBZvYzfDHX4pgQgMSbKmsjsFxwwkEDDMwCp72/dJ2ONfG0iWLyW9BSqFX5+BNk3HCbO3M0ff3H2nwwoblG6/T9rZCcCsgbLIACYmG/DtzUxNg1JcnlcB68hrDOXw11Eucg9IkwJ1nxZvWAfgczqlkhKxunyHIsIDZw0JN6HSELp5h7NXwRTXZ62xLYHxv1j2RT8htXMOGxGJV69mvvNKofQGdEECJQMYyZcIuiKTpUuhlj6KOPluZh7j2ACfPATPHGb0vz1s43dOUsEp2SUWre4LAU17U+muL22JqdFfNOzPsg09D5/8kOnJNnUUuw4wa9P1vpXU31oms1kneFOl6vt/1iKOxJz6r/bR2zKdRz+cWHEj3Y1OHoeCBD/xmhZw==]]></Encrypt>
</xml>


2017-08-20 22:27:43 debug :
------------
String:
account-ticket<xml>
    <AppId><![CDATA[wx3db5943239313a96]]></AppId>
    <Encrypt><![CDATA[4rY3z2wR3X343E0mQEB84c/XUUW3m7bfNgjhkT0GkeEUzaOTnwA6FCyleAysgotolI1SiF49ZzEcrf2p5Pjd2mUMHtPlzFvkvwc2gKrcTIhWH8eOI9IKUun8rwJxnXTDGEn6PWP/SaD3v/tfvinPwQRy0TfV92P7uMKEmC/9dbqHm30Y+qD3UGSut7kZG+JJVww4CNWYdTSVqyWRL+vXNVXZKpijl26jP0GJbMSf7uRrDrA+plVDEZLNpKYZ67T/2U2//AAHQkuo2h1u83aqUQz4b7FViX5xVdgsqZ/gVMGfMrKymWKa4W+7uiHB5OqcKlkstvMAihS1eXE9m+JigQEfVt76LYe15BS4vr2o08uI7sond9oPM3Y+PT8ad+mHEFaKah+QAv4aeIMUsMswfqChGuZtvzh2Z6oYu141mXCQknSoKTftuExZrJFAxIKn0hPfIe72Tnb24EBM6BsAbg==]]></Encrypt>
</xml>


2017-08-20 22:37:35 debug :
------------
String:
account-ticket<xml>
    <AppId><![CDATA[wx3db5943239313a96]]></AppId>
    <Encrypt><![CDATA[yKDxnDz6jRr1tgbRfczivpfQ40tETMmmfxkAbBrIWfKk7gA92wdy3iUkIObwoTI1724vPZX7Kb6j4/J3NyKaHZ34Y1203YSZHZG8k3X/EGHPtnPk3lWMtfmWfF4e5k3N2EfJlbv9gm84AN09XCb47ahJTcxLjYxMjwVnCg23h67EGj4lgyf2fvJ+uJa1vzASFWs7jqZ6ZPAHeQrb0yVmlN4xcWoByIkQVQ2wkNXjfDv7/9vEhCOxQ3MEKN3JCoWyv4vboPdnl8D0SkuxquhVRJeeM1qgZAAH88fcP33lstzu/33nclFBNVUZYSTX6dIFErUJqLEpXUiNm4sMYREKEze+PDGJplOtX3tjIOmmjhh66mBwZHycSf+xoua4eprsYgvaxS8TN3b3ZJaIQHR+Kl2cvmbbf8XdQYK98csU0ToRNDfRUBDGSszqavwFUZfagDmT15Kn163jUBxtLfuL7Q==]]></Encrypt>
</xml>


2017-08-20 22:47:29 debug :
------------
String:
account-ticket<xml>
    <AppId><![CDATA[wx3db5943239313a96]]></AppId>
    <Encrypt><![CDATA[Lq5iJQyVfdheTz7DJszNfd9h69sBEXuEIDVWW/SOCjDUaJZamcm912z5R/z0Vv5dUAoljruUkX8/U51bNXCyYllYJRoYkVeYiClsp0dUb3nEFMzEgYPD5KsOFigS9HD4mltC5bYyCeyhdAU++w48uhnN9w5nIL4G1vLLxUHYlQvvWLKneKrFw9eNr5jpu7vSzboeOLOgK36g/11zv0yNOU6LZ2gbRSKj+vQ8yBtQPg5V/ukprUcWkgSZGd0Cu/+5omgpCIa9u+C1eWkncqy59qCVAnT/9ipM2NWJMnx8mFZaC8Fe/3hEzGaMsimJd5w0zv0EGwPaZ73VHN9HYsqmwME9mdlB4/kDaUHB8RQtrM+SQDDvrSirn/4huBGyLxJS1oD8OWwQc/mbfqoT57CdribqPtip7uRqD89KW/2JQqKIS6FilZwrIlhjYB6Qx66lbSYXL2zTnzAuh8Prz7Bl3A==]]></Encrypt>
</xml>


2017-08-20 22:57:33 debug :
------------
String:
account-ticket<xml>
    <AppId><![CDATA[wx3db5943239313a96]]></AppId>
    <Encrypt><![CDATA[hF7uC3Vx+QuJOM8hzOb4VFvuTMg0548GVS36G2QGrzfgxDy8MJKQQG4BwHkvWtTr1dS5qo+adO7O4xA/9tuXolnFoTXqdjUphpHEhyJtzPHQEd43xic3hco4amP93lMPb6xNb8g4ish0JpCpeRslRHqpSf5j7Apb/J5D7eFbZJebv5m9uVgl6PyqC19G4U6gW/d2FFKay2GohMsQj8LMGxrvMDrqAxaqelE4U1HvVMF6qQVAf3XrCyqvfZoFz7a54rWRpQb4Y4fp1fDMT+H8leHtxEvilaPLD7cbEt0GGyDWTqyG/N3WDDpoNJrM++NRHbvrHxyOXyqSalDGiZbU6Repc9RIEAVsKdG4QBn0zg7gST1SO9pfwehZhiK7OBh9YjitaFTSzSRdNFETUh5S1/dugMAiAPXou+wKfKAAXohqUaDuXZSvKiagN9S2bjUKSFWuGGSL4jn6MCAhCtl+wA==]]></Encrypt>
</xml>


2017-08-20 23:07:32 debug :
------------
String:
account-ticket<xml>
    <AppId><![CDATA[wx3db5943239313a96]]></AppId>
    <Encrypt><![CDATA[btwqQ0ufpYv+M1wa4tQdL/SIed7hXCaLIt63O9jL4ltTKz93MeXBbbmWj2e0/7wCqTB/mJnmDoD2OofqAeE4UaFikQsPTVhTjePfGV6eJt5Th3Y/vT6aSPjakMPaNK4VzWzWLAQNuVpPvFoMinE8SS321xChS8Bfg+lIslzGC1pnM9Mav2xtS9roL2+9bjOrQYkMj9v2l4GcKZx6ov7ML7yxu3TcR90xTcfATjx67b5DBmPw8cBTakCFVJ8z5dg7tj17rllLdtb9lU707NL37LTwkVBytPZ5Uduj8GU9XJeXebVnooBkxmkV5Stf/JQ8AXgVF5jTxteTfvRVVKChaifKZ/H5dvF0aCR/lmGX1+k1Sxc9zSYtO+IavDepCmAwEGunDYjkGhhmRlrcztlPb2ikn3rkiPtQZ7VouU/mn9ioj2Fq27pR1C1pnRRFgkeXUAMWGmA76esankr9dq61IA==]]></Encrypt>
</xml>


2017-08-20 23:17:29 debug :
------------
String:
account-ticket<xml>
    <AppId><![CDATA[wx3db5943239313a96]]></AppId>
    <Encrypt><![CDATA[1LMuhk/+fRuwFaDI13356SxWCzeFb9xDdUE4NTabqojK5+wmVabUC9Y4x9c0cUWGvDF6jkPIaSX9m58a4MAK28/h6BGwRQQkFq+0Rtu0foDspEcy1+2tjgSmMgCi52W1aQ9IcI5ZjAF8Vhlox/lpZSwzrH9Q45F0MCPB1+rNnVfja21KK4H4+hd91U9HUmqqOiKdHtbGspvxXsEWyXzpwpljtyqjDNe657W6SLDfhEZscoQwB8OCWWUWeYeV4XeTnKWy4aGjOWJ995ll66ABiugciuJeiU8QAx3wh1phXathE+yQ4cOGAjrWbeUuP6/tvQRp6JnFU6ResdSGRSUliGFn4qj+ey0Gu0JEFPAQQAXOHPrVQ3VAnVbDHVnGd2Exh9egMYCpXNigxkQuj//e4H5WKVCdFM8hp+ejDOlBAlXmNMxCepZS6bCeePnqyHGn5wa+tSvRw0vK8zXjTYRN7A==]]></Encrypt>
</xml>


2017-08-20 23:27:29 debug :
------------
String:
account-ticket<xml>
    <AppId><![CDATA[wx3db5943239313a96]]></AppId>
    <Encrypt><![CDATA[yqVc4fS7prh+Wz1+ER5JuVSni/bl8P4iVvEJixrD962nB7sjwyJgjB1uiXC20twIXJEasj/x8MJedcWwzQX7RobmDeLVgoUdEsPYMCOIEwh4gh5jZGrtx04j4Kih8DbHGrPQ2cb6wSGM0igWtruKLmmKemyJ5WM/rxNMXgXqd3ETOayaiSB663AVYF9cDNmTia9wEdGg9KXsPK0d4R5Iz7/neC+PK4ri2aLjuRuzpkLQtuQyycGVMXIkgQm3TgSnYBAxPIddcWgoVPOatFFAfe4Qt3UQ0BVjwQvrZ+2+irGjHFF/piKmDAtsGv0HlBlCXpbanGzWbXopQ+wXBZMq7PXpUWb0NlWXSFA2EwI+uzIa0sMUAQksm+oFC5KfvZ2HjZZ1mzbMEnaFxaKztY7t2tGzFfDKTKkIW9uIGUCdpPSYkKpjHQpsefKCSGULptIrsqmbO2UKOjDIBi2gsvBIpg==]]></Encrypt>
</xml>


2017-08-20 23:37:31 debug :
------------
String:
account-ticket<xml>
    <AppId><![CDATA[wx3db5943239313a96]]></AppId>
    <Encrypt><![CDATA[r9iMTalqSXddhfYw1SZe73pUdCZNYsEAukmE0VvZ4qLctX6d3mAWs0raG1ohEUqzlixnCD81oDiz9RWgyOcySKGiM5cn8MSiWQO2J7MAi7QhQsQCDGUvS2+t6smlQQrkVJvPh0+iWVSbCpWrd8v8KJ6oz00G4BWWnlKN+ykaqsRwJ9br8+NDbAUAMx8MzE0YPKSg5Be/CGudQPle6pvKrVPTflKm/tpniS+4xKZzMLekO/NvNtKoQnFD4KYVav6kgeYb2utCMOQotk2B7sLdlYtJ3l7LVXlFUzwQIhNQ2MUnyov6cx3Wzx8bnRcMPPBxgRSBFOguxbDICWttYxRB8i/SYaiMrTy9SuLqmpWilLaWtectHvS3V/YXLc17t9kf7desCDBhfy10T05UWT4jiygKFUcRzK31K7s7zXU1yKThRvlWZMFt0VJvjZ/4uKcve5x8VhGvJIuXcOYqEMhEuQ==]]></Encrypt>
</xml>


2017-08-20 23:47:23 debug :
------------
String:
account-ticket<xml>
    <AppId><![CDATA[wx3db5943239313a96]]></AppId>
    <Encrypt><![CDATA[ZWY1kkoiD28DZj0mWokwXTvYu0z3Vcvn+A/RQBM+lWiNQTqwAzAq2bfN/WdaBb4Ahl7hrxsdZJT39Ha/1LEaSdXsJCtZFBmhdgxrdPVVo37N96QwRZVGjt7WRLx3ZkM8juRSH24RBucTSpsEdRIdJI2p59rwTr2i98V8oIDwFwip7+g3oX12UnKBeGCDIavz52x/IwfEwBCm0K+VR0gdFL+Vd9J+f1jk5WxJxdm139j/DVFGqEtj/p5bqsnK46IbeCfbYxY0VQNo3M1rjmk8ZBw9vniUchdOwFYdjldyoUZISwEXNHnGnieKEkz2+7mA1k3b62p5ct55SKCqzT/rmqpGscjudTejhEo2M+zZBlvdkwHrgQ3m4B3Vk/Uqroq7pwSCcrM+RgazyHn1noHVJlUVKlkw2R1JvrUcPI2bpJdd/r5Y0kGNiMngapCLkwPm1RdKW4WfRGXzxbrQQHrtHQ==]]></Encrypt>
</xml>


2017-08-20 23:57:10 debug :
------------
String:
account-ticket<xml>
    <AppId><![CDATA[wx3db5943239313a96]]></AppId>
    <Encrypt><![CDATA[BMBfibLMdn7tD6m9pnWnf/3yuy0FnJa3Jd95fVpO0+TGQSm4sIPBdl5NaCbzTDnG3YichvxfZMoBC5eRHGeBcfOBnP+UmSOjTOehSZndfVG7h/pkfCvAXrvVu/RY5/eJm7hiNbHIicZZuMlIRIuQXeKkWxfL62pKhuMZM83OwtEL8KJYN9vpdlupmV9+l0i4SC9r3kcEtBRzs9E9g5pHjEvK9uziB80m9K+9gy9JYCVvxIH4kUOcUttHAfzzNBwjiCaFdMA4aNDGg5yCVK5NYAPBrYIGmFK7x07/tRyeVdgbcJnIe3nxZSmMJDAqUCC5mtK6kZyteOKssjNqCyAAzbuzmGo8rEIRU/p87ot/ydf3Gnw0Sv4nTAGrsv+9Y/YgFD3ocOiImuIuYTf76ipar/mt7ltaXIQQwqrqVZIUguBiEpr0Vs4eeDNPSo6zoaLOoC4SBZSH0c7QXQDLEmrZXw==]]></Encrypt>
</xml>


